
++++++++++++++++++++++++++++++++++++++++++++++++++++++++++++++++++++++++++++
███████╗██╗     ██╗   ██╗███╗   ███╗ █████╗ ███████╗███████╗██████╗ ██╗     
██╔════╝██║     ╚██╗ ██╔╝████╗ ████║██╔══██╗╚══███╔╝██╔════╝██╔══██╗██║     
█████╗  ██║      ╚████╔╝ ██╔████╔██║███████║  ███╔╝ █████╗  ██████╔╝██║     
██╔══╝  ██║       ╚██╔╝  ██║╚██╔╝██║██╔══██║ ███╔╝  ██╔══╝  ██╔══██╗██║     
██║     ███████╗   ██║   ██║ ╚═╝ ██║██║  ██║███████╗███████╗██║  ██║███████╗
╚═╝     ╚══════╝   ╚═╝   ╚═╝     ╚═╝╚═╝  ╚═╝╚══════╝╚══════╝╚═╝  ╚═╝╚══════╝
++++++++++++++++++++++++++++++++++++++++++++++++++++++++++++++++++++++++++++
Developed by:
    Rishika Mohanta, Research Technician, Turner Lab, Janelia Research Campus

Optimizing agent: ESARSALearner_esoftmax

Arguments:
===========
exit_on_completion: True
save_path: FlYMazeRL/optimized_schedules/
save_intermediate: True
agent: ESES
n_trials_per_session: 100
reward_fraction: 0.5
n_replicates: 10
optimization_method: annealing
early_stopping: True
early_stopping_patience: 10
initialization_method: primed
n_agents: 1000
parallelize: False
n_generations: 200
m: 100
population_size: 100


Replicate 1/10:Best fitness = 0.5848600000000002
Replicate 2/10:Best fitness = 0.58229
Replicate 3/10:Best fitness = 0.5822999999999999
Replicate 4/10:Best fitness = 0.5776800000000001
Replicate 5/10:Best fitness = 0.5881900000000001
Replicate 6/10:Best fitness = 0.5888199999999999
Replicate 7/10:Best fitness = 0.59302
Replicate 8/10:Best fitness = 0.5934100000000001
Replicate 9/10:Best fitness = 0.5819200000000001
Replicate 10/10:Best fitness = 0.58199
