
++++++++++++++++++++++++++++++++++++++++++++++++++++++++++++++++++++++++++++
███████╗██╗     ██╗   ██╗███╗   ███╗ █████╗ ███████╗███████╗██████╗ ██╗     
██╔════╝██║     ╚██╗ ██╔╝████╗ ████║██╔══██╗╚══███╔╝██╔════╝██╔══██╗██║     
█████╗  ██║      ╚████╔╝ ██╔████╔██║███████║  ███╔╝ █████╗  ██████╔╝██║     
██╔══╝  ██║       ╚██╔╝  ██║╚██╔╝██║██╔══██║ ███╔╝  ██╔══╝  ██╔══██╗██║     
██║     ███████╗   ██║   ██║ ╚═╝ ██║██║  ██║███████╗███████╗██║  ██║███████╗
╚═╝     ╚══════╝   ╚═╝   ╚═╝     ╚═╝╚═╝  ╚═╝╚══════╝╚══════╝╚═╝  ╚═╝╚══════╝
++++++++++++++++++++++++++++++++++++++++++++++++++++++++++++++++++++++++++++
Developed by:
    Rishika Mohanta, Research Technician, Turner Lab, Janelia Research Campus

Optimizing agent: ESARSALearner_esoftmax

Arguments:
===========
exit_on_completion: True
save_path: FlYMazeRL/optimized_schedules/
save_intermediate: True
agent: ESES
n_trials_per_session: 100
reward_fraction: 0.5
n_replicates: 10
optimization_method: annealing
early_stopping: True
early_stopping_patience: 10
initialization_method: random
n_agents: 1000
parallelize: False
n_generations: 200
m: 100
population_size: 100


Replicate 1/10:Best fitness = 0.53912
Replicate 2/10:Best fitness = 0.55699
Replicate 3/10:Best fitness = 0.58984
Replicate 4/10:Best fitness = 0.57108
Replicate 5/10:Best fitness = 0.57896
Replicate 6/10:Best fitness = 0.55391
Replicate 7/10:Best fitness = 0.5506700000000001
Replicate 8/10:Best fitness = 0.5533399999999999
Replicate 9/10:Best fitness = 0.5454300000000001
Replicate 10/10:Best fitness = 0.56264
