
++++++++++++++++++++++++++++++++++++++++++++++++++++++++++++++++++++++++++++
███████╗██╗     ██╗   ██╗███╗   ███╗ █████╗ ███████╗███████╗██████╗ ██╗     
██╔════╝██║     ╚██╗ ██╔╝████╗ ████║██╔══██╗╚══███╔╝██╔════╝██╔══██╗██║     
█████╗  ██║      ╚████╔╝ ██╔████╔██║███████║  ███╔╝ █████╗  ██████╔╝██║     
██╔══╝  ██║       ╚██╔╝  ██║╚██╔╝██║██╔══██║ ███╔╝  ██╔══╝  ██╔══██╗██║     
██║     ███████╗   ██║   ██║ ╚═╝ ██║██║  ██║███████╗███████╗██║  ██║███████╗
╚═╝     ╚══════╝   ╚═╝   ╚═╝     ╚═╝╚═╝  ╚═╝╚══════╝╚══════╝╚═╝  ╚═╝╚══════╝
++++++++++++++++++++++++++++++++++++++++++++++++++++++++++++++++++++++++++++
Developed by:
    Rishika Mohanta, Research Technician, Turner Lab, Janelia Research Campus

Optimizing agent: ESARSALearner_esoftmax

Arguments:
===========
exit_on_completion: True
save_path: FlYMazeRL/optimized_schedules/
save_intermediate: True
agent: ESES
n_trials_per_session: 100
reward_fraction: 0.5
n_replicates: 6
optimization_method: genetic
early_stopping: True
early_stopping_patience: 10
initialization_method: random
n_agents: 1000
parallelize: False
n_generations: 200
m: 20
population_size: 100


Replicate 1/6:Best fitness = 0.5971500000000001
Replicate 2/6:Best fitness = 0.5945300000000001
Replicate 3/6:Best fitness = 0.59084
Replicate 4/6:Best fitness = 0.59378
Replicate 5/6:Best fitness = 0.58991
Replicate 6/6:Best fitness = 0.59697
