
++++++++++++++++++++++++++++++++++++++++++++++++++++++++++++++++++++++++++++
███████╗██╗     ██╗   ██╗███╗   ███╗ █████╗ ███████╗███████╗██████╗ ██╗     
██╔════╝██║     ╚██╗ ██╔╝████╗ ████║██╔══██╗╚══███╔╝██╔════╝██╔══██╗██║     
█████╗  ██║      ╚████╔╝ ██╔████╔██║███████║  ███╔╝ █████╗  ██████╔╝██║     
██╔══╝  ██║       ╚██╔╝  ██║╚██╔╝██║██╔══██║ ███╔╝  ██╔══╝  ██╔══██╗██║     
██║     ███████╗   ██║   ██║ ╚═╝ ██║██║  ██║███████╗███████╗██║  ██║███████╗
╚═╝     ╚══════╝   ╚═╝   ╚═╝     ╚═╝╚═╝  ╚═╝╚══════╝╚══════╝╚═╝  ╚═╝╚══════╝
++++++++++++++++++++++++++++++++++++++++++++++++++++++++++++++++++++++++++++
Developed by:
    Rishika Mohanta, Research Technician, Turner Lab, Janelia Research Campus

Optimizing agent: SARSALearner_esoftmax

Arguments:
===========
exit_on_completion: True
save_path: FlYMazeRL/optimized_schedules/
save_intermediate: True
agent: SES
n_trials_per_session: 100
reward_fraction: 0.5
n_replicates: 10
optimization_method: annealing
early_stopping: True
early_stopping_patience: 10
initialization_method: random
n_agents: 1000
parallelize: False
n_generations: 200
m: 100
population_size: 100


Replicate 1/10:Best fitness = 0.5521300000000001
Replicate 2/10:Best fitness = 0.5572
Replicate 3/10:Best fitness = 0.5496099999999999
Replicate 4/10:Best fitness = 0.5507000000000001
Replicate 5/10:Best fitness = 0.55558
Replicate 6/10:Best fitness = 0.5655699999999999
Replicate 7/10:Best fitness = 0.55396
Replicate 8/10:Best fitness = 0.55572
Replicate 9/10:Best fitness = 0.5448500000000001
Replicate 10/10:Best fitness = 0.56507
