python: can't open file '/groups/turner/home/mohantas/project/FlYMazeRL/flymazerl/scripts/FlYMazeRL/flymazerl/scripts/optimizer_mohanta.py': [Errno 2] No such file or directory

------------------------------------------------------------
Sender: LSF System <lsfadmin@e10u02>
Subject: Job 128195689: <SBR_011023_2v1> in cluster <Janelia> Exited

Job <SBR_011023_2v1> was submitted from host <e05u15> by user <mohantas> in cluster <Janelia> at Tue Jan 10 13:53:05 2023
Job was executed on host(s) <e10u02>, in queue <local>, as user <mohantas> in cluster <Janelia> at Tue Jan 10 13:53:08 2023
</groups/turner/home/mohantas> was used as the home directory.
</groups/turner/home/mohantas/project/FlYMazeRL/flymazerl/scripts> was used as the working directory.
Started at Tue Jan 10 13:53:08 2023
Terminated at Tue Jan 10 13:53:14 2023
Results reported at Tue Jan 10 13:53:14 2023

Your job looked like:

------------------------------------------------------------
# LSBATCH: User input
export FLYMAZERL_PATH=/groups/turner/turnerlab/Rishika/FlYMazeRL/ ; python FlYMazeRL/flymazerl/scripts/optimizer_mohanta.py --agent SBR --n_generations 200 --n_agents 1000 --optimization_method annealing --initialization_method primed --n_replicates 2 --m 100 --save_path /groups/turner/turnerlab/Rishika/FlYMazeRL_ChoiceEngg/Optimal_Schedules/acceptreject/mohanta2022/SBR/011023/
------------------------------------------------------------

Exited with exit code 2.

Resource usage summary:

    CPU time :                                   0.07 sec.
    Max Memory :                                 -
    Average Memory :                             -
    Total Requested Memory :                     15360.00 MB
    Delta Memory :                               -
    Max Swap :                                   -
    Max Processes :                              -
    Max Threads :                                -
    Run time :                                   7 sec.
    Turnaround time :                            9 sec.

The output (if any) is above this job summary.

python: can't open file '/groups/turner/home/mohantas/project/FlYMazeRL/flymazerl/scripts/FlYMazeRL/flymazerl/scripts/optimizer_mohanta.py': [Errno 2] No such file or directory

------------------------------------------------------------
Sender: LSF System <lsfadmin@e10u10>
Subject: Job 128195713: <SBR_011023_2v1> in cluster <Janelia> Exited

Job <SBR_011023_2v1> was submitted from host <e05u15> by user <mohantas> in cluster <Janelia> at Tue Jan 10 13:53:49 2023
Job was executed on host(s) <e10u10>, in queue <local>, as user <mohantas> in cluster <Janelia> at Tue Jan 10 13:53:50 2023
</groups/turner/home/mohantas> was used as the home directory.
</groups/turner/home/mohantas/project/FlYMazeRL/flymazerl/scripts> was used as the working directory.
Started at Tue Jan 10 13:53:50 2023
Terminated at Tue Jan 10 13:53:54 2023
Results reported at Tue Jan 10 13:53:54 2023

Your job looked like:

------------------------------------------------------------
# LSBATCH: User input
export FLYMAZERL_PATH=/groups/turner/turnerlab/Rishika/FlYMazeRL/ ; python FlYMazeRL/flymazerl/scripts/optimizer_mohanta.py --agent SBR --n_generations 200 --n_agents 1000 --optimization_method annealing --initialization_method primed --n_replicates 2 --m 100 --save_path /groups/turner/turnerlab/Rishika/FlYMazeRL_ChoiceEngg/Optimal_Schedules/acceptreject/mohanta2022/SBR/011023/
------------------------------------------------------------

Exited with exit code 2.

Resource usage summary:

    CPU time :                                   0.05 sec.
    Max Memory :                                 13 MB
    Average Memory :                             12.67 MB
    Total Requested Memory :                     15360.00 MB
    Delta Memory :                               15347.00 MB
    Max Swap :                                   -
    Max Processes :                              3
    Max Threads :                                4
    Run time :                                   5 sec.
    Turnaround time :                            5 sec.

The output (if any) is above this job summary.

