
CommandNotFoundError: Your shell has not been properly configured to use 'conda activate'.
To initialize your shell, run

    $ conda init <SHELL_NAME>

Currently supported shells are:
  - bash
  - fish
  - tcsh
  - xonsh
  - zsh
  - powershell

See 'conda init --help' for more information and options.

IMPORTANT: You may need to close and restart your shell after running 'conda init'.


python: can't open file '/groups/turner/home/mohantas/project/FlYMazeRL/flymazerl/scripts/FlYMazeRL/flymazerl/scripts/optimizer_mohanta.py': [Errno 2] No such file or directory

------------------------------------------------------------
Sender: LSF System <lsfadmin@e10u10>
Subject: Job 128195605: <SBR_011023_1v1> in cluster <Janelia> Exited

Job <SBR_011023_1v1> was submitted from host <e05u15> by user <mohantas> in cluster <Janelia> at Tue Jan 10 13:46:11 2023
Job was executed on host(s) <e10u10>, in queue <local>, as user <mohantas> in cluster <Janelia> at Tue Jan 10 13:46:11 2023
</groups/turner/home/mohantas> was used as the home directory.
</groups/turner/home/mohantas/project/FlYMazeRL/flymazerl/scripts> was used as the working directory.
Started at Tue Jan 10 13:46:11 2023
Terminated at Tue Jan 10 13:46:15 2023
Results reported at Tue Jan 10 13:46:15 2023

Your job looked like:

------------------------------------------------------------
# LSBATCH: User input
conda activate flymazerl ; export FLYMAZERL_PATH=/groups/turner/turnerlab/Rishika/FlYMazeRL/ ; python FlYMazeRL/flymazerl/scripts/optimizer_mohanta.py --agent SBR --n_generations 200 --n_agents 1000 --optimization_method annealing --initialization_method random --n_replicates 2 --m 100 --save_path /groups/turner/turnerlab/Rishika/FlYMazeRL_ChoiceEngg/Optimal_Schedules/acceptreject/mohanta2022/SBR/011023/
------------------------------------------------------------

Exited with exit code 2.

Resource usage summary:

    CPU time :                                   0.24 sec.
    Max Memory :                                 20 MB
    Average Memory :                             20.00 MB
    Total Requested Memory :                     15360.00 MB
    Delta Memory :                               15340.00 MB
    Max Swap :                                   -
    Max Processes :                              3
    Max Threads :                                4
    Run time :                                   4 sec.
    Turnaround time :                            4 sec.

The output (if any) is above this job summary.

