
++++++++++++++++++++++++++++++++++++++++++++++++++++++++++++++++++++++++++++
███████╗██╗     ██╗   ██╗███╗   ███╗ █████╗ ███████╗███████╗██████╗ ██╗     
██╔════╝██║     ╚██╗ ██╔╝████╗ ████║██╔══██╗╚══███╔╝██╔════╝██╔══██╗██║     
█████╗  ██║      ╚████╔╝ ██╔████╔██║███████║  ███╔╝ █████╗  ██████╔╝██║     
██╔══╝  ██║       ╚██╔╝  ██║╚██╔╝██║██╔══██║ ███╔╝  ██╔══╝  ██╔══██╗██║     
██║     ███████╗   ██║   ██║ ╚═╝ ██║██║  ██║███████╗███████╗██║  ██║███████╗
╚═╝     ╚══════╝   ╚═╝   ╚═╝     ╚═╝╚═╝  ╚═╝╚══════╝╚══════╝╚═╝  ╚═╝╚══════╝
++++++++++++++++++++++++++++++++++++++++++++++++++++++++++++++++++++++++++++
Developed by:
    Rishika Mohanta, Research Technician, Turner Lab, Janelia Research Campus

Fitting agent: GQLearner
Loading data from:
/groups/turner/home/mohantas/project/FlYMazeRL//data/rajagopalan2022/training_choice_set.csv
/groups/turner/home/mohantas/project/FlYMazeRL//data/rajagopalan2022/training_reward_set.csv
Model: GQNN_5_relu_acceptreject_asymmetric_qp_no-punishment_2022_10_04_02_25_43_650186
Fitting model 1/5. Fold 1/1
Epoch 0: 	Training Loss: 0.6825	Validation Loss: 0.6895
Epoch 500: 	Training Loss: 0.6213	Validation Loss: 0.6635
Epoch 1000: 	Training Loss: 0.6168	Validation Loss: 0.6578
Epoch 1500: 	Training Loss: 0.6157	Validation Loss: 0.6586
Epoch 2000: 	Training Loss: 0.6158	Validation Loss: 0.6577
Epoch 2500: 	Training Loss: 0.6153	Validation Loss: 0.6571
Epoch 3000: 	Training Loss: 0.6151	Validation Loss: 0.6564
Epoch 3500: 	Training Loss: 0.6170	Validation Loss: 0.6591
Epoch 4000: 	Training Loss: 0.6200	Validation Loss: 0.6610
Epoch 4500: 	Training Loss: 0.6186	Validation Loss: 0.6568
Early stopping at epoch 4897
Best validation loss: 0.6551
Fitting model 2/5. Fold 1/1
Epoch 0: 	Training Loss: 0.6191	Validation Loss: 0.6491
Epoch 500: 	Training Loss: 0.6204	Validation Loss: 0.6479
Epoch 1000: 	Training Loss: 0.6175	Validation Loss: 0.6479
Epoch 1500: 	Training Loss: 0.6171	Validation Loss: 0.6511
Epoch 2000: 	Training Loss: 0.6215	Validation Loss: 0.6500
Epoch 2500: 	Training Loss: 0.6169	Validation Loss: 0.6501
Epoch 3000: 	Training Loss: 0.6188	Validation Loss: 0.6482
Early stopping at epoch 3370
Best validation loss: 0.6457
Fitting model 3/5. Fold 1/1
Epoch 0: 	Training Loss: 0.6298	Validation Loss: 0.6131
Epoch 500: 	Training Loss: 0.6267	Validation Loss: 0.6170
Epoch 1000: 	Training Loss: 0.6279	Validation Loss: 0.6173
Epoch 1500: 	Training Loss: 0.6294	Validation Loss: 0.6201
Epoch 2000: 	Training Loss: 0.6266	Validation Loss: 0.6197
Epoch 2500: 	Training Loss: 0.6267	Validation Loss: 0.6184
Early stopping at epoch 2500
Best validation loss: 0.6131
Fitting model 4/5. Fold 1/1
Epoch 0: 	Training Loss: 0.6274	Validation Loss: 0.6219
Epoch 500: 	Training Loss: 0.6243	Validation Loss: 0.6326
Epoch 1000: 	Training Loss: 0.6239	Validation Loss: 0.6259
Epoch 1500: 	Training Loss: 0.6237	Validation Loss: 0.6291
Epoch 2000: 	Training Loss: 0.6234	Validation Loss: 0.6377
Epoch 2500: 	Training Loss: 0.6220	Validation Loss: 0.6327
Early stopping at epoch 2504
Best validation loss: 0.6194
Fitting model 5/5. Fold 1/1
Epoch 0: 	Training Loss: 0.6303	Validation Loss: 0.6245
Epoch 500: 	Training Loss: 0.6238	Validation Loss: 0.6248
Epoch 1000: 	Training Loss: 0.6238	Validation Loss: 0.6279
Epoch 1500: 	Training Loss: 0.6275	Validation Loss: 0.6305
Epoch 2000: 	Training Loss: 0.6268	Validation Loss: 0.6260
Epoch 2500: 	Training Loss: 0.6261	Validation Loss: 0.6251
Early stopping at epoch 2503
Best validation loss: 0.6211
Fitting is complete. The model fitting log is available at /groups/turner/turnerlab/Rishika/FlYMazeRL_Fits/nn/rajagopalan2022/model_fitting_log.csv.
The model is available at /groups/turner/turnerlab/Rishika/FlYMazeRL_Fits/nn/rajagopalan2022/GQNN_5_relu_acceptreject_asymmetric_qp_no-punishment_2022_10_04_02_25_43_650186/.
Thank you for using flymazerl. Have a nice day :)

------------------------------------------------------------
Sender: LSF System <lsfadmin@e10u21>
Subject: Job 126235951: <GQNNx5-2-0> in cluster <Janelia> Done

Job <GQNNx5-2-0> was submitted from host <e05u15> by user <mohantas> in cluster <Janelia> at Tue Oct  4 02:25:18 2022
Job was executed on host(s) <e10u21>, in queue <local>, as user <mohantas> in cluster <Janelia> at Tue Oct  4 02:25:22 2022
</groups/turner/home/mohantas> was used as the home directory.
</groups/turner/home/mohantas/project/FlYMazeRL/flymazerl/scripts/bash> was used as the working directory.
Started at Tue Oct  4 02:25:22 2022
Terminated at Tue Oct  4 06:32:36 2022
Results reported at Tue Oct  4 06:32:36 2022

Your job looked like:

------------------------------------------------------------
# LSBATCH: User input
python ../nn_fitting_rajagopalan.py --agent GQNN --hidden_state_sizes 5 --n_folds 1 --n_ensemble 5 --early_stopping 2500 --symmetric no --save_path /groups/turner/turnerlab/Rishika/FlYMazeRL_Fits/nn/rajagopalan2022/ 
------------------------------------------------------------

Successfully completed.

Resource usage summary:

    CPU time :                                   29512.88 sec.
    Max Memory :                                 256 MB
    Average Memory :                             238.23 MB
    Total Requested Memory :                     15360.00 MB
    Delta Memory :                               15104.00 MB
    Max Swap :                                   -
    Max Processes :                              3
    Max Threads :                                14
    Run time :                                   14838 sec.
    Turnaround time :                            14838 sec.

The output (if any) is above this job summary.


++++++++++++++++++++++++++++++++++++++++++++++++++++++++++++++++++++++++++++
███████╗██╗     ██╗   ██╗███╗   ███╗ █████╗ ███████╗███████╗██████╗ ██╗     
██╔════╝██║     ╚██╗ ██╔╝████╗ ████║██╔══██╗╚══███╔╝██╔════╝██╔══██╗██║     
█████╗  ██║      ╚████╔╝ ██╔████╔██║███████║  ███╔╝ █████╗  ██████╔╝██║     
██╔══╝  ██║       ╚██╔╝  ██║╚██╔╝██║██╔══██║ ███╔╝  ██╔══╝  ██╔══██╗██║     
██║     ███████╗   ██║   ██║ ╚═╝ ██║██║  ██║███████╗███████╗██║  ██║███████╗
╚═╝     ╚══════╝   ╚═╝   ╚═╝     ╚═╝╚═╝  ╚═╝╚══════╝╚══════╝╚═╝  ╚═╝╚══════╝
++++++++++++++++++++++++++++++++++++++++++++++++++++++++++++++++++++++++++++
Developed by:
    Rishika Mohanta, Research Technician, Turner Lab, Janelia Research Campus

Fitting agent: GQLearner
Loading data from:
/groups/turner/home/mohantas/project/FlYMazeRL//data/mohanta2022/training_choice_set.csv
/groups/turner/home/mohantas/project/FlYMazeRL//data/mohanta2022/training_reward_set.csv
Model: GQNN_5_relu_acceptreject_asymmetric_qp_no-punishment_2022_10_08_20_15_23_670406
Fitting model 1/5. Fold 1/1
Epoch 0: 	Training Loss: 0.6876	Validation Loss: 0.6844
Epoch 500: 	Training Loss: 0.5948	Validation Loss: 0.6137
Epoch 1000: 	Training Loss: 0.5946	Validation Loss: 0.6137
Epoch 1500: 	Training Loss: 0.5937	Validation Loss: 0.6127
Epoch 2000: 	Training Loss: 0.5949	Validation Loss: 0.6227
Epoch 2500: 	Training Loss: 0.5940	Validation Loss: 0.6129
Epoch 3000: 	Training Loss: 0.5938	Validation Loss: 0.6151
Epoch 3500: 	Training Loss: 0.5933	Validation Loss: 0.6112
Epoch 4000: 	Training Loss: 0.5932	Validation Loss: 0.6123
Early stopping at epoch 4454
Best validation loss: 0.6110
Fitting model 2/5. Fold 1/1
Epoch 0: 	Training Loss: 0.5975	Validation Loss: 0.5949
Epoch 500: 	Training Loss: 0.5992	Validation Loss: 0.5980
Epoch 1000: 	Training Loss: 0.5966	Validation Loss: 0.5967
Epoch 1500: 	Training Loss: 0.5973	Validation Loss: 0.5968
Epoch 2000: 	Training Loss: 0.5977	Validation Loss: 0.5971
Epoch 2500: 	Training Loss: 0.5971	Validation Loss: 0.5980
Early stopping at epoch 2500
Best validation loss: 0.5949
Fitting model 3/5. Fold 1/1
Epoch 0: 	Training Loss: 0.5909	Validation Loss: 0.6243
Epoch 500: 	Training Loss: 0.5904	Validation Loss: 0.6244
Epoch 1000: 	Training Loss: 0.5902	Validation Loss: 0.6250
Epoch 1500: 	Training Loss: 0.5898	Validation Loss: 0.6248
Epoch 2000: 	Training Loss: 0.5905	Validation Loss: 0.6251
Epoch 2500: 	Training Loss: 0.5892	Validation Loss: 0.6286
Early stopping at epoch 2511
Best validation loss: 0.6211
Fitting model 4/5. Fold 1/1
Epoch 0: 	Training Loss: 0.5935	Validation Loss: 0.6138
Epoch 500: 	Training Loss: 0.5926	Validation Loss: 0.6198
Epoch 1000: 	Training Loss: 0.5924	Validation Loss: 0.6163
Epoch 1500: 	Training Loss: 0.5921	Validation Loss: 0.6177
Epoch 2000: 	Training Loss: 0.5934	Validation Loss: 0.6187
Epoch 2500: 	Training Loss: 0.5933	Validation Loss: 0.6169
Early stopping at epoch 2500
Best validation loss: 0.6138
Fitting model 5/5. Fold 1/1
Epoch 0: 	Training Loss: 0.5932	Validation Loss: 0.6137
Epoch 500: 	Training Loss: 0.5934	Validation Loss: 0.6187
Epoch 1000: 	Training Loss: 0.5924	Validation Loss: 0.6168
Epoch 1500: 	Training Loss: 0.5923	Validation Loss: 0.6170
Epoch 2000: 	Training Loss: 0.5923	Validation Loss: 0.6181
Epoch 2500: 	Training Loss: 0.5922	Validation Loss: 0.6166
Early stopping at epoch 2504
Best validation loss: 0.6128
Fitting is complete. The model fitting log is available at /groups/turner/turnerlab/Rishika/FlYMazeRL_Fits/nn/mohanta2022/model_fitting_log.csv.
The model is available at /groups/turner/turnerlab/Rishika/FlYMazeRL_Fits/nn/mohanta2022/GQNN_5_relu_acceptreject_asymmetric_qp_no-punishment_2022_10_08_20_15_23_670406/.
Thank you for using flymazerl. Have a nice day :)

------------------------------------------------------------
Sender: LSF System <lsfadmin@e10u22>
Subject: Job 126381384: <GQNNx5-2-0> in cluster <Janelia> Done

Job <GQNNx5-2-0> was submitted from host <e05u15> by user <mohantas> in cluster <Janelia> at Sat Oct  8 20:15:18 2022
Job was executed on host(s) <e10u22>, in queue <local>, as user <mohantas> in cluster <Janelia> at Sat Oct  8 20:15:19 2022
</groups/turner/home/mohantas> was used as the home directory.
</groups/turner/home/mohantas/project/FlYMazeRL/flymazerl/scripts/bash> was used as the working directory.
Started at Sat Oct  8 20:15:19 2022
Terminated at Sun Oct  9 19:31:16 2022
Results reported at Sun Oct  9 19:31:16 2022

Your job looked like:

------------------------------------------------------------
# LSBATCH: User input
python ../nn_fitting_mohanta.py --agent GQNN --hidden_state_sizes 5 --n_folds 1 --n_ensemble 5 --early_stopping 2500 --symmetric no --save_path /groups/turner/turnerlab/Rishika/FlYMazeRL_Fits/nn/mohanta2022/ 
------------------------------------------------------------

Successfully completed.

Resource usage summary:

    CPU time :                                   166366.20 sec.
    Max Memory :                                 324 MB
    Average Memory :                             258.59 MB
    Total Requested Memory :                     15360.00 MB
    Delta Memory :                               15036.00 MB
    Max Swap :                                   -
    Max Processes :                              5
    Max Threads :                                14
    Run time :                                   83758 sec.
    Turnaround time :                            83758 sec.

The output (if any) is above this job summary.

