
++++++++++++++++++++++++++++++++++++++++++++++++++++++++++++++++++++++++++++
███████╗██╗     ██╗   ██╗███╗   ███╗ █████╗ ███████╗███████╗██████╗ ██╗     
██╔════╝██║     ╚██╗ ██╔╝████╗ ████║██╔══██╗╚══███╔╝██╔════╝██╔══██╗██║     
█████╗  ██║      ╚████╔╝ ██╔████╔██║███████║  ███╔╝ █████╗  ██████╔╝██║     
██╔══╝  ██║       ╚██╔╝  ██║╚██╔╝██║██╔══██║ ███╔╝  ██╔══╝  ██╔══██╗██║     
██║     ███████╗   ██║   ██║ ╚═╝ ██║██║  ██║███████╗███████╗██║  ██║███████╗
╚═╝     ╚══════╝   ╚═╝   ╚═╝     ╚═╝╚═╝  ╚═╝╚══════╝╚══════╝╚═╝  ╚═╝╚══════╝
++++++++++++++++++++++++++++++++++++++++++++++++++++++++++++++++++++++++++++
Developed by:
    Rishika Mohanta, Research Technician, Turner Lab, Janelia Research Campus

Fitting agent: GQLearner
Loading data from:
/groups/turner/home/mohantas/project/FlYMazeRL//data/rajagopalan2022/training_choice_set.csv
/groups/turner/home/mohantas/project/FlYMazeRL//data/rajagopalan2022/training_reward_set.csv
Model: GQNN_5-5_relu_acceptreject_asymmetric_qp_no-punishment_2022_10_04_02_25_55_496072
Traceback (most recent call last):
  File "/groups/turner/home/mohantas/project/FlYMazeRL/flymazerl/scripts/bash/../nn_fitting_rajagopalan.py", line 172, in <module>
    os.makedirs(save_path)
  File "/groups/turner/home/mohantas/anaconda3/envs/flymazerl/lib/python3.9/os.py", line 225, in makedirs
    mkdir(name, mode)
FileExistsError: [Errno 17] File exists: '/groups/turner/turnerlab/Rishika/FlYMazeRL_Fits/nn/rajagopalan2022/GQNN_5-5_relu_acceptreject_asymmetric_qp_no-punishment_2022_10_04_02_25_55_496072/'

------------------------------------------------------------
Sender: LSF System <lsfadmin@e10u15>
Subject: Job 126236000: <GQNNx5x5-3-0> in cluster <Janelia> Exited

Job <GQNNx5x5-3-0> was submitted from host <e05u15> by user <mohantas> in cluster <Janelia> at Tue Oct  4 02:25:25 2022
Job was executed on host(s) <e10u15>, in queue <local>, as user <mohantas> in cluster <Janelia> at Tue Oct  4 02:25:29 2022
</groups/turner/home/mohantas> was used as the home directory.
</groups/turner/home/mohantas/project/FlYMazeRL/flymazerl/scripts/bash> was used as the working directory.
Started at Tue Oct  4 02:25:29 2022
Terminated at Tue Oct  4 02:25:58 2022
Results reported at Tue Oct  4 02:25:58 2022

Your job looked like:

------------------------------------------------------------
# LSBATCH: User input
python ../nn_fitting_rajagopalan.py --agent GQNN --hidden_state_sizes 5 5 --n_folds 1 --n_ensemble 5 --early_stopping 2500 --symmetric no --save_path /groups/turner/turnerlab/Rishika/FlYMazeRL_Fits/nn/rajagopalan2022/ 
------------------------------------------------------------

Exited with exit code 1.

Resource usage summary:

    CPU time :                                   4.10 sec.
    Max Memory :                                 224 MB
    Average Memory :                             163.60 MB
    Total Requested Memory :                     15360.00 MB
    Delta Memory :                               15136.00 MB
    Max Swap :                                   -
    Max Processes :                              5
    Max Threads :                                14
    Run time :                                   34 sec.
    Turnaround time :                            33 sec.

The output (if any) is above this job summary.


++++++++++++++++++++++++++++++++++++++++++++++++++++++++++++++++++++++++++++
███████╗██╗     ██╗   ██╗███╗   ███╗ █████╗ ███████╗███████╗██████╗ ██╗     
██╔════╝██║     ╚██╗ ██╔╝████╗ ████║██╔══██╗╚══███╔╝██╔════╝██╔══██╗██║     
█████╗  ██║      ╚████╔╝ ██╔████╔██║███████║  ███╔╝ █████╗  ██████╔╝██║     
██╔══╝  ██║       ╚██╔╝  ██║╚██╔╝██║██╔══██║ ███╔╝  ██╔══╝  ██╔══██╗██║     
██║     ███████╗   ██║   ██║ ╚═╝ ██║██║  ██║███████╗███████╗██║  ██║███████╗
╚═╝     ╚══════╝   ╚═╝   ╚═╝     ╚═╝╚═╝  ╚═╝╚══════╝╚══════╝╚═╝  ╚═╝╚══════╝
++++++++++++++++++++++++++++++++++++++++++++++++++++++++++++++++++++++++++++
Developed by:
    Rishika Mohanta, Research Technician, Turner Lab, Janelia Research Campus

Fitting agent: GQLearner
Loading data from:
/groups/turner/home/mohantas/project/FlYMazeRL//data/mohanta2022/training_choice_set.csv
/groups/turner/home/mohantas/project/FlYMazeRL//data/mohanta2022/training_reward_set.csv
Model: GQNN_5-5_relu_acceptreject_asymmetric_qp_no-punishment_2022_10_08_20_15_28_684433
Fitting model 1/5. Fold 1/1
Epoch 0: 	Training Loss: 0.6912	Validation Loss: 0.6883
Epoch 500: 	Training Loss: 0.6011	Validation Loss: 0.5968
Epoch 1000: 	Training Loss: 0.5999	Validation Loss: 0.5973
Epoch 1500: 	Training Loss: 0.6003	Validation Loss: 0.5986
Epoch 2000: 	Training Loss: 0.5987	Validation Loss: 0.5963
Epoch 2500: 	Training Loss: 0.7241	Validation Loss: 0.8009
Epoch 3000: 	Training Loss: 0.6067	Validation Loss: 0.6038
Epoch 3500: 	Training Loss: 0.6124	Validation Loss: 0.6170
Epoch 4000: 	Training Loss: 0.6036	Validation Loss: 0.6218
Epoch 4500: 	Training Loss: 0.5996	Validation Loss: 0.5974
Early stopping at epoch 4707
Best validation loss: 0.5951
Fitting model 2/5. Fold 1/1
Epoch 0: 	Training Loss: 0.5957	Validation Loss: 0.6045
Epoch 500: 	Training Loss: 0.5962	Validation Loss: 0.6057
Epoch 1000: 	Training Loss: 0.5954	Validation Loss: 0.6071
Epoch 1500: 	Training Loss: 0.5974	Validation Loss: 0.6094
Epoch 2000: 	Training Loss: 0.6008	Validation Loss: 0.6123
Epoch 2500: 	Training Loss: 0.5962	Validation Loss: 0.6058
Early stopping at epoch 2507
Best validation loss: 0.6039
Fitting model 3/5. Fold 1/1
Epoch 0: 	Training Loss: 0.6021	Validation Loss: 0.5873
Epoch 500: 	Training Loss: 0.6047	Validation Loss: 0.5852
Epoch 1000: 	Training Loss: 0.6100	Validation Loss: 0.5861
Epoch 1500: 	Training Loss: 0.6018	Validation Loss: 0.5920
Epoch 2000: 	Training Loss: 0.6009	Validation Loss: 0.5846
Epoch 2500: 	Training Loss: 0.6010	Validation Loss: 0.5876
Epoch 3000: 	Training Loss: 0.6008	Validation Loss: 0.5868
Early stopping at epoch 3014
Best validation loss: 0.5827
Fitting model 4/5. Fold 1/1
Epoch 0: 	Training Loss: 0.6025	Validation Loss: 0.5836
Epoch 500: 	Training Loss: 0.6049	Validation Loss: 0.5859
Epoch 1000: 	Training Loss: 0.6023	Validation Loss: 0.5837
Epoch 1500: 	Training Loss: 0.6015	Validation Loss: 0.5832
Epoch 2000: 	Training Loss: 0.6016	Validation Loss: 0.5883
Epoch 2500: 	Training Loss: 0.6019	Validation Loss: 0.5833
Early stopping at epoch 2540
Best validation loss: 0.5801
Fitting model 5/5. Fold 1/1
Epoch 0: 	Training Loss: 0.5943	Validation Loss: 0.6101
Epoch 500: 	Training Loss: 0.5938	Validation Loss: 0.6103
Epoch 1000: 	Training Loss: 0.5958	Validation Loss: 0.6122
Epoch 1500: 	Training Loss: 0.5946	Validation Loss: 0.6158
Epoch 2000: 	Training Loss: 0.5945	Validation Loss: 0.6116
Epoch 2500: 	Training Loss: 0.5941	Validation Loss: 0.6117
Early stopping at epoch 2534
Best validation loss: 0.6095
Fitting is complete. The model fitting log is available at /groups/turner/turnerlab/Rishika/FlYMazeRL_Fits/nn/mohanta2022/model_fitting_log.csv.
The model is available at /groups/turner/turnerlab/Rishika/FlYMazeRL_Fits/nn/mohanta2022/GQNN_5-5_relu_acceptreject_asymmetric_qp_no-punishment_2022_10_08_20_15_28_684433/.
Thank you for using flymazerl. Have a nice day :)

------------------------------------------------------------
Sender: LSF System <lsfadmin@e10u18>
Subject: Job 126381397: <GQNNx5x5-3-0> in cluster <Janelia> Done

Job <GQNNx5x5-3-0> was submitted from host <e05u15> by user <mohantas> in cluster <Janelia> at Sat Oct  8 20:15:25 2022
Job was executed on host(s) <e10u18>, in queue <local>, as user <mohantas> in cluster <Janelia> at Sat Oct  8 20:15:25 2022
</groups/turner/home/mohantas> was used as the home directory.
</groups/turner/home/mohantas/project/FlYMazeRL/flymazerl/scripts/bash> was used as the working directory.
Started at Sat Oct  8 20:15:25 2022
Terminated at Sun Oct  9 16:23:31 2022
Results reported at Sun Oct  9 16:23:31 2022

Your job looked like:

------------------------------------------------------------
# LSBATCH: User input
python ../nn_fitting_mohanta.py --agent GQNN --hidden_state_sizes 5 5 --n_folds 1 --n_ensemble 5 --early_stopping 2500 --symmetric no --save_path /groups/turner/turnerlab/Rishika/FlYMazeRL_Fits/nn/mohanta2022/ 
------------------------------------------------------------

Successfully completed.

Resource usage summary:

    CPU time :                                   143840.48 sec.
    Max Memory :                                 324 MB
    Average Memory :                             256.50 MB
    Total Requested Memory :                     15360.00 MB
    Delta Memory :                               15036.00 MB
    Max Swap :                                   4 MB
    Max Processes :                              3
    Max Threads :                                14
    Run time :                                   72484 sec.
    Turnaround time :                            72486 sec.

The output (if any) is above this job summary.

