
++++++++++++++++++++++++++++++++++++++++++++++++++++++++++++++++++++++++++++
███████╗██╗     ██╗   ██╗███╗   ███╗ █████╗ ███████╗███████╗██████╗ ██╗     
██╔════╝██║     ╚██╗ ██╔╝████╗ ████║██╔══██╗╚══███╔╝██╔════╝██╔══██╗██║     
█████╗  ██║      ╚████╔╝ ██╔████╔██║███████║  ███╔╝ █████╗  ██████╔╝██║     
██╔══╝  ██║       ╚██╔╝  ██║╚██╔╝██║██╔══██║ ███╔╝  ██╔══╝  ██╔══██╗██║     
██║     ███████╗   ██║   ██║ ╚═╝ ██║██║  ██║███████╗███████╗██║  ██║███████╗
╚═╝     ╚══════╝   ╚═╝   ╚═╝     ╚═╝╚═╝  ╚═╝╚══════╝╚══════╝╚═╝  ╚═╝╚══════╝
++++++++++++++++++++++++++++++++++++++++++++++++++++++++++++++++++++++++++++
Developed by:
    Rishika Mohanta, Research Technician, Turner Lab, Janelia Research Campus

Fitting agent: GQLearner
Loading data from:
/groups/turner/home/mohantas/project/FlYMazeRL//data/rajagopalan2022/training_choice_set.csv
/groups/turner/home/mohantas/project/FlYMazeRL//data/rajagopalan2022/training_reward_set.csv
Model: GQNN_5_relu_acceptreject_asymmetric_qp_no-punishment_2022_10_04_02_25_43_650154
Fitting model 1/5. Fold 1/1
Epoch 0: 	Training Loss: 0.7011	Validation Loss: 0.6997
Epoch 500: 	Training Loss: 0.6210	Validation Loss: 0.6641
Epoch 1000: 	Training Loss: 0.6203	Validation Loss: 0.6629
Epoch 1500: 	Training Loss: 0.6198	Validation Loss: 0.6627
Epoch 2000: 	Training Loss: 0.6193	Validation Loss: 0.6626
Epoch 2500: 	Training Loss: 0.6194	Validation Loss: 0.6618
Early stopping at epoch 2600
Best validation loss: 0.6573
Fitting model 2/5. Fold 1/1
Epoch 0: 	Training Loss: 0.6393	Validation Loss: 0.6283
Epoch 500: 	Training Loss: 0.6322	Validation Loss: 0.6246
Epoch 1000: 	Training Loss: 0.6313	Validation Loss: 0.6252
Epoch 1500: 	Training Loss: 0.6313	Validation Loss: 0.6242
Epoch 2000: 	Training Loss: 0.6303	Validation Loss: 0.6238
Epoch 2500: 	Training Loss: 0.6316	Validation Loss: 0.6247
Early stopping at epoch 2618
Best validation loss: 0.6227
Fitting model 3/5. Fold 1/1
Epoch 0: 	Training Loss: 0.6308	Validation Loss: 0.6441
Epoch 500: 	Training Loss: 0.6227	Validation Loss: 0.6487
Epoch 1000: 	Training Loss: 0.6214	Validation Loss: 0.6529
Epoch 1500: 	Training Loss: 0.6240	Validation Loss: 0.6553
Epoch 2000: 	Training Loss: 0.6208	Validation Loss: 0.6504
Epoch 2500: 	Training Loss: 0.6211	Validation Loss: 0.6582
Early stopping at epoch 2500
Best validation loss: 0.6441
Fitting model 4/5. Fold 1/1
Epoch 0: 	Training Loss: 0.6389	Validation Loss: 0.6179
Epoch 500: 	Training Loss: 0.6325	Validation Loss: 0.6198
Epoch 1000: 	Training Loss: 0.6325	Validation Loss: 0.6179
Epoch 1500: 	Training Loss: 0.6423	Validation Loss: 0.6474
Epoch 2000: 	Training Loss: 0.6567	Validation Loss: 0.6292
Epoch 2500: 	Training Loss: 0.6303	Validation Loss: 0.6180
Epoch 3000: 	Training Loss: 0.6307	Validation Loss: 0.6161
Epoch 3500: 	Training Loss: 0.6310	Validation Loss: 0.6196
Epoch 4000: 	Training Loss: 0.6305	Validation Loss: 0.6187
Early stopping at epoch 4464
Best validation loss: 0.6114
Fitting model 5/5. Fold 1/1
Epoch 0: 	Training Loss: 0.6438	Validation Loss: 0.6052
Epoch 500: 	Training Loss: 0.6316	Validation Loss: 0.6122
Epoch 1000: 	Training Loss: 0.6378	Validation Loss: 0.6210
Epoch 1500: 	Training Loss: 0.6323	Validation Loss: 0.6132
Epoch 2000: 	Training Loss: 0.6314	Validation Loss: 0.6120
Epoch 2500: 	Training Loss: 0.7088	Validation Loss: 0.6870
Early stopping at epoch 2501
Best validation loss: 0.6033
Fitting is complete. The model fitting log is available at /groups/turner/turnerlab/Rishika/FlYMazeRL_Fits/nn/rajagopalan2022/model_fitting_log.csv.
The model is available at /groups/turner/turnerlab/Rishika/FlYMazeRL_Fits/nn/rajagopalan2022/GQNN_5_relu_acceptreject_asymmetric_qp_no-punishment_2022_10_04_02_25_43_650154/.
Thank you for using flymazerl. Have a nice day :)

------------------------------------------------------------
Sender: LSF System <lsfadmin@e10u21>
Subject: Job 126235943: <GQNNx5-1-0> in cluster <Janelia> Done

Job <GQNNx5-1-0> was submitted from host <e05u15> by user <mohantas> in cluster <Janelia> at Tue Oct  4 02:25:18 2022
Job was executed on host(s) <e10u21>, in queue <local>, as user <mohantas> in cluster <Janelia> at Tue Oct  4 02:25:22 2022
</groups/turner/home/mohantas> was used as the home directory.
</groups/turner/home/mohantas/project/FlYMazeRL/flymazerl/scripts/bash> was used as the working directory.
Started at Tue Oct  4 02:25:22 2022
Terminated at Tue Oct  4 06:01:51 2022
Results reported at Tue Oct  4 06:01:51 2022

Your job looked like:

------------------------------------------------------------
# LSBATCH: User input
python ../nn_fitting_rajagopalan.py --agent GQNN --hidden_state_sizes 5 --n_folds 1 --n_ensemble 5 --early_stopping 2500 --symmetric no --save_path /groups/turner/turnerlab/Rishika/FlYMazeRL_Fits/nn/rajagopalan2022/ 
------------------------------------------------------------

Successfully completed.

Resource usage summary:

    CPU time :                                   25830.62 sec.
    Max Memory :                                 258 MB
    Average Memory :                             240.85 MB
    Total Requested Memory :                     15360.00 MB
    Delta Memory :                               15102.00 MB
    Max Swap :                                   -
    Max Processes :                              3
    Max Threads :                                14
    Run time :                                   12992 sec.
    Turnaround time :                            12993 sec.

The output (if any) is above this job summary.


++++++++++++++++++++++++++++++++++++++++++++++++++++++++++++++++++++++++++++
███████╗██╗     ██╗   ██╗███╗   ███╗ █████╗ ███████╗███████╗██████╗ ██╗     
██╔════╝██║     ╚██╗ ██╔╝████╗ ████║██╔══██╗╚══███╔╝██╔════╝██╔══██╗██║     
█████╗  ██║      ╚████╔╝ ██╔████╔██║███████║  ███╔╝ █████╗  ██████╔╝██║     
██╔══╝  ██║       ╚██╔╝  ██║╚██╔╝██║██╔══██║ ███╔╝  ██╔══╝  ██╔══██╗██║     
██║     ███████╗   ██║   ██║ ╚═╝ ██║██║  ██║███████╗███████╗██║  ██║███████╗
╚═╝     ╚══════╝   ╚═╝   ╚═╝     ╚═╝╚═╝  ╚═╝╚══════╝╚══════╝╚═╝  ╚═╝╚══════╝
++++++++++++++++++++++++++++++++++++++++++++++++++++++++++++++++++++++++++++
Developed by:
    Rishika Mohanta, Research Technician, Turner Lab, Janelia Research Campus

Fitting agent: GQLearner
Loading data from:
/groups/turner/home/mohantas/project/FlYMazeRL//data/mohanta2022/training_choice_set.csv
/groups/turner/home/mohantas/project/FlYMazeRL//data/mohanta2022/training_reward_set.csv
Model: GQNN_5_relu_acceptreject_asymmetric_qp_no-punishment_2022_10_08_20_15_23_669266
Fitting model 1/5. Fold 1/1
Epoch 0: 	Training Loss: 0.6637	Validation Loss: 0.6602
Epoch 500: 	Training Loss: 0.5956	Validation Loss: 0.6071
Epoch 1000: 	Training Loss: 0.5951	Validation Loss: 0.6067
Epoch 1500: 	Training Loss: 0.5960	Validation Loss: 0.6087
Epoch 2000: 	Training Loss: 0.5958	Validation Loss: 0.6082
Epoch 2500: 	Training Loss: 0.5949	Validation Loss: 0.6063
Early stopping at epoch 2672
Best validation loss: 0.6062
Fitting model 2/5. Fold 1/1
Epoch 0: 	Training Loss: 0.6094	Validation Loss: 0.5555
Epoch 500: 	Training Loss: 0.6102	Validation Loss: 0.5543
Epoch 1000: 	Training Loss: 0.6094	Validation Loss: 0.5547
Epoch 1500: 	Training Loss: 0.6096	Validation Loss: 0.5584
Epoch 2000: 	Training Loss: 0.6091	Validation Loss: 0.5529
Epoch 2500: 	Training Loss: 0.6100	Validation Loss: 0.5581
Early stopping at epoch 2542
Best validation loss: 0.5516
Fitting model 3/5. Fold 1/1
Epoch 0: 	Training Loss: 0.6048	Validation Loss: 0.5778
Epoch 500: 	Training Loss: 0.6030	Validation Loss: 0.5760
Epoch 1000: 	Training Loss: 0.6048	Validation Loss: 0.5746
Epoch 1500: 	Training Loss: 0.6041	Validation Loss: 0.5760
Epoch 2000: 	Training Loss: 0.6045	Validation Loss: 0.5737
Epoch 2500: 	Training Loss: 0.6038	Validation Loss: 0.5761
Epoch 3000: 	Training Loss: 0.6049	Validation Loss: 0.5762
Epoch 3500: 	Training Loss: 0.6055	Validation Loss: 0.5740
Epoch 4000: 	Training Loss: 0.6035	Validation Loss: 0.5744
Early stopping at epoch 4451
Best validation loss: 0.5735
Fitting model 4/5. Fold 1/1
Epoch 0: 	Training Loss: 0.6025	Validation Loss: 0.5782
Epoch 500: 	Training Loss: 0.6033	Validation Loss: 0.5771
Epoch 1000: 	Training Loss: 0.6025	Validation Loss: 0.5776
Epoch 1500: 	Training Loss: 0.6031	Validation Loss: 0.5789
Epoch 2000: 	Training Loss: 0.6031	Validation Loss: 0.5829
Epoch 2500: 	Training Loss: 0.6022	Validation Loss: 0.5773
Early stopping at epoch 2503
Best validation loss: 0.5766
Fitting model 5/5. Fold 1/1
Epoch 0: 	Training Loss: 0.6003	Validation Loss: 0.5942
Epoch 500: 	Training Loss: 0.5994	Validation Loss: 0.5921
Epoch 1000: 	Training Loss: 0.5989	Validation Loss: 0.5928
Epoch 1500: 	Training Loss: 0.5988	Validation Loss: 0.5936
Epoch 2000: 	Training Loss: 0.5991	Validation Loss: 0.5933
Epoch 2500: 	Training Loss: 0.6006	Validation Loss: 0.5925
Early stopping at epoch 2501
Best validation loss: 0.5912
Fitting is complete. The model fitting log is available at /groups/turner/turnerlab/Rishika/FlYMazeRL_Fits/nn/mohanta2022/model_fitting_log.csv.
The model is available at /groups/turner/turnerlab/Rishika/FlYMazeRL_Fits/nn/mohanta2022/GQNN_5_relu_acceptreject_asymmetric_qp_no-punishment_2022_10_08_20_15_23_669266/.
Thank you for using flymazerl. Have a nice day :)

------------------------------------------------------------
Sender: LSF System <lsfadmin@e10u22>
Subject: Job 126381383: <GQNNx5-1-0> in cluster <Janelia> Done

Job <GQNNx5-1-0> was submitted from host <e05u15> by user <mohantas> in cluster <Janelia> at Sat Oct  8 20:15:17 2022
Job was executed on host(s) <e10u22>, in queue <local>, as user <mohantas> in cluster <Janelia> at Sat Oct  8 20:15:17 2022
</groups/turner/home/mohantas> was used as the home directory.
</groups/turner/home/mohantas/project/FlYMazeRL/flymazerl/scripts/bash> was used as the working directory.
Started at Sat Oct  8 20:15:17 2022
Terminated at Sun Oct  9 19:57:40 2022
Results reported at Sun Oct  9 19:57:40 2022

Your job looked like:

------------------------------------------------------------
# LSBATCH: User input
python ../nn_fitting_mohanta.py --agent GQNN --hidden_state_sizes 5 --n_folds 1 --n_ensemble 5 --early_stopping 2500 --symmetric no --save_path /groups/turner/turnerlab/Rishika/FlYMazeRL_Fits/nn/mohanta2022/ 
------------------------------------------------------------

Successfully completed.

Resource usage summary:

    CPU time :                                   169515.20 sec.
    Max Memory :                                 335 MB
    Average Memory :                             265.07 MB
    Total Requested Memory :                     15360.00 MB
    Delta Memory :                               15025.00 MB
    Max Swap :                                   -
    Max Processes :                              4
    Max Threads :                                14
    Run time :                                   85343 sec.
    Turnaround time :                            85343 sec.

The output (if any) is above this job summary.

