
++++++++++++++++++++++++++++++++++++++++++++++++++++++++++++++++++++++++++++
███████╗██╗     ██╗   ██╗███╗   ███╗ █████╗ ███████╗███████╗██████╗ ██╗     
██╔════╝██║     ╚██╗ ██╔╝████╗ ████║██╔══██╗╚══███╔╝██╔════╝██╔══██╗██║     
█████╗  ██║      ╚████╔╝ ██╔████╔██║███████║  ███╔╝ █████╗  ██████╔╝██║     
██╔══╝  ██║       ╚██╔╝  ██║╚██╔╝██║██╔══██║ ███╔╝  ██╔══╝  ██╔══██╗██║     
██║     ███████╗   ██║   ██║ ╚═╝ ██║██║  ██║███████╗███████╗██║  ██║███████╗
╚═╝     ╚══════╝   ╚═╝   ╚═╝     ╚═╝╚═╝  ╚═╝╚══════╝╚══════╝╚═╝  ╚═╝╚══════╝
++++++++++++++++++++++++++++++++++++++++++++++++++++++++++++++++++++++++++++
Developed by:
    Rishika Mohanta, Research Technician, Turner Lab, Janelia Research Campus

Fitting agent: GQLearner
Loading data from:
/groups/turner/home/mohantas/project/FlYMazeRL//data/rajagopalan2022/training_choice_set.csv
/groups/turner/home/mohantas/project/FlYMazeRL//data/rajagopalan2022/training_reward_set.csv
Model: GQNN_100-100-100_relu_acceptreject_symmetric_qp_no-punishment_2022_10_04_02_25_11_419491
Fitting model 1/5. Fold 1/1
Epoch 0: 	Training Loss: 0.6693	Validation Loss: 0.6430
Epoch 500: 	Training Loss: 0.7638	Validation Loss: 0.8134
Epoch 1000: 	Training Loss: 0.6931	Validation Loss: 0.6931
Epoch 1500: 	Training Loss: 0.6387	Validation Loss: 0.6180
Epoch 2000: 	Training Loss: 0.6932	Validation Loss: 0.6932
Epoch 2500: 	Training Loss: 0.6934	Validation Loss: 0.6564
Early stopping at epoch 2619
Best validation loss: 0.6032
Fitting model 2/5. Fold 1/1
Epoch 0: 	Training Loss: 0.6487	Validation Loss: 0.6060
Epoch 500: 	Training Loss: 0.6360	Validation Loss: 0.6110
Epoch 1000: 	Training Loss: 0.6931	Validation Loss: 0.6931
Epoch 1500: 	Training Loss: 0.6360	Validation Loss: 0.6134
Epoch 2000: 	Training Loss: 0.6932	Validation Loss: 0.6932
Epoch 2500: 	Training Loss: 0.6932	Validation Loss: 0.6932
Epoch 3000: 	Training Loss: 0.6361	Validation Loss: 0.6147
Epoch 3500: 	Training Loss: 0.6349	Validation Loss: 0.6096
Epoch 4000: 	Training Loss: 0.6931	Validation Loss: 0.6932
Epoch 4500: 	Training Loss: 0.6931	Validation Loss: 0.6931
Epoch 5000: 	Training Loss: 0.6359	Validation Loss: 0.6135
Early stopping at epoch 5305
Best validation loss: 0.6020
Fitting model 3/5. Fold 1/1
Epoch 0: 	Training Loss: 0.6238	Validation Loss: 0.6657
Epoch 500: 	Training Loss: 0.6195	Validation Loss: 0.6722
Epoch 1000: 	Training Loss: 0.6177	Validation Loss: 0.6715
Epoch 1500: 	Training Loss: 0.6209	Validation Loss: 0.6669
Epoch 2000: 	Training Loss: 0.6196	Validation Loss: 0.6695
Epoch 2500: 	Training Loss: 0.6159	Validation Loss: 0.6737
Early stopping at epoch 2617
Best validation loss: 0.6609
Fitting model 4/5. Fold 1/1
Epoch 0: 	Training Loss: 0.6219	Validation Loss: 0.6714
Epoch 500: 	Training Loss: 0.6182	Validation Loss: 0.6667
Epoch 1000: 	Training Loss: 0.6213	Validation Loss: 0.6727
Epoch 1500: 	Training Loss: 0.6166	Validation Loss: 0.6687
Epoch 2000: 	Training Loss: 0.6193	Validation Loss: 0.6703
Epoch 2500: 	Training Loss: 0.6192	Validation Loss: 0.6705
Epoch 3000: 	Training Loss: 0.6281	Validation Loss: 0.6737
Epoch 3500: 	Training Loss: 0.6932	Validation Loss: 0.6931
Epoch 4000: 	Training Loss: 0.6181	Validation Loss: 0.6711
Epoch 4500: 	Training Loss: 0.6931	Validation Loss: 0.6931
Epoch 5000: 	Training Loss: 0.6277	Validation Loss: 0.6712
Early stopping at epoch 5477
Best validation loss: 0.6620
Fitting model 5/5. Fold 1/1
Epoch 0: 	Training Loss: 0.6325	Validation Loss: 0.6193
Epoch 500: 	Training Loss: 0.6335	Validation Loss: 0.6236
Epoch 1000: 	Training Loss: 0.6293	Validation Loss: 0.6278
Epoch 1500: 	Training Loss: 0.6344	Validation Loss: 0.6223
Epoch 2000: 	Training Loss: 0.6329	Validation Loss: 0.6236
Epoch 2500: 	Training Loss: 0.6315	Validation Loss: 0.6269
Early stopping at epoch 2603
Best validation loss: 0.6149
Fitting is complete. The model fitting log is available at /groups/turner/turnerlab/Rishika/FlYMazeRL_Fits/nn/rajagopalan2022/model_fitting_log.csv.
The model is available at /groups/turner/turnerlab/Rishika/FlYMazeRL_Fits/nn/rajagopalan2022/GQNN_100-100-100_relu_acceptreject_symmetric_qp_no-punishment_2022_10_04_02_25_11_419491/.
Thank you for using flymazerl. Have a nice day :)

------------------------------------------------------------
Sender: LSF System <lsfadmin@e10u21>
Subject: Job 126235806: <GQNNx100x100x100-2-1> in cluster <Janelia> Done

Job <GQNNx100x100x100-2-1> was submitted from host <e05u15> by user <mohantas> in cluster <Janelia> at Tue Oct  4 02:25:05 2022
Job was executed on host(s) <e10u21>, in queue <local>, as user <mohantas> in cluster <Janelia> at Tue Oct  4 02:25:06 2022
</groups/turner/home/mohantas> was used as the home directory.
</groups/turner/home/mohantas/project/FlYMazeRL/flymazerl/scripts/bash> was used as the working directory.
Started at Tue Oct  4 02:25:06 2022
Terminated at Tue Oct  4 13:25:57 2022
Results reported at Tue Oct  4 13:25:57 2022

Your job looked like:

------------------------------------------------------------
# LSBATCH: User input
python ../nn_fitting_rajagopalan.py --agent GQNN --hidden_state_sizes 100 100 100 --n_folds 1 --n_ensemble 5 --early_stopping 2500 --symmetric yes --save_path /groups/turner/turnerlab/Rishika/FlYMazeRL_Fits/nn/rajagopalan2022/ 
------------------------------------------------------------

Successfully completed.

Resource usage summary:

    CPU time :                                   78786.78 sec.
    Max Memory :                                 275 MB
    Average Memory :                             255.74 MB
    Total Requested Memory :                     15360.00 MB
    Delta Memory :                               15085.00 MB
    Max Swap :                                   -
    Max Processes :                              3
    Max Threads :                                14
    Run time :                                   39653 sec.
    Turnaround time :                            39652 sec.

The output (if any) is above this job summary.

/groups/turner/home/mohantas/project/FlYMazeRL/flymazerl/scripts/bash/../nn_fitting_mohanta.py:336: RuntimeWarning: divide by zero encountered in log
  np.log(1 - pred_action_prob[obs_actions == 0])
/groups/turner/home/mohantas/project/FlYMazeRL/flymazerl/scripts/bash/../nn_fitting_mohanta.py:336: RuntimeWarning: invalid value encountered in log
  np.log(1 - pred_action_prob[obs_actions == 0])
/groups/turner/home/mohantas/project/FlYMazeRL/flymazerl/scripts/bash/../nn_fitting_mohanta.py:336: RuntimeWarning: divide by zero encountered in log
  np.log(1 - pred_action_prob[obs_actions == 0])
/groups/turner/home/mohantas/project/FlYMazeRL/flymazerl/scripts/bash/../nn_fitting_mohanta.py:336: RuntimeWarning: invalid value encountered in log
  np.log(1 - pred_action_prob[obs_actions == 0])
/groups/turner/home/mohantas/project/FlYMazeRL/flymazerl/scripts/bash/../nn_fitting_mohanta.py:336: RuntimeWarning: divide by zero encountered in log
  np.log(1 - pred_action_prob[obs_actions == 0])
/groups/turner/home/mohantas/project/FlYMazeRL/flymazerl/scripts/bash/../nn_fitting_mohanta.py:336: RuntimeWarning: invalid value encountered in log
  np.log(1 - pred_action_prob[obs_actions == 0])
/groups/turner/home/mohantas/project/FlYMazeRL/flymazerl/scripts/bash/../nn_fitting_mohanta.py:336: RuntimeWarning: divide by zero encountered in log
  np.log(1 - pred_action_prob[obs_actions == 0])
/groups/turner/home/mohantas/project/FlYMazeRL/flymazerl/scripts/bash/../nn_fitting_mohanta.py:336: RuntimeWarning: divide by zero encountered in log
  np.log(1 - pred_action_prob[obs_actions == 0])
/groups/turner/home/mohantas/project/FlYMazeRL/flymazerl/scripts/bash/../nn_fitting_mohanta.py:336: RuntimeWarning: invalid value encountered in log
  np.log(1 - pred_action_prob[obs_actions == 0])
/groups/turner/home/mohantas/project/FlYMazeRL/flymazerl/scripts/bash/../nn_fitting_mohanta.py:336: RuntimeWarning: invalid value encountered in log
  np.log(1 - pred_action_prob[obs_actions == 0])
/groups/turner/home/mohantas/project/FlYMazeRL/flymazerl/scripts/bash/../nn_fitting_mohanta.py:336: RuntimeWarning: divide by zero encountered in log
  np.log(1 - pred_action_prob[obs_actions == 0])
/groups/turner/home/mohantas/project/FlYMazeRL/flymazerl/scripts/bash/../nn_fitting_mohanta.py:336: RuntimeWarning: divide by zero encountered in log
  np.log(1 - pred_action_prob[obs_actions == 0])
/groups/turner/home/mohantas/project/FlYMazeRL/flymazerl/scripts/bash/../nn_fitting_mohanta.py:336: RuntimeWarning: invalid value encountered in log
  np.log(1 - pred_action_prob[obs_actions == 0])
/groups/turner/home/mohantas/project/FlYMazeRL/flymazerl/scripts/bash/../nn_fitting_mohanta.py:336: RuntimeWarning: divide by zero encountered in log
  np.log(1 - pred_action_prob[obs_actions == 0])
/groups/turner/home/mohantas/project/FlYMazeRL/flymazerl/scripts/bash/../nn_fitting_mohanta.py:336: RuntimeWarning: divide by zero encountered in log
  np.log(1 - pred_action_prob[obs_actions == 0])
/groups/turner/home/mohantas/project/FlYMazeRL/flymazerl/scripts/bash/../nn_fitting_mohanta.py:336: RuntimeWarning: divide by zero encountered in log
  np.log(1 - pred_action_prob[obs_actions == 0])
/groups/turner/home/mohantas/project/FlYMazeRL/flymazerl/scripts/bash/../nn_fitting_mohanta.py:336: RuntimeWarning: invalid value encountered in log
  np.log(1 - pred_action_prob[obs_actions == 0])
/groups/turner/home/mohantas/project/FlYMazeRL/flymazerl/scripts/bash/../nn_fitting_mohanta.py:336: RuntimeWarning: divide by zero encountered in log
  np.log(1 - pred_action_prob[obs_actions == 0])
/groups/turner/home/mohantas/project/FlYMazeRL/flymazerl/scripts/bash/../nn_fitting_mohanta.py:336: RuntimeWarning: divide by zero encountered in log
  np.log(1 - pred_action_prob[obs_actions == 0])
/groups/turner/home/mohantas/project/FlYMazeRL/flymazerl/scripts/bash/../nn_fitting_mohanta.py:336: RuntimeWarning: divide by zero encountered in log
  np.log(1 - pred_action_prob[obs_actions == 0])
/groups/turner/home/mohantas/project/FlYMazeRL/flymazerl/scripts/bash/../nn_fitting_mohanta.py:336: RuntimeWarning: divide by zero encountered in log
  np.log(1 - pred_action_prob[obs_actions == 0])
/groups/turner/home/mohantas/project/FlYMazeRL/flymazerl/scripts/bash/../nn_fitting_mohanta.py:336: RuntimeWarning: divide by zero encountered in log
  np.log(1 - pred_action_prob[obs_actions == 0])
/groups/turner/home/mohantas/project/FlYMazeRL/flymazerl/scripts/bash/../nn_fitting_mohanta.py:336: RuntimeWarning: invalid value encountered in log
  np.log(1 - pred_action_prob[obs_actions == 0])
/groups/turner/home/mohantas/project/FlYMazeRL/flymazerl/scripts/bash/../nn_fitting_mohanta.py:336: RuntimeWarning: divide by zero encountered in log
  np.log(1 - pred_action_prob[obs_actions == 0])
/groups/turner/home/mohantas/project/FlYMazeRL/flymazerl/scripts/bash/../nn_fitting_mohanta.py:336: RuntimeWarning: invalid value encountered in log
  np.log(1 - pred_action_prob[obs_actions == 0])
/groups/turner/home/mohantas/project/FlYMazeRL/flymazerl/scripts/bash/../nn_fitting_mohanta.py:336: RuntimeWarning: divide by zero encountered in log
  np.log(1 - pred_action_prob[obs_actions == 0])
/groups/turner/home/mohantas/project/FlYMazeRL/flymazerl/scripts/bash/../nn_fitting_mohanta.py:336: RuntimeWarning: invalid value encountered in log
  np.log(1 - pred_action_prob[obs_actions == 0])
/groups/turner/home/mohantas/project/FlYMazeRL/flymazerl/scripts/bash/../nn_fitting_mohanta.py:336: RuntimeWarning: divide by zero encountered in log
  np.log(1 - pred_action_prob[obs_actions == 0])
/groups/turner/home/mohantas/project/FlYMazeRL/flymazerl/scripts/bash/../nn_fitting_mohanta.py:336: RuntimeWarning: divide by zero encountered in log
  np.log(1 - pred_action_prob[obs_actions == 0])
/groups/turner/home/mohantas/project/FlYMazeRL/flymazerl/scripts/bash/../nn_fitting_mohanta.py:336: RuntimeWarning: divide by zero encountered in log
  np.log(1 - pred_action_prob[obs_actions == 0])
/groups/turner/home/mohantas/project/FlYMazeRL/flymazerl/scripts/bash/../nn_fitting_mohanta.py:336: RuntimeWarning: divide by zero encountered in log
  np.log(1 - pred_action_prob[obs_actions == 0])
/groups/turner/home/mohantas/project/FlYMazeRL/flymazerl/scripts/bash/../nn_fitting_mohanta.py:336: RuntimeWarning: invalid value encountered in log
  np.log(1 - pred_action_prob[obs_actions == 0])
/groups/turner/home/mohantas/project/FlYMazeRL/flymazerl/scripts/bash/../nn_fitting_mohanta.py:336: RuntimeWarning: divide by zero encountered in log
  np.log(1 - pred_action_prob[obs_actions == 0])
/groups/turner/home/mohantas/project/FlYMazeRL/flymazerl/scripts/bash/../nn_fitting_mohanta.py:336: RuntimeWarning: divide by zero encountered in log
  np.log(1 - pred_action_prob[obs_actions == 0])
/groups/turner/home/mohantas/project/FlYMazeRL/flymazerl/scripts/bash/../nn_fitting_mohanta.py:336: RuntimeWarning: divide by zero encountered in log
  np.log(1 - pred_action_prob[obs_actions == 0])
/groups/turner/home/mohantas/project/FlYMazeRL/flymazerl/scripts/bash/../nn_fitting_mohanta.py:336: RuntimeWarning: invalid value encountered in log
  np.log(1 - pred_action_prob[obs_actions == 0])
/groups/turner/home/mohantas/project/FlYMazeRL/flymazerl/scripts/bash/../nn_fitting_mohanta.py:336: RuntimeWarning: divide by zero encountered in log
  np.log(1 - pred_action_prob[obs_actions == 0])
/groups/turner/home/mohantas/project/FlYMazeRL/flymazerl/scripts/bash/../nn_fitting_mohanta.py:336: RuntimeWarning: invalid value encountered in log
  np.log(1 - pred_action_prob[obs_actions == 0])
/groups/turner/home/mohantas/project/FlYMazeRL/flymazerl/scripts/bash/../nn_fitting_mohanta.py:336: RuntimeWarning: divide by zero encountered in log
  np.log(1 - pred_action_prob[obs_actions == 0])
/groups/turner/home/mohantas/project/FlYMazeRL/flymazerl/scripts/bash/../nn_fitting_mohanta.py:336: RuntimeWarning: divide by zero encountered in log
  np.log(1 - pred_action_prob[obs_actions == 0])
/groups/turner/home/mohantas/project/FlYMazeRL/flymazerl/scripts/bash/../nn_fitting_mohanta.py:336: RuntimeWarning: invalid value encountered in log
  np.log(1 - pred_action_prob[obs_actions == 0])
/groups/turner/home/mohantas/project/FlYMazeRL/flymazerl/scripts/bash/../nn_fitting_mohanta.py:336: RuntimeWarning: divide by zero encountered in log
  np.log(1 - pred_action_prob[obs_actions == 0])
/groups/turner/home/mohantas/project/FlYMazeRL/flymazerl/scripts/bash/../nn_fitting_mohanta.py:336: RuntimeWarning: invalid value encountered in log
  np.log(1 - pred_action_prob[obs_actions == 0])
/groups/turner/home/mohantas/project/FlYMazeRL/flymazerl/scripts/bash/../nn_fitting_mohanta.py:336: RuntimeWarning: divide by zero encountered in log
  np.log(1 - pred_action_prob[obs_actions == 0])
/groups/turner/home/mohantas/project/FlYMazeRL/flymazerl/scripts/bash/../nn_fitting_mohanta.py:336: RuntimeWarning: invalid value encountered in log
  np.log(1 - pred_action_prob[obs_actions == 0])
/groups/turner/home/mohantas/project/FlYMazeRL/flymazerl/scripts/bash/../nn_fitting_mohanta.py:336: RuntimeWarning: divide by zero encountered in log
  np.log(1 - pred_action_prob[obs_actions == 0])
/groups/turner/home/mohantas/project/FlYMazeRL/flymazerl/scripts/bash/../nn_fitting_mohanta.py:336: RuntimeWarning: invalid value encountered in log
  np.log(1 - pred_action_prob[obs_actions == 0])
/groups/turner/home/mohantas/project/FlYMazeRL/flymazerl/scripts/bash/../nn_fitting_mohanta.py:336: RuntimeWarning: divide by zero encountered in log
  np.log(1 - pred_action_prob[obs_actions == 0])
/groups/turner/home/mohantas/project/FlYMazeRL/flymazerl/scripts/bash/../nn_fitting_mohanta.py:336: RuntimeWarning: divide by zero encountered in log
  np.log(1 - pred_action_prob[obs_actions == 0])
/groups/turner/home/mohantas/project/FlYMazeRL/flymazerl/scripts/bash/../nn_fitting_mohanta.py:336: RuntimeWarning: invalid value encountered in log
  np.log(1 - pred_action_prob[obs_actions == 0])

++++++++++++++++++++++++++++++++++++++++++++++++++++++++++++++++++++++++++++
███████╗██╗     ██╗   ██╗███╗   ███╗ █████╗ ███████╗███████╗██████╗ ██╗     
██╔════╝██║     ╚██╗ ██╔╝████╗ ████║██╔══██╗╚══███╔╝██╔════╝██╔══██╗██║     
█████╗  ██║      ╚████╔╝ ██╔████╔██║███████║  ███╔╝ █████╗  ██████╔╝██║     
██╔══╝  ██║       ╚██╔╝  ██║╚██╔╝██║██╔══██║ ███╔╝  ██╔══╝  ██╔══██╗██║     
██║     ███████╗   ██║   ██║ ╚═╝ ██║██║  ██║███████╗███████╗██║  ██║███████╗
╚═╝     ╚══════╝   ╚═╝   ╚═╝     ╚═╝╚═╝  ╚═╝╚══════╝╚══════╝╚═╝  ╚═╝╚══════╝
++++++++++++++++++++++++++++++++++++++++++++++++++++++++++++++++++++++++++++
Developed by:
    Rishika Mohanta, Research Technician, Turner Lab, Janelia Research Campus

Fitting agent: GQLearner
Loading data from:
/groups/turner/home/mohantas/project/FlYMazeRL//data/mohanta2022/training_choice_set.csv
/groups/turner/home/mohantas/project/FlYMazeRL//data/mohanta2022/training_reward_set.csv
Model: GQNN_100-100-100_relu_acceptreject_symmetric_qp_no-punishment_2022_10_08_20_15_11_716883
Fitting model 1/5. Fold 1/1
Epoch 0: 	Training Loss: 0.6351	Validation Loss: 0.6022
Epoch 500: 	Training Loss: nan	Validation Loss: nan
Epoch 1000: 	Training Loss: nan	Validation Loss: nan
Epoch 1500: 	Training Loss: nan	Validation Loss: nan
Epoch 2000: 	Training Loss: nan	Validation Loss: nan
Epoch 2500: 	Training Loss: nan	Validation Loss: nan
Early stopping at epoch 2550
Best validation loss: 0.5997
Fitting model 2/5. Fold 1/1
Epoch 0: 	Training Loss: 0.6042	Validation Loss: 0.5959
Epoch 500: 	Training Loss: nan	Validation Loss: nan
Epoch 1000: 	Training Loss: nan	Validation Loss: nan
Epoch 1500: 	Training Loss: nan	Validation Loss: nan
Epoch 2000: 	Training Loss: nan	Validation Loss: nan
Epoch 2500: 	Training Loss: nan	Validation Loss: nan
Early stopping at epoch 2500
Best validation loss: 0.5959
Fitting model 3/5. Fold 1/1
Epoch 0: 	Training Loss: 0.6079	Validation Loss: 0.5944
Epoch 500: 	Training Loss: 0.6058	Validation Loss: 0.5940
Epoch 1000: 	Training Loss: 0.6062	Validation Loss: 0.5925
Epoch 1500: 	Training Loss: 0.6931	Validation Loss: 0.6931
Epoch 2000: 	Training Loss: 0.6031	Validation Loss: 0.5924
Epoch 2500: 	Training Loss: 0.6931	Validation Loss: 0.6931
Epoch 3000: 	Training Loss: 0.6051	Validation Loss: 0.5931
Epoch 3500: 	Training Loss: 0.6931	Validation Loss: 0.6931
Epoch 4000: 	Training Loss: 0.6064	Validation Loss: 0.5939
Epoch 4500: 	Training Loss: 0.6046	Validation Loss: 0.5976
Epoch 5000: 	Training Loss: 0.6931	Validation Loss: 0.6931
Epoch 5500: 	Training Loss: 0.6028	Validation Loss: 0.5902
Early stopping at epoch 5566
Best validation loss: 0.5891
Fitting model 4/5. Fold 1/1
Epoch 0: 	Training Loss: 0.6013	Validation Loss: 0.6051
Epoch 500: 	Training Loss: 0.5991	Validation Loss: 0.6025
Epoch 1000: 	Training Loss: 0.6019	Validation Loss: 0.6057
Epoch 1500: 	Training Loss: 0.5999	Validation Loss: 0.6029
Epoch 2000: 	Training Loss: 0.6007	Validation Loss: 0.6036
Epoch 2500: 	Training Loss: nan	Validation Loss: nan
Early stopping at epoch 2519
Best validation loss: 0.6022
Fitting model 5/5. Fold 1/1
Epoch 0: 	Training Loss: 0.6012	Validation Loss: 0.6113
Epoch 500: 	Training Loss: 0.5980	Validation Loss: 0.6107
Epoch 1000: 	Training Loss: 0.6289	Validation Loss: 0.6715
Epoch 1500: 	Training Loss: 0.6931	Validation Loss: 0.6931
Epoch 2000: 	Training Loss: 0.5968	Validation Loss: 0.6124
Epoch 2500: 	Training Loss: 0.6478	Validation Loss: 0.6617
Epoch 3000: 	Training Loss: 0.6730	Validation Loss: 0.6826
Early stopping at epoch 3091
Best validation loss: 0.6090
Fitting is complete. The model fitting log is available at /groups/turner/turnerlab/Rishika/FlYMazeRL_Fits/nn/mohanta2022/model_fitting_log.csv.
The model is available at /groups/turner/turnerlab/Rishika/FlYMazeRL_Fits/nn/mohanta2022/GQNN_100-100-100_relu_acceptreject_symmetric_qp_no-punishment_2022_10_08_20_15_11_716883/.
Thank you for using flymazerl. Have a nice day :)

------------------------------------------------------------
Sender: LSF System <lsfadmin@e10u03>
Subject: Job 126381376: <GQNNx100x100x100-2-1> in cluster <Janelia> Done

Job <GQNNx100x100x100-2-1> was submitted from host <e05u15> by user <mohantas> in cluster <Janelia> at Sat Oct  8 20:15:07 2022
Job was executed on host(s) <e10u03>, in queue <local>, as user <mohantas> in cluster <Janelia> at Sat Oct  8 20:15:07 2022
</groups/turner/home/mohantas> was used as the home directory.
</groups/turner/home/mohantas/project/FlYMazeRL/flymazerl/scripts/bash> was used as the working directory.
Started at Sat Oct  8 20:15:07 2022
Terminated at Tue Oct 11 00:28:42 2022
Results reported at Tue Oct 11 00:28:42 2022

Your job looked like:

------------------------------------------------------------
# LSBATCH: User input
python ../nn_fitting_mohanta.py --agent GQNN --hidden_state_sizes 100 100 100 --n_folds 1 --n_ensemble 5 --early_stopping 2500 --symmetric yes --save_path /groups/turner/turnerlab/Rishika/FlYMazeRL_Fits/nn/mohanta2022/ 
------------------------------------------------------------

Successfully completed.

Resource usage summary:

    CPU time :                                   367281.75 sec.
    Max Memory :                                 388 MB
    Average Memory :                             317.41 MB
    Total Requested Memory :                     15360.00 MB
    Delta Memory :                               14972.00 MB
    Max Swap :                                   -
    Max Processes :                              3
    Max Threads :                                14
    Run time :                                   188013 sec.
    Turnaround time :                            188015 sec.

The output (if any) is above this job summary.

