
++++++++++++++++++++++++++++++++++++++++++++++++++++++++++++++++++++++++++++
███████╗██╗     ██╗   ██╗███╗   ███╗ █████╗ ███████╗███████╗██████╗ ██╗     
██╔════╝██║     ╚██╗ ██╔╝████╗ ████║██╔══██╗╚══███╔╝██╔════╝██╔══██╗██║     
█████╗  ██║      ╚████╔╝ ██╔████╔██║███████║  ███╔╝ █████╗  ██████╔╝██║     
██╔══╝  ██║       ╚██╔╝  ██║╚██╔╝██║██╔══██║ ███╔╝  ██╔══╝  ██╔══██╗██║     
██║     ███████╗   ██║   ██║ ╚═╝ ██║██║  ██║███████╗███████╗██║  ██║███████╗
╚═╝     ╚══════╝   ╚═╝   ╚═╝     ╚═╝╚═╝  ╚═╝╚══════╝╚══════╝╚═╝  ╚═╝╚══════╝
++++++++++++++++++++++++++++++++++++++++++++++++++++++++++++++++++++++++++++
Developed by:
    Rishika Mohanta, Research Technician, Turner Lab, Janelia Research Campus

Fitting agent: GQLearner
Loading data from:
/groups/turner/home/mohantas/project/FlYMazeRL//data/rajagopalan2022/training_choice_set.csv
/groups/turner/home/mohantas/project/FlYMazeRL//data/rajagopalan2022/training_reward_set.csv
Model: GQNN_5-5_relu_acceptreject_symmetric_qp_no-punishment_2022_10_04_02_25_23_590104
Fitting model 1/5. Fold 1/1
Epoch 0: 	Training Loss: 0.6888	Validation Loss: 0.6861
Epoch 500: 	Training Loss: 0.6234	Validation Loss: 0.6483
Epoch 1000: 	Training Loss: 0.6226	Validation Loss: 0.6479
Epoch 1500: 	Training Loss: 0.6223	Validation Loss: 0.6469
Epoch 2000: 	Training Loss: 0.6213	Validation Loss: 0.6472
Epoch 2500: 	Training Loss: 0.6214	Validation Loss: 0.6487
Epoch 3000: 	Training Loss: 0.6252	Validation Loss: 0.6463
Epoch 3500: 	Training Loss: 0.6241	Validation Loss: 0.6472
Epoch 4000: 	Training Loss: 0.6201	Validation Loss: 0.6488
Epoch 4500: 	Training Loss: 0.6224	Validation Loss: 0.6454
Epoch 5000: 	Training Loss: 0.6275	Validation Loss: 0.6500
Epoch 5500: 	Training Loss: 0.6247	Validation Loss: 0.6496
Early stopping at epoch 5609
Best validation loss: 0.6409
Fitting model 2/5. Fold 1/1
Epoch 0: 	Training Loss: 0.6230	Validation Loss: 0.6358
Epoch 500: 	Training Loss: 0.6222	Validation Loss: 0.6373
Epoch 1000: 	Training Loss: 0.6231	Validation Loss: 0.6386
Epoch 1500: 	Training Loss: 0.6244	Validation Loss: 0.6421
Epoch 2000: 	Training Loss: 0.6753	Validation Loss: 0.6785
Epoch 2500: 	Training Loss: 0.6745	Validation Loss: 0.6796
Epoch 3000: 	Training Loss: 0.6297	Validation Loss: 0.6449
Early stopping at epoch 3310
Best validation loss: 0.6321
Fitting model 3/5. Fold 1/1
Epoch 0: 	Training Loss: 0.6344	Validation Loss: 0.5997
Epoch 500: 	Training Loss: 0.6310	Validation Loss: 0.6036
Epoch 1000: 	Training Loss: 0.6316	Validation Loss: 0.6003
Epoch 1500: 	Training Loss: 0.6403	Validation Loss: 0.6075
Epoch 2000: 	Training Loss: 0.6387	Validation Loss: 0.6073
Epoch 2500: 	Training Loss: 0.6361	Validation Loss: 0.6020
Early stopping at epoch 2509
Best validation loss: 0.5957
Fitting model 4/5. Fold 1/1
Epoch 0: 	Training Loss: 0.6247	Validation Loss: 0.6258
Epoch 500: 	Training Loss: 0.6273	Validation Loss: 0.6309
Epoch 1000: 	Training Loss: 0.6932	Validation Loss: 0.6932
Epoch 1500: 	Training Loss: 0.6319	Validation Loss: 0.6295
Epoch 2000: 	Training Loss: 0.6274	Validation Loss: 0.6262
Epoch 2500: 	Training Loss: 0.6283	Validation Loss: 0.6268
Early stopping at epoch 2552
Best validation loss: 0.6212
Fitting model 5/5. Fold 1/1
Epoch 0: 	Training Loss: 0.6344	Validation Loss: 0.5946
Epoch 500: 	Training Loss: 0.6908	Validation Loss: 0.6891
Epoch 1000: 	Training Loss: 0.6396	Validation Loss: 0.6048
Epoch 1500: 	Training Loss: 0.6480	Validation Loss: 0.6070
Epoch 2000: 	Training Loss: 0.6441	Validation Loss: 0.6035
Epoch 2500: 	Training Loss: 0.6432	Validation Loss: 0.6216
Early stopping at epoch 2926
Best validation loss: 0.5917
Fitting is complete. The model fitting log is available at /groups/turner/turnerlab/Rishika/FlYMazeRL_Fits/nn/rajagopalan2022/model_fitting_log.csv.
The model is available at /groups/turner/turnerlab/Rishika/FlYMazeRL_Fits/nn/rajagopalan2022/GQNN_5-5_relu_acceptreject_symmetric_qp_no-punishment_2022_10_04_02_25_23_590104/.
Thank you for using flymazerl. Have a nice day :)

------------------------------------------------------------
Sender: LSF System <lsfadmin@e10u27>
Subject: Job 126235739: <GQNNx5x5-3-1> in cluster <Janelia> Done

Job <GQNNx5x5-3-1> was submitted from host <e05u15> by user <mohantas> in cluster <Janelia> at Tue Oct  4 02:24:57 2022
Job was executed on host(s) <e10u27>, in queue <local>, as user <mohantas> in cluster <Janelia> at Tue Oct  4 02:24:59 2022
</groups/turner/home/mohantas> was used as the home directory.
</groups/turner/home/mohantas/project/FlYMazeRL/flymazerl/scripts/bash> was used as the working directory.
Started at Tue Oct  4 02:24:59 2022
Terminated at Tue Oct  4 09:43:36 2022
Results reported at Tue Oct  4 09:43:36 2022

Your job looked like:

------------------------------------------------------------
# LSBATCH: User input
python ../nn_fitting_rajagopalan.py --agent GQNN --hidden_state_sizes 5 5 --n_folds 1 --n_ensemble 5 --early_stopping 2500 --symmetric yes --save_path /groups/turner/turnerlab/Rishika/FlYMazeRL_Fits/nn/rajagopalan2022/ 
------------------------------------------------------------

Successfully completed.

Resource usage summary:

    CPU time :                                   52360.47 sec.
    Max Memory :                                 264 MB
    Average Memory :                             246.48 MB
    Total Requested Memory :                     15360.00 MB
    Delta Memory :                               15096.00 MB
    Max Swap :                                   -
    Max Processes :                              3
    Max Threads :                                14
    Run time :                                   26318 sec.
    Turnaround time :                            26319 sec.

The output (if any) is above this job summary.


++++++++++++++++++++++++++++++++++++++++++++++++++++++++++++++++++++++++++++
███████╗██╗     ██╗   ██╗███╗   ███╗ █████╗ ███████╗███████╗██████╗ ██╗     
██╔════╝██║     ╚██╗ ██╔╝████╗ ████║██╔══██╗╚══███╔╝██╔════╝██╔══██╗██║     
█████╗  ██║      ╚████╔╝ ██╔████╔██║███████║  ███╔╝ █████╗  ██████╔╝██║     
██╔══╝  ██║       ╚██╔╝  ██║╚██╔╝██║██╔══██║ ███╔╝  ██╔══╝  ██╔══██╗██║     
██║     ███████╗   ██║   ██║ ╚═╝ ██║██║  ██║███████╗███████╗██║  ██║███████╗
╚═╝     ╚══════╝   ╚═╝   ╚═╝     ╚═╝╚═╝  ╚═╝╚══════╝╚══════╝╚═╝  ╚═╝╚══════╝
++++++++++++++++++++++++++++++++++++++++++++++++++++++++++++++++++++++++++++
Developed by:
    Rishika Mohanta, Research Technician, Turner Lab, Janelia Research Campus

Fitting agent: GQLearner
Loading data from:
/groups/turner/home/mohantas/project/FlYMazeRL//data/mohanta2022/training_choice_set.csv
/groups/turner/home/mohantas/project/FlYMazeRL//data/mohanta2022/training_reward_set.csv
Model: GQNN_5-5_relu_acceptreject_symmetric_qp_no-punishment_2022_10_08_20_15_19_609466
Fitting model 1/5. Fold 1/1
Epoch 0: 	Training Loss: 0.6676	Validation Loss: 0.6577
Epoch 500: 	Training Loss: 0.5987	Validation Loss: 0.6056
Epoch 1000: 	Training Loss: 0.5986	Validation Loss: 0.6054
Epoch 1500: 	Training Loss: 0.5981	Validation Loss: 0.6047
Epoch 2000: 	Training Loss: 0.5977	Validation Loss: 0.6050
Epoch 2500: 	Training Loss: 0.5977	Validation Loss: 0.6035
Epoch 3000: 	Training Loss: 0.5979	Validation Loss: 0.6019
Epoch 3500: 	Training Loss: 0.5986	Validation Loss: 0.6052
Epoch 4000: 	Training Loss: 0.5976	Validation Loss: 0.6032
Epoch 4500: 	Training Loss: 0.5994	Validation Loss: 0.6053
Early stopping at epoch 4728
Best validation loss: 0.6010
Fitting model 2/5. Fold 1/1
Epoch 0: 	Training Loss: 0.5963	Validation Loss: 0.6107
Epoch 500: 	Training Loss: 0.5963	Validation Loss: 0.6115
Epoch 1000: 	Training Loss: 0.5950	Validation Loss: 0.6114
Epoch 1500: 	Training Loss: 0.5966	Validation Loss: 0.6126
Epoch 2000: 	Training Loss: 0.5979	Validation Loss: 0.6126
Epoch 2500: 	Training Loss: 0.5953	Validation Loss: 0.6114
Early stopping at epoch 2515
Best validation loss: 0.6101
Fitting model 3/5. Fold 1/1
Epoch 0: 	Training Loss: 0.6048	Validation Loss: 0.5760
Epoch 500: 	Training Loss: 0.6136	Validation Loss: 0.5811
Epoch 1000: 	Training Loss: 0.6062	Validation Loss: 0.5790
Epoch 1500: 	Training Loss: 0.6043	Validation Loss: 0.5771
Epoch 2000: 	Training Loss: 0.6041	Validation Loss: 0.5806
Epoch 2500: 	Training Loss: 0.6141	Validation Loss: 0.5824
Early stopping at epoch 2704
Best validation loss: 0.5758
Fitting model 4/5. Fold 1/1
Epoch 0: 	Training Loss: 0.5959	Validation Loss: 0.6120
Epoch 500: 	Training Loss: 0.6008	Validation Loss: 0.6176
Epoch 1000: 	Training Loss: 0.6041	Validation Loss: 0.6235
Epoch 1500: 	Training Loss: 0.5964	Validation Loss: 0.6145
Epoch 2000: 	Training Loss: 0.5965	Validation Loss: 0.6131
Epoch 2500: 	Training Loss: 0.5959	Validation Loss: 0.6140
Early stopping at epoch 2639
Best validation loss: 0.6109
Fitting model 5/5. Fold 1/1
Epoch 0: 	Training Loss: 0.5983	Validation Loss: 0.6046
Epoch 500: 	Training Loss: 0.6000	Validation Loss: 0.6025
Epoch 1000: 	Training Loss: 0.5999	Validation Loss: 0.6040
Epoch 1500: 	Training Loss: 0.6090	Validation Loss: 0.6117
Epoch 2000: 	Training Loss: 0.6014	Validation Loss: 0.6088
Epoch 2500: 	Training Loss: 0.5993	Validation Loss: 0.6049
Early stopping at epoch 2501
Best validation loss: 0.6017
Fitting is complete. The model fitting log is available at /groups/turner/turnerlab/Rishika/FlYMazeRL_Fits/nn/mohanta2022/model_fitting_log.csv.
The model is available at /groups/turner/turnerlab/Rishika/FlYMazeRL_Fits/nn/mohanta2022/GQNN_5-5_relu_acceptreject_symmetric_qp_no-punishment_2022_10_08_20_15_19_609466/.
Thank you for using flymazerl. Have a nice day :)

------------------------------------------------------------
Sender: LSF System <lsfadmin@e10u18>
Subject: Job 126381361: <GQNNx5x5-3-1> in cluster <Janelia> Done

Job <GQNNx5x5-3-1> was submitted from host <e05u15> by user <mohantas> in cluster <Janelia> at Sat Oct  8 20:14:59 2022
Job was executed on host(s) <e10u18>, in queue <local>, as user <mohantas> in cluster <Janelia> at Sat Oct  8 20:15:00 2022
</groups/turner/home/mohantas> was used as the home directory.
</groups/turner/home/mohantas/project/FlYMazeRL/flymazerl/scripts/bash> was used as the working directory.
Started at Sat Oct  8 20:15:00 2022
Terminated at Sun Oct  9 22:27:34 2022
Results reported at Sun Oct  9 22:27:34 2022

Your job looked like:

------------------------------------------------------------
# LSBATCH: User input
python ../nn_fitting_mohanta.py --agent GQNN --hidden_state_sizes 5 5 --n_folds 1 --n_ensemble 5 --early_stopping 2500 --symmetric yes --save_path /groups/turner/turnerlab/Rishika/FlYMazeRL_Fits/nn/mohanta2022/ 
------------------------------------------------------------

Successfully completed.

Resource usage summary:

    CPU time :                                   187366.83 sec.
    Max Memory :                                 326 MB
    Average Memory :                             256.75 MB
    Total Requested Memory :                     15360.00 MB
    Delta Memory :                               15034.00 MB
    Max Swap :                                   -
    Max Processes :                              5
    Max Threads :                                14
    Run time :                                   94355 sec.
    Turnaround time :                            94355 sec.

The output (if any) is above this job summary.

