
++++++++++++++++++++++++++++++++++++++++++++++++++++++++++++++++++++++++++++
███████╗██╗     ██╗   ██╗███╗   ███╗ █████╗ ███████╗███████╗██████╗ ██╗     
██╔════╝██║     ╚██╗ ██╔╝████╗ ████║██╔══██╗╚══███╔╝██╔════╝██╔══██╗██║     
█████╗  ██║      ╚████╔╝ ██╔████╔██║███████║  ███╔╝ █████╗  ██████╔╝██║     
██╔══╝  ██║       ╚██╔╝  ██║╚██╔╝██║██╔══██║ ███╔╝  ██╔══╝  ██╔══██╗██║     
██║     ███████╗   ██║   ██║ ╚═╝ ██║██║  ██║███████╗███████╗██║  ██║███████╗
╚═╝     ╚══════╝   ╚═╝   ╚═╝     ╚═╝╚═╝  ╚═╝╚══════╝╚══════╝╚═╝  ╚═╝╚══════╝
++++++++++++++++++++++++++++++++++++++++++++++++++++++++++++++++++++++++++++
Developed by:
    Rishika Mohanta, Research Technician, Turner Lab, Janelia Research Campus

Fitting agent: GQLearner
Loading data from:
/groups/turner/home/mohantas/project/FlYMazeRL//data/rajagopalan2022/training_choice_set.csv
/groups/turner/home/mohantas/project/FlYMazeRL//data/rajagopalan2022/training_reward_set.csv
Model: GQNN_10-10-10_relu_acceptreject_symmetric_qp_no-punishment_2022_10_04_02_25_23_590102
Fitting model 1/5. Fold 1/1
Epoch 0: 	Training Loss: 0.6909	Validation Loss: 0.6876
Epoch 500: 	Training Loss: 0.6270	Validation Loss: 0.6367
Epoch 1000: 	Training Loss: 0.6215	Validation Loss: 0.6400
Epoch 1500: 	Training Loss: 0.6431	Validation Loss: 0.7083
Epoch 2000: 	Training Loss: 0.6260	Validation Loss: 0.6437
Epoch 2500: 	Training Loss: 0.6231	Validation Loss: 0.6386
Epoch 3000: 	Training Loss: 0.6536	Validation Loss: 0.6600
Epoch 3500: 	Training Loss: 0.6257	Validation Loss: 0.6358
Epoch 4000: 	Training Loss: 0.8160	Validation Loss: 0.8352
Epoch 4500: 	Training Loss: 0.6924	Validation Loss: 0.6949
Early stopping at epoch 4831
Best validation loss: 0.6303
Fitting model 2/5. Fold 1/1
Epoch 0: 	Training Loss: 0.6231	Validation Loss: 0.6462
Epoch 500: 	Training Loss: 0.6199	Validation Loss: 0.6470
Epoch 1000: 	Training Loss: 0.6540	Validation Loss: 0.6630
Epoch 1500: 	Training Loss: 0.6474	Validation Loss: 0.6645
Epoch 2000: 	Training Loss: 0.6377	Validation Loss: 0.6599
Epoch 2500: 	Training Loss: 0.6264	Validation Loss: 0.6503
Early stopping at epoch 2512
Best validation loss: 0.6421
Fitting model 3/5. Fold 1/1
Epoch 0: 	Training Loss: 0.6311	Validation Loss: 0.6282
Epoch 500: 	Training Loss: 0.6265	Validation Loss: 0.6264
Epoch 1000: 	Training Loss: 0.6295	Validation Loss: 0.6286
Epoch 1500: 	Training Loss: 0.6259	Validation Loss: 0.6311
Epoch 2000: 	Training Loss: 0.6931	Validation Loss: 0.6931
Epoch 2500: 	Training Loss: 0.6931	Validation Loss: 0.6931
Early stopping at epoch 2504
Best validation loss: 0.6217
Fitting model 4/5. Fold 1/1
Epoch 0: 	Training Loss: 0.6239	Validation Loss: 0.6354
Epoch 500: 	Training Loss: 0.6287	Validation Loss: 0.6387
Epoch 1000: 	Training Loss: 0.6263	Validation Loss: 0.6412
Epoch 1500: 	Training Loss: 0.6272	Validation Loss: 0.6425
Epoch 2000: 	Training Loss: 0.6251	Validation Loss: 0.6376
Epoch 2500: 	Training Loss: 0.6242	Validation Loss: 0.6413
Early stopping at epoch 2529
Best validation loss: 0.6326
Fitting model 5/5. Fold 1/1
Epoch 0: 	Training Loss: 0.6203	Validation Loss: 0.6477
Epoch 500: 	Training Loss: 0.6245	Validation Loss: 0.6572
Epoch 1000: 	Training Loss: 0.6932	Validation Loss: 0.6932
Epoch 1500: 	Training Loss: 0.6260	Validation Loss: 0.6645
Epoch 2000: 	Training Loss: 0.6326	Validation Loss: 0.6594
Epoch 2500: 	Training Loss: 0.6241	Validation Loss: 0.6591
Early stopping at epoch 2509
Best validation loss: 0.6457
Fitting is complete. The model fitting log is available at /groups/turner/turnerlab/Rishika/FlYMazeRL_Fits/nn/rajagopalan2022/model_fitting_log.csv.
The model is available at /groups/turner/turnerlab/Rishika/FlYMazeRL_Fits/nn/rajagopalan2022/GQNN_10-10-10_relu_acceptreject_symmetric_qp_no-punishment_2022_10_04_02_25_23_590102/.
Thank you for using flymazerl. Have a nice day :)

------------------------------------------------------------
Sender: LSF System <lsfadmin@e10u27>
Subject: Job 126235758: <GQNNx10x10x10-0-1> in cluster <Janelia> Done

Job <GQNNx10x10x10-0-1> was submitted from host <e05u15> by user <mohantas> in cluster <Janelia> at Tue Oct  4 02:25:02 2022
Job was executed on host(s) <e10u27>, in queue <local>, as user <mohantas> in cluster <Janelia> at Tue Oct  4 02:25:06 2022
</groups/turner/home/mohantas> was used as the home directory.
</groups/turner/home/mohantas/project/FlYMazeRL/flymazerl/scripts/bash> was used as the working directory.
Started at Tue Oct  4 02:25:06 2022
Terminated at Tue Oct  4 10:14:51 2022
Results reported at Tue Oct  4 10:14:51 2022

Your job looked like:

------------------------------------------------------------
# LSBATCH: User input
python ../nn_fitting_rajagopalan.py --agent GQNN --hidden_state_sizes 10 10 10 --n_folds 1 --n_ensemble 5 --early_stopping 2500 --symmetric yes --save_path /groups/turner/turnerlab/Rishika/FlYMazeRL_Fits/nn/rajagopalan2022/ 
------------------------------------------------------------

Successfully completed.

Resource usage summary:

    CPU time :                                   56051.91 sec.
    Max Memory :                                 259 MB
    Average Memory :                             245.31 MB
    Total Requested Memory :                     15360.00 MB
    Delta Memory :                               15101.00 MB
    Max Swap :                                   -
    Max Processes :                              3
    Max Threads :                                14
    Run time :                                   28192 sec.
    Turnaround time :                            28189 sec.

The output (if any) is above this job summary.


++++++++++++++++++++++++++++++++++++++++++++++++++++++++++++++++++++++++++++
███████╗██╗     ██╗   ██╗███╗   ███╗ █████╗ ███████╗███████╗██████╗ ██╗     
██╔════╝██║     ╚██╗ ██╔╝████╗ ████║██╔══██╗╚══███╔╝██╔════╝██╔══██╗██║     
█████╗  ██║      ╚████╔╝ ██╔████╔██║███████║  ███╔╝ █████╗  ██████╔╝██║     
██╔══╝  ██║       ╚██╔╝  ██║╚██╔╝██║██╔══██║ ███╔╝  ██╔══╝  ██╔══██╗██║     
██║     ███████╗   ██║   ██║ ╚═╝ ██║██║  ██║███████╗███████╗██║  ██║███████╗
╚═╝     ╚══════╝   ╚═╝   ╚═╝     ╚═╝╚═╝  ╚═╝╚══════╝╚══════╝╚═╝  ╚═╝╚══════╝
++++++++++++++++++++++++++++++++++++++++++++++++++++++++++++++++++++++++++++
Developed by:
    Rishika Mohanta, Research Technician, Turner Lab, Janelia Research Campus

Fitting agent: GQLearner
Loading data from:
/groups/turner/home/mohantas/project/FlYMazeRL//data/mohanta2022/training_choice_set.csv
/groups/turner/home/mohantas/project/FlYMazeRL//data/mohanta2022/training_reward_set.csv
Model: GQNN_10-10-10_relu_acceptreject_symmetric_qp_no-punishment_2022_10_08_20_15_19_609470
Fitting model 1/5. Fold 1/1
Epoch 0: 	Training Loss: 0.6742	Validation Loss: 0.6248
Epoch 500: 	Training Loss: 0.6327	Validation Loss: 0.5735
Epoch 1000: 	Training Loss: 0.6079	Validation Loss: 0.5649
Epoch 1500: 	Training Loss: 0.6085	Validation Loss: 0.5653
Epoch 2000: 	Training Loss: 0.6082	Validation Loss: 0.5691
Epoch 2500: 	Training Loss: 0.6076	Validation Loss: 0.5675
Epoch 3000: 	Training Loss: 0.6087	Validation Loss: 0.5680
Epoch 3500: 	Training Loss: 0.6082	Validation Loss: 0.5684
Early stopping at epoch 3981
Best validation loss: 0.5617
Fitting model 2/5. Fold 1/1
Epoch 0: 	Training Loss: 0.5972	Validation Loss: 0.6108
Epoch 500: 	Training Loss: 0.5970	Validation Loss: 0.6110
Epoch 1000: 	Training Loss: 0.6931	Validation Loss: 0.6931
Epoch 1500: 	Training Loss: 0.5965	Validation Loss: 0.6121
Epoch 2000: 	Training Loss: 0.6009	Validation Loss: 0.6143
Epoch 2500: 	Training Loss: 0.5967	Validation Loss: 0.6115
Epoch 3000: 	Training Loss: 0.5974	Validation Loss: 0.6119
Early stopping at epoch 3201
Best validation loss: 0.6096
Fitting model 3/5. Fold 1/1
Epoch 0: 	Training Loss: 0.6054	Validation Loss: 0.5815
Epoch 500: 	Training Loss: 0.6052	Validation Loss: 0.5807
Epoch 1000: 	Training Loss: 0.6052	Validation Loss: 0.5828
Epoch 1500: 	Training Loss: 0.6049	Validation Loss: 0.5823
Epoch 2000: 	Training Loss: 0.6044	Validation Loss: 0.5838
Epoch 2500: 	Training Loss: 0.6049	Validation Loss: 0.5811
Epoch 3000: 	Training Loss: 0.6109	Validation Loss: 0.5845
Epoch 3500: 	Training Loss: 0.6057	Validation Loss: 0.5804
Epoch 4000: 	Training Loss: 0.6050	Validation Loss: 0.5822
Epoch 4500: 	Training Loss: 0.6053	Validation Loss: 0.5808
Epoch 5000: 	Training Loss: 0.6049	Validation Loss: 0.5808
Epoch 5500: 	Training Loss: 0.6045	Validation Loss: 0.5808
Early stopping at epoch 5904
Best validation loss: 0.5781
Fitting model 4/5. Fold 1/1
Epoch 0: 	Training Loss: 0.5919	Validation Loss: 0.6275
Epoch 500: 	Training Loss: 0.5936	Validation Loss: 0.6279
Epoch 1000: 	Training Loss: 0.6778	Validation Loss: 0.6859
Epoch 1500: 	Training Loss: 0.5970	Validation Loss: 0.6308
Epoch 2000: 	Training Loss: 0.5936	Validation Loss: 0.6274
Epoch 2500: 	Training Loss: 0.5932	Validation Loss: 0.6317
Early stopping at epoch 2530
Best validation loss: 0.6249
Fitting model 5/5. Fold 1/1
Epoch 0: 	Training Loss: 0.5973	Validation Loss: 0.6101
Epoch 500: 	Training Loss: 0.5970	Validation Loss: 0.6091
Epoch 1000: 	Training Loss: 0.5962	Validation Loss: 0.6093
Epoch 1500: 	Training Loss: 0.5967	Validation Loss: 0.6089
Epoch 2000: 	Training Loss: 0.5971	Validation Loss: 0.6092
Epoch 2500: 	Training Loss: 0.5971	Validation Loss: 0.6115
Epoch 3000: 	Training Loss: 0.5971	Validation Loss: 0.6096
Epoch 3500: 	Training Loss: 0.5968	Validation Loss: 0.6102
Epoch 4000: 	Training Loss: 0.6005	Validation Loss: 0.6106
Early stopping at epoch 4422
Best validation loss: 0.6064
Fitting is complete. The model fitting log is available at /groups/turner/turnerlab/Rishika/FlYMazeRL_Fits/nn/mohanta2022/model_fitting_log.csv.
The model is available at /groups/turner/turnerlab/Rishika/FlYMazeRL_Fits/nn/mohanta2022/GQNN_10-10-10_relu_acceptreject_symmetric_qp_no-punishment_2022_10_08_20_15_19_609470/.
Thank you for using flymazerl. Have a nice day :)

------------------------------------------------------------
Sender: LSF System <lsfadmin@e10u18>
Subject: Job 126381370: <GQNNx10x10x10-0-1> in cluster <Janelia> Done

Job <GQNNx10x10x10-0-1> was submitted from host <e05u15> by user <mohantas> in cluster <Janelia> at Sat Oct  8 20:15:03 2022
Job was executed on host(s) <e10u18>, in queue <local>, as user <mohantas> in cluster <Janelia> at Sat Oct  8 20:15:05 2022
</groups/turner/home/mohantas> was used as the home directory.
</groups/turner/home/mohantas/project/FlYMazeRL/flymazerl/scripts/bash> was used as the working directory.
Started at Sat Oct  8 20:15:05 2022
Terminated at Mon Oct 10 13:25:21 2022
Results reported at Mon Oct 10 13:25:21 2022

Your job looked like:

------------------------------------------------------------
# LSBATCH: User input
python ../nn_fitting_mohanta.py --agent GQNN --hidden_state_sizes 10 10 10 --n_folds 1 --n_ensemble 5 --early_stopping 2500 --symmetric yes --save_path /groups/turner/turnerlab/Rishika/FlYMazeRL_Fits/nn/mohanta2022/ 
------------------------------------------------------------

Successfully completed.

Resource usage summary:

    CPU time :                                   294359.12 sec.
    Max Memory :                                 351 MB
    Average Memory :                             263.57 MB
    Total Requested Memory :                     15360.00 MB
    Delta Memory :                               15009.00 MB
    Max Swap :                                   -
    Max Processes :                              5
    Max Threads :                                14
    Run time :                                   148221 sec.
    Turnaround time :                            148218 sec.

The output (if any) is above this job summary.

