
++++++++++++++++++++++++++++++++++++++++++++++++++++++++++++++++++++++++++++
███████╗██╗     ██╗   ██╗███╗   ███╗ █████╗ ███████╗███████╗██████╗ ██╗     
██╔════╝██║     ╚██╗ ██╔╝████╗ ████║██╔══██╗╚══███╔╝██╔════╝██╔══██╗██║     
█████╗  ██║      ╚████╔╝ ██╔████╔██║███████║  ███╔╝ █████╗  ██████╔╝██║     
██╔══╝  ██║       ╚██╔╝  ██║╚██╔╝██║██╔══██║ ███╔╝  ██╔══╝  ██╔══██╗██║     
██║     ███████╗   ██║   ██║ ╚═╝ ██║██║  ██║███████╗███████╗██║  ██║███████╗
╚═╝     ╚══════╝   ╚═╝   ╚═╝     ╚═╝╚═╝  ╚═╝╚══════╝╚══════╝╚═╝  ╚═╝╚══════╝
++++++++++++++++++++++++++++++++++++++++++++++++++++++++++++++++++++++++++++
Developed by:
    Rishika Mohanta, Research Technician, Turner Lab, Janelia Research Campus

Fitting agent: GQLearner
Loading data from:
/groups/turner/home/mohantas/project/FlYMazeRL//data/rajagopalan2022/training_choice_set.csv
/groups/turner/home/mohantas/project/FlYMazeRL//data/rajagopalan2022/training_reward_set.csv
Model: GQNN_10-10_relu_acceptreject_asymmetric_qp_no-punishment_2022_10_04_02_25_55_496078
Fitting model 1/5. Fold 1/1
Epoch 0: 	Training Loss: 0.7007	Validation Loss: 0.6918
Epoch 500: 	Training Loss: 0.6243	Validation Loss: 0.6415
Epoch 1000: 	Training Loss: 0.6790	Validation Loss: 0.6609
Epoch 1500: 	Training Loss: 0.6793	Validation Loss: 0.6614
Epoch 2000: 	Training Loss: 0.6789	Validation Loss: 0.6611
Epoch 2500: 	Training Loss: 0.6819	Validation Loss: 0.6666
Early stopping at epoch 2727
Best validation loss: 0.6322
Fitting model 2/5. Fold 1/1
Epoch 0: 	Training Loss: 0.6596	Validation Loss: 0.6177
Epoch 500: 	Training Loss: 0.6354	Validation Loss: 0.6159
Epoch 1000: 	Training Loss: 0.6337	Validation Loss: 0.6148
Epoch 1500: 	Training Loss: 0.6376	Validation Loss: 0.6167
Epoch 2000: 	Training Loss: 0.6319	Validation Loss: 0.6088
Epoch 2500: 	Training Loss: 0.6395	Validation Loss: 0.6092
Epoch 3000: 	Training Loss: 0.6333	Validation Loss: 0.6121
Epoch 3500: 	Training Loss: 0.6779	Validation Loss: 0.6667
Epoch 4000: 	Training Loss: 0.6495	Validation Loss: 0.6361
Epoch 4500: 	Training Loss: 0.6341	Validation Loss: 0.6181
Epoch 5000: 	Training Loss: 0.6476	Validation Loss: 0.6303
Early stopping at epoch 5121
Best validation loss: 0.6037
Fitting model 3/5. Fold 1/1
Epoch 0: 	Training Loss: 0.6394	Validation Loss: 0.6466
Epoch 500: 	Training Loss: 0.6239	Validation Loss: 0.6335
Epoch 1000: 	Training Loss: 0.6317	Validation Loss: 0.6371
Epoch 1500: 	Training Loss: 0.6590	Validation Loss: 0.6683
Epoch 2000: 	Training Loss: 0.6232	Validation Loss: 0.6340
Epoch 2500: 	Training Loss: 0.6390	Validation Loss: 0.6416
Early stopping at epoch 2503
Best validation loss: 0.6270
Fitting model 4/5. Fold 1/1
Epoch 0: 	Training Loss: 0.6366	Validation Loss: 0.6220
Epoch 500: 	Training Loss: 0.6264	Validation Loss: 0.6241
Epoch 1000: 	Training Loss: 0.6288	Validation Loss: 0.6247
Epoch 1500: 	Training Loss: 0.6302	Validation Loss: 0.6226
Epoch 2000: 	Training Loss: 0.6344	Validation Loss: 0.6294
Epoch 2500: 	Training Loss: 0.6409	Validation Loss: 0.6427
Early stopping at epoch 2501
Best validation loss: 0.6172
Fitting model 5/5. Fold 1/1
Epoch 0: 	Training Loss: 0.6291	Validation Loss: 0.6252
Epoch 500: 	Training Loss: 0.6303	Validation Loss: 0.6306
Epoch 1000: 	Training Loss: 0.6517	Validation Loss: 0.6581
Epoch 1500: 	Training Loss: 0.6342	Validation Loss: 0.6419
Epoch 2000: 	Training Loss: 0.6351	Validation Loss: 0.6368
Epoch 2500: 	Training Loss: 0.6374	Validation Loss: 0.6350
Early stopping at epoch 2500
Best validation loss: 0.6252
Fitting is complete. The model fitting log is available at /groups/turner/turnerlab/Rishika/FlYMazeRL_Fits/nn/rajagopalan2022/model_fitting_log.csv.
The model is available at /groups/turner/turnerlab/Rishika/FlYMazeRL_Fits/nn/rajagopalan2022/GQNN_10-10_relu_acceptreject_asymmetric_qp_no-punishment_2022_10_04_02_25_55_496078/.
Thank you for using flymazerl. Have a nice day :)

------------------------------------------------------------
Sender: LSF System <lsfadmin@e10u15>
Subject: Job 126236016: <GQNNx10x10-2-0> in cluster <Janelia> Done

Job <GQNNx10x10-2-0> was submitted from host <e05u15> by user <mohantas> in cluster <Janelia> at Tue Oct  4 02:25:27 2022
Job was executed on host(s) <e10u15>, in queue <local>, as user <mohantas> in cluster <Janelia> at Tue Oct  4 02:25:29 2022
</groups/turner/home/mohantas> was used as the home directory.
</groups/turner/home/mohantas/project/FlYMazeRL/flymazerl/scripts/bash> was used as the working directory.
Started at Tue Oct  4 02:25:29 2022
Terminated at Tue Oct  4 09:59:59 2022
Results reported at Tue Oct  4 09:59:59 2022

Your job looked like:

------------------------------------------------------------
# LSBATCH: User input
python ../nn_fitting_rajagopalan.py --agent GQNN --hidden_state_sizes 10 10 --n_folds 1 --n_ensemble 5 --early_stopping 2500 --symmetric no --save_path /groups/turner/turnerlab/Rishika/FlYMazeRL_Fits/nn/rajagopalan2022/ 
------------------------------------------------------------

Successfully completed.

Resource usage summary:

    CPU time :                                   54256.74 sec.
    Max Memory :                                 260 MB
    Average Memory :                             243.81 MB
    Total Requested Memory :                     15360.00 MB
    Delta Memory :                               15100.00 MB
    Max Swap :                                   -
    Max Processes :                              5
    Max Threads :                                14
    Run time :                                   27275 sec.
    Turnaround time :                            27272 sec.

The output (if any) is above this job summary.


++++++++++++++++++++++++++++++++++++++++++++++++++++++++++++++++++++++++++++
███████╗██╗     ██╗   ██╗███╗   ███╗ █████╗ ███████╗███████╗██████╗ ██╗     
██╔════╝██║     ╚██╗ ██╔╝████╗ ████║██╔══██╗╚══███╔╝██╔════╝██╔══██╗██║     
█████╗  ██║      ╚████╔╝ ██╔████╔██║███████║  ███╔╝ █████╗  ██████╔╝██║     
██╔══╝  ██║       ╚██╔╝  ██║╚██╔╝██║██╔══██║ ███╔╝  ██╔══╝  ██╔══██╗██║     
██║     ███████╗   ██║   ██║ ╚═╝ ██║██║  ██║███████╗███████╗██║  ██║███████╗
╚═╝     ╚══════╝   ╚═╝   ╚═╝     ╚═╝╚═╝  ╚═╝╚══════╝╚══════╝╚═╝  ╚═╝╚══════╝
++++++++++++++++++++++++++++++++++++++++++++++++++++++++++++++++++++++++++++
Developed by:
    Rishika Mohanta, Research Technician, Turner Lab, Janelia Research Campus

Fitting agent: GQLearner
Loading data from:
/groups/turner/home/mohantas/project/FlYMazeRL//data/mohanta2022/training_choice_set.csv
/groups/turner/home/mohantas/project/FlYMazeRL//data/mohanta2022/training_reward_set.csv
Model: GQNN_10-10_relu_acceptreject_asymmetric_qp_no-punishment_2022_10_08_20_15_30_796343
Fitting model 1/5. Fold 1/1
Epoch 0: 	Training Loss: 0.6716	Validation Loss: 0.6515
Epoch 500: 	Training Loss: 0.6030	Validation Loss: 0.5771
Epoch 1000: 	Training Loss: 0.6038	Validation Loss: 0.5825
Epoch 1500: 	Training Loss: 0.6056	Validation Loss: 0.5787
Epoch 2000: 	Training Loss: 0.6759	Validation Loss: 0.6192
Epoch 2500: 	Training Loss: 0.6035	Validation Loss: 0.5775
Epoch 3000: 	Training Loss: 0.6054	Validation Loss: 0.5811
Epoch 3500: 	Training Loss: 0.6092	Validation Loss: 0.5847
Epoch 4000: 	Training Loss: 0.6029	Validation Loss: 0.5777
Early stopping at epoch 4485
Best validation loss: 0.5747
Fitting model 2/5. Fold 1/1
Epoch 0: 	Training Loss: 0.5967	Validation Loss: 0.6146
Epoch 500: 	Training Loss: 0.5967	Validation Loss: 0.6190
Epoch 1000: 	Training Loss: 0.5926	Validation Loss: 0.6134
Epoch 1500: 	Training Loss: 0.5960	Validation Loss: 0.6177
Epoch 2000: 	Training Loss: 0.6162	Validation Loss: 0.6370
Epoch 2500: 	Training Loss: 0.5952	Validation Loss: 0.6162
Early stopping at epoch 2542
Best validation loss: 0.6109
Fitting model 3/5. Fold 1/1
Epoch 0: 	Training Loss: 0.5986	Validation Loss: 0.6020
Epoch 500: 	Training Loss: 0.5976	Validation Loss: 0.6075
Epoch 1000: 	Training Loss: 0.6017	Validation Loss: 0.6079
Epoch 1500: 	Training Loss: 0.6722	Validation Loss: 0.7109
Epoch 2000: 	Training Loss: 0.6359	Validation Loss: 0.6521
Epoch 2500: 	Training Loss: 0.5977	Validation Loss: 0.6063
Early stopping at epoch 2832
Best validation loss: 0.6011
Fitting model 4/5. Fold 1/1
Epoch 0: 	Training Loss: 0.5957	Validation Loss: 0.6062
Epoch 500: 	Training Loss: 0.5967	Validation Loss: 0.6083
Epoch 1000: 	Training Loss: 0.5948	Validation Loss: 0.6094
Epoch 1500: 	Training Loss: 0.5951	Validation Loss: 0.6082
Epoch 2000: 	Training Loss: 0.5968	Validation Loss: 0.6091
Epoch 2500: 	Training Loss: 0.5973	Validation Loss: 0.6094
Early stopping at epoch 2531
Best validation loss: 0.6052
Fitting model 5/5. Fold 1/1
Epoch 0: 	Training Loss: 0.5998	Validation Loss: 0.6042
Epoch 500: 	Training Loss: 0.5962	Validation Loss: 0.6060
Epoch 1000: 	Training Loss: 0.5976	Validation Loss: 0.6069
Epoch 1500: 	Training Loss: 0.5970	Validation Loss: 0.6111
Epoch 2000: 	Training Loss: 0.5963	Validation Loss: 0.6137
Epoch 2500: 	Training Loss: 0.6132	Validation Loss: 0.6235
Early stopping at epoch 2503
Best validation loss: 0.6033
Fitting is complete. The model fitting log is available at /groups/turner/turnerlab/Rishika/FlYMazeRL_Fits/nn/mohanta2022/model_fitting_log.csv.
The model is available at /groups/turner/turnerlab/Rishika/FlYMazeRL_Fits/nn/mohanta2022/GQNN_10-10_relu_acceptreject_asymmetric_qp_no-punishment_2022_10_08_20_15_30_796343/.
Thank you for using flymazerl. Have a nice day :)

------------------------------------------------------------
Sender: LSF System <lsfadmin@e10u14>
Subject: Job 126381400: <GQNNx10x10-2-0> in cluster <Janelia> Done

Job <GQNNx10x10-2-0> was submitted from host <e05u15> by user <mohantas> in cluster <Janelia> at Sat Oct  8 20:15:26 2022
Job was executed on host(s) <e10u14>, in queue <local>, as user <mohantas> in cluster <Janelia> at Sat Oct  8 20:15:26 2022
</groups/turner/home/mohantas> was used as the home directory.
</groups/turner/home/mohantas/project/FlYMazeRL/flymazerl/scripts/bash> was used as the working directory.
Started at Sat Oct  8 20:15:26 2022
Terminated at Sun Oct  9 15:09:40 2022
Results reported at Sun Oct  9 15:09:40 2022

Your job looked like:

------------------------------------------------------------
# LSBATCH: User input
python ../nn_fitting_mohanta.py --agent GQNN --hidden_state_sizes 10 10 --n_folds 1 --n_ensemble 5 --early_stopping 2500 --symmetric no --save_path /groups/turner/turnerlab/Rishika/FlYMazeRL_Fits/nn/mohanta2022/ 
------------------------------------------------------------

Successfully completed.

Resource usage summary:

    CPU time :                                   135002.92 sec.
    Max Memory :                                 316 MB
    Average Memory :                             253.59 MB
    Total Requested Memory :                     15360.00 MB
    Delta Memory :                               15044.00 MB
    Max Swap :                                   -
    Max Processes :                              3
    Max Threads :                                14
    Run time :                                   68052 sec.
    Turnaround time :                            68054 sec.

The output (if any) is above this job summary.

