
++++++++++++++++++++++++++++++++++++++++++++++++++++++++++++++++++++++++++++
███████╗██╗     ██╗   ██╗███╗   ███╗ █████╗ ███████╗███████╗██████╗ ██╗     
██╔════╝██║     ╚██╗ ██╔╝████╗ ████║██╔══██╗╚══███╔╝██╔════╝██╔══██╗██║     
█████╗  ██║      ╚████╔╝ ██╔████╔██║███████║  ███╔╝ █████╗  ██████╔╝██║     
██╔══╝  ██║       ╚██╔╝  ██║╚██╔╝██║██╔══██║ ███╔╝  ██╔══╝  ██╔══██╗██║     
██║     ███████╗   ██║   ██║ ╚═╝ ██║██║  ██║███████╗███████╗██║  ██║███████╗
╚═╝     ╚══════╝   ╚═╝   ╚═╝     ╚═╝╚═╝  ╚═╝╚══════╝╚══════╝╚═╝  ╚═╝╚══════╝
++++++++++++++++++++++++++++++++++++++++++++++++++++++++++++++++++++++++++++
Developed by:
    Rishika Mohanta, Research Technician, Turner Lab, Janelia Research Campus

Fitting agent: GQLearner
Loading data from:
/groups/turner/home/mohantas/project/FlYMazeRL//data/rajagopalan2022/training_choice_set.csv
/groups/turner/home/mohantas/project/FlYMazeRL//data/rajagopalan2022/training_reward_set.csv
Model: GQNN_10_relu_acceptreject_symmetric_qp_no-punishment_2022_10_04_02_25_14_618297
Fitting model 1/5. Fold 1/1
Epoch 0: 	Training Loss: 0.6782	Validation Loss: 0.6753
Epoch 500: 	Training Loss: 0.6217	Validation Loss: 0.6520
Epoch 1000: 	Training Loss: 0.6207	Validation Loss: 0.6541
Epoch 1500: 	Training Loss: 0.6202	Validation Loss: 0.6507
Epoch 2000: 	Training Loss: 0.6207	Validation Loss: 0.6512
Epoch 2500: 	Training Loss: 0.6200	Validation Loss: 0.6522
Epoch 3000: 	Training Loss: 0.6204	Validation Loss: 0.6537
Epoch 3500: 	Training Loss: 0.6201	Validation Loss: 0.6538
Early stopping at epoch 3744
Best validation loss: 0.6500
Fitting model 2/5. Fold 1/1
Epoch 0: 	Training Loss: 0.6289	Validation Loss: 0.6251
Epoch 500: 	Training Loss: 0.6273	Validation Loss: 0.6257
Epoch 1000: 	Training Loss: 0.6286	Validation Loss: 0.6293
Epoch 1500: 	Training Loss: 0.6262	Validation Loss: 0.6308
Epoch 2000: 	Training Loss: 0.6379	Validation Loss: 0.6353
Epoch 2500: 	Training Loss: 0.6270	Validation Loss: 0.6309
Early stopping at epoch 2501
Best validation loss: 0.6237
Fitting model 3/5. Fold 1/1
Epoch 0: 	Training Loss: 0.6298	Validation Loss: 0.6195
Epoch 500: 	Training Loss: 0.6305	Validation Loss: 0.6227
Epoch 1000: 	Training Loss: 0.6290	Validation Loss: 0.6234
Epoch 1500: 	Training Loss: 0.6286	Validation Loss: 0.6307
Epoch 2000: 	Training Loss: 0.6304	Validation Loss: 0.6218
Epoch 2500: 	Training Loss: 0.6931	Validation Loss: 0.6932
Early stopping at epoch 2503
Best validation loss: 0.6187
Fitting model 4/5. Fold 1/1
Epoch 0: 	Training Loss: 0.6300	Validation Loss: 0.6246
Epoch 500: 	Training Loss: 0.6271	Validation Loss: 0.6263
Epoch 1000: 	Training Loss: 0.6274	Validation Loss: 0.6325
Epoch 1500: 	Training Loss: 0.6293	Validation Loss: 0.6261
Epoch 2000: 	Training Loss: 0.6266	Validation Loss: 0.6271
Epoch 2500: 	Training Loss: 0.6270	Validation Loss: 0.6305
Early stopping at epoch 2502
Best validation loss: 0.6244
Fitting model 5/5. Fold 1/1
Epoch 0: 	Training Loss: 0.6302	Validation Loss: 0.6188
Epoch 500: 	Training Loss: 0.6290	Validation Loss: 0.6213
Epoch 1000: 	Training Loss: 0.6283	Validation Loss: 0.6251
Epoch 1500: 	Training Loss: 0.6275	Validation Loss: 0.6287
Epoch 2000: 	Training Loss: 0.6263	Validation Loss: 0.6317
Epoch 2500: 	Training Loss: 0.6300	Validation Loss: 0.6231
Early stopping at epoch 2503
Best validation loss: 0.6177
Fitting is complete. The model fitting log is available at /groups/turner/turnerlab/Rishika/FlYMazeRL_Fits/nn/rajagopalan2022/model_fitting_log.csv.
The model is available at /groups/turner/turnerlab/Rishika/FlYMazeRL_Fits/nn/rajagopalan2022/GQNN_10_relu_acceptreject_symmetric_qp_no-punishment_2022_10_04_02_25_14_618297/.
Thank you for using flymazerl. Have a nice day :)

------------------------------------------------------------
Sender: LSF System <lsfadmin@e10u14>
Subject: Job 126235694: <GQNNx10-3-1> in cluster <Janelia> Done

Job <GQNNx10-3-1> was submitted from host <e05u15> by user <mohantas> in cluster <Janelia> at Tue Oct  4 02:24:53 2022
Job was executed on host(s) <e10u14>, in queue <local>, as user <mohantas> in cluster <Janelia> at Tue Oct  4 02:24:56 2022
</groups/turner/home/mohantas> was used as the home directory.
</groups/turner/home/mohantas/project/FlYMazeRL/flymazerl/scripts/bash> was used as the working directory.
Started at Tue Oct  4 02:24:56 2022
Terminated at Tue Oct  4 07:14:07 2022
Results reported at Tue Oct  4 07:14:07 2022

Your job looked like:

------------------------------------------------------------
# LSBATCH: User input
python ../nn_fitting_rajagopalan.py --agent GQNN --hidden_state_sizes 10 --n_folds 1 --n_ensemble 5 --early_stopping 2500 --symmetric yes --save_path /groups/turner/turnerlab/Rishika/FlYMazeRL_Fits/nn/rajagopalan2022/ 
------------------------------------------------------------

Successfully completed.

Resource usage summary:

    CPU time :                                   34546.48 sec.
    Max Memory :                                 258 MB
    Average Memory :                             245.91 MB
    Total Requested Memory :                     15360.00 MB
    Delta Memory :                               15102.00 MB
    Max Swap :                                   -
    Max Processes :                              3
    Max Threads :                                14
    Run time :                                   17353 sec.
    Turnaround time :                            17354 sec.

The output (if any) is above this job summary.


++++++++++++++++++++++++++++++++++++++++++++++++++++++++++++++++++++++++++++
███████╗██╗     ██╗   ██╗███╗   ███╗ █████╗ ███████╗███████╗██████╗ ██╗     
██╔════╝██║     ╚██╗ ██╔╝████╗ ████║██╔══██╗╚══███╔╝██╔════╝██╔══██╗██║     
█████╗  ██║      ╚████╔╝ ██╔████╔██║███████║  ███╔╝ █████╗  ██████╔╝██║     
██╔══╝  ██║       ╚██╔╝  ██║╚██╔╝██║██╔══██║ ███╔╝  ██╔══╝  ██╔══██╗██║     
██║     ███████╗   ██║   ██║ ╚═╝ ██║██║  ██║███████╗███████╗██║  ██║███████╗
╚═╝     ╚══════╝   ╚═╝   ╚═╝     ╚═╝╚═╝  ╚═╝╚══════╝╚══════╝╚═╝  ╚═╝╚══════╝
++++++++++++++++++++++++++++++++++++++++++++++++++++++++++++++++++++++++++++
Developed by:
    Rishika Mohanta, Research Technician, Turner Lab, Janelia Research Campus

Fitting agent: GQLearner
Loading data from:
/groups/turner/home/mohantas/project/FlYMazeRL//data/mohanta2022/training_choice_set.csv
/groups/turner/home/mohantas/project/FlYMazeRL//data/mohanta2022/training_reward_set.csv
Model: GQNN_10_relu_acceptreject_symmetric_qp_no-punishment_2022_10_08_20_15_11_560558
Fitting model 1/5. Fold 1/1
Epoch 0: 	Training Loss: 0.6765	Validation Loss: 0.6587
Epoch 500: 	Training Loss: 0.6018	Validation Loss: 0.5992
Epoch 1000: 	Training Loss: 0.6028	Validation Loss: 0.5995
Epoch 1500: 	Training Loss: 0.5982	Validation Loss: 0.6000
Epoch 2000: 	Training Loss: 0.6003	Validation Loss: 0.6008
Epoch 2500: 	Training Loss: 0.5980	Validation Loss: 0.5999
Early stopping at epoch 2554
Best validation loss: 0.5978
Fitting model 2/5. Fold 1/1
Epoch 0: 	Training Loss: 0.5961	Validation Loss: 0.6132
Epoch 500: 	Training Loss: 0.5957	Validation Loss: 0.6136
Epoch 1000: 	Training Loss: 0.5958	Validation Loss: 0.6144
Epoch 1500: 	Training Loss: 0.5953	Validation Loss: 0.6151
Epoch 2000: 	Training Loss: 0.5963	Validation Loss: 0.6136
Epoch 2500: 	Training Loss: 0.5953	Validation Loss: 0.6139
Early stopping at epoch 2512
Best validation loss: 0.6130
Fitting model 3/5. Fold 1/1
Epoch 0: 	Training Loss: 0.6096	Validation Loss: 0.5605
Epoch 500: 	Training Loss: 0.6094	Validation Loss: 0.5618
Epoch 1000: 	Training Loss: 0.6094	Validation Loss: 0.5609
Epoch 1500: 	Training Loss: 0.6087	Validation Loss: 0.5617
Epoch 2000: 	Training Loss: 0.6093	Validation Loss: 0.5614
Epoch 2500: 	Training Loss: 0.6084	Validation Loss: 0.5608
Early stopping at epoch 2505
Best validation loss: 0.5602
Fitting model 4/5. Fold 1/1
Epoch 0: 	Training Loss: 0.5999	Validation Loss: 0.5998
Epoch 500: 	Training Loss: 0.5993	Validation Loss: 0.5990
Epoch 1000: 	Training Loss: 0.5983	Validation Loss: 0.5998
Epoch 1500: 	Training Loss: 0.5979	Validation Loss: 0.5981
Epoch 2000: 	Training Loss: 0.5980	Validation Loss: 0.5987
Epoch 2500: 	Training Loss: 0.5982	Validation Loss: 0.5996
Epoch 3000: 	Training Loss: 0.5976	Validation Loss: 0.6013
Epoch 3500: 	Training Loss: 0.5975	Validation Loss: 0.5987
Early stopping at epoch 3844
Best validation loss: 0.5977
Fitting model 5/5. Fold 1/1
Epoch 0: 	Training Loss: 0.6029	Validation Loss: 0.5823
Epoch 500: 	Training Loss: 0.6037	Validation Loss: 0.5827
Epoch 1000: 	Training Loss: 0.6029	Validation Loss: 0.5819
Epoch 1500: 	Training Loss: 0.6028	Validation Loss: 0.5821
Epoch 2000: 	Training Loss: 0.6029	Validation Loss: 0.5824
Epoch 2500: 	Training Loss: 0.6023	Validation Loss: 0.5820
Early stopping at epoch 2700
Best validation loss: 0.5814
Fitting is complete. The model fitting log is available at /groups/turner/turnerlab/Rishika/FlYMazeRL_Fits/nn/mohanta2022/model_fitting_log.csv.
The model is available at /groups/turner/turnerlab/Rishika/FlYMazeRL_Fits/nn/mohanta2022/GQNN_10_relu_acceptreject_symmetric_qp_no-punishment_2022_10_08_20_15_11_560558/.
Thank you for using flymazerl. Have a nice day :)

------------------------------------------------------------
Sender: LSF System <lsfadmin@e10u03>
Subject: Job 126381353: <GQNNx10-3-1> in cluster <Janelia> Done

Job <GQNNx10-3-1> was submitted from host <e05u15> by user <mohantas> in cluster <Janelia> at Sat Oct  8 20:14:54 2022
Job was executed on host(s) <e10u03>, in queue <local>, as user <mohantas> in cluster <Janelia> at Sat Oct  8 20:14:55 2022
</groups/turner/home/mohantas> was used as the home directory.
</groups/turner/home/mohantas/project/FlYMazeRL/flymazerl/scripts/bash> was used as the working directory.
Started at Sat Oct  8 20:14:55 2022
Terminated at Sun Oct  9 23:35:39 2022
Results reported at Sun Oct  9 23:35:39 2022

Your job looked like:

------------------------------------------------------------
# LSBATCH: User input
python ../nn_fitting_mohanta.py --agent GQNN --hidden_state_sizes 10 --n_folds 1 --n_ensemble 5 --early_stopping 2500 --symmetric yes --save_path /groups/turner/turnerlab/Rishika/FlYMazeRL_Fits/nn/mohanta2022/ 
------------------------------------------------------------

Successfully completed.

Resource usage summary:

    CPU time :                                   195207.31 sec.
    Max Memory :                                 316 MB
    Average Memory :                             260.96 MB
    Total Requested Memory :                     15360.00 MB
    Delta Memory :                               15044.00 MB
    Max Swap :                                   -
    Max Processes :                              3
    Max Threads :                                14
    Run time :                                   98445 sec.
    Turnaround time :                            98445 sec.

The output (if any) is above this job summary.

