
++++++++++++++++++++++++++++++++++++++++++++++++++++++++++++++++++++++++++++
███████╗██╗     ██╗   ██╗███╗   ███╗ █████╗ ███████╗███████╗██████╗ ██╗     
██╔════╝██║     ╚██╗ ██╔╝████╗ ████║██╔══██╗╚══███╔╝██╔════╝██╔══██╗██║     
█████╗  ██║      ╚████╔╝ ██╔████╔██║███████║  ███╔╝ █████╗  ██████╔╝██║     
██╔══╝  ██║       ╚██╔╝  ██║╚██╔╝██║██╔══██║ ███╔╝  ██╔══╝  ██╔══██╗██║     
██║     ███████╗   ██║   ██║ ╚═╝ ██║██║  ██║███████╗███████╗██║  ██║███████╗
╚═╝     ╚══════╝   ╚═╝   ╚═╝     ╚═╝╚═╝  ╚═╝╚══════╝╚══════╝╚═╝  ╚═╝╚══════╝
++++++++++++++++++++++++++++++++++++++++++++++++++++++++++++++++++++++++++++
Developed by:
    Rishika Mohanta, Research Technician, Turner Lab, Janelia Research Campus

Fitting agent: GQLearner
Loading data from:
/groups/turner/home/mohantas/project/FlYMazeRL//data/rajagopalan2022/training_choice_set.csv
/groups/turner/home/mohantas/project/FlYMazeRL//data/rajagopalan2022/training_reward_set.csv
Model: GQNN_100-100_relu_acceptreject_symmetric_qp_no-punishment_2022_10_04_02_25_23_590101
Fitting model 1/5. Fold 1/1
Epoch 0: 	Training Loss: 0.6681	Validation Loss: 0.6451
Epoch 500: 	Training Loss: 0.6333	Validation Loss: 0.6111
Epoch 1000: 	Training Loss: 0.6300	Validation Loss: 0.6110
Epoch 1500: 	Training Loss: 0.6325	Validation Loss: 0.6089
Epoch 2000: 	Training Loss: 0.6355	Validation Loss: 0.6054
Epoch 2500: 	Training Loss: 0.6369	Validation Loss: 0.6193
Epoch 3000: 	Training Loss: 0.6322	Validation Loss: 0.6114
Epoch 3500: 	Training Loss: 0.6330	Validation Loss: 0.6113
Epoch 4000: 	Training Loss: 0.6347	Validation Loss: 0.6059
Epoch 4500: 	Training Loss: 0.6321	Validation Loss: 0.6091
Epoch 5000: 	Training Loss: 0.6931	Validation Loss: 0.6931
Epoch 5500: 	Training Loss: 0.6421	Validation Loss: 0.6308
Epoch 6000: 	Training Loss: 0.6329	Validation Loss: 0.6095
Early stopping at epoch 6171
Best validation loss: 0.6007
Fitting model 2/5. Fold 1/1
Epoch 0: 	Training Loss: 0.6341	Validation Loss: 0.6070
Epoch 500: 	Training Loss: 0.6312	Validation Loss: 0.6169
Epoch 1000: 	Training Loss: 0.6436	Validation Loss: 0.6442
Epoch 1500: 	Training Loss: 0.6346	Validation Loss: 0.6245
Epoch 2000: 	Training Loss: 0.6931	Validation Loss: 0.6931
Epoch 2500: 	Training Loss: 0.6306	Validation Loss: 0.6246
Early stopping at epoch 2501
Best validation loss: 0.6064
Fitting model 3/5. Fold 1/1
Epoch 0: 	Training Loss: 0.6237	Validation Loss: 0.6419
Epoch 500: 	Training Loss: 0.6312	Validation Loss: 0.6491
Epoch 1000: 	Training Loss: 0.6201	Validation Loss: 0.6426
Epoch 1500: 	Training Loss: 0.6257	Validation Loss: 0.6492
Epoch 2000: 	Training Loss: 0.6356	Validation Loss: 0.6639
Epoch 2500: 	Training Loss: 0.6217	Validation Loss: 0.6445
Early stopping at epoch 2506
Best validation loss: 0.6396
Fitting model 4/5. Fold 1/1
Epoch 0: 	Training Loss: 0.6294	Validation Loss: 0.6285
Epoch 500: 	Training Loss: 0.6287	Validation Loss: 0.6286
Epoch 1000: 	Training Loss: 0.6340	Validation Loss: 0.6348
Epoch 1500: 	Training Loss: 0.6931	Validation Loss: 0.6931
Epoch 2000: 	Training Loss: 0.6290	Validation Loss: 0.6312
Epoch 2500: 	Training Loss: 0.6346	Validation Loss: 0.6381
Early stopping at epoch 2502
Best validation loss: 0.6235
Fitting model 5/5. Fold 1/1
Epoch 0: 	Training Loss: 0.6278	Validation Loss: 0.6375
Epoch 500: 	Training Loss: 0.6208	Validation Loss: 0.6390
Epoch 1000: 	Training Loss: 0.6252	Validation Loss: 0.6398
Epoch 1500: 	Training Loss: 0.6231	Validation Loss: 0.6494
Epoch 2000: 	Training Loss: 0.6213	Validation Loss: 0.6446
Epoch 2500: 	Training Loss: 0.6240	Validation Loss: 0.6414
Early stopping at epoch 2501
Best validation loss: 0.6347
Fitting is complete. The model fitting log is available at /groups/turner/turnerlab/Rishika/FlYMazeRL_Fits/nn/rajagopalan2022/model_fitting_log.csv.
The model is available at /groups/turner/turnerlab/Rishika/FlYMazeRL_Fits/nn/rajagopalan2022/GQNN_100-100_relu_acceptreject_symmetric_qp_no-punishment_2022_10_04_02_25_23_590101/.
Thank you for using flymazerl. Have a nice day :)

------------------------------------------------------------
Sender: LSF System <lsfadmin@e10u27>
Subject: Job 126235747: <GQNNx100x100-2-1> in cluster <Janelia> Done

Job <GQNNx100x100-2-1> was submitted from host <e05u15> by user <mohantas> in cluster <Janelia> at Tue Oct  4 02:25:01 2022
Job was executed on host(s) <e10u27>, in queue <local>, as user <mohantas> in cluster <Janelia> at Tue Oct  4 02:25:06 2022
</groups/turner/home/mohantas> was used as the home directory.
</groups/turner/home/mohantas/project/FlYMazeRL/flymazerl/scripts/bash> was used as the working directory.
Started at Tue Oct  4 02:25:06 2022
Terminated at Tue Oct  4 10:46:21 2022
Results reported at Tue Oct  4 10:46:21 2022

Your job looked like:

------------------------------------------------------------
# LSBATCH: User input
python ../nn_fitting_rajagopalan.py --agent GQNN --hidden_state_sizes 100 100 --n_folds 1 --n_ensemble 5 --early_stopping 2500 --symmetric yes --save_path /groups/turner/turnerlab/Rishika/FlYMazeRL_Fits/nn/rajagopalan2022/ 
------------------------------------------------------------

Successfully completed.

Resource usage summary:

    CPU time :                                   59781.74 sec.
    Max Memory :                                 270 MB
    Average Memory :                             248.83 MB
    Total Requested Memory :                     15360.00 MB
    Delta Memory :                               15090.00 MB
    Max Swap :                                   -
    Max Processes :                              3
    Max Threads :                                14
    Run time :                                   30083 sec.
    Turnaround time :                            30080 sec.

The output (if any) is above this job summary.


++++++++++++++++++++++++++++++++++++++++++++++++++++++++++++++++++++++++++++
███████╗██╗     ██╗   ██╗███╗   ███╗ █████╗ ███████╗███████╗██████╗ ██╗     
██╔════╝██║     ╚██╗ ██╔╝████╗ ████║██╔══██╗╚══███╔╝██╔════╝██╔══██╗██║     
█████╗  ██║      ╚████╔╝ ██╔████╔██║███████║  ███╔╝ █████╗  ██████╔╝██║     
██╔══╝  ██║       ╚██╔╝  ██║╚██╔╝██║██╔══██║ ███╔╝  ██╔══╝  ██╔══██╗██║     
██║     ███████╗   ██║   ██║ ╚═╝ ██║██║  ██║███████╗███████╗██║  ██║███████╗
╚═╝     ╚══════╝   ╚═╝   ╚═╝     ╚═╝╚═╝  ╚═╝╚══════╝╚══════╝╚═╝  ╚═╝╚══════╝
++++++++++++++++++++++++++++++++++++++++++++++++++++++++++++++++++++++++++++
Developed by:
    Rishika Mohanta, Research Technician, Turner Lab, Janelia Research Campus

Fitting agent: GQLearner
Loading data from:
/groups/turner/home/mohantas/project/FlYMazeRL//data/mohanta2022/training_choice_set.csv
/groups/turner/home/mohantas/project/FlYMazeRL//data/mohanta2022/training_reward_set.csv
Model: GQNN_100-100_relu_acceptreject_symmetric_qp_no-punishment_2022_10_08_20_15_19_609470
Traceback (most recent call last):
  File "/groups/turner/home/mohantas/project/FlYMazeRL/flymazerl/scripts/bash/../nn_fitting_mohanta.py", line 172, in <module>
    os.makedirs(save_path)
  File "/groups/turner/home/mohantas/anaconda3/envs/flymazerl/lib/python3.9/os.py", line 225, in makedirs
    mkdir(name, mode)
FileExistsError: [Errno 17] File exists: '/groups/turner/turnerlab/Rishika/FlYMazeRL_Fits/nn/mohanta2022/GQNN_100-100_relu_acceptreject_symmetric_qp_no-punishment_2022_10_08_20_15_19_609470/'

------------------------------------------------------------
Sender: LSF System <lsfadmin@e10u18>
Subject: Job 126381368: <GQNNx100x100-2-1> in cluster <Janelia> Exited

Job <GQNNx100x100-2-1> was submitted from host <e05u15> by user <mohantas> in cluster <Janelia> at Sat Oct  8 20:15:02 2022
Job was executed on host(s) <e10u18>, in queue <local>, as user <mohantas> in cluster <Janelia> at Sat Oct  8 20:15:03 2022
</groups/turner/home/mohantas> was used as the home directory.
</groups/turner/home/mohantas/project/FlYMazeRL/flymazerl/scripts/bash> was used as the working directory.
Started at Sat Oct  8 20:15:03 2022
Terminated at Sat Oct  8 20:15:20 2022
Results reported at Sat Oct  8 20:15:20 2022

Your job looked like:

------------------------------------------------------------
# LSBATCH: User input
python ../nn_fitting_mohanta.py --agent GQNN --hidden_state_sizes 100 100 --n_folds 1 --n_ensemble 5 --early_stopping 2500 --symmetric yes --save_path /groups/turner/turnerlab/Rishika/FlYMazeRL_Fits/nn/mohanta2022/ 
------------------------------------------------------------

Exited with exit code 1.

Resource usage summary:

    CPU time :                                   4.04 sec.
    Max Memory :                                 224 MB
    Average Memory :                             169.00 MB
    Total Requested Memory :                     15360.00 MB
    Delta Memory :                               15136.00 MB
    Max Swap :                                   -
    Max Processes :                              5
    Max Threads :                                14
    Run time :                                   23 sec.
    Turnaround time :                            18 sec.

The output (if any) is above this job summary.

