
++++++++++++++++++++++++++++++++++++++++++++++++++++++++++++++++++++++++++++
███████╗██╗     ██╗   ██╗███╗   ███╗ █████╗ ███████╗███████╗██████╗ ██╗     
██╔════╝██║     ╚██╗ ██╔╝████╗ ████║██╔══██╗╚══███╔╝██╔════╝██╔══██╗██║     
█████╗  ██║      ╚████╔╝ ██╔████╔██║███████║  ███╔╝ █████╗  ██████╔╝██║     
██╔══╝  ██║       ╚██╔╝  ██║╚██╔╝██║██╔══██║ ███╔╝  ██╔══╝  ██╔══██╗██║     
██║     ███████╗   ██║   ██║ ╚═╝ ██║██║  ██║███████╗███████╗██║  ██║███████╗
╚═╝     ╚══════╝   ╚═╝   ╚═╝     ╚═╝╚═╝  ╚═╝╚══════╝╚══════╝╚═╝  ╚═╝╚══════╝
++++++++++++++++++++++++++++++++++++++++++++++++++++++++++++++++++++++++++++
Developed by:
    Rishika Mohanta, Research Technician, Turner Lab, Janelia Research Campus

Fitting agent: GQLearner
Loading data from:
/groups/turner/home/mohantas/project/FlYMazeRL//data/rajagopalan2022/training_choice_set.csv
/groups/turner/home/mohantas/project/FlYMazeRL//data/rajagopalan2022/training_reward_set.csv
Model: GQNN_10-10_relu_acceptreject_symmetric_qp_no-punishment_2022_10_04_02_25_23_590100
Fitting model 1/5. Fold 1/1
Epoch 0: 	Training Loss: 0.6805	Validation Loss: 0.6709
Epoch 500: 	Training Loss: 0.6202	Validation Loss: 0.6520
Epoch 1000: 	Training Loss: 0.6182	Validation Loss: 0.6546
Epoch 1500: 	Training Loss: 0.6176	Validation Loss: 0.6571
Epoch 2000: 	Training Loss: 0.6211	Validation Loss: 0.6589
Epoch 2500: 	Training Loss: 0.6197	Validation Loss: 0.6513
Epoch 3000: 	Training Loss: 0.6210	Validation Loss: 0.6549
Epoch 3500: 	Training Loss: 0.6205	Validation Loss: 0.6543
Epoch 4000: 	Training Loss: 0.6185	Validation Loss: 0.6555
Early stopping at epoch 4152
Best validation loss: 0.6494
Fitting model 2/5. Fold 1/1
Epoch 0: 	Training Loss: 0.6205	Validation Loss: 0.6716
Epoch 500: 	Training Loss: 0.6160	Validation Loss: 0.6725
Epoch 1000: 	Training Loss: 0.6167	Validation Loss: 0.6696
Epoch 1500: 	Training Loss: 0.6147	Validation Loss: 0.6718
Epoch 2000: 	Training Loss: 0.6498	Validation Loss: 0.6745
Epoch 2500: 	Training Loss: 0.6497	Validation Loss: 0.6742
Epoch 3000: 	Training Loss: 0.6496	Validation Loss: 0.6746
Epoch 3500: 	Training Loss: 0.6173	Validation Loss: 0.6706
Early stopping at epoch 3977
Best validation loss: 0.6631
Fitting model 3/5. Fold 1/1
Epoch 0: 	Training Loss: 0.6426	Validation Loss: 0.6194
Epoch 500: 	Training Loss: 0.6931	Validation Loss: 0.6931
Epoch 1000: 	Training Loss: 0.6297	Validation Loss: 0.6309
Epoch 1500: 	Training Loss: 0.6321	Validation Loss: 0.6234
Epoch 2000: 	Training Loss: 0.6397	Validation Loss: 0.6360
Epoch 2500: 	Training Loss: 0.6342	Validation Loss: 0.6296
Early stopping at epoch 2817
Best validation loss: 0.6159
Fitting model 4/5. Fold 1/1
Epoch 0: 	Training Loss: 0.6236	Validation Loss: 0.6557
Epoch 500: 	Training Loss: 0.6232	Validation Loss: 0.6612
Epoch 1000: 	Training Loss: 0.6194	Validation Loss: 0.6651
Epoch 1500: 	Training Loss: 0.6260	Validation Loss: 0.6723
Epoch 2000: 	Training Loss: 0.6184	Validation Loss: 0.6597
Epoch 2500: 	Training Loss: 0.6932	Validation Loss: 0.6932
Early stopping at epoch 2672
Best validation loss: 0.6528
Fitting model 5/5. Fold 1/1
Epoch 0: 	Training Loss: 0.6247	Validation Loss: 0.6536
Epoch 500: 	Training Loss: 0.6206	Validation Loss: 0.6558
Epoch 1000: 	Training Loss: 0.6228	Validation Loss: 0.6580
Epoch 1500: 	Training Loss: 0.6932	Validation Loss: 0.6932
Epoch 2000: 	Training Loss: 0.6215	Validation Loss: 0.6592
Epoch 2500: 	Training Loss: 0.6280	Validation Loss: 0.6627
Early stopping at epoch 2517
Best validation loss: 0.6504
Fitting is complete. The model fitting log is available at /groups/turner/turnerlab/Rishika/FlYMazeRL_Fits/nn/rajagopalan2022/model_fitting_log.csv.
The model is available at /groups/turner/turnerlab/Rishika/FlYMazeRL_Fits/nn/rajagopalan2022/GQNN_10-10_relu_acceptreject_symmetric_qp_no-punishment_2022_10_04_02_25_23_590100/.
Thank you for using flymazerl. Have a nice day :)

------------------------------------------------------------
Sender: LSF System <lsfadmin@e10u27>
Subject: Job 126235740: <GQNNx10x10-0-1> in cluster <Janelia> Done

Job <GQNNx10x10-0-1> was submitted from host <e05u15> by user <mohantas> in cluster <Janelia> at Tue Oct  4 02:24:58 2022
Job was executed on host(s) <e10u27>, in queue <local>, as user <mohantas> in cluster <Janelia> at Tue Oct  4 02:24:59 2022
</groups/turner/home/mohantas> was used as the home directory.
</groups/turner/home/mohantas/project/FlYMazeRL/flymazerl/scripts/bash> was used as the working directory.
Started at Tue Oct  4 02:24:59 2022
Terminated at Tue Oct  4 09:07:18 2022
Results reported at Tue Oct  4 09:07:18 2022

Your job looked like:

------------------------------------------------------------
# LSBATCH: User input
python ../nn_fitting_rajagopalan.py --agent GQNN --hidden_state_sizes 10 10 --n_folds 1 --n_ensemble 5 --early_stopping 2500 --symmetric yes --save_path /groups/turner/turnerlab/Rishika/FlYMazeRL_Fits/nn/rajagopalan2022/ 
------------------------------------------------------------

Successfully completed.

Resource usage summary:

    CPU time :                                   48057.76 sec.
    Max Memory :                                 261 MB
    Average Memory :                             246.01 MB
    Total Requested Memory :                     15360.00 MB
    Delta Memory :                               15099.00 MB
    Max Swap :                                   -
    Max Processes :                              3
    Max Threads :                                14
    Run time :                                   24141 sec.
    Turnaround time :                            24140 sec.

The output (if any) is above this job summary.


++++++++++++++++++++++++++++++++++++++++++++++++++++++++++++++++++++++++++++
███████╗██╗     ██╗   ██╗███╗   ███╗ █████╗ ███████╗███████╗██████╗ ██╗     
██╔════╝██║     ╚██╗ ██╔╝████╗ ████║██╔══██╗╚══███╔╝██╔════╝██╔══██╗██║     
█████╗  ██║      ╚████╔╝ ██╔████╔██║███████║  ███╔╝ █████╗  ██████╔╝██║     
██╔══╝  ██║       ╚██╔╝  ██║╚██╔╝██║██╔══██║ ███╔╝  ██╔══╝  ██╔══██╗██║     
██║     ███████╗   ██║   ██║ ╚═╝ ██║██║  ██║███████╗███████╗██║  ██║███████╗
╚═╝     ╚══════╝   ╚═╝   ╚═╝     ╚═╝╚═╝  ╚═╝╚══════╝╚══════╝╚═╝  ╚═╝╚══════╝
++++++++++++++++++++++++++++++++++++++++++++++++++++++++++++++++++++++++++++
Developed by:
    Rishika Mohanta, Research Technician, Turner Lab, Janelia Research Campus

Fitting agent: GQLearner
Loading data from:
/groups/turner/home/mohantas/project/FlYMazeRL//data/mohanta2022/training_choice_set.csv
/groups/turner/home/mohantas/project/FlYMazeRL//data/mohanta2022/training_reward_set.csv
Model: GQNN_10-10_relu_acceptreject_symmetric_qp_no-punishment_2022_10_08_20_15_19_609459
Fitting model 1/5. Fold 1/1
Epoch 0: 	Training Loss: 0.6762	Validation Loss: 0.6474
Epoch 500: 	Training Loss: 0.5996	Validation Loss: 0.5975
Epoch 1000: 	Training Loss: 0.6000	Validation Loss: 0.5999
Epoch 1500: 	Training Loss: 0.5993	Validation Loss: 0.5990
Epoch 2000: 	Training Loss: 0.5998	Validation Loss: 0.5988
Epoch 2500: 	Training Loss: 0.6016	Validation Loss: 0.6011
Early stopping at epoch 2983
Best validation loss: 0.5971
Fitting model 2/5. Fold 1/1
Epoch 0: 	Training Loss: 0.6058	Validation Loss: 0.5759
Epoch 500: 	Training Loss: 0.6050	Validation Loss: 0.5800
Epoch 1000: 	Training Loss: 0.6043	Validation Loss: 0.5768
Epoch 1500: 	Training Loss: 0.6036	Validation Loss: 0.5796
Epoch 2000: 	Training Loss: 0.6043	Validation Loss: 0.5775
Epoch 2500: 	Training Loss: 0.6052	Validation Loss: 0.5777
Early stopping at epoch 2502
Best validation loss: 0.5748
Fitting model 3/5. Fold 1/1
Epoch 0: 	Training Loss: 0.5966	Validation Loss: 0.6131
Epoch 500: 	Training Loss: 0.5962	Validation Loss: 0.6133
Epoch 1000: 	Training Loss: 0.5960	Validation Loss: 0.6122
Epoch 1500: 	Training Loss: 0.5965	Validation Loss: 0.6126
Epoch 2000: 	Training Loss: 0.5959	Validation Loss: 0.6125
Epoch 2500: 	Training Loss: 0.5962	Validation Loss: 0.6126
Early stopping at epoch 2553
Best validation loss: 0.6114
Fitting model 4/5. Fold 1/1
Epoch 0: 	Training Loss: 0.6027	Validation Loss: 0.5898
Epoch 500: 	Training Loss: 0.6028	Validation Loss: 0.5861
Epoch 1000: 	Training Loss: 0.6021	Validation Loss: 0.5872
Epoch 1500: 	Training Loss: 0.6174	Validation Loss: 0.5999
Epoch 2000: 	Training Loss: 0.6052	Validation Loss: 0.5877
Epoch 2500: 	Training Loss: 0.6023	Validation Loss: 0.5864
Epoch 3000: 	Training Loss: 0.6028	Validation Loss: 0.5858
Epoch 3500: 	Training Loss: 0.6037	Validation Loss: 0.5874
Epoch 4000: 	Training Loss: 0.6039	Validation Loss: 0.5896
Early stopping at epoch 4225
Best validation loss: 0.5853
Fitting model 5/5. Fold 1/1
Epoch 0: 	Training Loss: 0.5975	Validation Loss: 0.6095
Epoch 500: 	Training Loss: 0.5969	Validation Loss: 0.6113
Epoch 1000: 	Training Loss: 0.6123	Validation Loss: 0.6140
Epoch 1500: 	Training Loss: 0.5963	Validation Loss: 0.6098
Epoch 2000: 	Training Loss: 0.5969	Validation Loss: 0.6106
Epoch 2500: 	Training Loss: 0.5970	Validation Loss: 0.6073
Early stopping at epoch 2589
Best validation loss: 0.6062
Fitting is complete. The model fitting log is available at /groups/turner/turnerlab/Rishika/FlYMazeRL_Fits/nn/mohanta2022/model_fitting_log.csv.
The model is available at /groups/turner/turnerlab/Rishika/FlYMazeRL_Fits/nn/mohanta2022/GQNN_10-10_relu_acceptreject_symmetric_qp_no-punishment_2022_10_08_20_15_19_609459/.
Thank you for using flymazerl. Have a nice day :)

------------------------------------------------------------
Sender: LSF System <lsfadmin@e10u18>
Subject: Job 126381362: <GQNNx10x10-0-1> in cluster <Janelia> Done

Job <GQNNx10x10-0-1> was submitted from host <e05u15> by user <mohantas> in cluster <Janelia> at Sat Oct  8 20:14:59 2022
Job was executed on host(s) <e10u18>, in queue <local>, as user <mohantas> in cluster <Janelia> at Sat Oct  8 20:15:00 2022
</groups/turner/home/mohantas> was used as the home directory.
</groups/turner/home/mohantas/project/FlYMazeRL/flymazerl/scripts/bash> was used as the working directory.
Started at Sat Oct  8 20:15:00 2022
Terminated at Sun Oct  9 23:32:07 2022
Results reported at Sun Oct  9 23:32:07 2022

Your job looked like:

------------------------------------------------------------
# LSBATCH: User input
python ../nn_fitting_mohanta.py --agent GQNN --hidden_state_sizes 10 10 --n_folds 1 --n_ensemble 5 --early_stopping 2500 --symmetric yes --save_path /groups/turner/turnerlab/Rishika/FlYMazeRL_Fits/nn/mohanta2022/ 
------------------------------------------------------------

Successfully completed.

Resource usage summary:

    CPU time :                                   195002.19 sec.
    Max Memory :                                 323 MB
    Average Memory :                             260.49 MB
    Total Requested Memory :                     15360.00 MB
    Delta Memory :                               15037.00 MB
    Max Swap :                                   -
    Max Processes :                              5
    Max Threads :                                14
    Run time :                                   98230 sec.
    Turnaround time :                            98228 sec.

The output (if any) is above this job summary.

