
++++++++++++++++++++++++++++++++++++++++++++++++++++++++++++++++++++++++++++
███████╗██╗     ██╗   ██╗███╗   ███╗ █████╗ ███████╗███████╗██████╗ ██╗     
██╔════╝██║     ╚██╗ ██╔╝████╗ ████║██╔══██╗╚══███╔╝██╔════╝██╔══██╗██║     
█████╗  ██║      ╚████╔╝ ██╔████╔██║███████║  ███╔╝ █████╗  ██████╔╝██║     
██╔══╝  ██║       ╚██╔╝  ██║╚██╔╝██║██╔══██║ ███╔╝  ██╔══╝  ██╔══██╗██║     
██║     ███████╗   ██║   ██║ ╚═╝ ██║██║  ██║███████╗███████╗██║  ██║███████╗
╚═╝     ╚══════╝   ╚═╝   ╚═╝     ╚═╝╚═╝  ╚═╝╚══════╝╚══════╝╚═╝  ╚═╝╚══════╝
++++++++++++++++++++++++++++++++++++++++++++++++++++++++++++++++++++++++++++
Developed by:
    Rishika Mohanta, Research Technician, Turner Lab, Janelia Research Campus

Fitting agent: GQLearner
Loading data from:
/groups/turner/home/mohantas/project/FlYMazeRL//data/rajagopalan2022/training_choice_set.csv
/groups/turner/home/mohantas/project/FlYMazeRL//data/rajagopalan2022/training_reward_set.csv
Model: GQNN_5-5_relu_acceptreject_asymmetric_qp_no-punishment_2022_10_04_02_25_55_496079
Fitting model 1/5. Fold 1/1
Epoch 0: 	Training Loss: 0.6904	Validation Loss: 0.6878
Epoch 500: 	Training Loss: 0.6237	Validation Loss: 0.6400
Epoch 1000: 	Training Loss: 0.6251	Validation Loss: 0.6392
Epoch 1500: 	Training Loss: 0.6233	Validation Loss: 0.6433
Epoch 2000: 	Training Loss: 0.6218	Validation Loss: 0.6388
Epoch 2500: 	Training Loss: 0.6234	Validation Loss: 0.6432
Epoch 3000: 	Training Loss: 0.6234	Validation Loss: 0.6406
Epoch 3500: 	Training Loss: 0.6316	Validation Loss: 0.6499
Epoch 4000: 	Training Loss: 0.6251	Validation Loss: 0.6392
Early stopping at epoch 4176
Best validation loss: 0.6346
Fitting model 2/5. Fold 1/1
Epoch 0: 	Training Loss: 0.6301	Validation Loss: 0.6177
Epoch 500: 	Training Loss: 0.6281	Validation Loss: 0.6184
Epoch 1000: 	Training Loss: 0.6264	Validation Loss: 0.6259
Epoch 1500: 	Training Loss: 0.6263	Validation Loss: 0.6221
Epoch 2000: 	Training Loss: 0.6273	Validation Loss: 0.6253
Epoch 2500: 	Training Loss: 0.6261	Validation Loss: 0.6258
Early stopping at epoch 2540
Best validation loss: 0.6169
Fitting model 3/5. Fold 1/1
Epoch 0: 	Training Loss: 0.6297	Validation Loss: 0.6085
Epoch 500: 	Training Loss: 0.6367	Validation Loss: 0.6137
Epoch 1000: 	Training Loss: 0.6254	Validation Loss: 0.6157
Epoch 1500: 	Training Loss: 0.6256	Validation Loss: 0.6193
Epoch 2000: 	Training Loss: 0.6254	Validation Loss: 0.6152
Epoch 2500: 	Training Loss: 0.6292	Validation Loss: 0.6300
Early stopping at epoch 2500
Best validation loss: 0.6085
Fitting model 4/5. Fold 1/1
Epoch 0: 	Training Loss: 0.6403	Validation Loss: 0.5912
Epoch 500: 	Training Loss: 0.6386	Validation Loss: 0.5936
Epoch 1000: 	Training Loss: 0.6330	Validation Loss: 0.5962
Epoch 1500: 	Training Loss: 0.6332	Validation Loss: 0.5969
Epoch 2000: 	Training Loss: 0.6313	Validation Loss: 0.5964
Epoch 2500: 	Training Loss: 0.6364	Validation Loss: 0.5985
Early stopping at epoch 2857
Best validation loss: 0.5896
Fitting model 5/5. Fold 1/1
Epoch 0: 	Training Loss: 0.6156	Validation Loss: 0.6643
Epoch 500: 	Training Loss: 0.6166	Validation Loss: 0.6771
Epoch 1000: 	Training Loss: 0.6099	Validation Loss: 0.6720
Epoch 1500: 	Training Loss: 0.6106	Validation Loss: 0.6697
Epoch 2000: 	Training Loss: 0.6147	Validation Loss: 0.6860
Epoch 2500: 	Training Loss: 0.6137	Validation Loss: 0.6843
Early stopping at epoch 2503
Best validation loss: 0.6542
Fitting is complete. The model fitting log is available at /groups/turner/turnerlab/Rishika/FlYMazeRL_Fits/nn/rajagopalan2022/model_fitting_log.csv.
The model is available at /groups/turner/turnerlab/Rishika/FlYMazeRL_Fits/nn/rajagopalan2022/GQNN_5-5_relu_acceptreject_asymmetric_qp_no-punishment_2022_10_04_02_25_55_496079/.
Thank you for using flymazerl. Have a nice day :)

------------------------------------------------------------
Sender: LSF System <lsfadmin@e10u15>
Subject: Job 126235989: <GQNNx5x5-1-0> in cluster <Janelia> Done

Job <GQNNx5x5-1-0> was submitted from host <e05u15> by user <mohantas> in cluster <Janelia> at Tue Oct  4 02:25:24 2022
Job was executed on host(s) <e10u15>, in queue <local>, as user <mohantas> in cluster <Janelia> at Tue Oct  4 02:25:24 2022
</groups/turner/home/mohantas> was used as the home directory.
</groups/turner/home/mohantas/project/FlYMazeRL/flymazerl/scripts/bash> was used as the working directory.
Started at Tue Oct  4 02:25:24 2022
Terminated at Tue Oct  4 09:38:26 2022
Results reported at Tue Oct  4 09:38:26 2022

Your job looked like:

------------------------------------------------------------
# LSBATCH: User input
python ../nn_fitting_rajagopalan.py --agent GQNN --hidden_state_sizes 5 5 --n_folds 1 --n_ensemble 5 --early_stopping 2500 --symmetric no --save_path /groups/turner/turnerlab/Rishika/FlYMazeRL_Fits/nn/rajagopalan2022/ 
------------------------------------------------------------

Successfully completed.

Resource usage summary:

    CPU time :                                   51636.91 sec.
    Max Memory :                                 254 MB
    Average Memory :                             239.35 MB
    Total Requested Memory :                     15360.00 MB
    Delta Memory :                               15106.00 MB
    Max Swap :                                   -
    Max Processes :                              5
    Max Threads :                                14
    Run time :                                   25981 sec.
    Turnaround time :                            25982 sec.

The output (if any) is above this job summary.


++++++++++++++++++++++++++++++++++++++++++++++++++++++++++++++++++++++++++++
███████╗██╗     ██╗   ██╗███╗   ███╗ █████╗ ███████╗███████╗██████╗ ██╗     
██╔════╝██║     ╚██╗ ██╔╝████╗ ████║██╔══██╗╚══███╔╝██╔════╝██╔══██╗██║     
█████╗  ██║      ╚████╔╝ ██╔████╔██║███████║  ███╔╝ █████╗  ██████╔╝██║     
██╔══╝  ██║       ╚██╔╝  ██║╚██╔╝██║██╔══██║ ███╔╝  ██╔══╝  ██╔══██╗██║     
██║     ███████╗   ██║   ██║ ╚═╝ ██║██║  ██║███████╗███████╗██║  ██║███████╗
╚═╝     ╚══════╝   ╚═╝   ╚═╝     ╚═╝╚═╝  ╚═╝╚══════╝╚══════╝╚═╝  ╚═╝╚══════╝
++++++++++++++++++++++++++++++++++++++++++++++++++++++++++++++++++++++++++++
Developed by:
    Rishika Mohanta, Research Technician, Turner Lab, Janelia Research Campus

Fitting agent: GQLearner
Loading data from:
/groups/turner/home/mohantas/project/FlYMazeRL//data/mohanta2022/training_choice_set.csv
/groups/turner/home/mohantas/project/FlYMazeRL//data/mohanta2022/training_reward_set.csv
Model: GQNN_5-5_relu_acceptreject_asymmetric_qp_no-punishment_2022_10_08_20_15_30_796345
Fitting model 1/5. Fold 1/1
Epoch 0: 	Training Loss: 0.6754	Validation Loss: 0.6568
Epoch 500: 	Training Loss: 0.5998	Validation Loss: 0.5988
Epoch 1000: 	Training Loss: 0.6005	Validation Loss: 0.5991
Epoch 1500: 	Training Loss: 0.5992	Validation Loss: 0.5968
Epoch 2000: 	Training Loss: 0.5977	Validation Loss: 0.5973
Epoch 2500: 	Training Loss: 0.5991	Validation Loss: 0.5993
Epoch 3000: 	Training Loss: 0.5983	Validation Loss: 0.6002
Epoch 3500: 	Training Loss: 0.6001	Validation Loss: 0.6042
Epoch 4000: 	Training Loss: 0.5980	Validation Loss: 0.6012
Epoch 4500: 	Training Loss: 0.5993	Validation Loss: 0.5979
Epoch 5000: 	Training Loss: 0.5996	Validation Loss: 0.6173
Epoch 5500: 	Training Loss: 0.6042	Validation Loss: 0.5999
Early stopping at epoch 5874
Best validation loss: 0.5951
Fitting model 2/5. Fold 1/1
Epoch 0: 	Training Loss: 0.5935	Validation Loss: 0.6179
Epoch 500: 	Training Loss: 0.5945	Validation Loss: 0.6213
Epoch 1000: 	Training Loss: 0.5929	Validation Loss: 0.6193
Epoch 1500: 	Training Loss: 0.6287	Validation Loss: 0.6802
Epoch 2000: 	Training Loss: 0.5975	Validation Loss: 0.6248
Epoch 2500: 	Training Loss: 0.5927	Validation Loss: 0.6194
Early stopping at epoch 2522
Best validation loss: 0.6173
Fitting model 3/5. Fold 1/1
Epoch 0: 	Training Loss: 0.6086	Validation Loss: 0.6387
Epoch 500: 	Training Loss: 0.6017	Validation Loss: 0.6009
Epoch 1000: 	Training Loss: 0.5980	Validation Loss: 0.5981
Epoch 1500: 	Training Loss: 0.5982	Validation Loss: 0.5964
Epoch 2000: 	Training Loss: 0.6196	Validation Loss: 0.6123
Epoch 2500: 	Training Loss: 0.5991	Validation Loss: 0.6031
Epoch 3000: 	Training Loss: 0.5975	Validation Loss: 0.5974
Early stopping at epoch 3413
Best validation loss: 0.5944
Fitting model 4/5. Fold 1/1
Epoch 0: 	Training Loss: 0.6145	Validation Loss: 0.5655
Epoch 500: 	Training Loss: 0.6080	Validation Loss: 0.5647
Epoch 1000: 	Training Loss: 0.6183	Validation Loss: 0.5638
Epoch 1500: 	Training Loss: 0.6065	Validation Loss: 0.5633
Epoch 2000: 	Training Loss: 0.6295	Validation Loss: 0.5855
Epoch 2500: 	Training Loss: 0.6119	Validation Loss: 0.5686
Epoch 3000: 	Training Loss: 0.7395	Validation Loss: 0.7772
Epoch 3500: 	Training Loss: 0.7318	Validation Loss: 0.7613
Epoch 4000: 	Training Loss: 0.7799	Validation Loss: 0.7636
Early stopping at epoch 4356
Best validation loss: 0.5615
Fitting model 5/5. Fold 1/1
Epoch 0: 	Training Loss: 0.6024	Validation Loss: 0.5859
Epoch 500: 	Training Loss: 0.6092	Validation Loss: 0.5886
Epoch 1000: 	Training Loss: 0.6023	Validation Loss: 0.5853
Epoch 1500: 	Training Loss: 0.6011	Validation Loss: 0.5847
Epoch 2000: 	Training Loss: 0.6009	Validation Loss: 0.5849
Epoch 2500: 	Training Loss: 0.6357	Validation Loss: 0.6016
Early stopping at epoch 2514
Best validation loss: 0.5828
Fitting is complete. The model fitting log is available at /groups/turner/turnerlab/Rishika/FlYMazeRL_Fits/nn/mohanta2022/model_fitting_log.csv.
The model is available at /groups/turner/turnerlab/Rishika/FlYMazeRL_Fits/nn/mohanta2022/GQNN_5-5_relu_acceptreject_asymmetric_qp_no-punishment_2022_10_08_20_15_30_796345/.
Thank you for using flymazerl. Have a nice day :)

------------------------------------------------------------
Sender: LSF System <lsfadmin@e10u14>
Subject: Job 126381395: <GQNNx5x5-1-0> in cluster <Janelia> Done

Job <GQNNx5x5-1-0> was submitted from host <e05u15> by user <mohantas> in cluster <Janelia> at Sat Oct  8 20:15:23 2022
Job was executed on host(s) <e10u14>, in queue <local>, as user <mohantas> in cluster <Janelia> at Sat Oct  8 20:15:23 2022
</groups/turner/home/mohantas> was used as the home directory.
</groups/turner/home/mohantas/project/FlYMazeRL/flymazerl/scripts/bash> was used as the working directory.
Started at Sat Oct  8 20:15:23 2022
Terminated at Sun Oct  9 19:43:46 2022
Results reported at Sun Oct  9 19:43:46 2022

Your job looked like:

------------------------------------------------------------
# LSBATCH: User input
python ../nn_fitting_mohanta.py --agent GQNN --hidden_state_sizes 5 5 --n_folds 1 --n_ensemble 5 --early_stopping 2500 --symmetric no --save_path /groups/turner/turnerlab/Rishika/FlYMazeRL_Fits/nn/mohanta2022/ 
------------------------------------------------------------

Successfully completed.

Resource usage summary:

    CPU time :                                   167793.64 sec.
    Max Memory :                                 344 MB
    Average Memory :                             262.60 MB
    Total Requested Memory :                     15360.00 MB
    Delta Memory :                               15016.00 MB
    Max Swap :                                   -
    Max Processes :                              3
    Max Threads :                                14
    Run time :                                   84500 sec.
    Turnaround time :                            84504 sec.

The output (if any) is above this job summary.

