
++++++++++++++++++++++++++++++++++++++++++++++++++++++++++++++++++++++++++++
███████╗██╗     ██╗   ██╗███╗   ███╗ █████╗ ███████╗███████╗██████╗ ██╗     
██╔════╝██║     ╚██╗ ██╔╝████╗ ████║██╔══██╗╚══███╔╝██╔════╝██╔══██╗██║     
█████╗  ██║      ╚████╔╝ ██╔████╔██║███████║  ███╔╝ █████╗  ██████╔╝██║     
██╔══╝  ██║       ╚██╔╝  ██║╚██╔╝██║██╔══██║ ███╔╝  ██╔══╝  ██╔══██╗██║     
██║     ███████╗   ██║   ██║ ╚═╝ ██║██║  ██║███████╗███████╗██║  ██║███████╗
╚═╝     ╚══════╝   ╚═╝   ╚═╝     ╚═╝╚═╝  ╚═╝╚══════╝╚══════╝╚═╝  ╚═╝╚══════╝
++++++++++++++++++++++++++++++++++++++++++++++++++++++++++++++++++++++++++++
Developed by:
    Rishika Mohanta, Research Technician, Turner Lab, Janelia Research Campus

Fitting agent: GQLearner
Loading data from:
/groups/turner/home/mohantas/project/FlYMazeRL//data/rajagopalan2022/training_choice_set.csv
/groups/turner/home/mohantas/project/FlYMazeRL//data/rajagopalan2022/training_reward_set.csv
Model: GQNN_5_relu_acceptreject_symmetric_qp_no-punishment_2022_10_04_02_25_14_618291
Fitting model 1/5. Fold 1/1
Epoch 0: 	Training Loss: 0.6895	Validation Loss: 0.6881
Epoch 500: 	Training Loss: 0.6251	Validation Loss: 0.6454
Epoch 1000: 	Training Loss: 0.6226	Validation Loss: 0.6487
Epoch 1500: 	Training Loss: 0.6223	Validation Loss: 0.6490
Epoch 2000: 	Training Loss: 0.6225	Validation Loss: 0.6504
Epoch 2500: 	Training Loss: 0.6489	Validation Loss: 0.6569
Early stopping at epoch 2586
Best validation loss: 0.6435
Fitting model 2/5. Fold 1/1
Epoch 0: 	Training Loss: 0.6316	Validation Loss: 0.6304
Epoch 500: 	Training Loss: 0.6264	Validation Loss: 0.6342
Epoch 1000: 	Training Loss: 0.6257	Validation Loss: 0.6340
Epoch 1500: 	Training Loss: 0.6251	Validation Loss: 0.6354
Epoch 2000: 	Training Loss: 0.6248	Validation Loss: 0.6358
Epoch 2500: 	Training Loss: 0.6370	Validation Loss: 0.6391
Early stopping at epoch 2521
Best validation loss: 0.6301
Fitting model 3/5. Fold 1/1
Epoch 0: 	Training Loss: 0.6366	Validation Loss: 0.6136
Epoch 500: 	Training Loss: 0.6328	Validation Loss: 0.6188
Epoch 1000: 	Training Loss: 0.6326	Validation Loss: 0.6203
Epoch 1500: 	Training Loss: 0.6312	Validation Loss: 0.6199
Epoch 2000: 	Training Loss: 0.6297	Validation Loss: 0.6227
Epoch 2500: 	Training Loss: 0.6297	Validation Loss: 0.6237
Early stopping at epoch 2501
Best validation loss: 0.6129
Fitting model 4/5. Fold 1/1
Epoch 0: 	Training Loss: 0.6226	Validation Loss: 0.6595
Epoch 500: 	Training Loss: 0.6201	Validation Loss: 0.6654
Epoch 1000: 	Training Loss: 0.6187	Validation Loss: 0.6648
Epoch 1500: 	Training Loss: 0.6199	Validation Loss: 0.6681
Epoch 2000: 	Training Loss: 0.6184	Validation Loss: 0.6655
Epoch 2500: 	Training Loss: 0.6167	Validation Loss: 0.6686
Early stopping at epoch 2510
Best validation loss: 0.6585
Fitting model 5/5. Fold 1/1
Epoch 0: 	Training Loss: 0.6301	Validation Loss: 0.6299
Epoch 500: 	Training Loss: 0.6284	Validation Loss: 0.6313
Epoch 1000: 	Training Loss: 0.6283	Validation Loss: 0.6312
Epoch 1500: 	Training Loss: 0.6283	Validation Loss: 0.6321
Epoch 2000: 	Training Loss: 0.6281	Validation Loss: 0.6323
Epoch 2500: 	Training Loss: 0.6273	Validation Loss: 0.6310
Epoch 3000: 	Training Loss: 0.6268	Validation Loss: 0.6324
Epoch 3500: 	Training Loss: 0.6259	Validation Loss: 0.6315
Epoch 4000: 	Training Loss: 0.6252	Validation Loss: 0.6321
Epoch 4500: 	Training Loss: 0.6255	Validation Loss: 0.6319
Early stopping at epoch 4823
Best validation loss: 0.6293
Fitting is complete. The model fitting log is available at /groups/turner/turnerlab/Rishika/FlYMazeRL_Fits/nn/rajagopalan2022/model_fitting_log.csv.
The model is available at /groups/turner/turnerlab/Rishika/FlYMazeRL_Fits/nn/rajagopalan2022/GQNN_5_relu_acceptreject_symmetric_qp_no-punishment_2022_10_04_02_25_14_618291/.
Thank you for using flymazerl. Have a nice day :)

------------------------------------------------------------
Sender: LSF System <lsfadmin@e10u14>
Subject: Job 126235671: <GQNNx5-0-1> in cluster <Janelia> Done

Job <GQNNx5-0-1> was submitted from host <e05u15> by user <mohantas> in cluster <Janelia> at Tue Oct  4 02:24:49 2022
Job was executed on host(s) <e10u14>, in queue <local>, as user <mohantas> in cluster <Janelia> at Tue Oct  4 02:24:50 2022
</groups/turner/home/mohantas> was used as the home directory.
</groups/turner/home/mohantas/project/FlYMazeRL/flymazerl/scripts/bash> was used as the working directory.
Started at Tue Oct  4 02:24:50 2022
Terminated at Tue Oct  4 07:26:38 2022
Results reported at Tue Oct  4 07:26:38 2022

Your job looked like:

------------------------------------------------------------
# LSBATCH: User input
python ../nn_fitting_rajagopalan.py --agent GQNN --hidden_state_sizes 5 --n_folds 1 --n_ensemble 5 --early_stopping 2500 --symmetric yes --save_path /groups/turner/turnerlab/Rishika/FlYMazeRL_Fits/nn/rajagopalan2022/ 
------------------------------------------------------------

Successfully completed.

Resource usage summary:

    CPU time :                                   36044.73 sec.
    Max Memory :                                 259 MB
    Average Memory :                             244.60 MB
    Total Requested Memory :                     15360.00 MB
    Delta Memory :                               15101.00 MB
    Max Swap :                                   -
    Max Processes :                              3
    Max Threads :                                14
    Run time :                                   18109 sec.
    Turnaround time :                            18109 sec.

The output (if any) is above this job summary.


++++++++++++++++++++++++++++++++++++++++++++++++++++++++++++++++++++++++++++
███████╗██╗     ██╗   ██╗███╗   ███╗ █████╗ ███████╗███████╗██████╗ ██╗     
██╔════╝██║     ╚██╗ ██╔╝████╗ ████║██╔══██╗╚══███╔╝██╔════╝██╔══██╗██║     
█████╗  ██║      ╚████╔╝ ██╔████╔██║███████║  ███╔╝ █████╗  ██████╔╝██║     
██╔══╝  ██║       ╚██╔╝  ██║╚██╔╝██║██╔══██║ ███╔╝  ██╔══╝  ██╔══██╗██║     
██║     ███████╗   ██║   ██║ ╚═╝ ██║██║  ██║███████╗███████╗██║  ██║███████╗
╚═╝     ╚══════╝   ╚═╝   ╚═╝     ╚═╝╚═╝  ╚═╝╚══════╝╚══════╝╚═╝  ╚═╝╚══════╝
++++++++++++++++++++++++++++++++++++++++++++++++++++++++++++++++++++++++++++
Developed by:
    Rishika Mohanta, Research Technician, Turner Lab, Janelia Research Campus

Fitting agent: GQLearner
Loading data from:
/groups/turner/home/mohantas/project/FlYMazeRL//data/mohanta2022/training_choice_set.csv
/groups/turner/home/mohantas/project/FlYMazeRL//data/mohanta2022/training_reward_set.csv
Model: GQNN_5_relu_acceptreject_symmetric_qp_no-punishment_2022_10_08_20_14_57_208329
Fitting model 1/5. Fold 1/1
Epoch 0: 	Training Loss: 0.6882	Validation Loss: 0.6651
Epoch 500: 	Training Loss: 0.5946	Validation Loss: 0.6166
Epoch 1000: 	Training Loss: 0.6018	Validation Loss: 0.6176
Epoch 1500: 	Training Loss: 0.5942	Validation Loss: 0.6184
Epoch 2000: 	Training Loss: 0.5936	Validation Loss: 0.6204
Epoch 2500: 	Training Loss: 0.5980	Validation Loss: 0.6206
Early stopping at epoch 2716
Best validation loss: 0.6156
Fitting model 2/5. Fold 1/1
Epoch 0: 	Training Loss: 0.6115	Validation Loss: 0.5548
Epoch 500: 	Training Loss: 0.6102	Validation Loss: 0.5554
Epoch 1000: 	Training Loss: 0.6105	Validation Loss: 0.5553
Epoch 1500: 	Training Loss: 0.6108	Validation Loss: 0.5552
Epoch 2000: 	Training Loss: 0.6102	Validation Loss: 0.5549
Epoch 2500: 	Training Loss: 0.6104	Validation Loss: 0.5548
Epoch 3000: 	Training Loss: 0.6111	Validation Loss: 0.5549
Epoch 3500: 	Training Loss: 0.6101	Validation Loss: 0.5551
Epoch 4000: 	Training Loss: 0.6098	Validation Loss: 0.5552
Epoch 4500: 	Training Loss: 0.6103	Validation Loss: 0.5557
Early stopping at epoch 4603
Best validation loss: 0.5541
Fitting model 3/5. Fold 1/1
Epoch 0: 	Training Loss: 0.6030	Validation Loss: 0.5839
Epoch 500: 	Training Loss: 0.6030	Validation Loss: 0.5852
Epoch 1000: 	Training Loss: 0.6023	Validation Loss: 0.5849
Epoch 1500: 	Training Loss: 0.6032	Validation Loss: 0.5861
Epoch 2000: 	Training Loss: 0.6027	Validation Loss: 0.5860
Epoch 2500: 	Training Loss: 0.6028	Validation Loss: 0.5853
Early stopping at epoch 2500
Best validation loss: 0.5839
Fitting model 4/5. Fold 1/1
Epoch 0: 	Training Loss: 0.5958	Validation Loss: 0.6135
Epoch 500: 	Training Loss: 0.5966	Validation Loss: 0.6141
Epoch 1000: 	Training Loss: 0.5955	Validation Loss: 0.6128
Epoch 1500: 	Training Loss: 0.5950	Validation Loss: 0.6134
Epoch 2000: 	Training Loss: 0.5956	Validation Loss: 0.6142
Epoch 2500: 	Training Loss: 0.5957	Validation Loss: 0.6136
Early stopping at epoch 2504
Best validation loss: 0.6121
Fitting model 5/5. Fold 1/1
Epoch 0: 	Training Loss: 0.5952	Validation Loss: 0.6141
Epoch 500: 	Training Loss: 0.5944	Validation Loss: 0.6176
Epoch 1000: 	Training Loss: 0.6172	Validation Loss: 0.6539
Epoch 1500: 	Training Loss: 0.5943	Validation Loss: 0.6174
Epoch 2000: 	Training Loss: 0.6040	Validation Loss: 0.6234
Epoch 2500: 	Training Loss: 0.5939	Validation Loss: 0.6180
Early stopping at epoch 2500
Best validation loss: 0.6141
Fitting is complete. The model fitting log is available at /groups/turner/turnerlab/Rishika/FlYMazeRL_Fits/nn/mohanta2022/model_fitting_log.csv.
The model is available at /groups/turner/turnerlab/Rishika/FlYMazeRL_Fits/nn/mohanta2022/GQNN_5_relu_acceptreject_symmetric_qp_no-punishment_2022_10_08_20_14_57_208329/.
Thank you for using flymazerl. Have a nice day :)

------------------------------------------------------------
Sender: LSF System <lsfadmin@e10u03>
Subject: Job 126381346: <GQNNx5-0-1> in cluster <Janelia> Done

Job <GQNNx5-0-1> was submitted from host <e05u15> by user <mohantas> in cluster <Janelia> at Sat Oct  8 20:14:50 2022
Job was executed on host(s) <e10u03>, in queue <local>, as user <mohantas> in cluster <Janelia> at Sat Oct  8 20:14:51 2022
</groups/turner/home/mohantas> was used as the home directory.
</groups/turner/home/mohantas/project/FlYMazeRL/flymazerl/scripts/bash> was used as the working directory.
Started at Sat Oct  8 20:14:51 2022
Terminated at Mon Oct 10 01:26:58 2022
Results reported at Mon Oct 10 01:26:58 2022

Your job looked like:

------------------------------------------------------------
# LSBATCH: User input
python ../nn_fitting_mohanta.py --agent GQNN --hidden_state_sizes 5 --n_folds 1 --n_ensemble 5 --early_stopping 2500 --symmetric yes --save_path /groups/turner/turnerlab/Rishika/FlYMazeRL_Fits/nn/mohanta2022/ 
------------------------------------------------------------

Successfully completed.

Resource usage summary:

    CPU time :                                   208436.25 sec.
    Max Memory :                                 317 MB
    Average Memory :                             253.95 MB
    Total Requested Memory :                     15360.00 MB
    Delta Memory :                               15043.00 MB
    Max Swap :                                   -
    Max Processes :                              3
    Max Threads :                                14
    Run time :                                   105126 sec.
    Turnaround time :                            105128 sec.

The output (if any) is above this job summary.

