
++++++++++++++++++++++++++++++++++++++++++++++++++++++++++++++++++++++++++++
███████╗██╗     ██╗   ██╗███╗   ███╗ █████╗ ███████╗███████╗██████╗ ██╗     
██╔════╝██║     ╚██╗ ██╔╝████╗ ████║██╔══██╗╚══███╔╝██╔════╝██╔══██╗██║     
█████╗  ██║      ╚████╔╝ ██╔████╔██║███████║  ███╔╝ █████╗  ██████╔╝██║     
██╔══╝  ██║       ╚██╔╝  ██║╚██╔╝██║██╔══██║ ███╔╝  ██╔══╝  ██╔══██╗██║     
██║     ███████╗   ██║   ██║ ╚═╝ ██║██║  ██║███████╗███████╗██║  ██║███████╗
╚═╝     ╚══════╝   ╚═╝   ╚═╝     ╚═╝╚═╝  ╚═╝╚══════╝╚══════╝╚═╝  ╚═╝╚══════╝
++++++++++++++++++++++++++++++++++++++++++++++++++++++++++++++++++++++++++++
Developed by:
    Rishika Mohanta, Research Technician, Turner Lab, Janelia Research Campus

Fitting agent: GQLearner
Loading data from:
/groups/turner/home/mohantas/project/FlYMazeRL//data/rajagopalan2022/training_choice_set.csv
/groups/turner/home/mohantas/project/FlYMazeRL//data/rajagopalan2022/training_reward_set.csv
Model: GQNN_2_relu_acceptreject_symmetric_qp_no-punishment_2022_10_04_02_24_58_113044
Fitting model 1/5. Fold 1/1
Epoch 0: 	Training Loss: 0.7197	Validation Loss: 0.7092
Epoch 500: 	Training Loss: 0.6215	Validation Loss: 0.6532
Epoch 1000: 	Training Loss: 0.6214	Validation Loss: 0.6527
Epoch 1500: 	Training Loss: 0.6212	Validation Loss: 0.6527
Epoch 2000: 	Training Loss: 0.6213	Validation Loss: 0.6528
Epoch 2500: 	Training Loss: 0.6213	Validation Loss: 0.6526
Early stopping at epoch 2829
Best validation loss: 0.6518
Fitting model 2/5. Fold 1/1
Epoch 0: 	Training Loss: 0.6332	Validation Loss: 0.6140
Epoch 500: 	Training Loss: 0.6316	Validation Loss: 0.6153
Epoch 1000: 	Training Loss: 0.6315	Validation Loss: 0.6157
Epoch 1500: 	Training Loss: 0.6315	Validation Loss: 0.6161
Epoch 2000: 	Training Loss: 0.6316	Validation Loss: 0.6160
Epoch 2500: 	Training Loss: 0.6312	Validation Loss: 0.6164
Early stopping at epoch 2500
Best validation loss: 0.6140
Fitting model 3/5. Fold 1/1
Epoch 0: 	Training Loss: 0.6339	Validation Loss: 0.6114
Epoch 500: 	Training Loss: 0.6327	Validation Loss: 0.6132
Epoch 1000: 	Training Loss: 0.6321	Validation Loss: 0.6154
Epoch 1500: 	Training Loss: 0.6317	Validation Loss: 0.6154
Epoch 2000: 	Training Loss: 0.6316	Validation Loss: 0.6163
Epoch 2500: 	Training Loss: 0.6314	Validation Loss: 0.6163
Early stopping at epoch 2518
Best validation loss: 0.6110
Fitting model 4/5. Fold 1/1
Epoch 0: 	Training Loss: 0.6294	Validation Loss: 0.6275
Epoch 500: 	Training Loss: 0.6284	Validation Loss: 0.6274
Epoch 1000: 	Training Loss: 0.6282	Validation Loss: 0.6276
Epoch 1500: 	Training Loss: 0.6283	Validation Loss: 0.6270
Epoch 2000: 	Training Loss: 0.6279	Validation Loss: 0.6273
Epoch 2500: 	Training Loss: 0.6280	Validation Loss: 0.6271
Epoch 3000: 	Training Loss: 0.6278	Validation Loss: 0.6272
Epoch 3500: 	Training Loss: 0.6280	Validation Loss: 0.6271
Epoch 4000: 	Training Loss: 0.6278	Validation Loss: 0.6272
Epoch 4500: 	Training Loss: 0.6278	Validation Loss: 0.6271
Epoch 5000: 	Training Loss: 0.6278	Validation Loss: 0.6271
Epoch 5500: 	Training Loss: 0.6279	Validation Loss: 0.6272
Epoch 6000: 	Training Loss: 0.6280	Validation Loss: 0.6273
Early stopping at epoch 6007
Best validation loss: 0.6268
Fitting model 5/5. Fold 1/1
Epoch 0: 	Training Loss: 0.6346	Validation Loss: 0.6049
Epoch 500: 	Training Loss: 0.6342	Validation Loss: 0.6056
Epoch 1000: 	Training Loss: 0.6326	Validation Loss: 0.6156
Epoch 1500: 	Training Loss: 0.6325	Validation Loss: 0.6131
Epoch 2000: 	Training Loss: 0.6328	Validation Loss: 0.6131
Epoch 2500: 	Training Loss: 0.6332	Validation Loss: 0.6067
Epoch 3000: 	Training Loss: 0.6332	Validation Loss: 0.6089
Epoch 3500: 	Training Loss: 0.6329	Validation Loss: 0.6082
Epoch 4000: 	Training Loss: 0.6328	Validation Loss: 0.6089
Epoch 4500: 	Training Loss: 0.6329	Validation Loss: 0.6085
Early stopping at epoch 4602
Best validation loss: 0.6037
Fitting is complete. The model fitting log is available at /groups/turner/turnerlab/Rishika/FlYMazeRL_Fits/nn/rajagopalan2022/model_fitting_log.csv.
The model is available at /groups/turner/turnerlab/Rishika/FlYMazeRL_Fits/nn/rajagopalan2022/GQNN_2_relu_acceptreject_symmetric_qp_no-punishment_2022_10_04_02_24_58_113044/.
Thank you for using flymazerl. Have a nice day :)

------------------------------------------------------------
Sender: LSF System <lsfadmin@e10u04>
Subject: Job 126235658: <GQNNx2-1-1> in cluster <Janelia> Done

Job <GQNNx2-1-1> was submitted from host <e05u15> by user <mohantas> in cluster <Janelia> at Tue Oct  4 02:24:48 2022
Job was executed on host(s) <e10u04>, in queue <local>, as user <mohantas> in cluster <Janelia> at Tue Oct  4 02:24:48 2022
</groups/turner/home/mohantas> was used as the home directory.
</groups/turner/home/mohantas/project/FlYMazeRL/flymazerl/scripts/bash> was used as the working directory.
Started at Tue Oct  4 02:24:48 2022
Terminated at Tue Oct  4 08:09:11 2022
Results reported at Tue Oct  4 08:09:11 2022

Your job looked like:

------------------------------------------------------------
# LSBATCH: User input
python ../nn_fitting_rajagopalan.py --agent GQNN --hidden_state_sizes 2 --n_folds 1 --n_ensemble 5 --early_stopping 2500 --symmetric yes --save_path /groups/turner/turnerlab/Rishika/FlYMazeRL_Fits/nn/rajagopalan2022/ 
------------------------------------------------------------

Successfully completed.

Resource usage summary:

    CPU time :                                   41162.75 sec.
    Max Memory :                                 262 MB
    Average Memory :                             241.22 MB
    Total Requested Memory :                     15360.00 MB
    Delta Memory :                               15098.00 MB
    Max Swap :                                   -
    Max Processes :                              3
    Max Threads :                                14
    Run time :                                   20662 sec.
    Turnaround time :                            20663 sec.

The output (if any) is above this job summary.


++++++++++++++++++++++++++++++++++++++++++++++++++++++++++++++++++++++++++++
███████╗██╗     ██╗   ██╗███╗   ███╗ █████╗ ███████╗███████╗██████╗ ██╗     
██╔════╝██║     ╚██╗ ██╔╝████╗ ████║██╔══██╗╚══███╔╝██╔════╝██╔══██╗██║     
█████╗  ██║      ╚████╔╝ ██╔████╔██║███████║  ███╔╝ █████╗  ██████╔╝██║     
██╔══╝  ██║       ╚██╔╝  ██║╚██╔╝██║██╔══██║ ███╔╝  ██╔══╝  ██╔══██╗██║     
██║     ███████╗   ██║   ██║ ╚═╝ ██║██║  ██║███████╗███████╗██║  ██║███████╗
╚═╝     ╚══════╝   ╚═╝   ╚═╝     ╚═╝╚═╝  ╚═╝╚══════╝╚══════╝╚═╝  ╚═╝╚══════╝
++++++++++++++++++++++++++++++++++++++++++++++++++++++++++++++++++++++++++++
Developed by:
    Rishika Mohanta, Research Technician, Turner Lab, Janelia Research Campus

Fitting agent: GQLearner
Loading data from:
/groups/turner/home/mohantas/project/FlYMazeRL//data/mohanta2022/training_choice_set.csv
/groups/turner/home/mohantas/project/FlYMazeRL//data/mohanta2022/training_reward_set.csv
Model: GQNN_2_relu_acceptreject_symmetric_qp_no-punishment_2022_10_08_20_14_55_799187
Traceback (most recent call last):
  File "/groups/turner/home/mohantas/project/FlYMazeRL/flymazerl/scripts/bash/../nn_fitting_mohanta.py", line 172, in <module>
    os.makedirs(save_path)
  File "/groups/turner/home/mohantas/anaconda3/envs/flymazerl/lib/python3.9/os.py", line 225, in makedirs
    mkdir(name, mode)
FileExistsError: [Errno 17] File exists: '/groups/turner/turnerlab/Rishika/FlYMazeRL_Fits/nn/mohanta2022/GQNN_2_relu_acceptreject_symmetric_qp_no-punishment_2022_10_08_20_14_55_799187/'

------------------------------------------------------------
Sender: LSF System <lsfadmin@e10u03>
Subject: Job 126381343: <GQNNx2-1-1> in cluster <Janelia> Exited

Job <GQNNx2-1-1> was submitted from host <e05u15> by user <mohantas> in cluster <Janelia> at Sat Oct  8 20:14:49 2022
Job was executed on host(s) <e10u03>, in queue <local>, as user <mohantas> in cluster <Janelia> at Sat Oct  8 20:14:50 2022
</groups/turner/home/mohantas> was used as the home directory.
</groups/turner/home/mohantas/project/FlYMazeRL/flymazerl/scripts/bash> was used as the working directory.
Started at Sat Oct  8 20:14:50 2022
Terminated at Sat Oct  8 20:15:06 2022
Results reported at Sat Oct  8 20:15:06 2022

Your job looked like:

------------------------------------------------------------
# LSBATCH: User input
python ../nn_fitting_mohanta.py --agent GQNN --hidden_state_sizes 2 --n_folds 1 --n_ensemble 5 --early_stopping 2500 --symmetric yes --save_path /groups/turner/turnerlab/Rishika/FlYMazeRL_Fits/nn/mohanta2022/ 
------------------------------------------------------------

Exited with exit code 1.

Resource usage summary:

    CPU time :                                   4.98 sec.
    Max Memory :                                 86 MB
    Average Memory :                             58.67 MB
    Total Requested Memory :                     15360.00 MB
    Delta Memory :                               15274.00 MB
    Max Swap :                                   -
    Max Processes :                              3
    Max Threads :                                12
    Run time :                                   4 sec.
    Turnaround time :                            17 sec.

The output (if any) is above this job summary.

