
++++++++++++++++++++++++++++++++++++++++++++++++++++++++++++++++++++++++++++
███████╗██╗     ██╗   ██╗███╗   ███╗ █████╗ ███████╗███████╗██████╗ ██╗     
██╔════╝██║     ╚██╗ ██╔╝████╗ ████║██╔══██╗╚══███╔╝██╔════╝██╔══██╗██║     
█████╗  ██║      ╚████╔╝ ██╔████╔██║███████║  ███╔╝ █████╗  ██████╔╝██║     
██╔══╝  ██║       ╚██╔╝  ██║╚██╔╝██║██╔══██║ ███╔╝  ██╔══╝  ██╔══██╗██║     
██║     ███████╗   ██║   ██║ ╚═╝ ██║██║  ██║███████╗███████╗██║  ██║███████╗
╚═╝     ╚══════╝   ╚═╝   ╚═╝     ╚═╝╚═╝  ╚═╝╚══════╝╚══════╝╚═╝  ╚═╝╚══════╝
++++++++++++++++++++++++++++++++++++++++++++++++++++++++++++++++++++++++++++
Developed by:
    Rishika Mohanta, Research Technician, Turner Lab, Janelia Research Campus

Fitting agent: GQLearner
Loading data from:
/groups/turner/home/mohantas/project/FlYMazeRL//data/rajagopalan2022/training_choice_set.csv
/groups/turner/home/mohantas/project/FlYMazeRL//data/rajagopalan2022/training_reward_set.csv
Model: GQNN_5-5_relu_acceptreject_symmetric_qp_no-punishment_2022_10_04_02_25_23_590103
Traceback (most recent call last):
  File "/groups/turner/home/mohantas/project/FlYMazeRL/flymazerl/scripts/bash/../nn_fitting_rajagopalan.py", line 172, in <module>
    os.makedirs(save_path)
  File "/groups/turner/home/mohantas/anaconda3/envs/flymazerl/lib/python3.9/os.py", line 225, in makedirs
    mkdir(name, mode)
FileExistsError: [Errno 17] File exists: '/groups/turner/turnerlab/Rishika/FlYMazeRL_Fits/nn/rajagopalan2022/GQNN_5-5_relu_acceptreject_symmetric_qp_no-punishment_2022_10_04_02_25_23_590103/'

------------------------------------------------------------
Sender: LSF System <lsfadmin@e10u27>
Subject: Job 126235723: <GQNNx5x5-0-1> in cluster <Janelia> Exited

Job <GQNNx5x5-0-1> was submitted from host <e05u15> by user <mohantas> in cluster <Janelia> at Tue Oct  4 02:24:56 2022
Job was executed on host(s) <e10u27>, in queue <local>, as user <mohantas> in cluster <Janelia> at Tue Oct  4 02:24:56 2022
</groups/turner/home/mohantas> was used as the home directory.
</groups/turner/home/mohantas/project/FlYMazeRL/flymazerl/scripts/bash> was used as the working directory.
Started at Tue Oct  4 02:24:56 2022
Terminated at Tue Oct  4 02:25:26 2022
Results reported at Tue Oct  4 02:25:26 2022

Your job looked like:

------------------------------------------------------------
# LSBATCH: User input
python ../nn_fitting_rajagopalan.py --agent GQNN --hidden_state_sizes 5 5 --n_folds 1 --n_ensemble 5 --early_stopping 2500 --symmetric yes --save_path /groups/turner/turnerlab/Rishika/FlYMazeRL_Fits/nn/rajagopalan2022/ 
------------------------------------------------------------

Exited with exit code 1.

Resource usage summary:

    CPU time :                                   4.16 sec.
    Max Memory :                                 185 MB
    Average Memory :                             133.20 MB
    Total Requested Memory :                     15360.00 MB
    Delta Memory :                               15175.00 MB
    Max Swap :                                   -
    Max Processes :                              3
    Max Threads :                                12
    Run time :                                   29 sec.
    Turnaround time :                            30 sec.

The output (if any) is above this job summary.


++++++++++++++++++++++++++++++++++++++++++++++++++++++++++++++++++++++++++++
███████╗██╗     ██╗   ██╗███╗   ███╗ █████╗ ███████╗███████╗██████╗ ██╗     
██╔════╝██║     ╚██╗ ██╔╝████╗ ████║██╔══██╗╚══███╔╝██╔════╝██╔══██╗██║     
█████╗  ██║      ╚████╔╝ ██╔████╔██║███████║  ███╔╝ █████╗  ██████╔╝██║     
██╔══╝  ██║       ╚██╔╝  ██║╚██╔╝██║██╔══██║ ███╔╝  ██╔══╝  ██╔══██╗██║     
██║     ███████╗   ██║   ██║ ╚═╝ ██║██║  ██║███████╗███████╗██║  ██║███████╗
╚═╝     ╚══════╝   ╚═╝   ╚═╝     ╚═╝╚═╝  ╚═╝╚══════╝╚══════╝╚═╝  ╚═╝╚══════╝
++++++++++++++++++++++++++++++++++++++++++++++++++++++++++++++++++++++++++++
Developed by:
    Rishika Mohanta, Research Technician, Turner Lab, Janelia Research Campus

Fitting agent: GQLearner
Loading data from:
/groups/turner/home/mohantas/project/FlYMazeRL//data/mohanta2022/training_choice_set.csv
/groups/turner/home/mohantas/project/FlYMazeRL//data/mohanta2022/training_reward_set.csv
Model: GQNN_5-5_relu_acceptreject_symmetric_qp_no-punishment_2022_10_08_20_15_19_609464
Fitting model 1/5. Fold 1/1
Epoch 0: 	Training Loss: 0.6774	Validation Loss: 0.6649
Epoch 500: 	Training Loss: 0.5929	Validation Loss: 0.6263
Epoch 1000: 	Training Loss: 0.5923	Validation Loss: 0.6227
Epoch 1500: 	Training Loss: 0.5933	Validation Loss: 0.6239
Epoch 2000: 	Training Loss: 0.5922	Validation Loss: 0.6233
Epoch 2500: 	Training Loss: 0.5929	Validation Loss: 0.6262
Epoch 3000: 	Training Loss: 0.5931	Validation Loss: 0.6253
Epoch 3500: 	Training Loss: 0.5943	Validation Loss: 0.6303
Epoch 4000: 	Training Loss: 0.5922	Validation Loss: 0.6237
Epoch 4500: 	Training Loss: 0.5928	Validation Loss: 0.6252
Epoch 5000: 	Training Loss: 0.5928	Validation Loss: 0.6278
Epoch 5500: 	Training Loss: 0.5927	Validation Loss: 0.6284
Epoch 6000: 	Training Loss: 0.5939	Validation Loss: 0.6296
Epoch 6500: 	Training Loss: 0.5936	Validation Loss: 0.6254
Epoch 7000: 	Training Loss: 0.5935	Validation Loss: 0.6225
Early stopping at epoch 7377
Best validation loss: 0.6215
Fitting model 2/5. Fold 1/1
Epoch 0: 	Training Loss: 0.6041	Validation Loss: 0.5837
Epoch 500: 	Training Loss: 0.6032	Validation Loss: 0.5812
Epoch 1000: 	Training Loss: 0.6030	Validation Loss: 0.5804
Epoch 1500: 	Training Loss: 0.6089	Validation Loss: 0.6141
Epoch 2000: 	Training Loss: 0.6027	Validation Loss: 0.5811
Epoch 2500: 	Training Loss: 0.6034	Validation Loss: 0.5819
Epoch 3000: 	Training Loss: 0.6042	Validation Loss: 0.5828
Epoch 3500: 	Training Loss: 0.6028	Validation Loss: 0.5818
Epoch 4000: 	Training Loss: 0.6028	Validation Loss: 0.5823
Epoch 4500: 	Training Loss: 0.6028	Validation Loss: 0.5819
Early stopping at epoch 4534
Best validation loss: 0.5798
Fitting model 3/5. Fold 1/1
Epoch 0: 	Training Loss: 0.6148	Validation Loss: 0.5390
Epoch 500: 	Training Loss: 0.6128	Validation Loss: 0.5403
Epoch 1000: 	Training Loss: 0.6131	Validation Loss: 0.5402
Epoch 1500: 	Training Loss: 0.6136	Validation Loss: 0.5409
Epoch 2000: 	Training Loss: 0.6139	Validation Loss: 0.5410
Epoch 2500: 	Training Loss: 0.6144	Validation Loss: 0.5413
Early stopping at epoch 2500
Best validation loss: 0.5390
Fitting model 4/5. Fold 1/1
Epoch 0: 	Training Loss: 0.5977	Validation Loss: 0.6057
Epoch 500: 	Training Loss: 0.5971	Validation Loss: 0.6046
Epoch 1000: 	Training Loss: 0.5971	Validation Loss: 0.6051
Epoch 1500: 	Training Loss: 0.5969	Validation Loss: 0.6111
Epoch 2000: 	Training Loss: 0.5969	Validation Loss: 0.6075
Epoch 2500: 	Training Loss: 0.5966	Validation Loss: 0.6064
Early stopping at epoch 2540
Best validation loss: 0.6032
Fitting model 5/5. Fold 1/1
Epoch 0: 	Training Loss: 0.5978	Validation Loss: 0.6053
Epoch 500: 	Training Loss: 0.5972	Validation Loss: 0.6063
Epoch 1000: 	Training Loss: 0.5984	Validation Loss: 0.6053
Epoch 1500: 	Training Loss: 0.5966	Validation Loss: 0.6056
Epoch 2000: 	Training Loss: 0.5974	Validation Loss: 0.6064
Epoch 2500: 	Training Loss: 0.5977	Validation Loss: 0.6061
Early stopping at epoch 2502
Best validation loss: 0.6039
Fitting is complete. The model fitting log is available at /groups/turner/turnerlab/Rishika/FlYMazeRL_Fits/nn/mohanta2022/model_fitting_log.csv.
The model is available at /groups/turner/turnerlab/Rishika/FlYMazeRL_Fits/nn/mohanta2022/GQNN_5-5_relu_acceptreject_symmetric_qp_no-punishment_2022_10_08_20_15_19_609464/.
Thank you for using flymazerl. Have a nice day :)

------------------------------------------------------------
Sender: LSF System <lsfadmin@e10u18>
Subject: Job 126381358: <GQNNx5x5-0-1> in cluster <Janelia> Done

Job <GQNNx5x5-0-1> was submitted from host <e05u15> by user <mohantas> in cluster <Janelia> at Sat Oct  8 20:14:57 2022
Job was executed on host(s) <e10u18>, in queue <local>, as user <mohantas> in cluster <Janelia> at Sat Oct  8 20:14:57 2022
</groups/turner/home/mohantas> was used as the home directory.
</groups/turner/home/mohantas/project/FlYMazeRL/flymazerl/scripts/bash> was used as the working directory.
Started at Sat Oct  8 20:14:57 2022
Terminated at Mon Oct 10 06:21:10 2022
Results reported at Mon Oct 10 06:21:10 2022

Your job looked like:

------------------------------------------------------------
# LSBATCH: User input
python ../nn_fitting_mohanta.py --agent GQNN --hidden_state_sizes 5 5 --n_folds 1 --n_ensemble 5 --early_stopping 2500 --symmetric yes --save_path /groups/turner/turnerlab/Rishika/FlYMazeRL_Fits/nn/mohanta2022/ 
------------------------------------------------------------

Successfully completed.

Resource usage summary:

    CPU time :                                   243735.52 sec.
    Max Memory :                                 361 MB
    Average Memory :                             264.19 MB
    Total Requested Memory :                     15360.00 MB
    Delta Memory :                               14999.00 MB
    Max Swap :                                   -
    Max Processes :                              5
    Max Threads :                                14
    Run time :                                   122772 sec.
    Turnaround time :                            122773 sec.

The output (if any) is above this job summary.

