
++++++++++++++++++++++++++++++++++++++++++++++++++++++++++++++++++++++++++++
███████╗██╗     ██╗   ██╗███╗   ███╗ █████╗ ███████╗███████╗██████╗ ██╗     
██╔════╝██║     ╚██╗ ██╔╝████╗ ████║██╔══██╗╚══███╔╝██╔════╝██╔══██╗██║     
█████╗  ██║      ╚████╔╝ ██╔████╔██║███████║  ███╔╝ █████╗  ██████╔╝██║     
██╔══╝  ██║       ╚██╔╝  ██║╚██╔╝██║██╔══██║ ███╔╝  ██╔══╝  ██╔══██╗██║     
██║     ███████╗   ██║   ██║ ╚═╝ ██║██║  ██║███████╗███████╗██║  ██║███████╗
╚═╝     ╚══════╝   ╚═╝   ╚═╝     ╚═╝╚═╝  ╚═╝╚══════╝╚══════╝╚═╝  ╚═╝╚══════╝
++++++++++++++++++++++++++++++++++++++++++++++++++++++++++++++++++++++++++++
Developed by:
    Rishika Mohanta, Research Technician, Turner Lab, Janelia Research Campus

Fitting agent: GQLearner
Loading data from:
/groups/turner/home/mohantas/project/FlYMazeRL//data/rajagopalan2022/training_choice_set.csv
/groups/turner/home/mohantas/project/FlYMazeRL//data/rajagopalan2022/training_reward_set.csv
Model: GQNN_10-10_relu_acceptreject_asymmetric_qp_no-punishment_2022_10_04_02_25_30_993267
Fitting model 1/5. Fold 1/1
Epoch 0: 	Training Loss: 0.6876	Validation Loss: 0.6809
Epoch 500: 	Training Loss: 0.6291	Validation Loss: 0.6258
Epoch 1000: 	Training Loss: 0.6259	Validation Loss: 0.6284
Epoch 1500: 	Training Loss: 0.6246	Validation Loss: 0.6270
Epoch 2000: 	Training Loss: 0.6308	Validation Loss: 0.6311
Epoch 2500: 	Training Loss: 0.6386	Validation Loss: 0.6414
Epoch 3000: 	Training Loss: 0.6605	Validation Loss: 0.6646
Early stopping at epoch 3077
Best validation loss: 0.6205
Fitting model 2/5. Fold 1/1
Epoch 0: 	Training Loss: 0.6355	Validation Loss: 0.6137
Epoch 500: 	Training Loss: 0.6304	Validation Loss: 0.6035
Epoch 1000: 	Training Loss: 0.6298	Validation Loss: 0.6070
Epoch 1500: 	Training Loss: 0.6307	Validation Loss: 0.6125
Epoch 2000: 	Training Loss: 0.6332	Validation Loss: 0.6118
Epoch 2500: 	Training Loss: 0.6375	Validation Loss: 0.6153
Epoch 3000: 	Training Loss: 0.6337	Validation Loss: 0.6159
Epoch 3500: 	Training Loss: 0.6336	Validation Loss: 0.6151
Epoch 4000: 	Training Loss: 0.6291	Validation Loss: 0.6153
Epoch 4500: 	Training Loss: 0.6651	Validation Loss: 0.6478
Epoch 5000: 	Training Loss: 0.6288	Validation Loss: 0.6100
Epoch 5500: 	Training Loss: 0.6305	Validation Loss: 0.6145
Early stopping at epoch 5593
Best validation loss: 0.5986
Fitting model 3/5. Fold 1/1
Epoch 0: 	Training Loss: 0.6251	Validation Loss: 0.6298
Epoch 500: 	Training Loss: 0.6205	Validation Loss: 0.6368
Epoch 1000: 	Training Loss: 0.6337	Validation Loss: 0.6433
Epoch 1500: 	Training Loss: 0.6271	Validation Loss: 0.6418
Epoch 2000: 	Training Loss: 0.6263	Validation Loss: 0.6424
Epoch 2500: 	Training Loss: 0.6373	Validation Loss: 0.6447
Early stopping at epoch 2717
Best validation loss: 0.6255
Fitting model 4/5. Fold 1/1
Epoch 0: 	Training Loss: 0.6183	Validation Loss: 0.6373
Epoch 500: 	Training Loss: 0.6473	Validation Loss: 0.6764
Epoch 1000: 	Training Loss: 0.6217	Validation Loss: 0.6543
Epoch 1500: 	Training Loss: 0.6321	Validation Loss: 0.6613
Epoch 2000: 	Training Loss: 0.6517	Validation Loss: 0.6929
Epoch 2500: 	Training Loss: 0.6340	Validation Loss: 0.6605
Early stopping at epoch 2500
Best validation loss: 0.6373
Fitting model 5/5. Fold 1/1
Epoch 0: 	Training Loss: 0.6234	Validation Loss: 0.6374
Epoch 500: 	Training Loss: 0.6231	Validation Loss: 0.6416
Epoch 1000: 	Training Loss: 0.6244	Validation Loss: 0.6383
Epoch 1500: 	Training Loss: 0.6323	Validation Loss: 0.6400
Epoch 2000: 	Training Loss: 0.6302	Validation Loss: 0.6387
Epoch 2500: 	Training Loss: 0.6330	Validation Loss: 0.6497
Epoch 3000: 	Training Loss: 0.6261	Validation Loss: 0.6376
Early stopping at epoch 3352
Best validation loss: 0.6300
Fitting is complete. The model fitting log is available at /groups/turner/turnerlab/Rishika/FlYMazeRL_Fits/nn/rajagopalan2022/model_fitting_log.csv.
The model is available at /groups/turner/turnerlab/Rishika/FlYMazeRL_Fits/nn/rajagopalan2022/GQNN_10-10_relu_acceptreject_asymmetric_qp_no-punishment_2022_10_04_02_25_30_993267/.
Thank you for using flymazerl. Have a nice day :)

------------------------------------------------------------
Sender: LSF System <lsfadmin@e10u14>
Subject: Job 126236011: <GQNNx10x10-1-0> in cluster <Janelia> Done

Job <GQNNx10x10-1-0> was submitted from host <e05u15> by user <mohantas> in cluster <Janelia> at Tue Oct  4 02:25:26 2022
Job was executed on host(s) <e10u14>, in queue <local>, as user <mohantas> in cluster <Janelia> at Tue Oct  4 02:25:26 2022
</groups/turner/home/mohantas> was used as the home directory.
</groups/turner/home/mohantas/project/FlYMazeRL/flymazerl/scripts/bash> was used as the working directory.
Started at Tue Oct  4 02:25:26 2022
Terminated at Tue Oct  4 07:23:30 2022
Results reported at Tue Oct  4 07:23:30 2022

Your job looked like:

------------------------------------------------------------
# LSBATCH: User input
python ../nn_fitting_rajagopalan.py --agent GQNN --hidden_state_sizes 10 10 --n_folds 1 --n_ensemble 5 --early_stopping 2500 --symmetric no --save_path /groups/turner/turnerlab/Rishika/FlYMazeRL_Fits/nn/rajagopalan2022/ 
------------------------------------------------------------

Successfully completed.

Resource usage summary:

    CPU time :                                   35630.26 sec.
    Max Memory :                                 261 MB
    Average Memory :                             244.35 MB
    Total Requested Memory :                     15360.00 MB
    Delta Memory :                               15099.00 MB
    Max Swap :                                   -
    Max Processes :                              3
    Max Threads :                                14
    Run time :                                   17882 sec.
    Turnaround time :                            17884 sec.

The output (if any) is above this job summary.


++++++++++++++++++++++++++++++++++++++++++++++++++++++++++++++++++++++++++++
███████╗██╗     ██╗   ██╗███╗   ███╗ █████╗ ███████╗███████╗██████╗ ██╗     
██╔════╝██║     ╚██╗ ██╔╝████╗ ████║██╔══██╗╚══███╔╝██╔════╝██╔══██╗██║     
█████╗  ██║      ╚████╔╝ ██╔████╔██║███████║  ███╔╝ █████╗  ██████╔╝██║     
██╔══╝  ██║       ╚██╔╝  ██║╚██╔╝██║██╔══██║ ███╔╝  ██╔══╝  ██╔══██╗██║     
██║     ███████╗   ██║   ██║ ╚═╝ ██║██║  ██║███████╗███████╗██║  ██║███████╗
╚═╝     ╚══════╝   ╚═╝   ╚═╝     ╚═╝╚═╝  ╚═╝╚══════╝╚══════╝╚═╝  ╚═╝╚══════╝
++++++++++++++++++++++++++++++++++++++++++++++++++++++++++++++++++++++++++++
Developed by:
    Rishika Mohanta, Research Technician, Turner Lab, Janelia Research Campus

Fitting agent: GQLearner
Loading data from:
/groups/turner/home/mohantas/project/FlYMazeRL//data/mohanta2022/training_choice_set.csv
/groups/turner/home/mohantas/project/FlYMazeRL//data/mohanta2022/training_reward_set.csv
Model: GQNN_10-10_relu_acceptreject_asymmetric_qp_no-punishment_2022_10_08_20_15_30_796343
Traceback (most recent call last):
  File "/groups/turner/home/mohantas/project/FlYMazeRL/flymazerl/scripts/bash/../nn_fitting_mohanta.py", line 172, in <module>
    os.makedirs(save_path)
  File "/groups/turner/home/mohantas/anaconda3/envs/flymazerl/lib/python3.9/os.py", line 225, in makedirs
    mkdir(name, mode)
FileExistsError: [Errno 17] File exists: '/groups/turner/turnerlab/Rishika/FlYMazeRL_Fits/nn/mohanta2022/GQNN_10-10_relu_acceptreject_asymmetric_qp_no-punishment_2022_10_08_20_15_30_796343/'

------------------------------------------------------------
Sender: LSF System <lsfadmin@e10u14>
Subject: Job 126381399: <GQNNx10x10-1-0> in cluster <Janelia> Exited

Job <GQNNx10x10-1-0> was submitted from host <e05u15> by user <mohantas> in cluster <Janelia> at Sat Oct  8 20:15:26 2022
Job was executed on host(s) <e10u14>, in queue <local>, as user <mohantas> in cluster <Janelia> at Sat Oct  8 20:15:26 2022
</groups/turner/home/mohantas> was used as the home directory.
</groups/turner/home/mohantas/project/FlYMazeRL/flymazerl/scripts/bash> was used as the working directory.
Started at Sat Oct  8 20:15:26 2022
Terminated at Sat Oct  8 20:15:35 2022
Results reported at Sat Oct  8 20:15:35 2022

Your job looked like:

------------------------------------------------------------
# LSBATCH: User input
python ../nn_fitting_mohanta.py --agent GQNN --hidden_state_sizes 10 10 --n_folds 1 --n_ensemble 5 --early_stopping 2500 --symmetric no --save_path /groups/turner/turnerlab/Rishika/FlYMazeRL_Fits/nn/mohanta2022/ 
------------------------------------------------------------

Exited with exit code 1.

Resource usage summary:

    CPU time :                                   3.24 sec.
    Max Memory :                                 48 MB
    Average Memory :                             48.00 MB
    Total Requested Memory :                     15360.00 MB
    Delta Memory :                               15312.00 MB
    Max Swap :                                   -
    Max Processes :                              3
    Max Threads :                                4
    Run time :                                   0 sec.
    Turnaround time :                            9 sec.

The output (if any) is above this job summary.

