
++++++++++++++++++++++++++++++++++++++++++++++++++++++++++++++++++++++++++++
███████╗██╗     ██╗   ██╗███╗   ███╗ █████╗ ███████╗███████╗██████╗ ██╗     
██╔════╝██║     ╚██╗ ██╔╝████╗ ████║██╔══██╗╚══███╔╝██╔════╝██╔══██╗██║     
█████╗  ██║      ╚████╔╝ ██╔████╔██║███████║  ███╔╝ █████╗  ██████╔╝██║     
██╔══╝  ██║       ╚██╔╝  ██║╚██╔╝██║██╔══██║ ███╔╝  ██╔══╝  ██╔══██╗██║     
██║     ███████╗   ██║   ██║ ╚═╝ ██║██║  ██║███████╗███████╗██║  ██║███████╗
╚═╝     ╚══════╝   ╚═╝   ╚═╝     ╚═╝╚═╝  ╚═╝╚══════╝╚══════╝╚═╝  ╚═╝╚══════╝
++++++++++++++++++++++++++++++++++++++++++++++++++++++++++++++++++++++++++++
Developed by:
    Rishika Mohanta, Research Technician, Turner Lab, Janelia Research Campus

Fitting agent: GQLearner
Loading data from:
/groups/turner/home/mohantas/project/FlYMazeRL//data/rajagopalan2022/training_choice_set.csv
/groups/turner/home/mohantas/project/FlYMazeRL//data/rajagopalan2022/training_reward_set.csv
Model: GQNN_100-100-100_relu_acceptreject_asymmetric_qp_no-punishment_2022_10_04_02_25_48_828374
Fitting model 1/5. Fold 1/1
Epoch 0: 	Training Loss: 0.6798	Validation Loss: 0.6669
Epoch 500: 	Training Loss: 0.6895	Validation Loss: 0.6875
Epoch 1000: 	Training Loss: 0.6360	Validation Loss: 0.6735
Epoch 1500: 	Training Loss: 0.6931	Validation Loss: 0.6931
Epoch 2000: 	Training Loss: nan	Validation Loss: nan
Epoch 2500: 	Training Loss: nan	Validation Loss: nan
Epoch 3000: 	Training Loss: nan	Validation Loss: nan
Early stopping at epoch 3373
Best validation loss: 0.6511
Fitting model 2/5. Fold 1/1
Epoch 0: 	Training Loss: 0.6417	Validation Loss: 0.6317
Epoch 500: 	Training Loss: 0.6571	Validation Loss: 0.6692
Epoch 1000: 	Training Loss: 0.6496	Validation Loss: 0.6571
Epoch 1500: 	Training Loss: 0.6472	Validation Loss: 0.6694
Epoch 2000: 	Training Loss: 0.6588	Validation Loss: 0.6716
Epoch 2500: 	Training Loss: 0.6383	Validation Loss: 0.6433
Early stopping at epoch 2502
Best validation loss: 0.6305
Fitting model 3/5. Fold 1/1
Epoch 0: 	Training Loss: 0.6511	Validation Loss: 0.5994
Epoch 500: 	Training Loss: 0.6470	Validation Loss: 0.6094
Epoch 1000: 	Training Loss: 0.6435	Validation Loss: 0.6399
Epoch 1500: 	Training Loss: 0.6694	Validation Loss: 0.6191
Epoch 2000: 	Training Loss: 0.6955	Validation Loss: 0.6963
Epoch 2500: 	Training Loss: 0.6931	Validation Loss: 0.6931
Epoch 3000: 	Training Loss: 0.6717	Validation Loss: 0.7008
Early stopping at epoch 3256
Best validation loss: 0.5793
Fitting model 4/5. Fold 1/1
Epoch 0: 	Training Loss: 0.6291	Validation Loss: 0.6564
Epoch 500: 	Training Loss: 0.6815	Validation Loss: 0.6566
Epoch 1000: 	Training Loss: 0.6608	Validation Loss: 0.6524
Epoch 1500: 	Training Loss: 0.6931	Validation Loss: 0.6931
Epoch 2000: 	Training Loss: 0.6931	Validation Loss: 0.6931
Epoch 2500: 	Training Loss: 0.6592	Validation Loss: 0.6626
Early stopping at epoch 2511
Best validation loss: 0.6419
Fitting model 5/5. Fold 1/1
Epoch 0: 	Training Loss: 0.6295	Validation Loss: 0.6601
Epoch 500: 	Training Loss: 0.6680	Validation Loss: 0.7037
Epoch 1000: 	Training Loss: 0.6931	Validation Loss: 0.6931
Epoch 1500: 	Training Loss: 0.6382	Validation Loss: 0.6744
Epoch 2000: 	Training Loss: 0.6560	Validation Loss: 0.6805
Epoch 2500: 	Training Loss: 0.6555	Validation Loss: 0.6813
Early stopping at epoch 2519
Best validation loss: 0.6531
Fitting is complete. The model fitting log is available at /groups/turner/turnerlab/Rishika/FlYMazeRL_Fits/nn/rajagopalan2022/model_fitting_log.csv.
The model is available at /groups/turner/turnerlab/Rishika/FlYMazeRL_Fits/nn/rajagopalan2022/GQNN_100-100-100_relu_acceptreject_asymmetric_qp_no-punishment_2022_10_04_02_25_48_828374/.
Thank you for using flymazerl. Have a nice day :)

------------------------------------------------------------
Sender: LSF System <lsfadmin@e10u02>
Subject: Job 126236042: <GQNNx100x100x100-0-0> in cluster <Janelia> Done

Job <GQNNx100x100x100-0-0> was submitted from host <e05u15> by user <mohantas> in cluster <Janelia> at Tue Oct  4 02:25:32 2022
Job was executed on host(s) <e10u02>, in queue <local>, as user <mohantas> in cluster <Janelia> at Tue Oct  4 02:25:33 2022
</groups/turner/home/mohantas> was used as the home directory.
</groups/turner/home/mohantas/project/FlYMazeRL/flymazerl/scripts/bash> was used as the working directory.
Started at Tue Oct  4 02:25:33 2022
Terminated at Tue Oct  4 07:59:11 2022
Results reported at Tue Oct  4 07:59:11 2022

Your job looked like:

------------------------------------------------------------
# LSBATCH: User input
python ../nn_fitting_rajagopalan.py --agent GQNN --hidden_state_sizes 100 100 100 --n_folds 1 --n_ensemble 5 --early_stopping 2500 --symmetric no --save_path /groups/turner/turnerlab/Rishika/FlYMazeRL_Fits/nn/rajagopalan2022/ 
------------------------------------------------------------

Successfully completed.

Resource usage summary:

    CPU time :                                   39861.59 sec.
    Max Memory :                                 262 MB
    Average Memory :                             248.99 MB
    Total Requested Memory :                     15360.00 MB
    Delta Memory :                               15098.00 MB
    Max Swap :                                   -
    Max Processes :                              3
    Max Threads :                                14
    Run time :                                   20017 sec.
    Turnaround time :                            20019 sec.

The output (if any) is above this job summary.


++++++++++++++++++++++++++++++++++++++++++++++++++++++++++++++++++++++++++++
███████╗██╗     ██╗   ██╗███╗   ███╗ █████╗ ███████╗███████╗██████╗ ██╗     
██╔════╝██║     ╚██╗ ██╔╝████╗ ████║██╔══██╗╚══███╔╝██╔════╝██╔══██╗██║     
█████╗  ██║      ╚████╔╝ ██╔████╔██║███████║  ███╔╝ █████╗  ██████╔╝██║     
██╔══╝  ██║       ╚██╔╝  ██║╚██╔╝██║██╔══██║ ███╔╝  ██╔══╝  ██╔══██╗██║     
██║     ███████╗   ██║   ██║ ╚═╝ ██║██║  ██║███████╗███████╗██║  ██║███████╗
╚═╝     ╚══════╝   ╚═╝   ╚═╝     ╚═╝╚═╝  ╚═╝╚══════╝╚══════╝╚═╝  ╚═╝╚══════╝
++++++++++++++++++++++++++++++++++++++++++++++++++++++++++++++++++++++++++++
Developed by:
    Rishika Mohanta, Research Technician, Turner Lab, Janelia Research Campus

Fitting agent: GQLearner
Loading data from:
/groups/turner/home/mohantas/project/FlYMazeRL//data/mohanta2022/training_choice_set.csv
/groups/turner/home/mohantas/project/FlYMazeRL//data/mohanta2022/training_reward_set.csv
Model: GQNN_100-100-100_relu_acceptreject_asymmetric_qp_no-punishment_2022_10_08_20_15_43_740222
Traceback (most recent call last):
  File "/groups/turner/home/mohantas/project/FlYMazeRL/flymazerl/scripts/bash/../nn_fitting_mohanta.py", line 172, in <module>
    os.makedirs(save_path)
  File "/groups/turner/home/mohantas/anaconda3/envs/flymazerl/lib/python3.9/os.py", line 225, in makedirs
    mkdir(name, mode)
FileExistsError: [Errno 17] File exists: '/groups/turner/turnerlab/Rishika/FlYMazeRL_Fits/nn/mohanta2022/GQNN_100-100-100_relu_acceptreject_asymmetric_qp_no-punishment_2022_10_08_20_15_43_740222/'

------------------------------------------------------------
Sender: LSF System <lsfadmin@e10u19>
Subject: Job 126381410: <GQNNx100x100x100-0-0> in cluster <Janelia> Exited

Job <GQNNx100x100x100-0-0> was submitted from host <e05u15> by user <mohantas> in cluster <Janelia> at Sat Oct  8 20:15:32 2022
Job was executed on host(s) <e10u19>, in queue <local>, as user <mohantas> in cluster <Janelia> at Sat Oct  8 20:15:32 2022
</groups/turner/home/mohantas> was used as the home directory.
</groups/turner/home/mohantas/project/FlYMazeRL/flymazerl/scripts/bash> was used as the working directory.
Started at Sat Oct  8 20:15:32 2022
Terminated at Sat Oct  8 20:15:44 2022
Results reported at Sat Oct  8 20:15:44 2022

Your job looked like:

------------------------------------------------------------
# LSBATCH: User input
python ../nn_fitting_mohanta.py --agent GQNN --hidden_state_sizes 100 100 100 --n_folds 1 --n_ensemble 5 --early_stopping 2500 --symmetric no --save_path /groups/turner/turnerlab/Rishika/FlYMazeRL_Fits/nn/mohanta2022/ 
------------------------------------------------------------

Exited with exit code 1.

Resource usage summary:

    CPU time :                                   3.64 sec.
    Max Memory :                                 225 MB
    Average Memory :                             164.80 MB
    Total Requested Memory :                     15360.00 MB
    Delta Memory :                               15135.00 MB
    Max Swap :                                   -
    Max Processes :                              3
    Max Threads :                                12
    Run time :                                   15 sec.
    Turnaround time :                            12 sec.

The output (if any) is above this job summary.

