
++++++++++++++++++++++++++++++++++++++++++++++++++++++++++++++++++++++++++++
███████╗██╗     ██╗   ██╗███╗   ███╗ █████╗ ███████╗███████╗██████╗ ██╗     
██╔════╝██║     ╚██╗ ██╔╝████╗ ████║██╔══██╗╚══███╔╝██╔════╝██╔══██╗██║     
█████╗  ██║      ╚████╔╝ ██╔████╔██║███████║  ███╔╝ █████╗  ██████╔╝██║     
██╔══╝  ██║       ╚██╔╝  ██║╚██╔╝██║██╔══██║ ███╔╝  ██╔══╝  ██╔══██╗██║     
██║     ███████╗   ██║   ██║ ╚═╝ ██║██║  ██║███████╗███████╗██║  ██║███████╗
╚═╝     ╚══════╝   ╚═╝   ╚═╝     ╚═╝╚═╝  ╚═╝╚══════╝╚══════╝╚═╝  ╚═╝╚══════╝
++++++++++++++++++++++++++++++++++++++++++++++++++++++++++++++++++++++++++++
Developed by:
    Rishika Mohanta, Research Technician, Turner Lab, Janelia Research Campus

Fitting agent: GQLearner
Loading data from:
/groups/turner/home/mohantas/project/FlYMazeRL//data/rajagopalan2022/training_choice_set.csv
/groups/turner/home/mohantas/project/FlYMazeRL//data/rajagopalan2022/training_reward_set.csv
Model: GQNN_100-100-100_relu_acceptreject_symmetric_qp_no-punishment_2022_10_04_02_25_11_419500
Fitting model 1/5. Fold 1/1
Epoch 0: 	Training Loss: 0.6656	Validation Loss: 0.6520
Epoch 500: 	Training Loss: 0.6568	Validation Loss: 0.6522
Epoch 1000: 	Training Loss: 0.6290	Validation Loss: 0.6323
Epoch 1500: 	Training Loss: 0.6298	Validation Loss: 0.6267
Epoch 2000: 	Training Loss: 0.6931	Validation Loss: 0.6931
Epoch 2500: 	Training Loss: 0.6294	Validation Loss: 0.6254
Epoch 3000: 	Training Loss: 0.6931	Validation Loss: 0.6932
Epoch 3500: 	Training Loss: 0.6931	Validation Loss: 0.6931
Early stopping at epoch 3808
Best validation loss: 0.6213
Fitting model 2/5. Fold 1/1
Epoch 0: 	Training Loss: 0.6375	Validation Loss: 0.6333
Epoch 500: 	Training Loss: 0.6362	Validation Loss: 0.6229
Epoch 1000: 	Training Loss: 0.6931	Validation Loss: 0.6931
Epoch 1500: 	Training Loss: 0.7816	Validation Loss: 0.7577
Epoch 2000: 	Training Loss: 0.6300	Validation Loss: 0.6275
Epoch 2500: 	Training Loss: 0.6364	Validation Loss: 0.6275
Epoch 3000: 	Training Loss: 0.6298	Validation Loss: 0.6229
Epoch 3500: 	Training Loss: 0.6284	Validation Loss: 0.6214
Epoch 4000: 	Training Loss: 0.6310	Validation Loss: 0.6205
Epoch 4500: 	Training Loss: 0.6931	Validation Loss: 0.6931
Epoch 5000: 	Training Loss: 0.6300	Validation Loss: 0.6258
Epoch 5500: 	Training Loss: 0.6385	Validation Loss: 0.6310
Epoch 6000: 	Training Loss: 0.6341	Validation Loss: 0.6260
Early stopping at epoch 6206
Best validation loss: 0.6183
Fitting model 3/5. Fold 1/1
Epoch 0: 	Training Loss: 0.6281	Validation Loss: 0.6532
Epoch 500: 	Training Loss: 0.6244	Validation Loss: 0.6592
Epoch 1000: 	Training Loss: 0.6931	Validation Loss: 0.6931
Epoch 1500: 	Training Loss: 0.6220	Validation Loss: 0.6584
Epoch 2000: 	Training Loss: 0.6523	Validation Loss: 0.8405
Epoch 2500: 	Training Loss: 0.6233	Validation Loss: 0.6576
Early stopping at epoch 2545
Best validation loss: 0.6467
Fitting model 4/5. Fold 1/1
Epoch 0: 	Training Loss: 0.6327	Validation Loss: 0.6137
Epoch 500: 	Training Loss: 0.6931	Validation Loss: 0.6931
Epoch 1000: 	Training Loss: 0.6562	Validation Loss: 0.6510
Epoch 1500: 	Training Loss: 0.6299	Validation Loss: 0.6242
Epoch 2000: 	Training Loss: 0.6931	Validation Loss: 0.6931
Epoch 2500: 	Training Loss: 0.6329	Validation Loss: 0.6233
Early stopping at epoch 2500
Best validation loss: 0.6137
Fitting model 5/5. Fold 1/1
Epoch 0: 	Training Loss: 0.6336	Validation Loss: 0.6076
Epoch 500: 	Training Loss: 0.6340	Validation Loss: 0.6182
Epoch 1000: 	Training Loss: 0.6333	Validation Loss: 0.6096
Epoch 1500: 	Training Loss: 0.6714	Validation Loss: 0.7014
Epoch 2000: 	Training Loss: 0.6341	Validation Loss: 0.6082
Epoch 2500: 	Training Loss: 0.6346	Validation Loss: 0.6075
Early stopping at epoch 2568
Best validation loss: 0.6047
Fitting is complete. The model fitting log is available at /groups/turner/turnerlab/Rishika/FlYMazeRL_Fits/nn/rajagopalan2022/model_fitting_log.csv.
The model is available at /groups/turner/turnerlab/Rishika/FlYMazeRL_Fits/nn/rajagopalan2022/GQNN_100-100-100_relu_acceptreject_symmetric_qp_no-punishment_2022_10_04_02_25_11_419500/.
Thank you for using flymazerl. Have a nice day :)

------------------------------------------------------------
Sender: LSF System <lsfadmin@e10u21>
Subject: Job 126235794: <GQNNx100x100x100-0-1> in cluster <Janelia> Done

Job <GQNNx100x100x100-0-1> was submitted from host <e05u15> by user <mohantas> in cluster <Janelia> at Tue Oct  4 02:25:04 2022
Job was executed on host(s) <e10u21>, in queue <local>, as user <mohantas> in cluster <Janelia> at Tue Oct  4 02:25:06 2022
</groups/turner/home/mohantas> was used as the home directory.
</groups/turner/home/mohantas/project/FlYMazeRL/flymazerl/scripts/bash> was used as the working directory.
Started at Tue Oct  4 02:25:06 2022
Terminated at Tue Oct  4 13:31:07 2022
Results reported at Tue Oct  4 13:31:07 2022

Your job looked like:

------------------------------------------------------------
# LSBATCH: User input
python ../nn_fitting_rajagopalan.py --agent GQNN --hidden_state_sizes 100 100 100 --n_folds 1 --n_ensemble 5 --early_stopping 2500 --symmetric yes --save_path /groups/turner/turnerlab/Rishika/FlYMazeRL_Fits/nn/rajagopalan2022/ 
------------------------------------------------------------

Successfully completed.

Resource usage summary:

    CPU time :                                   79442.41 sec.
    Max Memory :                                 274 MB
    Average Memory :                             254.29 MB
    Total Requested Memory :                     15360.00 MB
    Delta Memory :                               15086.00 MB
    Max Swap :                                   -
    Max Processes :                              3
    Max Threads :                                14
    Run time :                                   39963 sec.
    Turnaround time :                            39963 sec.

The output (if any) is above this job summary.


++++++++++++++++++++++++++++++++++++++++++++++++++++++++++++++++++++++++++++
███████╗██╗     ██╗   ██╗███╗   ███╗ █████╗ ███████╗███████╗██████╗ ██╗     
██╔════╝██║     ╚██╗ ██╔╝████╗ ████║██╔══██╗╚══███╔╝██╔════╝██╔══██╗██║     
█████╗  ██║      ╚████╔╝ ██╔████╔██║███████║  ███╔╝ █████╗  ██████╔╝██║     
██╔══╝  ██║       ╚██╔╝  ██║╚██╔╝██║██╔══██║ ███╔╝  ██╔══╝  ██╔══██╗██║     
██║     ███████╗   ██║   ██║ ╚═╝ ██║██║  ██║███████╗███████╗██║  ██║███████╗
╚═╝     ╚══════╝   ╚═╝   ╚═╝     ╚═╝╚═╝  ╚═╝╚══════╝╚══════╝╚═╝  ╚═╝╚══════╝
++++++++++++++++++++++++++++++++++++++++++++++++++++++++++++++++++++++++++++
Developed by:
    Rishika Mohanta, Research Technician, Turner Lab, Janelia Research Campus

Fitting agent: GQLearner
Loading data from:
/groups/turner/home/mohantas/project/FlYMazeRL//data/mohanta2022/training_choice_set.csv
/groups/turner/home/mohantas/project/FlYMazeRL//data/mohanta2022/training_reward_set.csv
Model: GQNN_100-100-100_relu_acceptreject_symmetric_qp_no-punishment_2022_10_08_20_15_15_070551
Traceback (most recent call last):
  File "/groups/turner/home/mohantas/project/FlYMazeRL/flymazerl/scripts/bash/../nn_fitting_mohanta.py", line 172, in <module>
    os.makedirs(save_path)
  File "/groups/turner/home/mohantas/anaconda3/envs/flymazerl/lib/python3.9/os.py", line 225, in makedirs
    mkdir(name, mode)
FileExistsError: [Errno 17] File exists: '/groups/turner/turnerlab/Rishika/FlYMazeRL_Fits/nn/mohanta2022/GQNN_100-100-100_relu_acceptreject_symmetric_qp_no-punishment_2022_10_08_20_15_15_070551/'

------------------------------------------------------------
Sender: LSF System <lsfadmin@e10u22>
Subject: Job 126381374: <GQNNx100x100x100-0-1> in cluster <Janelia> Exited

Job <GQNNx100x100x100-0-1> was submitted from host <e05u15> by user <mohantas> in cluster <Janelia> at Sat Oct  8 20:15:05 2022
Job was executed on host(s) <e10u22>, in queue <local>, as user <mohantas> in cluster <Janelia> at Sat Oct  8 20:15:06 2022
</groups/turner/home/mohantas> was used as the home directory.
</groups/turner/home/mohantas/project/FlYMazeRL/flymazerl/scripts/bash> was used as the working directory.
Started at Sat Oct  8 20:15:06 2022
Terminated at Sat Oct  8 20:15:16 2022
Results reported at Sat Oct  8 20:15:16 2022

Your job looked like:

------------------------------------------------------------
# LSBATCH: User input
python ../nn_fitting_mohanta.py --agent GQNN --hidden_state_sizes 100 100 100 --n_folds 1 --n_ensemble 5 --early_stopping 2500 --symmetric yes --save_path /groups/turner/turnerlab/Rishika/FlYMazeRL_Fits/nn/mohanta2022/ 
------------------------------------------------------------

Exited with exit code 1.

Resource usage summary:

    CPU time :                                   3.48 sec.
    Max Memory :                                 219 MB
    Average Memory :                             156.20 MB
    Total Requested Memory :                     15360.00 MB
    Delta Memory :                               15141.00 MB
    Max Swap :                                   -
    Max Processes :                              3
    Max Threads :                                12
    Run time :                                   9 sec.
    Turnaround time :                            11 sec.

The output (if any) is above this job summary.

