
++++++++++++++++++++++++++++++++++++++++++++++++++++++++++++++++++++++++++++
███████╗██╗     ██╗   ██╗███╗   ███╗ █████╗ ███████╗███████╗██████╗ ██╗     
██╔════╝██║     ╚██╗ ██╔╝████╗ ████║██╔══██╗╚══███╔╝██╔════╝██╔══██╗██║     
█████╗  ██║      ╚████╔╝ ██╔████╔██║███████║  ███╔╝ █████╗  ██████╔╝██║     
██╔══╝  ██║       ╚██╔╝  ██║╚██╔╝██║██╔══██║ ███╔╝  ██╔══╝  ██╔══██╗██║     
██║     ███████╗   ██║   ██║ ╚═╝ ██║██║  ██║███████╗███████╗██║  ██║███████╗
╚═╝     ╚══════╝   ╚═╝   ╚═╝     ╚═╝╚═╝  ╚═╝╚══════╝╚══════╝╚═╝  ╚═╝╚══════╝
++++++++++++++++++++++++++++++++++++++++++++++++++++++++++++++++++++++++++++
Developed by:
    Rishika Mohanta, Research Technician, Turner Lab, Janelia Research Campus

Fitting agent: GQLearner
Loading data from:
/groups/turner/home/mohantas/project/FlYMazeRL//data/rajagopalan2022/training_choice_set.csv
/groups/turner/home/mohantas/project/FlYMazeRL//data/rajagopalan2022/training_reward_set.csv
Model: GQNN_10_relu_acceptreject_symmetric_qp_no-punishment_2022_10_04_02_25_14_618295
Fitting model 1/5. Fold 1/1
Epoch 0: 	Training Loss: 0.6929	Validation Loss: 0.6848
Epoch 500: 	Training Loss: 0.6287	Validation Loss: 0.6244
Epoch 1000: 	Training Loss: 0.6260	Validation Loss: 0.6274
Epoch 1500: 	Training Loss: 0.6255	Validation Loss: 0.6332
Epoch 2000: 	Training Loss: 0.6933	Validation Loss: 0.6935
Epoch 2500: 	Training Loss: 0.6928	Validation Loss: 0.6933
Epoch 3000: 	Training Loss: 0.6928	Validation Loss: 0.6934
Early stopping at epoch 3022
Best validation loss: 0.6228
Fitting model 2/5. Fold 1/1
Epoch 0: 	Training Loss: 0.6248	Validation Loss: 0.6439
Epoch 500: 	Training Loss: 0.6217	Validation Loss: 0.6474
Epoch 1000: 	Training Loss: 0.6202	Validation Loss: 0.6503
Epoch 1500: 	Training Loss: 0.6240	Validation Loss: 0.6447
Epoch 2000: 	Training Loss: 0.6207	Validation Loss: 0.6463
Epoch 2500: 	Training Loss: 0.6210	Validation Loss: 0.6470
Epoch 3000: 	Training Loss: 0.6198	Validation Loss: 0.6461
Epoch 3500: 	Training Loss: 0.6385	Validation Loss: 0.6672
Epoch 4000: 	Training Loss: 0.7708	Validation Loss: 0.7167
Epoch 4500: 	Training Loss: 0.7700	Validation Loss: 0.7167
Early stopping at epoch 4633
Best validation loss: 0.6427
Fitting model 3/5. Fold 1/1
Epoch 0: 	Training Loss: 0.6270	Validation Loss: 0.6446
Epoch 500: 	Training Loss: 0.6208	Validation Loss: 0.6435
Epoch 1000: 	Training Loss: 0.6256	Validation Loss: 0.6430
Epoch 1500: 	Training Loss: 0.6931	Validation Loss: 0.6931
Epoch 2000: 	Training Loss: 0.6207	Validation Loss: 0.6503
Epoch 2500: 	Training Loss: 0.6229	Validation Loss: 0.6487
Epoch 3000: 	Training Loss: 0.6354	Validation Loss: 0.6632
Early stopping at epoch 3345
Best validation loss: 0.6407
Fitting model 4/5. Fold 1/1
Epoch 0: 	Training Loss: 0.6264	Validation Loss: 0.6369
Epoch 500: 	Training Loss: 0.6222	Validation Loss: 0.6357
Epoch 1000: 	Training Loss: 0.6227	Validation Loss: 0.6369
Epoch 1500: 	Training Loss: 0.6223	Validation Loss: 0.6387
Epoch 2000: 	Training Loss: 0.6226	Validation Loss: 0.6394
Epoch 2500: 	Training Loss: 0.6211	Validation Loss: 0.6409
Early stopping at epoch 2543
Best validation loss: 0.6345
Fitting model 5/5. Fold 1/1
Epoch 0: 	Training Loss: 0.6238	Validation Loss: 0.6382
Epoch 500: 	Training Loss: 0.6229	Validation Loss: 0.6391
Epoch 1000: 	Training Loss: 0.6233	Validation Loss: 0.6422
Epoch 1500: 	Training Loss: 0.6232	Validation Loss: 0.6434
Epoch 2000: 	Training Loss: 0.6235	Validation Loss: 0.6463
Epoch 2500: 	Training Loss: 0.6241	Validation Loss: 0.6453
Early stopping at epoch 2570
Best validation loss: 0.6350
Fitting is complete. The model fitting log is available at /groups/turner/turnerlab/Rishika/FlYMazeRL_Fits/nn/rajagopalan2022/model_fitting_log.csv.
The model is available at /groups/turner/turnerlab/Rishika/FlYMazeRL_Fits/nn/rajagopalan2022/GQNN_10_relu_acceptreject_symmetric_qp_no-punishment_2022_10_04_02_25_14_618295/.
Thank you for using flymazerl. Have a nice day :)

------------------------------------------------------------
Sender: LSF System <lsfadmin@e10u14>
Subject: Job 126235679: <GQNNx10-0-1> in cluster <Janelia> Done

Job <GQNNx10-0-1> was submitted from host <e05u15> by user <mohantas> in cluster <Janelia> at Tue Oct  4 02:24:51 2022
Job was executed on host(s) <e10u14>, in queue <local>, as user <mohantas> in cluster <Janelia> at Tue Oct  4 02:24:52 2022
</groups/turner/home/mohantas> was used as the home directory.
</groups/turner/home/mohantas/project/FlYMazeRL/flymazerl/scripts/bash> was used as the working directory.
Started at Tue Oct  4 02:24:52 2022
Terminated at Tue Oct  4 07:37:23 2022
Results reported at Tue Oct  4 07:37:23 2022

Your job looked like:

------------------------------------------------------------
# LSBATCH: User input
python ../nn_fitting_rajagopalan.py --agent GQNN --hidden_state_sizes 10 --n_folds 1 --n_ensemble 5 --early_stopping 2500 --symmetric yes --save_path /groups/turner/turnerlab/Rishika/FlYMazeRL_Fits/nn/rajagopalan2022/ 
------------------------------------------------------------

Successfully completed.

Resource usage summary:

    CPU time :                                   37323.64 sec.
    Max Memory :                                 262 MB
    Average Memory :                             247.16 MB
    Total Requested Memory :                     15360.00 MB
    Delta Memory :                               15098.00 MB
    Max Swap :                                   -
    Max Processes :                              3
    Max Threads :                                14
    Run time :                                   18753 sec.
    Turnaround time :                            18752 sec.

The output (if any) is above this job summary.


++++++++++++++++++++++++++++++++++++++++++++++++++++++++++++++++++++++++++++
███████╗██╗     ██╗   ██╗███╗   ███╗ █████╗ ███████╗███████╗██████╗ ██╗     
██╔════╝██║     ╚██╗ ██╔╝████╗ ████║██╔══██╗╚══███╔╝██╔════╝██╔══██╗██║     
█████╗  ██║      ╚████╔╝ ██╔████╔██║███████║  ███╔╝ █████╗  ██████╔╝██║     
██╔══╝  ██║       ╚██╔╝  ██║╚██╔╝██║██╔══██║ ███╔╝  ██╔══╝  ██╔══██╗██║     
██║     ███████╗   ██║   ██║ ╚═╝ ██║██║  ██║███████╗███████╗██║  ██║███████╗
╚═╝     ╚══════╝   ╚═╝   ╚═╝     ╚═╝╚═╝  ╚═╝╚══════╝╚══════╝╚═╝  ╚═╝╚══════╝
++++++++++++++++++++++++++++++++++++++++++++++++++++++++++++++++++++++++++++
Developed by:
    Rishika Mohanta, Research Technician, Turner Lab, Janelia Research Campus

Fitting agent: GQLearner
Loading data from:
/groups/turner/home/mohantas/project/FlYMazeRL//data/mohanta2022/training_choice_set.csv
/groups/turner/home/mohantas/project/FlYMazeRL//data/mohanta2022/training_reward_set.csv
Model: GQNN_10_relu_acceptreject_symmetric_qp_no-punishment_2022_10_08_20_15_08_473098
Fitting model 1/5. Fold 1/1
Epoch 0: 	Training Loss: 0.6711	Validation Loss: 0.6298
Epoch 500: 	Training Loss: 0.6043	Validation Loss: 0.5806
Epoch 1000: 	Training Loss: 0.6042	Validation Loss: 0.5813
Epoch 1500: 	Training Loss: 0.6041	Validation Loss: 0.5807
Epoch 2000: 	Training Loss: 0.6039	Validation Loss: 0.5803
Epoch 2500: 	Training Loss: 0.6041	Validation Loss: 0.5805
Epoch 3000: 	Training Loss: 0.6031	Validation Loss: 0.5807
Early stopping at epoch 3331
Best validation loss: 0.5796
Fitting model 2/5. Fold 1/1
Epoch 0: 	Training Loss: 0.6153	Validation Loss: 0.5391
Epoch 500: 	Training Loss: 0.6147	Validation Loss: 0.5414
Epoch 1000: 	Training Loss: 0.6144	Validation Loss: 0.5393
Epoch 1500: 	Training Loss: 0.6144	Validation Loss: 0.5410
Epoch 2000: 	Training Loss: 0.6147	Validation Loss: 0.5395
Epoch 2500: 	Training Loss: 0.6145	Validation Loss: 0.5391
Early stopping at epoch 2506
Best validation loss: 0.5382
Fitting model 3/5. Fold 1/1
Epoch 0: 	Training Loss: 0.6051	Validation Loss: 0.5792
Epoch 500: 	Training Loss: 0.6067	Validation Loss: 0.5794
Epoch 1000: 	Training Loss: 0.6047	Validation Loss: 0.5794
Epoch 1500: 	Training Loss: 0.6041	Validation Loss: 0.5799
Epoch 2000: 	Training Loss: 0.6042	Validation Loss: 0.5795
Epoch 2500: 	Training Loss: 0.6043	Validation Loss: 0.5797
Early stopping at epoch 2776
Best validation loss: 0.5788
Fitting model 4/5. Fold 1/1
Epoch 0: 	Training Loss: 0.6098	Validation Loss: 0.5588
Epoch 500: 	Training Loss: 0.6095	Validation Loss: 0.5593
Epoch 1000: 	Training Loss: 0.6094	Validation Loss: 0.5589
Epoch 1500: 	Training Loss: 0.6094	Validation Loss: 0.5593
Epoch 2000: 	Training Loss: 0.6108	Validation Loss: 0.5606
Epoch 2500: 	Training Loss: 0.6097	Validation Loss: 0.5590
Early stopping at epoch 2654
Best validation loss: 0.5586
Fitting model 5/5. Fold 1/1
Epoch 0: 	Training Loss: 0.5983	Validation Loss: 0.6074
Epoch 500: 	Training Loss: 0.5972	Validation Loss: 0.6080
Epoch 1000: 	Training Loss: 0.5970	Validation Loss: 0.6078
Epoch 1500: 	Training Loss: 0.5982	Validation Loss: 0.6079
Epoch 2000: 	Training Loss: 0.5974	Validation Loss: 0.6073
Epoch 2500: 	Training Loss: 0.5970	Validation Loss: 0.6079
Early stopping at epoch 2502
Best validation loss: 0.6064
Fitting is complete. The model fitting log is available at /groups/turner/turnerlab/Rishika/FlYMazeRL_Fits/nn/mohanta2022/model_fitting_log.csv.
The model is available at /groups/turner/turnerlab/Rishika/FlYMazeRL_Fits/nn/mohanta2022/GQNN_10_relu_acceptreject_symmetric_qp_no-punishment_2022_10_08_20_15_08_473098/.
Thank you for using flymazerl. Have a nice day :)

------------------------------------------------------------
Sender: LSF System <lsfadmin@e10u03>
Subject: Job 126381350: <GQNNx10-0-1> in cluster <Janelia> Done

Job <GQNNx10-0-1> was submitted from host <e05u15> by user <mohantas> in cluster <Janelia> at Sat Oct  8 20:14:53 2022
Job was executed on host(s) <e10u03>, in queue <local>, as user <mohantas> in cluster <Janelia> at Sat Oct  8 20:14:54 2022
</groups/turner/home/mohantas> was used as the home directory.
</groups/turner/home/mohantas/project/FlYMazeRL/flymazerl/scripts/bash> was used as the working directory.
Started at Sat Oct  8 20:14:54 2022
Terminated at Mon Oct 10 00:44:19 2022
Results reported at Mon Oct 10 00:44:19 2022

Your job looked like:

------------------------------------------------------------
# LSBATCH: User input
python ../nn_fitting_mohanta.py --agent GQNN --hidden_state_sizes 10 --n_folds 1 --n_ensemble 5 --early_stopping 2500 --symmetric yes --save_path /groups/turner/turnerlab/Rishika/FlYMazeRL_Fits/nn/mohanta2022/ 
------------------------------------------------------------

Successfully completed.

Resource usage summary:

    CPU time :                                   203338.56 sec.
    Max Memory :                                 306 MB
    Average Memory :                             255.16 MB
    Total Requested Memory :                     15360.00 MB
    Delta Memory :                               15054.00 MB
    Max Swap :                                   -
    Max Processes :                              6
    Max Threads :                                15
    Run time :                                   102566 sec.
    Turnaround time :                            102566 sec.

The output (if any) is above this job summary.

