
++++++++++++++++++++++++++++++++++++++++++++++++++++++++++++++++++++++++++++
███████╗██╗     ██╗   ██╗███╗   ███╗ █████╗ ███████╗███████╗██████╗ ██╗     
██╔════╝██║     ╚██╗ ██╔╝████╗ ████║██╔══██╗╚══███╔╝██╔════╝██╔══██╗██║     
█████╗  ██║      ╚████╔╝ ██╔████╔██║███████║  ███╔╝ █████╗  ██████╔╝██║     
██╔══╝  ██║       ╚██╔╝  ██║╚██╔╝██║██╔══██║ ███╔╝  ██╔══╝  ██╔══██╗██║     
██║     ███████╗   ██║   ██║ ╚═╝ ██║██║  ██║███████╗███████╗██║  ██║███████╗
╚═╝     ╚══════╝   ╚═╝   ╚═╝     ╚═╝╚═╝  ╚═╝╚══════╝╚══════╝╚═╝  ╚═╝╚══════╝
++++++++++++++++++++++++++++++++++++++++++++++++++++++++++++++++++++++++++++
Developed by:
    Rishika Mohanta, Research Technician, Turner Lab, Janelia Research Campus

Fitting agent: GQLearner
Loading data from:
/groups/turner/home/mohantas/project/FlYMazeRL//data/rajagopalan2022/training_choice_set.csv
/groups/turner/home/mohantas/project/FlYMazeRL//data/rajagopalan2022/training_reward_set.csv
Model: GQNN_2_relu_acceptreject_asymmetric_qp_no-punishment_2022_10_04_02_25_30_645044
Fitting model 1/5. Fold 1/1
Epoch 0: 	Training Loss: 0.6964	Validation Loss: 0.6962
Epoch 500: 	Training Loss: 0.6422	Validation Loss: 0.6509
Epoch 1000: 	Training Loss: 0.6420	Validation Loss: 0.6515
Epoch 1500: 	Training Loss: 0.6420	Validation Loss: 0.6510
Epoch 2000: 	Training Loss: 0.6262	Validation Loss: 0.6531
Epoch 2500: 	Training Loss: 0.6242	Validation Loss: 0.6490
Epoch 3000: 	Training Loss: 0.6246	Validation Loss: 0.6492
Epoch 3500: 	Training Loss: 0.6237	Validation Loss: 0.6443
Epoch 4000: 	Training Loss: 0.6239	Validation Loss: 0.6501
Early stopping at epoch 4489
Best validation loss: 0.6404
Fitting model 2/5. Fold 1/1
Epoch 0: 	Training Loss: 0.6264	Validation Loss: 0.6532
Epoch 500: 	Training Loss: 0.6215	Validation Loss: 0.6569
Epoch 1000: 	Training Loss: 0.6218	Validation Loss: 0.6548
Epoch 1500: 	Training Loss: 0.6222	Validation Loss: 0.6566
Epoch 2000: 	Training Loss: 0.6212	Validation Loss: 0.6561
Epoch 2500: 	Training Loss: 0.6214	Validation Loss: 0.6584
Early stopping at epoch 2643
Best validation loss: 0.6530
Fitting model 3/5. Fold 1/1
Epoch 0: 	Training Loss: 0.6238	Validation Loss: 0.6524
Epoch 500: 	Training Loss: 0.6212	Validation Loss: 0.6532
Epoch 1000: 	Training Loss: 0.6216	Validation Loss: 0.6538
Epoch 1500: 	Training Loss: 0.6208	Validation Loss: 0.6535
Epoch 2000: 	Training Loss: 0.6214	Validation Loss: 0.6546
Epoch 2500: 	Training Loss: 0.6221	Validation Loss: 0.6551
Early stopping at epoch 2528
Best validation loss: 0.6516
Fitting model 4/5. Fold 1/1
Epoch 0: 	Training Loss: 0.6175	Validation Loss: 0.6739
Epoch 500: 	Training Loss: 0.6155	Validation Loss: 0.6742
Epoch 1000: 	Training Loss: 0.6157	Validation Loss: 0.6733
Epoch 1500: 	Training Loss: 0.6156	Validation Loss: 0.6739
Epoch 2000: 	Training Loss: 0.6164	Validation Loss: 0.6732
Epoch 2500: 	Training Loss: 0.6158	Validation Loss: 0.6759
Early stopping at epoch 2520
Best validation loss: 0.6728
Fitting model 5/5. Fold 1/1
Epoch 0: 	Training Loss: 0.6301	Validation Loss: 0.6294
Epoch 500: 	Training Loss: 0.6286	Validation Loss: 0.6310
Epoch 1000: 	Training Loss: 0.6291	Validation Loss: 0.6335
Epoch 1500: 	Training Loss: 0.6291	Validation Loss: 0.6341
Epoch 2000: 	Training Loss: 0.6293	Validation Loss: 0.6303
Epoch 2500: 	Training Loss: 0.6283	Validation Loss: 0.6327
Early stopping at epoch 2501
Best validation loss: 0.6271
Fitting is complete. The model fitting log is available at /groups/turner/turnerlab/Rishika/FlYMazeRL_Fits/nn/rajagopalan2022/model_fitting_log.csv.
The model is available at /groups/turner/turnerlab/Rishika/FlYMazeRL_Fits/nn/rajagopalan2022/GQNN_2_relu_acceptreject_asymmetric_qp_no-punishment_2022_10_04_02_25_30_645044/.
Thank you for using flymazerl. Have a nice day :)

------------------------------------------------------------
Sender: LSF System <lsfadmin@e10u11>
Subject: Job 126235925: <GQNNx2-1-0> in cluster <Janelia> Done

Job <GQNNx2-1-0> was submitted from host <e05u15> by user <mohantas> in cluster <Janelia> at Tue Oct  4 02:25:15 2022
Job was executed on host(s) <e10u11>, in queue <local>, as user <mohantas> in cluster <Janelia> at Tue Oct  4 02:25:17 2022
</groups/turner/home/mohantas> was used as the home directory.
</groups/turner/home/mohantas/project/FlYMazeRL/flymazerl/scripts/bash> was used as the working directory.
Started at Tue Oct  4 02:25:17 2022
Terminated at Tue Oct  4 05:39:56 2022
Results reported at Tue Oct  4 05:39:56 2022

Your job looked like:

------------------------------------------------------------
# LSBATCH: User input
python ../nn_fitting_rajagopalan.py --agent GQNN --hidden_state_sizes 2 --n_folds 1 --n_ensemble 5 --early_stopping 2500 --symmetric no --save_path /groups/turner/turnerlab/Rishika/FlYMazeRL_Fits/nn/rajagopalan2022/ 
------------------------------------------------------------

Successfully completed.

Resource usage summary:

    CPU time :                                   23215.40 sec.
    Max Memory :                                 257 MB
    Average Memory :                             238.71 MB
    Total Requested Memory :                     15360.00 MB
    Delta Memory :                               15103.00 MB
    Max Swap :                                   -
    Max Processes :                              3
    Max Threads :                                14
    Run time :                                   11680 sec.
    Turnaround time :                            11681 sec.

The output (if any) is above this job summary.


++++++++++++++++++++++++++++++++++++++++++++++++++++++++++++++++++++++++++++
███████╗██╗     ██╗   ██╗███╗   ███╗ █████╗ ███████╗███████╗██████╗ ██╗     
██╔════╝██║     ╚██╗ ██╔╝████╗ ████║██╔══██╗╚══███╔╝██╔════╝██╔══██╗██║     
█████╗  ██║      ╚████╔╝ ██╔████╔██║███████║  ███╔╝ █████╗  ██████╔╝██║     
██╔══╝  ██║       ╚██╔╝  ██║╚██╔╝██║██╔══██║ ███╔╝  ██╔══╝  ██╔══██╗██║     
██║     ███████╗   ██║   ██║ ╚═╝ ██║██║  ██║███████╗███████╗██║  ██║███████╗
╚═╝     ╚══════╝   ╚═╝   ╚═╝     ╚═╝╚═╝  ╚═╝╚══════╝╚══════╝╚═╝  ╚═╝╚══════╝
++++++++++++++++++++++++++++++++++++++++++++++++++++++++++++++++++++++++++++
Developed by:
    Rishika Mohanta, Research Technician, Turner Lab, Janelia Research Campus

Fitting agent: GQLearner
Loading data from:
/groups/turner/home/mohantas/project/FlYMazeRL//data/mohanta2022/training_choice_set.csv
/groups/turner/home/mohantas/project/FlYMazeRL//data/mohanta2022/training_reward_set.csv
Model: GQNN_2_relu_acceptreject_asymmetric_qp_no-punishment_2022_10_08_20_15_18_546474
Fitting model 1/5. Fold 1/1
Epoch 0: 	Training Loss: 0.6960	Validation Loss: 0.6865
Epoch 500: 	Training Loss: 0.6062	Validation Loss: 0.5803
Epoch 1000: 	Training Loss: 0.6047	Validation Loss: 0.5807
Epoch 1500: 	Training Loss: 0.6047	Validation Loss: 0.5805
Epoch 2000: 	Training Loss: 0.6037	Validation Loss: 0.5814
Epoch 2500: 	Training Loss: 0.6039	Validation Loss: 0.5798
Epoch 3000: 	Training Loss: 0.6044	Validation Loss: 0.5802
Epoch 3500: 	Training Loss: 0.6053	Validation Loss: 0.5804
Epoch 4000: 	Training Loss: 0.6037	Validation Loss: 0.5837
Early stopping at epoch 4480
Best validation loss: 0.5789
Fitting model 2/5. Fold 1/1
Epoch 0: 	Training Loss: 0.5996	Validation Loss: 0.6033
Epoch 500: 	Training Loss: 0.5980	Validation Loss: 0.6036
Epoch 1000: 	Training Loss: 0.5979	Validation Loss: 0.6038
Epoch 1500: 	Training Loss: 0.5976	Validation Loss: 0.6059
Epoch 2000: 	Training Loss: 0.5996	Validation Loss: 0.6032
Epoch 2500: 	Training Loss: 0.5985	Validation Loss: 0.6041
Epoch 3000: 	Training Loss: 0.5996	Validation Loss: 0.6039
Early stopping at epoch 3164
Best validation loss: 0.6029
Fitting model 3/5. Fold 1/1
Epoch 0: 	Training Loss: 0.5913	Validation Loss: 0.6291
Epoch 500: 	Training Loss: 0.5927	Validation Loss: 0.6313
Epoch 1000: 	Training Loss: 0.5918	Validation Loss: 0.6298
Epoch 1500: 	Training Loss: 0.5913	Validation Loss: 0.6309
Epoch 2000: 	Training Loss: 0.5920	Validation Loss: 0.6291
Epoch 2500: 	Training Loss: 0.5921	Validation Loss: 0.6295
Epoch 3000: 	Training Loss: 0.5922	Validation Loss: 0.6319
Epoch 3500: 	Training Loss: 0.5917	Validation Loss: 0.6301
Early stopping at epoch 3732
Best validation loss: 0.6283
Fitting model 4/5. Fold 1/1
Epoch 0: 	Training Loss: 0.5958	Validation Loss: 0.6108
Epoch 500: 	Training Loss: 0.5960	Validation Loss: 0.6105
Epoch 1000: 	Training Loss: 0.5960	Validation Loss: 0.6108
Epoch 1500: 	Training Loss: 0.5968	Validation Loss: 0.6138
Epoch 2000: 	Training Loss: 0.5960	Validation Loss: 0.6122
Epoch 2500: 	Training Loss: 0.5965	Validation Loss: 0.6113
Early stopping at epoch 2513
Best validation loss: 0.6098
Fitting model 5/5. Fold 1/1
Epoch 0: 	Training Loss: 0.5958	Validation Loss: 0.6124
Epoch 500: 	Training Loss: 0.5961	Validation Loss: 0.6161
Epoch 1000: 	Training Loss: 0.5957	Validation Loss: 0.6138
Epoch 1500: 	Training Loss: 0.5954	Validation Loss: 0.6127
Epoch 2000: 	Training Loss: 0.5962	Validation Loss: 0.6124
Epoch 2500: 	Training Loss: 0.5955	Validation Loss: 0.6164
Early stopping at epoch 2922
Best validation loss: 0.6120
Fitting is complete. The model fitting log is available at /groups/turner/turnerlab/Rishika/FlYMazeRL_Fits/nn/mohanta2022/model_fitting_log.csv.
The model is available at /groups/turner/turnerlab/Rishika/FlYMazeRL_Fits/nn/mohanta2022/GQNN_2_relu_acceptreject_asymmetric_qp_no-punishment_2022_10_08_20_15_18_546474/.
Thank you for using flymazerl. Have a nice day :)

------------------------------------------------------------
Sender: LSF System <lsfadmin@e10u22>
Subject: Job 126381379: <GQNNx2-1-0> in cluster <Janelia> Done

Job <GQNNx2-1-0> was submitted from host <e05u15> by user <mohantas> in cluster <Janelia> at Sat Oct  8 20:15:15 2022
Job was executed on host(s) <e10u22>, in queue <local>, as user <mohantas> in cluster <Janelia> at Sat Oct  8 20:15:15 2022
</groups/turner/home/mohantas> was used as the home directory.
</groups/turner/home/mohantas/project/FlYMazeRL/flymazerl/scripts/bash> was used as the working directory.
Started at Sat Oct  8 20:15:15 2022
Terminated at Sun Oct  9 23:40:36 2022
Results reported at Sun Oct  9 23:40:36 2022

Your job looked like:

------------------------------------------------------------
# LSBATCH: User input
python ../nn_fitting_mohanta.py --agent GQNN --hidden_state_sizes 2 --n_folds 1 --n_ensemble 5 --early_stopping 2500 --symmetric no --save_path /groups/turner/turnerlab/Rishika/FlYMazeRL_Fits/nn/mohanta2022/ 
------------------------------------------------------------

Successfully completed.

Resource usage summary:

    CPU time :                                   196119.42 sec.
    Max Memory :                                 329 MB
    Average Memory :                             257.79 MB
    Total Requested Memory :                     15360.00 MB
    Delta Memory :                               15031.00 MB
    Max Swap :                                   -
    Max Processes :                              3
    Max Threads :                                14
    Run time :                                   98719 sec.
    Turnaround time :                            98721 sec.

The output (if any) is above this job summary.

