
++++++++++++++++++++++++++++++++++++++++++++++++++++++++++++++++++++++++++++
███████╗██╗     ██╗   ██╗███╗   ███╗ █████╗ ███████╗███████╗██████╗ ██╗     
██╔════╝██║     ╚██╗ ██╔╝████╗ ████║██╔══██╗╚══███╔╝██╔════╝██╔══██╗██║     
█████╗  ██║      ╚████╔╝ ██╔████╔██║███████║  ███╔╝ █████╗  ██████╔╝██║     
██╔══╝  ██║       ╚██╔╝  ██║╚██╔╝██║██╔══██║ ███╔╝  ██╔══╝  ██╔══██╗██║     
██║     ███████╗   ██║   ██║ ╚═╝ ██║██║  ██║███████╗███████╗██║  ██║███████╗
╚═╝     ╚══════╝   ╚═╝   ╚═╝     ╚═╝╚═╝  ╚═╝╚══════╝╚══════╝╚═╝  ╚═╝╚══════╝
++++++++++++++++++++++++++++++++++++++++++++++++++++++++++++++++++++++++++++
Developed by:
    Rishika Mohanta, Research Technician, Turner Lab, Janelia Research Campus

Fitting agent: GQLearner
Loading data from:
/groups/turner/home/mohantas/project/FlYMazeRL//data/rajagopalan2022/training_choice_set.csv
/groups/turner/home/mohantas/project/FlYMazeRL//data/rajagopalan2022/training_reward_set.csv
Model: GQNN_2_relu_acceptreject_asymmetric_qp_no-punishment_2022_10_04_02_25_30_645052
Fitting model 1/5. Fold 1/1
Epoch 0: 	Training Loss: 0.6842	Validation Loss: 0.6852
Epoch 500: 	Training Loss: 0.6429	Validation Loss: 0.6581
Epoch 1000: 	Training Loss: 0.6415	Validation Loss: 0.6587
Epoch 1500: 	Training Loss: 0.6407	Validation Loss: 0.6573
Epoch 2000: 	Training Loss: 0.6402	Validation Loss: 0.6592
Epoch 2500: 	Training Loss: 0.6402	Validation Loss: 0.6587
Early stopping at epoch 2671
Best validation loss: 0.6535
Fitting model 2/5. Fold 1/1
Epoch 0: 	Training Loss: 0.6476	Validation Loss: 0.6513
Epoch 500: 	Training Loss: 0.6463	Validation Loss: 0.6555
Epoch 1000: 	Training Loss: 0.6459	Validation Loss: 0.6564
Epoch 1500: 	Training Loss: 0.6451	Validation Loss: 0.6554
Epoch 2000: 	Training Loss: 0.6445	Validation Loss: 0.6550
Epoch 2500: 	Training Loss: 0.6447	Validation Loss: 0.6546
Early stopping at epoch 2501
Best validation loss: 0.6511
Fitting model 3/5. Fold 1/1
Epoch 0: 	Training Loss: 0.6420	Validation Loss: 0.6701
Epoch 500: 	Training Loss: 0.6234	Validation Loss: 0.6597
Epoch 1000: 	Training Loss: 0.6206	Validation Loss: 0.6564
Epoch 1500: 	Training Loss: 0.6205	Validation Loss: 0.6556
Epoch 2000: 	Training Loss: 0.6213	Validation Loss: 0.6564
Epoch 2500: 	Training Loss: 0.6212	Validation Loss: 0.6563
Epoch 3000: 	Training Loss: 0.6199	Validation Loss: 0.6582
Epoch 3500: 	Training Loss: 0.6196	Validation Loss: 0.6568
Early stopping at epoch 3686
Best validation loss: 0.6548
Fitting model 4/5. Fold 1/1
Epoch 0: 	Training Loss: 0.6276	Validation Loss: 0.6330
Epoch 500: 	Training Loss: 0.6262	Validation Loss: 0.6363
Epoch 1000: 	Training Loss: 0.6256	Validation Loss: 0.6338
Epoch 1500: 	Training Loss: 0.6262	Validation Loss: 0.6333
Epoch 2000: 	Training Loss: 0.6257	Validation Loss: 0.6343
Epoch 2500: 	Training Loss: 0.6254	Validation Loss: 0.6328
Epoch 3000: 	Training Loss: 0.6273	Validation Loss: 0.6376
Epoch 3500: 	Training Loss: 0.6250	Validation Loss: 0.6341
Early stopping at epoch 3509
Best validation loss: 0.6320
Fitting model 5/5. Fold 1/1
Epoch 0: 	Training Loss: 0.6272	Validation Loss: 0.6281
Epoch 500: 	Training Loss: 0.6278	Validation Loss: 0.6297
Epoch 1000: 	Training Loss: 0.6260	Validation Loss: 0.6295
Epoch 1500: 	Training Loss: 0.6277	Validation Loss: 0.6317
Epoch 2000: 	Training Loss: 0.6270	Validation Loss: 0.6332
Epoch 2500: 	Training Loss: 0.6269	Validation Loss: 0.6307
Early stopping at epoch 2524
Best validation loss: 0.6279
Fitting is complete. The model fitting log is available at /groups/turner/turnerlab/Rishika/FlYMazeRL_Fits/nn/rajagopalan2022/model_fitting_log.csv.
The model is available at /groups/turner/turnerlab/Rishika/FlYMazeRL_Fits/nn/rajagopalan2022/GQNN_2_relu_acceptreject_asymmetric_qp_no-punishment_2022_10_04_02_25_30_645052/.
Thank you for using flymazerl. Have a nice day :)

------------------------------------------------------------
Sender: LSF System <lsfadmin@e10u11>
Subject: Job 126235920: <GQNNx2-0-0> in cluster <Janelia> Done

Job <GQNNx2-0-0> was submitted from host <e05u15> by user <mohantas> in cluster <Janelia> at Tue Oct  4 02:25:15 2022
Job was executed on host(s) <e10u11>, in queue <local>, as user <mohantas> in cluster <Janelia> at Tue Oct  4 02:25:15 2022
</groups/turner/home/mohantas> was used as the home directory.
</groups/turner/home/mohantas/project/FlYMazeRL/flymazerl/scripts/bash> was used as the working directory.
Started at Tue Oct  4 02:25:15 2022
Terminated at Tue Oct  4 05:45:25 2022
Results reported at Tue Oct  4 05:45:25 2022

Your job looked like:

------------------------------------------------------------
# LSBATCH: User input
python ../nn_fitting_rajagopalan.py --agent GQNN --hidden_state_sizes 2 --n_folds 1 --n_ensemble 5 --early_stopping 2500 --symmetric no --save_path /groups/turner/turnerlab/Rishika/FlYMazeRL_Fits/nn/rajagopalan2022/ 
------------------------------------------------------------

Successfully completed.

Resource usage summary:

    CPU time :                                   23899.18 sec.
    Max Memory :                                 252 MB
    Average Memory :                             236.68 MB
    Total Requested Memory :                     15360.00 MB
    Delta Memory :                               15108.00 MB
    Max Swap :                                   -
    Max Processes :                              3
    Max Threads :                                14
    Run time :                                   12008 sec.
    Turnaround time :                            12010 sec.

The output (if any) is above this job summary.


++++++++++++++++++++++++++++++++++++++++++++++++++++++++++++++++++++++++++++
███████╗██╗     ██╗   ██╗███╗   ███╗ █████╗ ███████╗███████╗██████╗ ██╗     
██╔════╝██║     ╚██╗ ██╔╝████╗ ████║██╔══██╗╚══███╔╝██╔════╝██╔══██╗██║     
█████╗  ██║      ╚████╔╝ ██╔████╔██║███████║  ███╔╝ █████╗  ██████╔╝██║     
██╔══╝  ██║       ╚██╔╝  ██║╚██╔╝██║██╔══██║ ███╔╝  ██╔══╝  ██╔══██╗██║     
██║     ███████╗   ██║   ██║ ╚═╝ ██║██║  ██║███████╗███████╗██║  ██║███████╗
╚═╝     ╚══════╝   ╚═╝   ╚═╝     ╚═╝╚═╝  ╚═╝╚══════╝╚══════╝╚═╝  ╚═╝╚══════╝
++++++++++++++++++++++++++++++++++++++++++++++++++++++++++++++++++++++++++++
Developed by:
    Rishika Mohanta, Research Technician, Turner Lab, Janelia Research Campus

Fitting agent: GQLearner
Loading data from:
/groups/turner/home/mohantas/project/FlYMazeRL//data/mohanta2022/training_choice_set.csv
/groups/turner/home/mohantas/project/FlYMazeRL//data/mohanta2022/training_reward_set.csv
Model: GQNN_2_relu_acceptreject_asymmetric_qp_no-punishment_2022_10_08_20_15_18_214201
Fitting model 1/5. Fold 1/1
Epoch 0: 	Training Loss: 0.7140	Validation Loss: 0.7041
Epoch 500: 	Training Loss: 0.6027	Validation Loss: 0.5911
Epoch 1000: 	Training Loss: 0.6031	Validation Loss: 0.5929
Epoch 1500: 	Training Loss: 0.6020	Validation Loss: 0.5931
Epoch 2000: 	Training Loss: 0.6028	Validation Loss: 0.5907
Epoch 2500: 	Training Loss: 0.6029	Validation Loss: 0.5928
Early stopping at epoch 2706
Best validation loss: 0.5900
Fitting model 2/5. Fold 1/1
Epoch 0: 	Training Loss: 0.5966	Validation Loss: 0.6206
Epoch 500: 	Training Loss: 0.5950	Validation Loss: 0.6213
Epoch 1000: 	Training Loss: 0.5946	Validation Loss: 0.6200
Epoch 1500: 	Training Loss: 0.5948	Validation Loss: 0.6214
Epoch 2000: 	Training Loss: 0.5943	Validation Loss: 0.6203
Epoch 2500: 	Training Loss: 0.5945	Validation Loss: 0.6192
Epoch 3000: 	Training Loss: 0.5938	Validation Loss: 0.6191
Epoch 3500: 	Training Loss: 0.5947	Validation Loss: 0.6210
Epoch 4000: 	Training Loss: 0.5948	Validation Loss: 0.6208
Epoch 4500: 	Training Loss: 0.5953	Validation Loss: 0.6200
Epoch 5000: 	Training Loss: 0.5952	Validation Loss: 0.6194
Early stopping at epoch 5102
Best validation loss: 0.6187
Fitting model 3/5. Fold 1/1
Epoch 0: 	Training Loss: 0.6000	Validation Loss: 0.6014
Epoch 500: 	Training Loss: 0.6005	Validation Loss: 0.6017
Epoch 1000: 	Training Loss: 0.6022	Validation Loss: 0.6007
Epoch 1500: 	Training Loss: 0.5994	Validation Loss: 0.6014
Epoch 2000: 	Training Loss: 0.5993	Validation Loss: 0.6047
Epoch 2500: 	Training Loss: 0.5996	Validation Loss: 0.6059
Early stopping at epoch 2531
Best validation loss: 0.5997
Fitting model 4/5. Fold 1/1
Epoch 0: 	Training Loss: 0.6036	Validation Loss: 0.5928
Epoch 500: 	Training Loss: 0.6011	Validation Loss: 0.5924
Epoch 1000: 	Training Loss: 0.6031	Validation Loss: 0.5924
Epoch 1500: 	Training Loss: 0.6007	Validation Loss: 0.5947
Epoch 2000: 	Training Loss: 0.6024	Validation Loss: 0.5944
Epoch 2500: 	Training Loss: 0.6013	Validation Loss: 0.5942
Early stopping at epoch 2502
Best validation loss: 0.5915
Fitting model 5/5. Fold 1/1
Epoch 0: 	Training Loss: 0.5957	Validation Loss: 0.6172
Epoch 500: 	Training Loss: 0.5949	Validation Loss: 0.6191
Epoch 1000: 	Training Loss: 0.5957	Validation Loss: 0.6204
Epoch 1500: 	Training Loss: 0.5981	Validation Loss: 0.6183
Epoch 2000: 	Training Loss: 0.5953	Validation Loss: 0.6184
Epoch 2500: 	Training Loss: 0.5950	Validation Loss: 0.6176
Epoch 3000: 	Training Loss: 0.5950	Validation Loss: 0.6167
Epoch 3500: 	Training Loss: 0.5946	Validation Loss: 0.6165
Epoch 4000: 	Training Loss: 0.5946	Validation Loss: 0.6172
Epoch 4500: 	Training Loss: 0.5948	Validation Loss: 0.6163
Epoch 5000: 	Training Loss: 0.5942	Validation Loss: 0.6183
Epoch 5500: 	Training Loss: 0.5945	Validation Loss: 0.6170
Epoch 6000: 	Training Loss: 0.5947	Validation Loss: 0.6161
Epoch 6500: 	Training Loss: 0.5954	Validation Loss: 0.6179
Early stopping at epoch 6845
Best validation loss: 0.6158
Fitting is complete. The model fitting log is available at /groups/turner/turnerlab/Rishika/FlYMazeRL_Fits/nn/mohanta2022/model_fitting_log.csv.
The model is available at /groups/turner/turnerlab/Rishika/FlYMazeRL_Fits/nn/mohanta2022/GQNN_2_relu_acceptreject_asymmetric_qp_no-punishment_2022_10_08_20_15_18_214201/.
Thank you for using flymazerl. Have a nice day :)

------------------------------------------------------------
Sender: LSF System <lsfadmin@e10u22>
Subject: Job 126381378: <GQNNx2-0-0> in cluster <Janelia> Done

Job <GQNNx2-0-0> was submitted from host <e05u15> by user <mohantas> in cluster <Janelia> at Sat Oct  8 20:15:14 2022
Job was executed on host(s) <e10u22>, in queue <local>, as user <mohantas> in cluster <Janelia> at Sat Oct  8 20:15:14 2022
</groups/turner/home/mohantas> was used as the home directory.
</groups/turner/home/mohantas/project/FlYMazeRL/flymazerl/scripts/bash> was used as the working directory.
Started at Sat Oct  8 20:15:14 2022
Terminated at Mon Oct 10 03:06:24 2022
Results reported at Mon Oct 10 03:06:24 2022

Your job looked like:

------------------------------------------------------------
# LSBATCH: User input
python ../nn_fitting_mohanta.py --agent GQNN --hidden_state_sizes 2 --n_folds 1 --n_ensemble 5 --early_stopping 2500 --symmetric no --save_path /groups/turner/turnerlab/Rishika/FlYMazeRL_Fits/nn/mohanta2022/ 
------------------------------------------------------------

Successfully completed.

Resource usage summary:

    CPU time :                                   220652.83 sec.
    Max Memory :                                 360 MB
    Average Memory :                             268.06 MB
    Total Requested Memory :                     15360.00 MB
    Delta Memory :                               15000.00 MB
    Max Swap :                                   -
    Max Processes :                              3
    Max Threads :                                14
    Run time :                                   111068 sec.
    Turnaround time :                            111070 sec.

The output (if any) is above this job summary.

