
++++++++++++++++++++++++++++++++++++++++++++++++++++++++++++++++++++++++++++
███████╗██╗     ██╗   ██╗███╗   ███╗ █████╗ ███████╗███████╗██████╗ ██╗     
██╔════╝██║     ╚██╗ ██╔╝████╗ ████║██╔══██╗╚══███╔╝██╔════╝██╔══██╗██║     
█████╗  ██║      ╚████╔╝ ██╔████╔██║███████║  ███╔╝ █████╗  ██████╔╝██║     
██╔══╝  ██║       ╚██╔╝  ██║╚██╔╝██║██╔══██║ ███╔╝  ██╔══╝  ██╔══██╗██║     
██║     ███████╗   ██║   ██║ ╚═╝ ██║██║  ██║███████╗███████╗██║  ██║███████╗
╚═╝     ╚══════╝   ╚═╝   ╚═╝     ╚═╝╚═╝  ╚═╝╚══════╝╚══════╝╚═╝  ╚═╝╚══════╝
++++++++++++++++++++++++++++++++++++++++++++++++++++++++++++++++++++++++++++
Developed by:
    Rishika Mohanta, Research Technician, Turner Lab, Janelia Research Campus

Fitting agent: GRNNLearner
Loading data from:
/groups/turner/home/mohantas/project/FlYMazeRL//data/rajagopalan2022/training_choice_set.csv
/groups/turner/home/mohantas/project/FlYMazeRL//data/rajagopalan2022/training_reward_set.csv
Model: GRNN_1x5_RNN_acceptreject_asymmetric_qp_no-punishment_2022_10_04_02_17_35_300321
Traceback (most recent call last):
  File "/groups/turner/home/mohantas/project/FlYMazeRL/flymazerl/scripts/bash/../nn_fitting_rajagopalan.py", line 172, in <module>
    os.makedirs(save_path)
  File "/groups/turner/home/mohantas/anaconda3/envs/flymazerl/lib/python3.9/os.py", line 225, in makedirs
    mkdir(name, mode)
FileExistsError: [Errno 17] File exists: '/groups/turner/turnerlab/Rishika/FlYMazeRL_Fits/nn/rajagopalan2022/GRNN_1x5_RNN_acceptreject_asymmetric_qp_no-punishment_2022_10_04_02_17_35_300321/'

------------------------------------------------------------
Sender: LSF System <lsfadmin@e10u12>
Subject: Job 126232917: <GRNNx5-2-0> in cluster <Janelia> Exited

Job <GRNNx5-2-0> was submitted from host <e05u15> by user <mohantas> in cluster <Janelia> at Tue Oct  4 02:17:07 2022
Job was executed on host(s) <e10u12>, in queue <local>, as user <mohantas> in cluster <Janelia> at Tue Oct  4 02:17:07 2022
</groups/turner/home/mohantas> was used as the home directory.
</groups/turner/home/mohantas/project/FlYMazeRL/flymazerl/scripts/bash> was used as the working directory.
Started at Tue Oct  4 02:17:07 2022
Terminated at Tue Oct  4 02:17:49 2022
Results reported at Tue Oct  4 02:17:49 2022

Your job looked like:

------------------------------------------------------------
# LSBATCH: User input
python ../nn_fitting_rajagopalan.py --agent GRNN --num_reservoir 1 --reservoir_size 5 --n_folds 1 --n_ensemble 5 --early_stopping 2500 --symmetric no --save_path /groups/turner/turnerlab/Rishika/FlYMazeRL_Fits/nn/rajagopalan2022/ 
------------------------------------------------------------

Exited with exit code 1.

Resource usage summary:

    CPU time :                                   5.14 sec.
    Max Memory :                                 219 MB
    Average Memory :                             182.00 MB
    Total Requested Memory :                     15360.00 MB
    Delta Memory :                               15141.00 MB
    Max Swap :                                   -
    Max Processes :                              3
    Max Threads :                                12
    Run time :                                   44 sec.
    Turnaround time :                            42 sec.

The output (if any) is above this job summary.


++++++++++++++++++++++++++++++++++++++++++++++++++++++++++++++++++++++++++++
███████╗██╗     ██╗   ██╗███╗   ███╗ █████╗ ███████╗███████╗██████╗ ██╗     
██╔════╝██║     ╚██╗ ██╔╝████╗ ████║██╔══██╗╚══███╔╝██╔════╝██╔══██╗██║     
█████╗  ██║      ╚████╔╝ ██╔████╔██║███████║  ███╔╝ █████╗  ██████╔╝██║     
██╔══╝  ██║       ╚██╔╝  ██║╚██╔╝██║██╔══██║ ███╔╝  ██╔══╝  ██╔══██╗██║     
██║     ███████╗   ██║   ██║ ╚═╝ ██║██║  ██║███████╗███████╗██║  ██║███████╗
╚═╝     ╚══════╝   ╚═╝   ╚═╝     ╚═╝╚═╝  ╚═╝╚══════╝╚══════╝╚═╝  ╚═╝╚══════╝
++++++++++++++++++++++++++++++++++++++++++++++++++++++++++++++++++++++++++++
Developed by:
    Rishika Mohanta, Research Technician, Turner Lab, Janelia Research Campus

Fitting agent: GRNNLearner
Loading data from:
/groups/turner/home/mohantas/project/FlYMazeRL//data/rajagopalan2022/training_choice_set.csv
/groups/turner/home/mohantas/project/FlYMazeRL//data/rajagopalan2022/training_reward_set.csv
Model: GRNN_1x5_RNN_acceptreject_asymmetric_qp_no-punishment_2022_10_04_02_22_13_978011
Fitting model 1/5. Fold 1/1
Epoch 0: 	Training Loss: 0.6820	Validation Loss: 0.6916
Epoch 500: 	Training Loss: 0.6065	Validation Loss: 0.6767
Epoch 1000: 	Training Loss: 0.6113	Validation Loss: 0.6861
Epoch 1500: 	Training Loss: 0.6100	Validation Loss: 0.6623
Epoch 2000: 	Training Loss: 0.6137	Validation Loss: 0.6708
Epoch 2500: 	Training Loss: 0.6168	Validation Loss: 0.6736
Early stopping at epoch 2792
Best validation loss: 0.6600
Fitting model 2/5. Fold 1/1
Epoch 0: 	Training Loss: 0.7018	Validation Loss: 0.6892
Epoch 500: 	Training Loss: 0.6097	Validation Loss: 0.6406
Epoch 1000: 	Training Loss: 0.6148	Validation Loss: 0.6447
Epoch 1500: 	Training Loss: 0.6047	Validation Loss: 0.6502
Epoch 2000: 	Training Loss: 0.6053	Validation Loss: 0.6479
Epoch 2500: 	Training Loss: 0.6050	Validation Loss: 0.6500
Early stopping at epoch 2819
Best validation loss: 0.6317
Fitting model 3/5. Fold 1/1
Epoch 0: 	Training Loss: 0.6998	Validation Loss: 0.6979
Epoch 500: 	Training Loss: 0.6122	Validation Loss: 0.6519
Epoch 1000: 	Training Loss: 0.6074	Validation Loss: 0.6646
Epoch 1500: 	Training Loss: 0.6082	Validation Loss: 0.6699
Epoch 2000: 	Training Loss: 0.6556	Validation Loss: 0.6714
Epoch 2500: 	Training Loss: 0.6152	Validation Loss: 0.6618
Early stopping at epoch 2534
Best validation loss: 0.6414
Fitting model 4/5. Fold 1/1
Epoch 0: 	Training Loss: 0.6926	Validation Loss: 0.6813
Epoch 500: 	Training Loss: 0.6137	Validation Loss: 0.7171
Epoch 1000: 	Training Loss: 0.6188	Validation Loss: 0.6978
Epoch 1500: 	Training Loss: 0.6068	Validation Loss: 0.6905
Epoch 2000: 	Training Loss: 0.6041	Validation Loss: 0.6939
Epoch 2500: 	Training Loss: 0.6086	Validation Loss: 0.6797
Early stopping at epoch 2569
Best validation loss: 0.6165
Fitting model 5/5. Fold 1/1
Epoch 0: 	Training Loss: 0.6931	Validation Loss: 0.6918
Epoch 500: 	Training Loss: 0.6097	Validation Loss: 0.6736
Epoch 1000: 	Training Loss: 0.6080	Validation Loss: 0.6752
Epoch 1500: 	Training Loss: 0.6148	Validation Loss: 0.6757
Epoch 2000: 	Training Loss: 0.6303	Validation Loss: 0.6803
Epoch 2500: 	Training Loss: 0.6188	Validation Loss: 0.6741
Early stopping at epoch 2690
Best validation loss: 0.6545
Fitting is complete. The model fitting log is available at /groups/turner/turnerlab/Rishika/FlYMazeRL_Fits/nn/rajagopalan2022/model_fitting_log.csv.
The model is available at /groups/turner/turnerlab/Rishika/FlYMazeRL_Fits/nn/rajagopalan2022/GRNN_1x5_RNN_acceptreject_asymmetric_qp_no-punishment_2022_10_04_02_22_13_978011/.
Thank you for using flymazerl. Have a nice day :)

------------------------------------------------------------
Sender: LSF System <lsfadmin@e10u12>
Subject: Job 126234660: <GRNNx5-2-0> in cluster <Janelia> Done

Job <GRNNx5-2-0> was submitted from host <e05u15> by user <mohantas> in cluster <Janelia> at Tue Oct  4 02:22:07 2022
Job was executed on host(s) <e10u12>, in queue <local>, as user <mohantas> in cluster <Janelia> at Tue Oct  4 02:22:07 2022
</groups/turner/home/mohantas> was used as the home directory.
</groups/turner/home/mohantas/project/FlYMazeRL/flymazerl/scripts/bash> was used as the working directory.
Started at Tue Oct  4 02:22:07 2022
Terminated at Tue Oct  4 03:06:57 2022
Results reported at Tue Oct  4 03:06:57 2022

Your job looked like:

------------------------------------------------------------
# LSBATCH: User input
python ../nn_fitting_rajagopalan.py --agent GRNN --num_reservoir 1 --reservoir_size 5 --n_folds 1 --n_ensemble 5 --early_stopping 2500 --symmetric no --save_path /groups/turner/turnerlab/Rishika/FlYMazeRL_Fits/nn/rajagopalan2022/ 
------------------------------------------------------------

Successfully completed.

Resource usage summary:

    CPU time :                                   5331.76 sec.
    Max Memory :                                 237 MB
    Average Memory :                             226.65 MB
    Total Requested Memory :                     15360.00 MB
    Delta Memory :                               15123.00 MB
    Max Swap :                                   -
    Max Processes :                              3
    Max Threads :                                14
    Run time :                                   2692 sec.
    Turnaround time :                            2690 sec.

The output (if any) is above this job summary.


++++++++++++++++++++++++++++++++++++++++++++++++++++++++++++++++++++++++++++
███████╗██╗     ██╗   ██╗███╗   ███╗ █████╗ ███████╗███████╗██████╗ ██╗     
██╔════╝██║     ╚██╗ ██╔╝████╗ ████║██╔══██╗╚══███╔╝██╔════╝██╔══██╗██║     
█████╗  ██║      ╚████╔╝ ██╔████╔██║███████║  ███╔╝ █████╗  ██████╔╝██║     
██╔══╝  ██║       ╚██╔╝  ██║╚██╔╝██║██╔══██║ ███╔╝  ██╔══╝  ██╔══██╗██║     
██║     ███████╗   ██║   ██║ ╚═╝ ██║██║  ██║███████╗███████╗██║  ██║███████╗
╚═╝     ╚══════╝   ╚═╝   ╚═╝     ╚═╝╚═╝  ╚═╝╚══════╝╚══════╝╚═╝  ╚═╝╚══════╝
++++++++++++++++++++++++++++++++++++++++++++++++++++++++++++++++++++++++++++
Developed by:
    Rishika Mohanta, Research Technician, Turner Lab, Janelia Research Campus

Fitting agent: GRNNLearner
Loading data from:
/groups/turner/home/mohantas/project/FlYMazeRL//data/mohanta2022/training_choice_set.csv
/groups/turner/home/mohantas/project/FlYMazeRL//data/mohanta2022/training_reward_set.csv
Model: GRNN_1x5_RNN_acceptreject_asymmetric_qp_no-punishment_2022_10_08_20_14_46_228681
Fitting model 1/5. Fold 1/1
Epoch 0: 	Training Loss: 0.6729	Validation Loss: 0.6529
Epoch 500: 	Training Loss: 0.5898	Validation Loss: 0.6168
Epoch 1000: 	Training Loss: 0.5905	Validation Loss: 0.6157
Epoch 1500: 	Training Loss: 0.5904	Validation Loss: 0.6150
Epoch 2000: 	Training Loss: 0.5903	Validation Loss: 0.6200
Epoch 2500: 	Training Loss: 0.5897	Validation Loss: 0.6161
Early stopping at epoch 2667
Best validation loss: 0.6092
Fitting model 2/5. Fold 1/1
Epoch 0: 	Training Loss: 0.6804	Validation Loss: 0.6482
Epoch 500: 	Training Loss: 0.5996	Validation Loss: 0.5731
Epoch 1000: 	Training Loss: 0.6042	Validation Loss: 0.5802
Epoch 1500: 	Training Loss: 0.5992	Validation Loss: 0.5705
Epoch 2000: 	Training Loss: 0.5993	Validation Loss: 0.5714
Epoch 2500: 	Training Loss: 0.6007	Validation Loss: 0.5721
Epoch 3000: 	Training Loss: 0.6020	Validation Loss: 0.5770
Early stopping at epoch 3474
Best validation loss: 0.5699
Fitting model 3/5. Fold 1/1
Epoch 0: 	Training Loss: 0.6766	Validation Loss: 0.6709
Epoch 500: 	Training Loss: 0.5946	Validation Loss: 0.6028
Epoch 1000: 	Training Loss: 0.5954	Validation Loss: 0.6005
Epoch 1500: 	Training Loss: 0.5929	Validation Loss: 0.6000
Epoch 2000: 	Training Loss: 0.6081	Validation Loss: 0.6118
Epoch 2500: 	Training Loss: 0.5931	Validation Loss: 0.6029
Epoch 3000: 	Training Loss: 0.5929	Validation Loss: 0.6053
Early stopping at epoch 3450
Best validation loss: 0.5975
Fitting model 4/5. Fold 1/1
Epoch 0: 	Training Loss: 0.6982	Validation Loss: 0.6940
Epoch 500: 	Training Loss: 0.6018	Validation Loss: 0.5808
Epoch 1000: 	Training Loss: 0.5975	Validation Loss: 0.5806
Epoch 1500: 	Training Loss: 0.5978	Validation Loss: 0.5831
Epoch 2000: 	Training Loss: 0.6066	Validation Loss: 0.5870
Epoch 2500: 	Training Loss: 0.5987	Validation Loss: 0.5808
Epoch 3000: 	Training Loss: 0.5989	Validation Loss: 0.5809
Early stopping at epoch 3028
Best validation loss: 0.5791
Fitting model 5/5. Fold 1/1
Epoch 0: 	Training Loss: 0.6524	Validation Loss: 0.6616
Epoch 500: 	Training Loss: 0.5916	Validation Loss: 0.6400
Epoch 1000: 	Training Loss: 0.5875	Validation Loss: 0.6382
Epoch 1500: 	Training Loss: 0.5870	Validation Loss: 0.6341
Epoch 2000: 	Training Loss: 0.5869	Validation Loss: 0.6392
Epoch 2500: 	Training Loss: 0.5890	Validation Loss: 0.6366
Epoch 3000: 	Training Loss: 0.5874	Validation Loss: 0.6348
Epoch 3500: 	Training Loss: 0.5954	Validation Loss: 0.6760
Early stopping at epoch 3909
Best validation loss: 0.6327
Fitting is complete. The model fitting log is available at /groups/turner/turnerlab/Rishika/FlYMazeRL_Fits/nn/mohanta2022/model_fitting_log.csv.
The model is available at /groups/turner/turnerlab/Rishika/FlYMazeRL_Fits/nn/mohanta2022/GRNN_1x5_RNN_acceptreject_asymmetric_qp_no-punishment_2022_10_08_20_14_46_228681/.
Thank you for using flymazerl. Have a nice day :)

------------------------------------------------------------
Sender: LSF System <lsfadmin@e10u13>
Subject: Job 126381328: <GRNNx5-2-0> in cluster <Janelia> Done

Job <GRNNx5-2-0> was submitted from host <e05u15> by user <mohantas> in cluster <Janelia> at Sat Oct  8 20:14:34 2022
Job was executed on host(s) <e10u13>, in queue <local>, as user <mohantas> in cluster <Janelia> at Sat Oct  8 20:14:35 2022
</groups/turner/home/mohantas> was used as the home directory.
</groups/turner/home/mohantas/project/FlYMazeRL/flymazerl/scripts/bash> was used as the working directory.
Started at Sat Oct  8 20:14:35 2022
Terminated at Sat Oct  8 23:54:14 2022
Results reported at Sat Oct  8 23:54:14 2022

Your job looked like:

------------------------------------------------------------
# LSBATCH: User input
python ../nn_fitting_mohanta.py --agent GRNN --num_reservoir 1 --reservoir_size 5 --n_folds 1 --n_ensemble 5 --early_stopping 2500 --symmetric no --save_path /groups/turner/turnerlab/Rishika/FlYMazeRL_Fits/nn/mohanta2022/ 
------------------------------------------------------------

Successfully completed.

Resource usage summary:

    CPU time :                                   25754.97 sec.
    Max Memory :                                 306 MB
    Average Memory :                             248.69 MB
    Total Requested Memory :                     15360.00 MB
    Delta Memory :                               15054.00 MB
    Max Swap :                                   -
    Max Processes :                              3
    Max Threads :                                14
    Run time :                                   13181 sec.
    Turnaround time :                            13180 sec.

The output (if any) is above this job summary.

