
++++++++++++++++++++++++++++++++++++++++++++++++++++++++++++++++++++++++++++
███████╗██╗     ██╗   ██╗███╗   ███╗ █████╗ ███████╗███████╗██████╗ ██╗     
██╔════╝██║     ╚██╗ ██╔╝████╗ ████║██╔══██╗╚══███╔╝██╔════╝██╔══██╗██║     
█████╗  ██║      ╚████╔╝ ██╔████╔██║███████║  ███╔╝ █████╗  ██████╔╝██║     
██╔══╝  ██║       ╚██╔╝  ██║╚██╔╝██║██╔══██║ ███╔╝  ██╔══╝  ██╔══██╗██║     
██║     ███████╗   ██║   ██║ ╚═╝ ██║██║  ██║███████╗███████╗██║  ██║███████╗
╚═╝     ╚══════╝   ╚═╝   ╚═╝     ╚═╝╚═╝  ╚═╝╚══════╝╚══════╝╚═╝  ╚═╝╚══════╝
++++++++++++++++++++++++++++++++++++++++++++++++++++++++++++++++++++++++++++
Developed by:
    Rishika Mohanta, Research Technician, Turner Lab, Janelia Research Campus

Fitting agent: GRNNLearner
Loading data from:
/groups/turner/home/mohantas/project/FlYMazeRL//data/rajagopalan2022/training_choice_set.csv
/groups/turner/home/mohantas/project/FlYMazeRL//data/rajagopalan2022/training_reward_set.csv
Model: GRNN_1x100_RNN_acceptreject_symmetric_qp_no-punishment_2022_10_04_02_23_33_253872
Fitting model 1/5. Fold 1/1
Epoch 0: 	Training Loss: 0.6809	Validation Loss: 0.6723
Epoch 500: 	Training Loss: 0.6212	Validation Loss: 0.6687
Epoch 1000: 	Training Loss: 0.6301	Validation Loss: 0.6519
Epoch 1500: 	Training Loss: 0.6264	Validation Loss: 0.6524
Epoch 2000: 	Training Loss: 0.6266	Validation Loss: 0.6561
Epoch 2500: 	Training Loss: 0.6368	Validation Loss: 0.6437
Early stopping at epoch 2511
Best validation loss: 0.6317
Fitting model 2/5. Fold 1/1
Epoch 0: 	Training Loss: 0.6745	Validation Loss: 0.6426
Epoch 500: 	Training Loss: 0.6754	Validation Loss: 0.6696
Epoch 1000: 	Training Loss: 0.6234	Validation Loss: 0.6336
Epoch 1500: 	Training Loss: 0.6393	Validation Loss: 0.6204
Epoch 2000: 	Training Loss: 0.6199	Validation Loss: 0.6337
Epoch 2500: 	Training Loss: 0.6274	Validation Loss: 0.6315
Epoch 3000: 	Training Loss: 0.6300	Validation Loss: 0.6314
Epoch 3500: 	Training Loss: 0.6100	Validation Loss: 0.6400
Early stopping at epoch 3906
Best validation loss: 0.6161
Fitting model 3/5. Fold 1/1
Epoch 0: 	Training Loss: 0.6815	Validation Loss: 0.6347
Epoch 500: 	Training Loss: 0.6624	Validation Loss: 0.6441
Epoch 1000: 	Training Loss: 0.6410	Validation Loss: 0.6288
Epoch 1500: 	Training Loss: 0.6501	Validation Loss: 0.6494
Epoch 2000: 	Training Loss: 0.6576	Validation Loss: 0.6374
Epoch 2500: 	Training Loss: 0.6478	Validation Loss: 0.6344
Early stopping at epoch 2611
Best validation loss: 0.6084
Fitting model 4/5. Fold 1/1
Epoch 0: 	Training Loss: 0.6723	Validation Loss: 0.6797
Epoch 500: 	Training Loss: 0.6299	Validation Loss: 0.6564
Epoch 1000: 	Training Loss: 0.6292	Validation Loss: 0.6532
Epoch 1500: 	Training Loss: 0.6593	Validation Loss: 0.6863
Epoch 2000: 	Training Loss: 0.6467	Validation Loss: 0.6603
Epoch 2500: 	Training Loss: 0.6066	Validation Loss: 0.6754
Early stopping at epoch 2650
Best validation loss: 0.6448
Fitting model 5/5. Fold 1/1
Epoch 0: 	Training Loss: 0.6678	Validation Loss: 0.6495
Epoch 500: 	Training Loss: 0.6288	Validation Loss: 0.6396
Epoch 1000: 	Training Loss: 0.6408	Validation Loss: 0.6444
Epoch 1500: 	Training Loss: 0.6484	Validation Loss: 0.6478
Epoch 2000: 	Training Loss: 0.6272	Validation Loss: 0.6491
Epoch 2500: 	Training Loss: 0.6404	Validation Loss: 0.6523
Early stopping at epoch 2786
Best validation loss: 0.6286
Fitting is complete. The model fitting log is available at /groups/turner/turnerlab/Rishika/FlYMazeRL_Fits/nn/rajagopalan2022/model_fitting_log.csv.
The model is available at /groups/turner/turnerlab/Rishika/FlYMazeRL_Fits/nn/rajagopalan2022/GRNN_1x100_RNN_acceptreject_symmetric_qp_no-punishment_2022_10_04_02_23_33_253872/.
Thank you for using flymazerl. Have a nice day :)

------------------------------------------------------------
Sender: LSF System <lsfadmin@e10u30>
Subject: Job 126235190: <GRNNx100-3-1> in cluster <Janelia> Done

Job <GRNNx100-3-1> was submitted from host <e05u15> by user <mohantas> in cluster <Janelia> at Tue Oct  4 02:23:29 2022
Job was executed on host(s) <e10u30>, in queue <local>, as user <mohantas> in cluster <Janelia> at Tue Oct  4 02:23:29 2022
</groups/turner/home/mohantas> was used as the home directory.
</groups/turner/home/mohantas/project/FlYMazeRL/flymazerl/scripts/bash> was used as the working directory.
Started at Tue Oct  4 02:23:29 2022
Terminated at Tue Oct  4 04:40:17 2022
Results reported at Tue Oct  4 04:40:17 2022

Your job looked like:

------------------------------------------------------------
# LSBATCH: User input
python ../nn_fitting_rajagopalan.py --agent GRNN --num_reservoir 1 --reservoir_size 100 --n_folds 1 --n_ensemble 5 --early_stopping 2500 --symmetric yes --save_path /groups/turner/turnerlab/Rishika/FlYMazeRL_Fits/nn/rajagopalan2022/ 
------------------------------------------------------------

Successfully completed.

Resource usage summary:

    CPU time :                                   16314.00 sec.
    Max Memory :                                 253 MB
    Average Memory :                             240.66 MB
    Total Requested Memory :                     15360.00 MB
    Delta Memory :                               15107.00 MB
    Max Swap :                                   -
    Max Processes :                              3
    Max Threads :                                14
    Run time :                                   8207 sec.
    Turnaround time :                            8208 sec.

The output (if any) is above this job summary.


++++++++++++++++++++++++++++++++++++++++++++++++++++++++++++++++++++++++++++
███████╗██╗     ██╗   ██╗███╗   ███╗ █████╗ ███████╗███████╗██████╗ ██╗     
██╔════╝██║     ╚██╗ ██╔╝████╗ ████║██╔══██╗╚══███╔╝██╔════╝██╔══██╗██║     
█████╗  ██║      ╚████╔╝ ██╔████╔██║███████║  ███╔╝ █████╗  ██████╔╝██║     
██╔══╝  ██║       ╚██╔╝  ██║╚██╔╝██║██╔══██║ ███╔╝  ██╔══╝  ██╔══██╗██║     
██║     ███████╗   ██║   ██║ ╚═╝ ██║██║  ██║███████╗███████╗██║  ██║███████╗
╚═╝     ╚══════╝   ╚═╝   ╚═╝     ╚═╝╚═╝  ╚═╝╚══════╝╚══════╝╚═╝  ╚═╝╚══════╝
++++++++++++++++++++++++++++++++++++++++++++++++++++++++++++++++++++++++++++
Developed by:
    Rishika Mohanta, Research Technician, Turner Lab, Janelia Research Campus

Fitting agent: GRNNLearner
Loading data from:
/groups/turner/home/mohantas/project/FlYMazeRL//data/mohanta2022/training_choice_set.csv
/groups/turner/home/mohantas/project/FlYMazeRL//data/mohanta2022/training_reward_set.csv
Model: GRNN_1x100_RNN_acceptreject_symmetric_qp_no-punishment_2022_10_08_20_12_13_736560
Fitting model 1/5. Fold 1/1
Epoch 0: 	Training Loss: 0.6418	Validation Loss: 0.6794
Epoch 500: 	Training Loss: 0.6057	Validation Loss: 0.6259
Epoch 1000: 	Training Loss: 0.6308	Validation Loss: 0.6456
Epoch 1500: 	Training Loss: 0.6093	Validation Loss: 0.6246
Epoch 2000: 	Training Loss: 0.6909	Validation Loss: 0.6942
Epoch 2500: 	Training Loss: 0.6179	Validation Loss: 0.6314
Epoch 3000: 	Training Loss: 0.6240	Validation Loss: 0.6390
Epoch 3500: 	Training Loss: 0.6109	Validation Loss: 0.6250
Epoch 4000: 	Training Loss: 0.6653	Validation Loss: 0.6807
Epoch 4500: 	Training Loss: 0.6090	Validation Loss: 0.6250
Epoch 5000: 	Training Loss: 0.6582	Validation Loss: 0.6660
Early stopping at epoch 5384
Best validation loss: 0.6145
Fitting model 2/5. Fold 1/1
Epoch 0: 	Training Loss: 0.6466	Validation Loss: 0.6274
Epoch 500: 	Training Loss: 0.6275	Validation Loss: 0.6264
Epoch 1000: 	Training Loss: 0.6040	Validation Loss: 0.6114
Epoch 1500: 	Training Loss: 0.6518	Validation Loss: 0.6644
Epoch 2000: 	Training Loss: 0.6636	Validation Loss: 0.6902
Epoch 2500: 	Training Loss: 0.6077	Validation Loss: 0.6139
Epoch 3000: 	Training Loss: 0.6931	Validation Loss: 0.6932
Early stopping at epoch 3397
Best validation loss: 0.6049
Fitting model 3/5. Fold 1/1
Epoch 0: 	Training Loss: 0.6418	Validation Loss: 0.5817
Epoch 500: 	Training Loss: 0.6479	Validation Loss: 0.6912
Epoch 1000: 	Training Loss: 0.6171	Validation Loss: 0.5854
Epoch 1500: 	Training Loss: 0.6552	Validation Loss: 0.6233
Epoch 2000: 	Training Loss: 0.6579	Validation Loss: 0.6196
Epoch 2500: 	Training Loss: 0.6547	Validation Loss: 0.6335
Early stopping at epoch 2576
Best validation loss: 0.5770
Fitting model 4/5. Fold 1/1
Epoch 0: 	Training Loss: 0.6986	Validation Loss: 0.6749
Epoch 500: 	Training Loss: 0.6125	Validation Loss: 0.5898
Epoch 1000: 	Training Loss: 0.6931	Validation Loss: 0.6931
Epoch 1500: 	Training Loss: 0.6289	Validation Loss: 0.6097
Epoch 2000: 	Training Loss: 0.6174	Validation Loss: 0.5889
Epoch 2500: 	Training Loss: 0.6271	Validation Loss: 0.5927
Epoch 3000: 	Training Loss: 0.6261	Validation Loss: 0.6025
Epoch 3500: 	Training Loss: 0.6735	Validation Loss: 0.6891
Epoch 4000: 	Training Loss: 0.6147	Validation Loss: 0.5853
Early stopping at epoch 4064
Best validation loss: 0.5835
Fitting model 5/5. Fold 1/1
Epoch 0: 	Training Loss: 0.6486	Validation Loss: 0.6499
Epoch 500: 	Training Loss: 0.6929	Validation Loss: 0.6945
Epoch 1000: 	Training Loss: 0.6355	Validation Loss: 0.6328
Epoch 1500: 	Training Loss: 0.6935	Validation Loss: 0.6949
Epoch 2000: 	Training Loss: 0.6055	Validation Loss: 0.6192
Epoch 2500: 	Training Loss: 0.6110	Validation Loss: 0.6305
Epoch 3000: 	Training Loss: 0.6099	Validation Loss: 0.6251
Epoch 3500: 	Training Loss: 0.6263	Validation Loss: 0.6374
Early stopping at epoch 3739
Best validation loss: 0.6097
Fitting is complete. The model fitting log is available at /groups/turner/turnerlab/Rishika/FlYMazeRL_Fits/nn/mohanta2022/model_fitting_log.csv.
The model is available at /groups/turner/turnerlab/Rishika/FlYMazeRL_Fits/nn/mohanta2022/GRNN_1x100_RNN_acceptreject_symmetric_qp_no-punishment_2022_10_08_20_12_13_736560/.
Thank you for using flymazerl. Have a nice day :)

------------------------------------------------------------
Sender: LSF System <lsfadmin@e10u28>
Subject: Job 126381313: <GRNNx100-3-1> in cluster <Janelia> Done

Job <GRNNx100-3-1> was submitted from host <e05u15> by user <mohantas> in cluster <Janelia> at Sat Oct  8 20:11:38 2022
Job was executed on host(s) <e10u28>, in queue <local>, as user <mohantas> in cluster <Janelia> at Sat Oct  8 20:11:40 2022
</groups/turner/home/mohantas> was used as the home directory.
</groups/turner/home/mohantas/project/FlYMazeRL/flymazerl/scripts/bash> was used as the working directory.
Started at Sat Oct  8 20:11:40 2022
Terminated at Sun Oct  9 03:50:41 2022
Results reported at Sun Oct  9 03:50:41 2022

Your job looked like:

------------------------------------------------------------
# LSBATCH: User input
python ../nn_fitting_mohanta.py --agent GRNN --num_reservoir 1 --reservoir_size 100 --n_folds 1 --n_ensemble 5 --early_stopping 2500 --symmetric yes --save_path /groups/turner/turnerlab/Rishika/FlYMazeRL_Fits/nn/mohanta2022/ 
------------------------------------------------------------

Successfully completed.

Resource usage summary:

    CPU time :                                   54269.96 sec.
    Max Memory :                                 360 MB
    Average Memory :                             268.41 MB
    Total Requested Memory :                     15360.00 MB
    Delta Memory :                               15000.00 MB
    Max Swap :                                   -
    Max Processes :                              3
    Max Threads :                                14
    Run time :                                   27544 sec.
    Turnaround time :                            27543 sec.

The output (if any) is above this job summary.

