
++++++++++++++++++++++++++++++++++++++++++++++++++++++++++++++++++++++++++++
███████╗██╗     ██╗   ██╗███╗   ███╗ █████╗ ███████╗███████╗██████╗ ██╗     
██╔════╝██║     ╚██╗ ██╔╝████╗ ████║██╔══██╗╚══███╔╝██╔════╝██╔══██╗██║     
█████╗  ██║      ╚████╔╝ ██╔████╔██║███████║  ███╔╝ █████╗  ██████╔╝██║     
██╔══╝  ██║       ╚██╔╝  ██║╚██╔╝██║██╔══██║ ███╔╝  ██╔══╝  ██╔══██╗██║     
██║     ███████╗   ██║   ██║ ╚═╝ ██║██║  ██║███████╗███████╗██║  ██║███████╗
╚═╝     ╚══════╝   ╚═╝   ╚═╝     ╚═╝╚═╝  ╚═╝╚══════╝╚══════╝╚═╝  ╚═╝╚══════╝
++++++++++++++++++++++++++++++++++++++++++++++++++++++++++++++++++++++++++++
Developed by:
    Rishika Mohanta, Research Technician, Turner Lab, Janelia Research Campus

Fitting agent: GRNNLearner
Loading data from:
/groups/turner/home/mohantas/project/FlYMazeRL//data/rajagopalan2022/training_choice_set.csv
/groups/turner/home/mohantas/project/FlYMazeRL//data/rajagopalan2022/training_reward_set.csv
Model: GRNN_1x5_RNN_acceptreject_symmetric_qp_no-punishment_2022_10_04_02_23_57_505654
Fitting model 1/5. Fold 1/1
Epoch 0: 	Training Loss: 0.6897	Validation Loss: 0.6880
Epoch 500: 	Training Loss: 0.6211	Validation Loss: 0.6513
Epoch 1000: 	Training Loss: 0.6250	Validation Loss: 0.6427
Epoch 1500: 	Training Loss: 0.6161	Validation Loss: 0.6487
Epoch 2000: 	Training Loss: 0.6151	Validation Loss: 0.6535
Epoch 2500: 	Training Loss: 0.6273	Validation Loss: 0.6505
Epoch 3000: 	Training Loss: 0.6212	Validation Loss: 0.6496
Early stopping at epoch 3154
Best validation loss: 0.6394
Fitting model 2/5. Fold 1/1
Epoch 0: 	Training Loss: 0.6912	Validation Loss: 0.6874
Epoch 500: 	Training Loss: 0.6127	Validation Loss: 0.6409
Epoch 1000: 	Training Loss: 0.6116	Validation Loss: 0.6481
Epoch 1500: 	Training Loss: 0.6090	Validation Loss: 0.6624
Epoch 2000: 	Training Loss: 0.6166	Validation Loss: 0.6513
Epoch 2500: 	Training Loss: 0.6194	Validation Loss: 0.6436
Early stopping at epoch 2824
Best validation loss: 0.6339
Fitting model 3/5. Fold 1/1
Epoch 0: 	Training Loss: 0.6938	Validation Loss: 0.6917
Epoch 500: 	Training Loss: 0.6128	Validation Loss: 0.6438
Epoch 1000: 	Training Loss: 0.6060	Validation Loss: 0.6502
Epoch 1500: 	Training Loss: 0.6099	Validation Loss: 0.6541
Epoch 2000: 	Training Loss: 0.5991	Validation Loss: 0.6638
Epoch 2500: 	Training Loss: 0.6524	Validation Loss: 0.6702
Early stopping at epoch 2612
Best validation loss: 0.6414
Fitting model 4/5. Fold 1/1
Epoch 0: 	Training Loss: 0.6907	Validation Loss: 0.6858
Epoch 500: 	Training Loss: 0.6199	Validation Loss: 0.6321
Epoch 1000: 	Training Loss: 0.6203	Validation Loss: 0.6280
Epoch 1500: 	Training Loss: 0.6246	Validation Loss: 0.6304
Epoch 2000: 	Training Loss: 0.6285	Validation Loss: 0.6304
Epoch 2500: 	Training Loss: 0.6247	Validation Loss: 0.6296
Epoch 3000: 	Training Loss: 0.6282	Validation Loss: 0.6284
Epoch 3500: 	Training Loss: 0.6495	Validation Loss: 0.6452
Epoch 4000: 	Training Loss: 0.6219	Validation Loss: 0.6388
Early stopping at epoch 4030
Best validation loss: 0.6243
Fitting model 5/5. Fold 1/1
Epoch 0: 	Training Loss: 0.6843	Validation Loss: 0.6796
Epoch 500: 	Training Loss: 0.6174	Validation Loss: 0.6272
Epoch 1000: 	Training Loss: 0.6279	Validation Loss: 0.6168
Epoch 1500: 	Training Loss: 0.6373	Validation Loss: 0.6213
Epoch 2000: 	Training Loss: 0.6250	Validation Loss: 0.6144
Epoch 2500: 	Training Loss: 0.6232	Validation Loss: 0.6240
Early stopping at epoch 2624
Best validation loss: 0.6090
Fitting is complete. The model fitting log is available at /groups/turner/turnerlab/Rishika/FlYMazeRL_Fits/nn/rajagopalan2022/model_fitting_log.csv.
The model is available at /groups/turner/turnerlab/Rishika/FlYMazeRL_Fits/nn/rajagopalan2022/GRNN_1x5_RNN_acceptreject_symmetric_qp_no-punishment_2022_10_04_02_23_57_505654/.
Thank you for using flymazerl. Have a nice day :)

------------------------------------------------------------
Sender: LSF System <lsfadmin@e10u18>
Subject: Job 126235157: <GRNNx5-2-1> in cluster <Janelia> Done

Job <GRNNx5-2-1> was submitted from host <e05u15> by user <mohantas> in cluster <Janelia> at Tue Oct  4 02:23:24 2022
Job was executed on host(s) <e10u18>, in queue <local>, as user <mohantas> in cluster <Janelia> at Tue Oct  4 02:23:38 2022
</groups/turner/home/mohantas> was used as the home directory.
</groups/turner/home/mohantas/project/FlYMazeRL/flymazerl/scripts/bash> was used as the working directory.
Started at Tue Oct  4 02:23:38 2022
Terminated at Tue Oct  4 03:30:27 2022
Results reported at Tue Oct  4 03:30:27 2022

Your job looked like:

------------------------------------------------------------
# LSBATCH: User input
python ../nn_fitting_rajagopalan.py --agent GRNN --num_reservoir 1 --reservoir_size 5 --n_folds 1 --n_ensemble 5 --early_stopping 2500 --symmetric yes --save_path /groups/turner/turnerlab/Rishika/FlYMazeRL_Fits/nn/rajagopalan2022/ 
------------------------------------------------------------

Successfully completed.

Resource usage summary:

    CPU time :                                   7936.71 sec.
    Max Memory :                                 251 MB
    Average Memory :                             235.66 MB
    Total Requested Memory :                     15360.00 MB
    Delta Memory :                               15109.00 MB
    Max Swap :                                   -
    Max Processes :                              3
    Max Threads :                                14
    Run time :                                   4026 sec.
    Turnaround time :                            4023 sec.

The output (if any) is above this job summary.


++++++++++++++++++++++++++++++++++++++++++++++++++++++++++++++++++++++++++++
███████╗██╗     ██╗   ██╗███╗   ███╗ █████╗ ███████╗███████╗██████╗ ██╗     
██╔════╝██║     ╚██╗ ██╔╝████╗ ████║██╔══██╗╚══███╔╝██╔════╝██╔══██╗██║     
█████╗  ██║      ╚████╔╝ ██╔████╔██║███████║  ███╔╝ █████╗  ██████╔╝██║     
██╔══╝  ██║       ╚██╔╝  ██║╚██╔╝██║██╔══██║ ███╔╝  ██╔══╝  ██╔══██╗██║     
██║     ███████╗   ██║   ██║ ╚═╝ ██║██║  ██║███████╗███████╗██║  ██║███████╗
╚═╝     ╚══════╝   ╚═╝   ╚═╝     ╚═╝╚═╝  ╚═╝╚══════╝╚══════╝╚═╝  ╚═╝╚══════╝
++++++++++++++++++++++++++++++++++++++++++++++++++++++++++++++++++++++++++++
Developed by:
    Rishika Mohanta, Research Technician, Turner Lab, Janelia Research Campus

Fitting agent: GRNNLearner
Loading data from:
/groups/turner/home/mohantas/project/FlYMazeRL//data/mohanta2022/training_choice_set.csv
/groups/turner/home/mohantas/project/FlYMazeRL//data/mohanta2022/training_reward_set.csv
Model: GRNN_1x5_RNN_acceptreject_symmetric_qp_no-punishment_2022_10_08_20_12_08_567698
Fitting model 1/5. Fold 1/1
Epoch 0: 	Training Loss: 0.6838	Validation Loss: 0.6370
Epoch 500: 	Training Loss: 0.6006	Validation Loss: 0.5799
Epoch 1000: 	Training Loss: 0.6005	Validation Loss: 0.5801
Epoch 1500: 	Training Loss: 0.6021	Validation Loss: 0.5909
Epoch 2000: 	Training Loss: 0.6032	Validation Loss: 0.5853
Epoch 2500: 	Training Loss: 0.6032	Validation Loss: 0.5882
Early stopping at epoch 2556
Best validation loss: 0.5761
Fitting model 2/5. Fold 1/1
Epoch 0: 	Training Loss: 0.6800	Validation Loss: 0.6563
Epoch 500: 	Training Loss: 0.5994	Validation Loss: 0.5952
Epoch 1000: 	Training Loss: 0.6049	Validation Loss: 0.5992
Epoch 1500: 	Training Loss: 0.6001	Validation Loss: 0.5960
Epoch 2000: 	Training Loss: 0.6025	Validation Loss: 0.5997
Epoch 2500: 	Training Loss: 0.5983	Validation Loss: 0.5951
Epoch 3000: 	Training Loss: 0.6043	Validation Loss: 0.5944
Early stopping at epoch 3166
Best validation loss: 0.5908
Fitting model 3/5. Fold 1/1
Epoch 0: 	Training Loss: 0.6900	Validation Loss: 0.6756
Epoch 500: 	Training Loss: 0.5938	Validation Loss: 0.6060
Epoch 1000: 	Training Loss: 0.5970	Validation Loss: 0.6067
Epoch 1500: 	Training Loss: 0.5966	Validation Loss: 0.6052
Epoch 2000: 	Training Loss: 0.5943	Validation Loss: 0.6082
Epoch 2500: 	Training Loss: 0.5981	Validation Loss: 0.6060
Early stopping at epoch 2580
Best validation loss: 0.6018
Fitting model 4/5. Fold 1/1
Epoch 0: 	Training Loss: 0.6565	Validation Loss: 0.6673
Epoch 500: 	Training Loss: 0.5843	Validation Loss: 0.6390
Epoch 1000: 	Training Loss: 0.5875	Validation Loss: 0.6482
Epoch 1500: 	Training Loss: 0.5921	Validation Loss: 0.6466
Epoch 2000: 	Training Loss: 0.5927	Validation Loss: 0.6517
Epoch 2500: 	Training Loss: 0.5890	Validation Loss: 0.6429
Early stopping at epoch 2604
Best validation loss: 0.6368
Fitting model 5/5. Fold 1/1
Epoch 0: 	Training Loss: 0.6642	Validation Loss: 0.5975
Epoch 500: 	Training Loss: 0.6061	Validation Loss: 0.5545
Epoch 1000: 	Training Loss: 0.6064	Validation Loss: 0.5562
Epoch 1500: 	Training Loss: 0.6110	Validation Loss: 0.5538
Epoch 2000: 	Training Loss: 0.6100	Validation Loss: 0.5559
Epoch 2500: 	Training Loss: 0.6125	Validation Loss: 0.5533
Early stopping at epoch 2638
Best validation loss: 0.5505
Fitting is complete. The model fitting log is available at /groups/turner/turnerlab/Rishika/FlYMazeRL_Fits/nn/mohanta2022/model_fitting_log.csv.
The model is available at /groups/turner/turnerlab/Rishika/FlYMazeRL_Fits/nn/mohanta2022/GRNN_1x5_RNN_acceptreject_symmetric_qp_no-punishment_2022_10_08_20_12_08_567698/.
Thank you for using flymazerl. Have a nice day :)

------------------------------------------------------------
Sender: LSF System <lsfadmin@e10u30>
Subject: Job 126381304: <GRNNx5-2-1> in cluster <Janelia> Done

Job <GRNNx5-2-1> was submitted from host <e05u15> by user <mohantas> in cluster <Janelia> at Sat Oct  8 20:11:33 2022
Job was executed on host(s) <e10u30>, in queue <local>, as user <mohantas> in cluster <Janelia> at Sat Oct  8 20:11:33 2022
</groups/turner/home/mohantas> was used as the home directory.
</groups/turner/home/mohantas/project/FlYMazeRL/flymazerl/scripts/bash> was used as the working directory.
Started at Sat Oct  8 20:11:33 2022
Terminated at Sun Oct  9 03:48:41 2022
Results reported at Sun Oct  9 03:48:41 2022

Your job looked like:

------------------------------------------------------------
# LSBATCH: User input
python ../nn_fitting_mohanta.py --agent GRNN --num_reservoir 1 --reservoir_size 5 --n_folds 1 --n_ensemble 5 --early_stopping 2500 --symmetric yes --save_path /groups/turner/turnerlab/Rishika/FlYMazeRL_Fits/nn/mohanta2022/ 
------------------------------------------------------------

Successfully completed.

Resource usage summary:

    CPU time :                                   54002.71 sec.
    Max Memory :                                 300 MB
    Average Memory :                             249.76 MB
    Total Requested Memory :                     15360.00 MB
    Delta Memory :                               15060.00 MB
    Max Swap :                                   -
    Max Processes :                              3
    Max Threads :                                14
    Run time :                                   27431 sec.
    Turnaround time :                            27428 sec.

The output (if any) is above this job summary.

