
++++++++++++++++++++++++++++++++++++++++++++++++++++++++++++++++++++++++++++
███████╗██╗     ██╗   ██╗███╗   ███╗ █████╗ ███████╗███████╗██████╗ ██╗     
██╔════╝██║     ╚██╗ ██╔╝████╗ ████║██╔══██╗╚══███╔╝██╔════╝██╔══██╗██║     
█████╗  ██║      ╚████╔╝ ██╔████╔██║███████║  ███╔╝ █████╗  ██████╔╝██║     
██╔══╝  ██║       ╚██╔╝  ██║╚██╔╝██║██╔══██║ ███╔╝  ██╔══╝  ██╔══██╗██║     
██║     ███████╗   ██║   ██║ ╚═╝ ██║██║  ██║███████╗███████╗██║  ██║███████╗
╚═╝     ╚══════╝   ╚═╝   ╚═╝     ╚═╝╚═╝  ╚═╝╚══════╝╚══════╝╚═╝  ╚═╝╚══════╝
++++++++++++++++++++++++++++++++++++++++++++++++++++++++++++++++++++++++++++
Developed by:
    Rishika Mohanta, Research Technician, Turner Lab, Janelia Research Campus

Fitting agent: GRNNLearner
Loading data from:
/groups/turner/home/mohantas/project/FlYMazeRL//data/rajagopalan2022/training_choice_set.csv
/groups/turner/home/mohantas/project/FlYMazeRL//data/rajagopalan2022/training_reward_set.csv
Model: GRNN_1x10_RNN_acceptreject_asymmetric_qp_no-punishment_2022_10_04_02_17_35_300317
Fitting model 1/5. Fold 1/1
Epoch 0: 	Training Loss: 0.7000	Validation Loss: 0.6926
Epoch 500: 	Training Loss: 0.6188	Validation Loss: 0.6400
Epoch 1000: 	Training Loss: 0.6225	Validation Loss: 0.6555
Epoch 1500: 	Training Loss: 0.6171	Validation Loss: 0.6453
Epoch 2000: 	Training Loss: 0.6379	Validation Loss: 0.6424
Epoch 2500: 	Training Loss: 0.6236	Validation Loss: 0.6375
Early stopping at epoch 2535
Best validation loss: 0.6229
Fitting model 2/5. Fold 1/1
Epoch 0: 	Training Loss: 0.6860	Validation Loss: 0.6813
Epoch 500: 	Training Loss: 0.6004	Validation Loss: 0.6432
Epoch 1000: 	Training Loss: 0.6048	Validation Loss: 0.6421
Epoch 1500: 	Training Loss: 0.6307	Validation Loss: 0.6379
Epoch 2000: 	Training Loss: 0.6339	Validation Loss: 0.6454
Epoch 2500: 	Training Loss: 0.6273	Validation Loss: 0.6273
Early stopping at epoch 2536
Best validation loss: 0.6209
Fitting model 3/5. Fold 1/1
Epoch 0: 	Training Loss: 0.6909	Validation Loss: 0.6771
Epoch 500: 	Training Loss: 0.6212	Validation Loss: 0.6066
Epoch 1000: 	Training Loss: 0.6460	Validation Loss: 0.6218
Epoch 1500: 	Training Loss: 0.6361	Validation Loss: 0.6077
Epoch 2000: 	Training Loss: 0.6343	Validation Loss: 0.6078
Epoch 2500: 	Training Loss: 0.6215	Validation Loss: 0.6174
Epoch 3000: 	Training Loss: 0.6275	Validation Loss: 0.6120
Epoch 3500: 	Training Loss: 0.6513	Validation Loss: 0.6410
Early stopping at epoch 3593
Best validation loss: 0.5879
Fitting model 4/5. Fold 1/1
Epoch 0: 	Training Loss: 0.6846	Validation Loss: 0.6681
Epoch 500: 	Training Loss: 0.5923	Validation Loss: 0.6409
Epoch 1000: 	Training Loss: 0.6396	Validation Loss: 0.6265
Epoch 1500: 	Training Loss: 0.6523	Validation Loss: 0.6422
Epoch 2000: 	Training Loss: 0.6453	Validation Loss: 0.6325
Epoch 2500: 	Training Loss: 0.6387	Validation Loss: 0.6224
Early stopping at epoch 2532
Best validation loss: 0.6111
Fitting model 5/5. Fold 1/1
Epoch 0: 	Training Loss: 0.6878	Validation Loss: 0.6772
Epoch 500: 	Training Loss: 0.6135	Validation Loss: 0.6340
Epoch 1000: 	Training Loss: 0.6151	Validation Loss: 0.6402
Epoch 1500: 	Training Loss: 0.6193	Validation Loss: 0.6223
Epoch 2000: 	Training Loss: 0.6470	Validation Loss: 0.6531
Epoch 2500: 	Training Loss: 0.6417	Validation Loss: 0.6275
Early stopping at epoch 2582
Best validation loss: 0.6088
Fitting is complete. The model fitting log is available at /groups/turner/turnerlab/Rishika/FlYMazeRL_Fits/nn/rajagopalan2022/model_fitting_log.csv.
The model is available at /groups/turner/turnerlab/Rishika/FlYMazeRL_Fits/nn/rajagopalan2022/GRNN_1x10_RNN_acceptreject_asymmetric_qp_no-punishment_2022_10_04_02_17_35_300317/.
Thank you for using flymazerl. Have a nice day :)

------------------------------------------------------------
Sender: LSF System <lsfadmin@e10u12>
Subject: Job 126232924: <GRNNx10-3-0> in cluster <Janelia> Done

Job <GRNNx10-3-0> was submitted from host <e05u15> by user <mohantas> in cluster <Janelia> at Tue Oct  4 02:17:10 2022
Job was executed on host(s) <e10u12>, in queue <local>, as user <mohantas> in cluster <Janelia> at Tue Oct  4 02:17:10 2022
</groups/turner/home/mohantas> was used as the home directory.
</groups/turner/home/mohantas/project/FlYMazeRL/flymazerl/scripts/bash> was used as the working directory.
Started at Tue Oct  4 02:17:10 2022
Terminated at Tue Oct  4 03:04:01 2022
Results reported at Tue Oct  4 03:04:01 2022

Your job looked like:

------------------------------------------------------------
# LSBATCH: User input
python ../nn_fitting_rajagopalan.py --agent GRNN --num_reservoir 1 --reservoir_size 10 --n_folds 1 --n_ensemble 5 --early_stopping 2500 --symmetric no --save_path /groups/turner/turnerlab/Rishika/FlYMazeRL_Fits/nn/rajagopalan2022/ 
------------------------------------------------------------

Successfully completed.

Resource usage summary:

    CPU time :                                   5533.77 sec.
    Max Memory :                                 238 MB
    Average Memory :                             226.04 MB
    Total Requested Memory :                     15360.00 MB
    Delta Memory :                               15122.00 MB
    Max Swap :                                   -
    Max Processes :                              3
    Max Threads :                                14
    Run time :                                   2814 sec.
    Turnaround time :                            2811 sec.

The output (if any) is above this job summary.


++++++++++++++++++++++++++++++++++++++++++++++++++++++++++++++++++++++++++++
███████╗██╗     ██╗   ██╗███╗   ███╗ █████╗ ███████╗███████╗██████╗ ██╗     
██╔════╝██║     ╚██╗ ██╔╝████╗ ████║██╔══██╗╚══███╔╝██╔════╝██╔══██╗██║     
█████╗  ██║      ╚████╔╝ ██╔████╔██║███████║  ███╔╝ █████╗  ██████╔╝██║     
██╔══╝  ██║       ╚██╔╝  ██║╚██╔╝██║██╔══██║ ███╔╝  ██╔══╝  ██╔══██╗██║     
██║     ███████╗   ██║   ██║ ╚═╝ ██║██║  ██║███████╗███████╗██║  ██║███████╗
╚═╝     ╚══════╝   ╚═╝   ╚═╝     ╚═╝╚═╝  ╚═╝╚══════╝╚══════╝╚═╝  ╚═╝╚══════╝
++++++++++++++++++++++++++++++++++++++++++++++++++++++++++++++++++++++++++++
Developed by:
    Rishika Mohanta, Research Technician, Turner Lab, Janelia Research Campus

Fitting agent: GRNNLearner
Loading data from:
/groups/turner/home/mohantas/project/FlYMazeRL//data/mohanta2022/training_choice_set.csv
/groups/turner/home/mohantas/project/FlYMazeRL//data/mohanta2022/training_reward_set.csv
Model: GRNN_1x10_RNN_acceptreject_asymmetric_qp_no-punishment_2022_10_08_20_14_45_134387
Fitting model 1/5. Fold 1/1
Epoch 0: 	Training Loss: 0.6647	Validation Loss: 0.6200
Epoch 500: 	Training Loss: 0.5994	Validation Loss: 0.5914
Epoch 1000: 	Training Loss: 0.5973	Validation Loss: 0.5926
Epoch 1500: 	Training Loss: 0.6052	Validation Loss: 0.5973
Epoch 2000: 	Training Loss: 0.6026	Validation Loss: 0.5896
Epoch 2500: 	Training Loss: 0.6455	Validation Loss: 0.6056
Epoch 3000: 	Training Loss: 0.6579	Validation Loss: 0.6035
Epoch 3500: 	Training Loss: 0.6061	Validation Loss: 0.5912
Epoch 4000: 	Training Loss: 0.6080	Validation Loss: 0.5917
Epoch 4500: 	Training Loss: 0.5973	Validation Loss: 0.5861
Epoch 5000: 	Training Loss: 0.6050	Validation Loss: 0.5911
Epoch 5500: 	Training Loss: 0.5982	Validation Loss: 0.5881
Epoch 6000: 	Training Loss: 0.5963	Validation Loss: 0.5920
Epoch 6500: 	Training Loss: 0.5994	Validation Loss: 0.5899
Early stopping at epoch 6568
Best validation loss: 0.5838
Fitting model 2/5. Fold 1/1
Epoch 0: 	Training Loss: 0.6691	Validation Loss: 0.6465
Epoch 500: 	Training Loss: 0.5928	Validation Loss: 0.6167
Epoch 1000: 	Training Loss: 0.5962	Validation Loss: 0.6191
Epoch 1500: 	Training Loss: 0.6448	Validation Loss: 0.6693
Epoch 2000: 	Training Loss: 0.5907	Validation Loss: 0.6177
Epoch 2500: 	Training Loss: 0.5928	Validation Loss: 0.6158
Early stopping at epoch 2998
Best validation loss: 0.6102
Fitting model 3/5. Fold 1/1
Epoch 0: 	Training Loss: 0.6434	Validation Loss: 0.6056
Epoch 500: 	Training Loss: 0.6012	Validation Loss: 0.5813
Epoch 1000: 	Training Loss: 0.6212	Validation Loss: 0.6014
Epoch 1500: 	Training Loss: 0.6018	Validation Loss: 0.5842
Epoch 2000: 	Training Loss: 0.6021	Validation Loss: 0.5853
Epoch 2500: 	Training Loss: 0.6246	Validation Loss: 0.6045
Early stopping at epoch 2606
Best validation loss: 0.5766
Fitting model 4/5. Fold 1/1
Epoch 0: 	Training Loss: 0.6551	Validation Loss: 0.6407
Epoch 500: 	Training Loss: 0.5870	Validation Loss: 0.6233
Epoch 1000: 	Training Loss: 0.5858	Validation Loss: 0.6236
Epoch 1500: 	Training Loss: 0.6010	Validation Loss: 0.6167
Epoch 2000: 	Training Loss: 0.5917	Validation Loss: 0.6145
Epoch 2500: 	Training Loss: 0.5945	Validation Loss: 0.6142
Early stopping at epoch 2520
Best validation loss: 0.6091
Fitting model 5/5. Fold 1/1
Epoch 0: 	Training Loss: 0.6769	Validation Loss: 0.6437
Epoch 500: 	Training Loss: 0.5939	Validation Loss: 0.6067
Epoch 1000: 	Training Loss: 0.6043	Validation Loss: 0.6100
Epoch 1500: 	Training Loss: 0.5949	Validation Loss: 0.6039
Epoch 2000: 	Training Loss: 0.6376	Validation Loss: 0.6367
Epoch 2500: 	Training Loss: 0.6202	Validation Loss: 0.6246
Epoch 3000: 	Training Loss: 0.6085	Validation Loss: 0.6122
Epoch 3500: 	Training Loss: 0.6102	Validation Loss: 0.6204
Epoch 4000: 	Training Loss: 0.6038	Validation Loss: 0.6103
Early stopping at epoch 4068
Best validation loss: 0.5987
Fitting is complete. The model fitting log is available at /groups/turner/turnerlab/Rishika/FlYMazeRL_Fits/nn/mohanta2022/model_fitting_log.csv.
The model is available at /groups/turner/turnerlab/Rishika/FlYMazeRL_Fits/nn/mohanta2022/GRNN_1x10_RNN_acceptreject_asymmetric_qp_no-punishment_2022_10_08_20_14_45_134387/.
Thank you for using flymazerl. Have a nice day :)

------------------------------------------------------------
Sender: LSF System <lsfadmin@e10u10>
Subject: Job 126381333: <GRNNx10-3-0> in cluster <Janelia> Done

Job <GRNNx10-3-0> was submitted from host <e05u15> by user <mohantas> in cluster <Janelia> at Sat Oct  8 20:14:37 2022
Job was executed on host(s) <e10u10>, in queue <local>, as user <mohantas> in cluster <Janelia> at Sat Oct  8 20:14:38 2022
</groups/turner/home/mohantas> was used as the home directory.
</groups/turner/home/mohantas/project/FlYMazeRL/flymazerl/scripts/bash> was used as the working directory.
Started at Sat Oct  8 20:14:38 2022
Terminated at Sun Oct  9 00:22:27 2022
Results reported at Sun Oct  9 00:22:27 2022

Your job looked like:

------------------------------------------------------------
# LSBATCH: User input
python ../nn_fitting_mohanta.py --agent GRNN --num_reservoir 1 --reservoir_size 10 --n_folds 1 --n_ensemble 5 --early_stopping 2500 --symmetric no --save_path /groups/turner/turnerlab/Rishika/FlYMazeRL_Fits/nn/mohanta2022/ 
------------------------------------------------------------

Successfully completed.

Resource usage summary:

    CPU time :                                   29071.91 sec.
    Max Memory :                                 342 MB
    Average Memory :                             256.47 MB
    Total Requested Memory :                     15360.00 MB
    Delta Memory :                               15018.00 MB
    Max Swap :                                   -
    Max Processes :                              3
    Max Threads :                                14
    Run time :                                   14869 sec.
    Turnaround time :                            14870 sec.

The output (if any) is above this job summary.

