
++++++++++++++++++++++++++++++++++++++++++++++++++++++++++++++++++++++++++++
███████╗██╗     ██╗   ██╗███╗   ███╗ █████╗ ███████╗███████╗██████╗ ██╗     
██╔════╝██║     ╚██╗ ██╔╝████╗ ████║██╔══██╗╚══███╔╝██╔════╝██╔══██╗██║     
█████╗  ██║      ╚████╔╝ ██╔████╔██║███████║  ███╔╝ █████╗  ██████╔╝██║     
██╔══╝  ██║       ╚██╔╝  ██║╚██╔╝██║██╔══██║ ███╔╝  ██╔══╝  ██╔══██╗██║     
██║     ███████╗   ██║   ██║ ╚═╝ ██║██║  ██║███████╗███████╗██║  ██║███████╗
╚═╝     ╚══════╝   ╚═╝   ╚═╝     ╚═╝╚═╝  ╚═╝╚══════╝╚══════╝╚═╝  ╚═╝╚══════╝
++++++++++++++++++++++++++++++++++++++++++++++++++++++++++++++++++++++++++++
Developed by:
    Rishika Mohanta, Research Technician, Turner Lab, Janelia Research Campus

Fitting agent: GRNNLearner
Loading data from:
/groups/turner/home/mohantas/project/FlYMazeRL//data/rajagopalan2022/training_choice_set.csv
/groups/turner/home/mohantas/project/FlYMazeRL//data/rajagopalan2022/training_reward_set.csv
Model: GRNN_1x10_RNN_acceptreject_symmetric_qp_no-punishment_2022_10_04_02_23_52_653596
Fitting model 1/5. Fold 1/1
Epoch 0: 	Training Loss: 0.6824	Validation Loss: 0.6747
Epoch 500: 	Training Loss: 0.6001	Validation Loss: 0.6438
Epoch 1000: 	Training Loss: 0.6065	Validation Loss: 0.6557
Epoch 1500: 	Training Loss: 0.6235	Validation Loss: 0.6367
Epoch 2000: 	Training Loss: 0.6289	Validation Loss: 0.6425
Epoch 2500: 	Training Loss: 0.6253	Validation Loss: 0.6421
Early stopping at epoch 2567
Best validation loss: 0.6259
Fitting model 2/5. Fold 1/1
Epoch 0: 	Training Loss: 0.6903	Validation Loss: 0.6793
Epoch 500: 	Training Loss: 0.6272	Validation Loss: 0.6336
Epoch 1000: 	Training Loss: 0.6200	Validation Loss: 0.6316
Epoch 1500: 	Training Loss: 0.6126	Validation Loss: 0.6423
Epoch 2000: 	Training Loss: 0.6324	Validation Loss: 0.6286
Epoch 2500: 	Training Loss: 0.6258	Validation Loss: 0.6217
Early stopping at epoch 2564
Best validation loss: 0.6145
Fitting model 3/5. Fold 1/1
Epoch 0: 	Training Loss: 0.6786	Validation Loss: 0.6714
Epoch 500: 	Training Loss: 0.6148	Validation Loss: 0.6403
Epoch 1000: 	Training Loss: 0.6181	Validation Loss: 0.6443
Epoch 1500: 	Training Loss: 0.6011	Validation Loss: 0.6626
Epoch 2000: 	Training Loss: 0.6296	Validation Loss: 0.6488
Epoch 2500: 	Training Loss: 0.6171	Validation Loss: 0.6503
Epoch 3000: 	Training Loss: 0.6237	Validation Loss: 0.6451
Early stopping at epoch 3167
Best validation loss: 0.6297
Fitting model 4/5. Fold 1/1
Epoch 0: 	Training Loss: 0.6944	Validation Loss: 0.6878
Epoch 500: 	Training Loss: 0.6032	Validation Loss: 0.6596
Epoch 1000: 	Training Loss: 0.6132	Validation Loss: 0.6489
Epoch 1500: 	Training Loss: 0.6225	Validation Loss: 0.6430
Epoch 2000: 	Training Loss: 0.6627	Validation Loss: 0.6719
Epoch 2500: 	Training Loss: 0.6370	Validation Loss: 0.6404
Early stopping at epoch 2533
Best validation loss: 0.6347
Fitting model 5/5. Fold 1/1
Epoch 0: 	Training Loss: 0.6871	Validation Loss: 0.6791
Epoch 500: 	Training Loss: 0.6126	Validation Loss: 0.6201
Epoch 1000: 	Training Loss: 0.6368	Validation Loss: 0.6378
Epoch 1500: 	Training Loss: 0.6342	Validation Loss: 0.6217
Epoch 2000: 	Training Loss: 0.6291	Validation Loss: 0.6134
Epoch 2500: 	Training Loss: 0.6242	Validation Loss: 0.6200
Early stopping at epoch 2551
Best validation loss: 0.6071
Fitting is complete. The model fitting log is available at /groups/turner/turnerlab/Rishika/FlYMazeRL_Fits/nn/rajagopalan2022/model_fitting_log.csv.
The model is available at /groups/turner/turnerlab/Rishika/FlYMazeRL_Fits/nn/rajagopalan2022/GRNN_1x10_RNN_acceptreject_symmetric_qp_no-punishment_2022_10_04_02_23_52_653596/.
Thank you for using flymazerl. Have a nice day :)

------------------------------------------------------------
Sender: LSF System <lsfadmin@e10u04>
Subject: Job 126235168: <GRNNx10-3-1> in cluster <Janelia> Done

Job <GRNNx10-3-1> was submitted from host <e05u15> by user <mohantas> in cluster <Janelia> at Tue Oct  4 02:23:27 2022
Job was executed on host(s) <e10u04>, in queue <local>, as user <mohantas> in cluster <Janelia> at Tue Oct  4 02:23:28 2022
</groups/turner/home/mohantas> was used as the home directory.
</groups/turner/home/mohantas/project/FlYMazeRL/flymazerl/scripts/bash> was used as the working directory.
Started at Tue Oct  4 02:23:28 2022
Terminated at Tue Oct  4 03:33:48 2022
Results reported at Tue Oct  4 03:33:48 2022

Your job looked like:

------------------------------------------------------------
# LSBATCH: User input
python ../nn_fitting_rajagopalan.py --agent GRNN --num_reservoir 1 --reservoir_size 10 --n_folds 1 --n_ensemble 5 --early_stopping 2500 --symmetric yes --save_path /groups/turner/turnerlab/Rishika/FlYMazeRL_Fits/nn/rajagopalan2022/ 
------------------------------------------------------------

Successfully completed.

Resource usage summary:

    CPU time :                                   8339.58 sec.
    Max Memory :                                 242 MB
    Average Memory :                             231.75 MB
    Total Requested Memory :                     15360.00 MB
    Delta Memory :                               15118.00 MB
    Max Swap :                                   -
    Max Processes :                              3
    Max Threads :                                14
    Run time :                                   4223 sec.
    Turnaround time :                            4221 sec.

The output (if any) is above this job summary.


++++++++++++++++++++++++++++++++++++++++++++++++++++++++++++++++++++++++++++
███████╗██╗     ██╗   ██╗███╗   ███╗ █████╗ ███████╗███████╗██████╗ ██╗     
██╔════╝██║     ╚██╗ ██╔╝████╗ ████║██╔══██╗╚══███╔╝██╔════╝██╔══██╗██║     
█████╗  ██║      ╚████╔╝ ██╔████╔██║███████║  ███╔╝ █████╗  ██████╔╝██║     
██╔══╝  ██║       ╚██╔╝  ██║╚██╔╝██║██╔══██║ ███╔╝  ██╔══╝  ██╔══██╗██║     
██║     ███████╗   ██║   ██║ ╚═╝ ██║██║  ██║███████╗███████╗██║  ██║███████╗
╚═╝     ╚══════╝   ╚═╝   ╚═╝     ╚═╝╚═╝  ╚═╝╚══════╝╚══════╝╚═╝  ╚═╝╚══════╝
++++++++++++++++++++++++++++++++++++++++++++++++++++++++++++++++++++++++++++
Developed by:
    Rishika Mohanta, Research Technician, Turner Lab, Janelia Research Campus

Fitting agent: GRNNLearner
Loading data from:
/groups/turner/home/mohantas/project/FlYMazeRL//data/mohanta2022/training_choice_set.csv
/groups/turner/home/mohantas/project/FlYMazeRL//data/mohanta2022/training_reward_set.csv
Model: GRNN_1x10_RNN_acceptreject_symmetric_qp_no-punishment_2022_10_08_20_12_07_101088
Traceback (most recent call last):
  File "/groups/turner/home/mohantas/project/FlYMazeRL/flymazerl/scripts/bash/../nn_fitting_mohanta.py", line 172, in <module>
    os.makedirs(save_path)
  File "/groups/turner/home/mohantas/anaconda3/envs/flymazerl/lib/python3.9/os.py", line 225, in makedirs
    mkdir(name, mode)
FileExistsError: [Errno 17] File exists: '/groups/turner/turnerlab/Rishika/FlYMazeRL_Fits/nn/mohanta2022/GRNN_1x10_RNN_acceptreject_symmetric_qp_no-punishment_2022_10_08_20_12_07_101088/'

------------------------------------------------------------
Sender: LSF System <lsfadmin@e10u25>
Subject: Job 126381309: <GRNNx10-3-1> in cluster <Janelia> Exited

Job <GRNNx10-3-1> was submitted from host <e05u15> by user <mohantas> in cluster <Janelia> at Sat Oct  8 20:11:36 2022
Job was executed on host(s) <e10u25>, in queue <local>, as user <mohantas> in cluster <Janelia> at Sat Oct  8 20:11:38 2022
</groups/turner/home/mohantas> was used as the home directory.
</groups/turner/home/mohantas/project/FlYMazeRL/flymazerl/scripts/bash> was used as the working directory.
Started at Sat Oct  8 20:11:38 2022
Terminated at Sat Oct  8 20:12:28 2022
Results reported at Sat Oct  8 20:12:28 2022

Your job looked like:

------------------------------------------------------------
# LSBATCH: User input
python ../nn_fitting_mohanta.py --agent GRNN --num_reservoir 1 --reservoir_size 10 --n_folds 1 --n_ensemble 5 --early_stopping 2500 --symmetric yes --save_path /groups/turner/turnerlab/Rishika/FlYMazeRL_Fits/nn/mohanta2022/ 
------------------------------------------------------------

Exited with exit code 1.

Resource usage summary:

    CPU time :                                   3.73 sec.
    Max Memory :                                 222 MB
    Average Memory :                             127.69 MB
    Total Requested Memory :                     15360.00 MB
    Delta Memory :                               15138.00 MB
    Max Swap :                                   -
    Max Processes :                              3
    Max Threads :                                12
    Run time :                                   55 sec.
    Turnaround time :                            52 sec.

The output (if any) is above this job summary.

