
++++++++++++++++++++++++++++++++++++++++++++++++++++++++++++++++++++++++++++
███████╗██╗     ██╗   ██╗███╗   ███╗ █████╗ ███████╗███████╗██████╗ ██╗     
██╔════╝██║     ╚██╗ ██╔╝████╗ ████║██╔══██╗╚══███╔╝██╔════╝██╔══██╗██║     
█████╗  ██║      ╚████╔╝ ██╔████╔██║███████║  ███╔╝ █████╗  ██████╔╝██║     
██╔══╝  ██║       ╚██╔╝  ██║╚██╔╝██║██╔══██║ ███╔╝  ██╔══╝  ██╔══██╗██║     
██║     ███████╗   ██║   ██║ ╚═╝ ██║██║  ██║███████╗███████╗██║  ██║███████╗
╚═╝     ╚══════╝   ╚═╝   ╚═╝     ╚═╝╚═╝  ╚═╝╚══════╝╚══════╝╚═╝  ╚═╝╚══════╝
++++++++++++++++++++++++++++++++++++++++++++++++++++++++++++++++++++++++++++
Developed by:
    Rishika Mohanta, Research Technician, Turner Lab, Janelia Research Campus

Fitting agent: GRNNLearner
Loading data from:
/groups/turner/home/mohantas/project/FlYMazeRL//data/rajagopalan2022/training_choice_set.csv
/groups/turner/home/mohantas/project/FlYMazeRL//data/rajagopalan2022/training_reward_set.csv
Model: GRNN_1x200_RNN_acceptreject_asymmetric_qp_no-punishment_2022_10_04_02_17_35_326985
Fitting model 1/5. Fold 1/1
Epoch 0: 	Training Loss: 0.6933	Validation Loss: 0.6807
Epoch 500: 	Training Loss: 0.6600	Validation Loss: 0.6400
Epoch 1000: 	Training Loss: 0.6374	Validation Loss: 0.6199
Epoch 1500: 	Training Loss: 0.6732	Validation Loss: 0.6755
Epoch 2000: 	Training Loss: 0.6450	Validation Loss: 0.6385
Epoch 2500: 	Training Loss: 0.6535	Validation Loss: 0.6434
Epoch 3000: 	Training Loss: 0.6469	Validation Loss: 0.6302
Epoch 3500: 	Training Loss: 0.6300	Validation Loss: 0.6235
Early stopping at epoch 3620
Best validation loss: 0.6090
Fitting model 2/5. Fold 1/1
Epoch 0: 	Training Loss: 0.6817	Validation Loss: 0.6937
Epoch 500: 	Training Loss: 0.6572	Validation Loss: 0.6465
Epoch 1000: 	Training Loss: 0.6442	Validation Loss: 0.6377
Epoch 1500: 	Training Loss: 0.6581	Validation Loss: 0.6348
Epoch 2000: 	Training Loss: 0.6616	Validation Loss: 0.6503
Epoch 2500: 	Training Loss: 0.6548	Validation Loss: 0.6337
Early stopping at epoch 2924
Best validation loss: 0.6087
Fitting model 3/5. Fold 1/1
Epoch 0: 	Training Loss: 0.6861	Validation Loss: 0.7120
Epoch 500: 	Training Loss: 0.6542	Validation Loss: 0.6453
Epoch 1000: 	Training Loss: 0.6471	Validation Loss: 0.6333
Epoch 1500: 	Training Loss: 0.6650	Validation Loss: 0.6401
Epoch 2000: 	Training Loss: 0.6562	Validation Loss: 0.6365
Epoch 2500: 	Training Loss: 0.6637	Validation Loss: 0.6519
Early stopping at epoch 2562
Best validation loss: 0.6189
Fitting model 4/5. Fold 1/1
Epoch 0: 	Training Loss: 0.6996	Validation Loss: 0.6973
Epoch 500: 	Training Loss: 0.6568	Validation Loss: 0.6636
Epoch 1000: 	Training Loss: 0.6545	Validation Loss: 0.6704
Epoch 1500: 	Training Loss: 0.6698	Validation Loss: 0.6753
Epoch 2000: 	Training Loss: 0.6920	Validation Loss: 0.6907
Epoch 2500: 	Training Loss: 0.6924	Validation Loss: 0.6928
Early stopping at epoch 2512
Best validation loss: 0.6435
Fitting model 5/5. Fold 1/1
Epoch 0: 	Training Loss: 0.6767	Validation Loss: 0.7519
Epoch 500: 	Training Loss: 0.6362	Validation Loss: 0.6682
Epoch 1000: 	Training Loss: 0.6484	Validation Loss: 0.6707
Epoch 1500: 	Training Loss: 0.7158	Validation Loss: 0.6931
Epoch 2000: 	Training Loss: 0.7158	Validation Loss: 0.6931
Epoch 2500: 	Training Loss: 0.7320	Validation Loss: 0.7774
Epoch 3000: 	Training Loss: 0.7143	Validation Loss: 0.7534
Early stopping at epoch 3292
Best validation loss: 0.6629
Fitting is complete. The model fitting log is available at /groups/turner/turnerlab/Rishika/FlYMazeRL_Fits/nn/rajagopalan2022/model_fitting_log.csv.
The model is available at /groups/turner/turnerlab/Rishika/FlYMazeRL_Fits/nn/rajagopalan2022/GRNN_1x200_RNN_acceptreject_asymmetric_qp_no-punishment_2022_10_04_02_17_35_326985/.
Thank you for using flymazerl. Have a nice day :)

------------------------------------------------------------
Sender: LSF System <lsfadmin@e10u30>
Subject: Job 126232971: <GRNNx200-2-0> in cluster <Janelia> Done

Job <GRNNx200-2-0> was submitted from host <e05u15> by user <mohantas> in cluster <Janelia> at Tue Oct  4 02:17:13 2022
Job was executed on host(s) <e10u30>, in queue <local>, as user <mohantas> in cluster <Janelia> at Tue Oct  4 02:17:17 2022
</groups/turner/home/mohantas> was used as the home directory.
</groups/turner/home/mohantas/project/FlYMazeRL/flymazerl/scripts/bash> was used as the working directory.
Started at Tue Oct  4 02:17:17 2022
Terminated at Tue Oct  4 04:22:47 2022
Results reported at Tue Oct  4 04:22:47 2022

Your job looked like:

------------------------------------------------------------
# LSBATCH: User input
python ../nn_fitting_rajagopalan.py --agent GRNN --num_reservoir 1 --reservoir_size 200 --n_folds 1 --n_ensemble 5 --early_stopping 2500 --symmetric no --save_path /groups/turner/turnerlab/Rishika/FlYMazeRL_Fits/nn/rajagopalan2022/ 
------------------------------------------------------------

Successfully completed.

Resource usage summary:

    CPU time :                                   14944.85 sec.
    Max Memory :                                 249 MB
    Average Memory :                             241.04 MB
    Total Requested Memory :                     15360.00 MB
    Delta Memory :                               15111.00 MB
    Max Swap :                                   -
    Max Processes :                              3
    Max Threads :                                14
    Run time :                                   7537 sec.
    Turnaround time :                            7534 sec.

The output (if any) is above this job summary.


++++++++++++++++++++++++++++++++++++++++++++++++++++++++++++++++++++++++++++
███████╗██╗     ██╗   ██╗███╗   ███╗ █████╗ ███████╗███████╗██████╗ ██╗     
██╔════╝██║     ╚██╗ ██╔╝████╗ ████║██╔══██╗╚══███╔╝██╔════╝██╔══██╗██║     
█████╗  ██║      ╚████╔╝ ██╔████╔██║███████║  ███╔╝ █████╗  ██████╔╝██║     
██╔══╝  ██║       ╚██╔╝  ██║╚██╔╝██║██╔══██║ ███╔╝  ██╔══╝  ██╔══██╗██║     
██║     ███████╗   ██║   ██║ ╚═╝ ██║██║  ██║███████╗███████╗██║  ██║███████╗
╚═╝     ╚══════╝   ╚═╝   ╚═╝     ╚═╝╚═╝  ╚═╝╚══════╝╚══════╝╚═╝  ╚═╝╚══════╝
++++++++++++++++++++++++++++++++++++++++++++++++++++++++++++++++++++++++++++
Developed by:
    Rishika Mohanta, Research Technician, Turner Lab, Janelia Research Campus

Fitting agent: GRNNLearner
Loading data from:
/groups/turner/home/mohantas/project/FlYMazeRL//data/mohanta2022/training_choice_set.csv
/groups/turner/home/mohantas/project/FlYMazeRL//data/mohanta2022/training_reward_set.csv
Model: GRNN_1x200_RNN_acceptreject_asymmetric_qp_no-punishment_2022_10_08_20_14_46_869621
Traceback (most recent call last):
  File "/groups/turner/home/mohantas/project/FlYMazeRL/flymazerl/scripts/bash/../nn_fitting_mohanta.py", line 172, in <module>
    os.makedirs(save_path)
  File "/groups/turner/home/mohantas/anaconda3/envs/flymazerl/lib/python3.9/os.py", line 225, in makedirs
    mkdir(name, mode)
FileExistsError: [Errno 17] File exists: '/groups/turner/turnerlab/Rishika/FlYMazeRL_Fits/nn/mohanta2022/GRNN_1x200_RNN_acceptreject_asymmetric_qp_no-punishment_2022_10_08_20_14_46_869621/'

------------------------------------------------------------
Sender: LSF System <lsfadmin@e10u03>
Subject: Job 126381340: <GRNNx200-2-0> in cluster <Janelia> Exited

Job <GRNNx200-2-0> was submitted from host <e05u15> by user <mohantas> in cluster <Janelia> at Sat Oct  8 20:14:41 2022
Job was executed on host(s) <e10u03>, in queue <local>, as user <mohantas> in cluster <Janelia> at Sat Oct  8 20:14:41 2022
</groups/turner/home/mohantas> was used as the home directory.
</groups/turner/home/mohantas/project/FlYMazeRL/flymazerl/scripts/bash> was used as the working directory.
Started at Sat Oct  8 20:14:41 2022
Terminated at Sat Oct  8 20:14:47 2022
Results reported at Sat Oct  8 20:14:47 2022

Your job looked like:

------------------------------------------------------------
# LSBATCH: User input
python ../nn_fitting_mohanta.py --agent GRNN --num_reservoir 1 --reservoir_size 200 --n_folds 1 --n_ensemble 5 --early_stopping 2500 --symmetric no --save_path /groups/turner/turnerlab/Rishika/FlYMazeRL_Fits/nn/mohanta2022/ 
------------------------------------------------------------

Exited with exit code 1.

Resource usage summary:

    CPU time :                                   3.85 sec.
    Max Memory :                                 213 MB
    Average Memory :                             171.50 MB
    Total Requested Memory :                     15360.00 MB
    Delta Memory :                               15147.00 MB
    Max Swap :                                   -
    Max Processes :                              3
    Max Threads :                                12
    Run time :                                   6 sec.
    Turnaround time :                            6 sec.

The output (if any) is above this job summary.

