
++++++++++++++++++++++++++++++++++++++++++++++++++++++++++++++++++++++++++++
███████╗██╗     ██╗   ██╗███╗   ███╗ █████╗ ███████╗███████╗██████╗ ██╗     
██╔════╝██║     ╚██╗ ██╔╝████╗ ████║██╔══██╗╚══███╔╝██╔════╝██╔══██╗██║     
█████╗  ██║      ╚████╔╝ ██╔████╔██║███████║  ███╔╝ █████╗  ██████╔╝██║     
██╔══╝  ██║       ╚██╔╝  ██║╚██╔╝██║██╔══██║ ███╔╝  ██╔══╝  ██╔══██╗██║     
██║     ███████╗   ██║   ██║ ╚═╝ ██║██║  ██║███████╗███████╗██║  ██║███████╗
╚═╝     ╚══════╝   ╚═╝   ╚═╝     ╚═╝╚═╝  ╚═╝╚══════╝╚══════╝╚═╝  ╚═╝╚══════╝
++++++++++++++++++++++++++++++++++++++++++++++++++++++++++++++++++++++++++++
Developed by:
    Rishika Mohanta, Research Technician, Turner Lab, Janelia Research Campus

Fitting agent: GRNNLearner
Loading data from:
/groups/turner/home/mohantas/project/FlYMazeRL//data/rajagopalan2022/training_choice_set.csv
/groups/turner/home/mohantas/project/FlYMazeRL//data/rajagopalan2022/training_reward_set.csv
Model: GRNN_1x3_RNN_acceptreject_symmetric_qp_no-punishment_2022_10_04_02_23_57_505556
Fitting model 1/5. Fold 1/1
Epoch 0: 	Training Loss: 0.6865	Validation Loss: 0.6855
Epoch 500: 	Training Loss: 0.6141	Validation Loss: 0.6548
Epoch 1000: 	Training Loss: 0.6132	Validation Loss: 0.6558
Epoch 1500: 	Training Loss: 0.6223	Validation Loss: 0.6513
Epoch 2000: 	Training Loss: 0.6173	Validation Loss: 0.6558
Epoch 2500: 	Training Loss: 0.6146	Validation Loss: 0.6611
Epoch 3000: 	Training Loss: 0.6143	Validation Loss: 0.6657
Epoch 3500: 	Training Loss: 0.6135	Validation Loss: 0.6634
Early stopping at epoch 3757
Best validation loss: 0.6456
Fitting model 2/5. Fold 1/1
Epoch 0: 	Training Loss: 0.6968	Validation Loss: 0.6935
Epoch 500: 	Training Loss: 0.6227	Validation Loss: 0.6318
Epoch 1000: 	Training Loss: 0.6248	Validation Loss: 0.6330
Epoch 1500: 	Training Loss: 0.6202	Validation Loss: 0.6347
Epoch 2000: 	Training Loss: 0.6237	Validation Loss: 0.6340
Epoch 2500: 	Training Loss: 0.6203	Validation Loss: 0.6361
Early stopping at epoch 2577
Best validation loss: 0.6297
Fitting model 3/5. Fold 1/1
Epoch 0: 	Training Loss: 0.6845	Validation Loss: 0.6809
Epoch 500: 	Training Loss: 0.6191	Validation Loss: 0.6394
Epoch 1000: 	Training Loss: 0.6197	Validation Loss: 0.6403
Epoch 1500: 	Training Loss: 0.6179	Validation Loss: 0.6397
Epoch 2000: 	Training Loss: 0.6165	Validation Loss: 0.6468
Epoch 2500: 	Training Loss: 0.6153	Validation Loss: 0.6476
Early stopping at epoch 2567
Best validation loss: 0.6374
Fitting model 4/5. Fold 1/1
Epoch 0: 	Training Loss: 0.6903	Validation Loss: 0.6887
Epoch 500: 	Training Loss: 0.6349	Validation Loss: 0.6629
Epoch 1000: 	Training Loss: 0.6359	Validation Loss: 0.6493
Epoch 1500: 	Training Loss: 0.6234	Validation Loss: 0.6512
Epoch 2000: 	Training Loss: 0.6253	Validation Loss: 0.6512
Epoch 2500: 	Training Loss: 0.6220	Validation Loss: 0.6502
Early stopping at epoch 2943
Best validation loss: 0.6403
Fitting model 5/5. Fold 1/1
Epoch 0: 	Training Loss: 0.6887	Validation Loss: 0.6870
Epoch 500: 	Training Loss: 0.6209	Validation Loss: 0.6404
Epoch 1000: 	Training Loss: 0.6205	Validation Loss: 0.6398
Epoch 1500: 	Training Loss: 0.6226	Validation Loss: 0.6403
Epoch 2000: 	Training Loss: 0.6231	Validation Loss: 0.6457
Epoch 2500: 	Training Loss: 0.6197	Validation Loss: 0.6451
Early stopping at epoch 2576
Best validation loss: 0.6380
Fitting is complete. The model fitting log is available at /groups/turner/turnerlab/Rishika/FlYMazeRL_Fits/nn/rajagopalan2022/model_fitting_log.csv.
The model is available at /groups/turner/turnerlab/Rishika/FlYMazeRL_Fits/nn/rajagopalan2022/GRNN_1x3_RNN_acceptreject_symmetric_qp_no-punishment_2022_10_04_02_23_57_505556/.
Thank you for using flymazerl. Have a nice day :)

------------------------------------------------------------
Sender: LSF System <lsfadmin@e10u18>
Subject: Job 126235144: <GRNNx3-1-1> in cluster <Janelia> Done

Job <GRNNx3-1-1> was submitted from host <e05u15> by user <mohantas> in cluster <Janelia> at Tue Oct  4 02:23:21 2022
Job was executed on host(s) <e10u18>, in queue <local>, as user <mohantas> in cluster <Janelia> at Tue Oct  4 02:23:38 2022
</groups/turner/home/mohantas> was used as the home directory.
</groups/turner/home/mohantas/project/FlYMazeRL/flymazerl/scripts/bash> was used as the working directory.
Started at Tue Oct  4 02:23:38 2022
Terminated at Tue Oct  4 03:28:12 2022
Results reported at Tue Oct  4 03:28:12 2022

Your job looked like:

------------------------------------------------------------
# LSBATCH: User input
python ../nn_fitting_rajagopalan.py --agent GRNN --num_reservoir 1 --reservoir_size 3 --n_folds 1 --n_ensemble 5 --early_stopping 2500 --symmetric yes --save_path /groups/turner/turnerlab/Rishika/FlYMazeRL_Fits/nn/rajagopalan2022/ 
------------------------------------------------------------

Successfully completed.

Resource usage summary:

    CPU time :                                   7665.17 sec.
    Max Memory :                                 250 MB
    Average Memory :                             234.01 MB
    Total Requested Memory :                     15360.00 MB
    Delta Memory :                               15110.00 MB
    Max Swap :                                   -
    Max Processes :                              3
    Max Threads :                                14
    Run time :                                   3889 sec.
    Turnaround time :                            3891 sec.

The output (if any) is above this job summary.


++++++++++++++++++++++++++++++++++++++++++++++++++++++++++++++++++++++++++++
███████╗██╗     ██╗   ██╗███╗   ███╗ █████╗ ███████╗███████╗██████╗ ██╗     
██╔════╝██║     ╚██╗ ██╔╝████╗ ████║██╔══██╗╚══███╔╝██╔════╝██╔══██╗██║     
█████╗  ██║      ╚████╔╝ ██╔████╔██║███████║  ███╔╝ █████╗  ██████╔╝██║     
██╔══╝  ██║       ╚██╔╝  ██║╚██╔╝██║██╔══██║ ███╔╝  ██╔══╝  ██╔══██╗██║     
██║     ███████╗   ██║   ██║ ╚═╝ ██║██║  ██║███████╗███████╗██║  ██║███████╗
╚═╝     ╚══════╝   ╚═╝   ╚═╝     ╚═╝╚═╝  ╚═╝╚══════╝╚══════╝╚═╝  ╚═╝╚══════╝
++++++++++++++++++++++++++++++++++++++++++++++++++++++++++++++++++++++++++++
Developed by:
    Rishika Mohanta, Research Technician, Turner Lab, Janelia Research Campus

Fitting agent: GRNNLearner
Loading data from:
/groups/turner/home/mohantas/project/FlYMazeRL//data/mohanta2022/training_choice_set.csv
/groups/turner/home/mohantas/project/FlYMazeRL//data/mohanta2022/training_reward_set.csv
Model: GRNN_1x3_RNN_acceptreject_symmetric_qp_no-punishment_2022_10_08_20_12_08_345390
Fitting model 1/5. Fold 1/1
Epoch 0: 	Training Loss: 0.6951	Validation Loss: 0.6922
Epoch 500: 	Training Loss: 0.5903	Validation Loss: 0.6296
Epoch 1000: 	Training Loss: 0.5903	Validation Loss: 0.6301
Epoch 1500: 	Training Loss: 0.5912	Validation Loss: 0.6275
Epoch 2000: 	Training Loss: 0.5897	Validation Loss: 0.6276
Epoch 2500: 	Training Loss: 0.5898	Validation Loss: 0.6282
Epoch 3000: 	Training Loss: 0.5893	Validation Loss: 0.6302
Epoch 3500: 	Training Loss: 0.5916	Validation Loss: 0.6358
Epoch 4000: 	Training Loss: 0.5902	Validation Loss: 0.6281
Early stopping at epoch 4361
Best validation loss: 0.6250
Fitting model 2/5. Fold 1/1
Epoch 0: 	Training Loss: 0.7005	Validation Loss: 0.6945
Epoch 500: 	Training Loss: 0.5977	Validation Loss: 0.6047
Epoch 1000: 	Training Loss: 0.5968	Validation Loss: 0.6024
Epoch 1500: 	Training Loss: 0.5966	Validation Loss: 0.6027
Epoch 2000: 	Training Loss: 0.5967	Validation Loss: 0.6024
Epoch 2500: 	Training Loss: 0.5971	Validation Loss: 0.6048
Epoch 3000: 	Training Loss: 0.5969	Validation Loss: 0.6031
Epoch 3500: 	Training Loss: 0.5966	Validation Loss: 0.6061
Epoch 4000: 	Training Loss: 0.5985	Validation Loss: 0.6036
Epoch 4500: 	Training Loss: 0.5968	Validation Loss: 0.6024
Epoch 5000: 	Training Loss: 0.5971	Validation Loss: 0.6039
Epoch 5500: 	Training Loss: 0.5967	Validation Loss: 0.6045
Epoch 6000: 	Training Loss: 0.5964	Validation Loss: 0.6023
Epoch 6500: 	Training Loss: 0.5976	Validation Loss: 0.6038
Early stopping at epoch 6979
Best validation loss: 0.6010
Fitting model 3/5. Fold 1/1
Epoch 0: 	Training Loss: 0.6665	Validation Loss: 0.6247
Epoch 500: 	Training Loss: 0.6078	Validation Loss: 0.5598
Epoch 1000: 	Training Loss: 0.6088	Validation Loss: 0.5621
Epoch 1500: 	Training Loss: 0.6097	Validation Loss: 0.5617
Epoch 2000: 	Training Loss: 0.6089	Validation Loss: 0.5606
Epoch 2500: 	Training Loss: 0.6084	Validation Loss: 0.5640
Early stopping at epoch 2976
Best validation loss: 0.5579
Fitting model 4/5. Fold 1/1
Epoch 0: 	Training Loss: 0.6773	Validation Loss: 0.6639
Epoch 500: 	Training Loss: 0.5970	Validation Loss: 0.6023
Epoch 1000: 	Training Loss: 0.5962	Validation Loss: 0.6028
Epoch 1500: 	Training Loss: 0.5977	Validation Loss: 0.6002
Epoch 2000: 	Training Loss: 0.5961	Validation Loss: 0.6004
Epoch 2500: 	Training Loss: 0.5979	Validation Loss: 0.6014
Epoch 3000: 	Training Loss: 0.5969	Validation Loss: 0.6018
Epoch 3500: 	Training Loss: 0.6011	Validation Loss: 0.6030
Epoch 4000: 	Training Loss: 0.5983	Validation Loss: 0.6026
Epoch 4500: 	Training Loss: 0.5970	Validation Loss: 0.6029
Early stopping at epoch 4622
Best validation loss: 0.5994
Fitting model 5/5. Fold 1/1
Epoch 0: 	Training Loss: 0.6922	Validation Loss: 0.6854
Epoch 500: 	Training Loss: 0.5977	Validation Loss: 0.6033
Epoch 1000: 	Training Loss: 0.5989	Validation Loss: 0.6049
Epoch 1500: 	Training Loss: 0.5986	Validation Loss: 0.6038
Epoch 2000: 	Training Loss: 0.5982	Validation Loss: 0.6051
Epoch 2500: 	Training Loss: 0.5966	Validation Loss: 0.6018
Early stopping at epoch 2983
Best validation loss: 0.6009
Fitting is complete. The model fitting log is available at /groups/turner/turnerlab/Rishika/FlYMazeRL_Fits/nn/mohanta2022/model_fitting_log.csv.
The model is available at /groups/turner/turnerlab/Rishika/FlYMazeRL_Fits/nn/mohanta2022/GRNN_1x3_RNN_acceptreject_symmetric_qp_no-punishment_2022_10_08_20_12_08_345390/.
Thank you for using flymazerl. Have a nice day :)

------------------------------------------------------------
Sender: LSF System <lsfadmin@e10u17>
Subject: Job 126381299: <GRNNx3-1-1> in cluster <Janelia> Done

Job <GRNNx3-1-1> was submitted from host <e05u15> by user <mohantas> in cluster <Janelia> at Sat Oct  8 20:11:31 2022
Job was executed on host(s) <e10u17>, in queue <local>, as user <mohantas> in cluster <Janelia> at Sat Oct  8 20:11:31 2022
</groups/turner/home/mohantas> was used as the home directory.
</groups/turner/home/mohantas/project/FlYMazeRL/flymazerl/scripts/bash> was used as the working directory.
Started at Sat Oct  8 20:11:31 2022
Terminated at Sun Oct  9 03:01:47 2022
Results reported at Sun Oct  9 03:01:47 2022

Your job looked like:

------------------------------------------------------------
# LSBATCH: User input
python ../nn_fitting_mohanta.py --agent GRNN --num_reservoir 1 --reservoir_size 3 --n_folds 1 --n_ensemble 5 --early_stopping 2500 --symmetric yes --save_path /groups/turner/turnerlab/Rishika/FlYMazeRL_Fits/nn/mohanta2022/ 
------------------------------------------------------------

Successfully completed.

Resource usage summary:

    CPU time :                                   48339.89 sec.
    Max Memory :                                 351 MB
    Average Memory :                             259.47 MB
    Total Requested Memory :                     15360.00 MB
    Delta Memory :                               15009.00 MB
    Max Swap :                                   -
    Max Processes :                              3
    Max Threads :                                14
    Run time :                                   24614 sec.
    Turnaround time :                            24616 sec.

The output (if any) is above this job summary.

