/groups/turner/home/mohantas/project/FlYMazeRL/flymazerl/scripts/bash/../nn_fitting_rajagopalan.py:336: RuntimeWarning: divide by zero encountered in log
  np.log(1 - pred_action_prob[obs_actions == 0])
/groups/turner/home/mohantas/project/FlYMazeRL/flymazerl/scripts/bash/../nn_fitting_rajagopalan.py:336: RuntimeWarning: divide by zero encountered in log
  np.log(1 - pred_action_prob[obs_actions == 0])
/groups/turner/home/mohantas/project/FlYMazeRL/flymazerl/scripts/bash/../nn_fitting_rajagopalan.py:336: RuntimeWarning: divide by zero encountered in log
  np.log(1 - pred_action_prob[obs_actions == 0])
/groups/turner/home/mohantas/project/FlYMazeRL/flymazerl/scripts/bash/../nn_fitting_rajagopalan.py:336: RuntimeWarning: divide by zero encountered in log
  np.log(1 - pred_action_prob[obs_actions == 0])
/groups/turner/home/mohantas/project/FlYMazeRL/flymazerl/scripts/bash/../nn_fitting_rajagopalan.py:336: RuntimeWarning: divide by zero encountered in log
  np.log(1 - pred_action_prob[obs_actions == 0])
/groups/turner/home/mohantas/project/FlYMazeRL/flymazerl/scripts/bash/../nn_fitting_rajagopalan.py:336: RuntimeWarning: divide by zero encountered in log
  np.log(1 - pred_action_prob[obs_actions == 0])
/groups/turner/home/mohantas/project/FlYMazeRL/flymazerl/scripts/bash/../nn_fitting_rajagopalan.py:336: RuntimeWarning: divide by zero encountered in log
  np.log(1 - pred_action_prob[obs_actions == 0])
/groups/turner/home/mohantas/project/FlYMazeRL/flymazerl/scripts/bash/../nn_fitting_rajagopalan.py:336: RuntimeWarning: divide by zero encountered in log
  np.log(1 - pred_action_prob[obs_actions == 0])
/groups/turner/home/mohantas/project/FlYMazeRL/flymazerl/scripts/bash/../nn_fitting_rajagopalan.py:336: RuntimeWarning: divide by zero encountered in log
  np.log(1 - pred_action_prob[obs_actions == 0])
/groups/turner/home/mohantas/project/FlYMazeRL/flymazerl/scripts/bash/../nn_fitting_rajagopalan.py:336: RuntimeWarning: divide by zero encountered in log
  np.log(1 - pred_action_prob[obs_actions == 0])
/groups/turner/home/mohantas/project/FlYMazeRL/flymazerl/scripts/bash/../nn_fitting_rajagopalan.py:336: RuntimeWarning: divide by zero encountered in log
  np.log(1 - pred_action_prob[obs_actions == 0])
/groups/turner/home/mohantas/project/FlYMazeRL/flymazerl/scripts/bash/../nn_fitting_rajagopalan.py:336: RuntimeWarning: divide by zero encountered in log
  np.log(1 - pred_action_prob[obs_actions == 0])
/groups/turner/home/mohantas/project/FlYMazeRL/flymazerl/scripts/bash/../nn_fitting_rajagopalan.py:336: RuntimeWarning: divide by zero encountered in log
  np.log(1 - pred_action_prob[obs_actions == 0])
/groups/turner/home/mohantas/project/FlYMazeRL/flymazerl/scripts/bash/../nn_fitting_rajagopalan.py:336: RuntimeWarning: divide by zero encountered in log
  np.log(1 - pred_action_prob[obs_actions == 0])
/groups/turner/home/mohantas/project/FlYMazeRL/flymazerl/scripts/bash/../nn_fitting_rajagopalan.py:336: RuntimeWarning: divide by zero encountered in log
  np.log(1 - pred_action_prob[obs_actions == 0])
/groups/turner/home/mohantas/project/FlYMazeRL/flymazerl/scripts/bash/../nn_fitting_rajagopalan.py:336: RuntimeWarning: divide by zero encountered in log
  np.log(1 - pred_action_prob[obs_actions == 0])
/groups/turner/home/mohantas/project/FlYMazeRL/flymazerl/scripts/bash/../nn_fitting_rajagopalan.py:336: RuntimeWarning: divide by zero encountered in log
  np.log(1 - pred_action_prob[obs_actions == 0])

++++++++++++++++++++++++++++++++++++++++++++++++++++++++++++++++++++++++++++
███████╗██╗     ██╗   ██╗███╗   ███╗ █████╗ ███████╗███████╗██████╗ ██╗     
██╔════╝██║     ╚██╗ ██╔╝████╗ ████║██╔══██╗╚══███╔╝██╔════╝██╔══██╗██║     
█████╗  ██║      ╚████╔╝ ██╔████╔██║███████║  ███╔╝ █████╗  ██████╔╝██║     
██╔══╝  ██║       ╚██╔╝  ██║╚██╔╝██║██╔══██║ ███╔╝  ██╔══╝  ██╔══██╗██║     
██║     ███████╗   ██║   ██║ ╚═╝ ██║██║  ██║███████╗███████╗██║  ██║███████╗
╚═╝     ╚══════╝   ╚═╝   ╚═╝     ╚═╝╚═╝  ╚═╝╚══════╝╚══════╝╚═╝  ╚═╝╚══════╝
++++++++++++++++++++++++++++++++++++++++++++++++++++++++++++++++++++++++++++
Developed by:
    Rishika Mohanta, Research Technician, Turner Lab, Janelia Research Campus

Fitting agent: GRNNLearner
Loading data from:
/groups/turner/home/mohantas/project/FlYMazeRL//data/rajagopalan2022/training_choice_set.csv
/groups/turner/home/mohantas/project/FlYMazeRL//data/rajagopalan2022/training_reward_set.csv
Model: GRNN_1x200_RNN_acceptreject_symmetric_qp_no-punishment_2022_10_04_02_23_36_757653
Fitting model 1/5. Fold 1/1
Epoch 0: 	Training Loss: 0.6659	Validation Loss: 0.6364
Epoch 500: 	Training Loss: 0.6268	Validation Loss: 0.6302
Epoch 1000: 	Training Loss: 0.6600	Validation Loss: 0.6512
Epoch 1500: 	Training Loss: 0.6753	Validation Loss: 0.6605
Epoch 2000: 	Training Loss: 0.6681	Validation Loss: 0.6644
Epoch 2500: 	Training Loss: 0.6770	Validation Loss: 0.6709
Epoch 3000: 	Training Loss: 0.6498	Validation Loss: 0.6536
Early stopping at epoch 3257
Best validation loss: 0.6227
Fitting model 2/5. Fold 1/1
Epoch 0: 	Training Loss: 0.6897	Validation Loss: 0.6710
Epoch 500: 	Training Loss: 0.6472	Validation Loss: 0.6812
Epoch 1000: 	Training Loss: 0.6466	Validation Loss: 0.6544
Epoch 1500: 	Training Loss: 0.6633	Validation Loss: 0.6650
Epoch 2000: 	Training Loss: 0.6786	Validation Loss: 0.6799
Epoch 2500: 	Training Loss: 0.8108	Validation Loss: 0.8513
Epoch 3000: 	Training Loss: 0.6560	Validation Loss: 0.6698
Early stopping at epoch 3363
Best validation loss: 0.6325
Fitting model 3/5. Fold 1/1
Epoch 0: 	Training Loss: 0.6776	Validation Loss: 0.6622
Epoch 500: 	Training Loss: 0.6946	Validation Loss: 0.6940
Epoch 1000: 	Training Loss: 0.6629	Validation Loss: 0.6817
Epoch 1500: 	Training Loss: 0.6404	Validation Loss: 0.6684
Epoch 2000: 	Training Loss: 0.6889	Validation Loss: 0.6972
Epoch 2500: 	Training Loss: 0.6453	Validation Loss: 0.6713
Epoch 3000: 	Training Loss: 0.6511	Validation Loss: 0.6724
Epoch 3500: 	Training Loss: 0.6719	Validation Loss: 0.6899
Epoch 4000: 	Training Loss: 0.7805	Validation Loss: 0.7401
Epoch 4500: 	Training Loss: 0.6528	Validation Loss: 0.6692
Early stopping at epoch 4752
Best validation loss: 0.6432
Fitting model 4/5. Fold 1/1
Epoch 0: 	Training Loss: 0.6785	Validation Loss: 0.6766
Epoch 500: 	Training Loss: 0.6638	Validation Loss: 0.6514
Epoch 1000: 	Training Loss: 0.6530	Validation Loss: 0.6393
Epoch 1500: 	Training Loss: 0.6951	Validation Loss: 0.6466
Epoch 2000: 	Training Loss: 0.6521	Validation Loss: 0.6395
Epoch 2500: 	Training Loss: 0.6689	Validation Loss: 0.6650
Epoch 3000: 	Training Loss: 0.6594	Validation Loss: 0.6489
Epoch 3500: 	Training Loss: 0.6489	Validation Loss: 0.6471
Epoch 4000: 	Training Loss: 0.6530	Validation Loss: 0.6577
Epoch 4500: 	Training Loss: 0.6579	Validation Loss: 0.6710
Epoch 5000: 	Training Loss: 0.6528	Validation Loss: 0.6446
Epoch 5500: 	Training Loss: 0.6640	Validation Loss: 0.6553
Epoch 6000: 	Training Loss: 0.6546	Validation Loss: 0.6786
Epoch 6500: 	Training Loss: 0.6601	Validation Loss: 0.6643
Epoch 7000: 	Training Loss: 0.6466	Validation Loss: 0.6532
Epoch 7500: 	Training Loss: 0.6732	Validation Loss: 0.7264
Early stopping at epoch 7597
Best validation loss: 0.6235
Fitting model 5/5. Fold 1/1
Epoch 0: 	Training Loss: 0.6712	Validation Loss: 0.6615
Epoch 500: 	Training Loss: 0.6688	Validation Loss: 0.6774
Epoch 1000: 	Training Loss: 0.6633	Validation Loss: 0.6802
Epoch 1500: 	Training Loss: 0.6629	Validation Loss: 0.6654
Epoch 2000: 	Training Loss: 0.6463	Validation Loss: 0.6658
Epoch 2500: 	Training Loss: 0.6539	Validation Loss: 0.6586
Early stopping at epoch 2513
Best validation loss: 0.6508
Fitting is complete. The model fitting log is available at /groups/turner/turnerlab/Rishika/FlYMazeRL_Fits/nn/rajagopalan2022/model_fitting_log.csv.
The model is available at /groups/turner/turnerlab/Rishika/FlYMazeRL_Fits/nn/rajagopalan2022/GRNN_1x200_RNN_acceptreject_symmetric_qp_no-punishment_2022_10_04_02_23_36_757653/.
Thank you for using flymazerl. Have a nice day :)

------------------------------------------------------------
Sender: LSF System <lsfadmin@e10u30>
Subject: Job 126235196: <GRNNx200-0-1> in cluster <Janelia> Done

Job <GRNNx200-0-1> was submitted from host <e05u15> by user <mohantas> in cluster <Janelia> at Tue Oct  4 02:23:30 2022
Job was executed on host(s) <e10u30>, in queue <local>, as user <mohantas> in cluster <Janelia> at Tue Oct  4 02:23:30 2022
</groups/turner/home/mohantas> was used as the home directory.
</groups/turner/home/mohantas/project/FlYMazeRL/flymazerl/scripts/bash> was used as the working directory.
Started at Tue Oct  4 02:23:30 2022
Terminated at Tue Oct  4 06:50:21 2022
Results reported at Tue Oct  4 06:50:21 2022

Your job looked like:

------------------------------------------------------------
# LSBATCH: User input
python ../nn_fitting_rajagopalan.py --agent GRNN --num_reservoir 1 --reservoir_size 200 --n_folds 1 --n_ensemble 5 --early_stopping 2500 --symmetric yes --save_path /groups/turner/turnerlab/Rishika/FlYMazeRL_Fits/nn/rajagopalan2022/ 
------------------------------------------------------------

Successfully completed.

Resource usage summary:

    CPU time :                                   31823.88 sec.
    Max Memory :                                 265 MB
    Average Memory :                             248.42 MB
    Total Requested Memory :                     15360.00 MB
    Delta Memory :                               15095.00 MB
    Max Swap :                                   -
    Max Processes :                              3
    Max Threads :                                14
    Run time :                                   16009 sec.
    Turnaround time :                            16011 sec.

The output (if any) is above this job summary.


++++++++++++++++++++++++++++++++++++++++++++++++++++++++++++++++++++++++++++
███████╗██╗     ██╗   ██╗███╗   ███╗ █████╗ ███████╗███████╗██████╗ ██╗     
██╔════╝██║     ╚██╗ ██╔╝████╗ ████║██╔══██╗╚══███╔╝██╔════╝██╔══██╗██║     
█████╗  ██║      ╚████╔╝ ██╔████╔██║███████║  ███╔╝ █████╗  ██████╔╝██║     
██╔══╝  ██║       ╚██╔╝  ██║╚██╔╝██║██╔══██║ ███╔╝  ██╔══╝  ██╔══██╗██║     
██║     ███████╗   ██║   ██║ ╚═╝ ██║██║  ██║███████╗███████╗██║  ██║███████╗
╚═╝     ╚══════╝   ╚═╝   ╚═╝     ╚═╝╚═╝  ╚═╝╚══════╝╚══════╝╚═╝  ╚═╝╚══════╝
++++++++++++++++++++++++++++++++++++++++++++++++++++++++++++++++++++++++++++
Developed by:
    Rishika Mohanta, Research Technician, Turner Lab, Janelia Research Campus

Fitting agent: GRNNLearner
Loading data from:
/groups/turner/home/mohantas/project/FlYMazeRL//data/mohanta2022/training_choice_set.csv
/groups/turner/home/mohantas/project/FlYMazeRL//data/mohanta2022/training_reward_set.csv
Model: GRNN_1x200_RNN_acceptreject_symmetric_qp_no-punishment_2022_10_08_20_12_13_736560
Traceback (most recent call last):
  File "/groups/turner/home/mohantas/project/FlYMazeRL/flymazerl/scripts/bash/../nn_fitting_mohanta.py", line 172, in <module>
    os.makedirs(save_path)
  File "/groups/turner/home/mohantas/anaconda3/envs/flymazerl/lib/python3.9/os.py", line 225, in makedirs
    mkdir(name, mode)
FileExistsError: [Errno 17] File exists: '/groups/turner/turnerlab/Rishika/FlYMazeRL_Fits/nn/mohanta2022/GRNN_1x200_RNN_acceptreject_symmetric_qp_no-punishment_2022_10_08_20_12_13_736560/'

------------------------------------------------------------
Sender: LSF System <lsfadmin@e10u28>
Subject: Job 126381314: <GRNNx200-0-1> in cluster <Janelia> Exited

Job <GRNNx200-0-1> was submitted from host <e05u15> by user <mohantas> in cluster <Janelia> at Sat Oct  8 20:11:39 2022
Job was executed on host(s) <e10u28>, in queue <local>, as user <mohantas> in cluster <Janelia> at Sat Oct  8 20:11:40 2022
</groups/turner/home/mohantas> was used as the home directory.
</groups/turner/home/mohantas/project/FlYMazeRL/flymazerl/scripts/bash> was used as the working directory.
Started at Sat Oct  8 20:11:40 2022
Terminated at Sat Oct  8 20:12:26 2022
Results reported at Sat Oct  8 20:12:26 2022

Your job looked like:

------------------------------------------------------------
# LSBATCH: User input
python ../nn_fitting_mohanta.py --agent GRNN --num_reservoir 1 --reservoir_size 200 --n_folds 1 --n_ensemble 5 --early_stopping 2500 --symmetric yes --save_path /groups/turner/turnerlab/Rishika/FlYMazeRL_Fits/nn/mohanta2022/ 
------------------------------------------------------------

Exited with exit code 1.

Resource usage summary:

    CPU time :                                   6.05 sec.
    Max Memory :                                 224 MB
    Average Memory :                             165.83 MB
    Total Requested Memory :                     15360.00 MB
    Delta Memory :                               15136.00 MB
    Max Swap :                                   -
    Max Processes :                              3
    Max Threads :                                12
    Run time :                                   47 sec.
    Turnaround time :                            47 sec.

The output (if any) is above this job summary.

