
++++++++++++++++++++++++++++++++++++++++++++++++++++++++++++++++++++++++++++
███████╗██╗     ██╗   ██╗███╗   ███╗ █████╗ ███████╗███████╗██████╗ ██╗     
██╔════╝██║     ╚██╗ ██╔╝████╗ ████║██╔══██╗╚══███╔╝██╔════╝██╔══██╗██║     
█████╗  ██║      ╚████╔╝ ██╔████╔██║███████║  ███╔╝ █████╗  ██████╔╝██║     
██╔══╝  ██║       ╚██╔╝  ██║╚██╔╝██║██╔══██║ ███╔╝  ██╔══╝  ██╔══██╗██║     
██║     ███████╗   ██║   ██║ ╚═╝ ██║██║  ██║███████╗███████╗██║  ██║███████╗
╚═╝     ╚══════╝   ╚═╝   ╚═╝     ╚═╝╚═╝  ╚═╝╚══════╝╚══════╝╚═╝  ╚═╝╚══════╝
++++++++++++++++++++++++++++++++++++++++++++++++++++++++++++++++++++++++++++
Developed by:
    Rishika Mohanta, Research Technician, Turner Lab, Janelia Research Campus

Fitting agent: GRNNLearner
Loading data from:
/groups/turner/home/mohantas/project/FlYMazeRL//data/rajagopalan2022/training_choice_set.csv
/groups/turner/home/mohantas/project/FlYMazeRL//data/rajagopalan2022/training_reward_set.csv
Model: GRNN_1x3_RNN_acceptreject_symmetric_qp_no-punishment_2022_10_04_02_23_57_505523
Fitting model 1/5. Fold 1/1
Epoch 0: 	Training Loss: 0.6894	Validation Loss: 0.6868
Epoch 500: 	Training Loss: 0.6192	Validation Loss: 0.6332
Epoch 1000: 	Training Loss: 0.6169	Validation Loss: 0.6363
Epoch 1500: 	Training Loss: 0.6213	Validation Loss: 0.6416
Epoch 2000: 	Training Loss: 0.6160	Validation Loss: 0.6357
Epoch 2500: 	Training Loss: 0.6235	Validation Loss: 0.6432
Early stopping at epoch 2567
Best validation loss: 0.6280
Fitting model 2/5. Fold 1/1
Epoch 0: 	Training Loss: 0.6905	Validation Loss: 0.6882
Epoch 500: 	Training Loss: 0.6249	Validation Loss: 0.6326
Epoch 1000: 	Training Loss: 0.6358	Validation Loss: 0.6433
Epoch 1500: 	Training Loss: 0.6248	Validation Loss: 0.6317
Epoch 2000: 	Training Loss: 0.6475	Validation Loss: 0.6488
Epoch 2500: 	Training Loss: 0.6259	Validation Loss: 0.6315
Early stopping at epoch 2587
Best validation loss: 0.6275
Fitting model 3/5. Fold 1/1
Epoch 0: 	Training Loss: 0.6922	Validation Loss: 0.6884
Epoch 500: 	Training Loss: 0.6257	Validation Loss: 0.6475
Epoch 1000: 	Training Loss: 0.6230	Validation Loss: 0.6391
Epoch 1500: 	Training Loss: 0.6193	Validation Loss: 0.6368
Epoch 2000: 	Training Loss: 0.6217	Validation Loss: 0.6404
Epoch 2500: 	Training Loss: 0.6191	Validation Loss: 0.6422
Early stopping at epoch 2683
Best validation loss: 0.6341
Fitting model 4/5. Fold 1/1
Epoch 0: 	Training Loss: 0.6942	Validation Loss: 0.6912
Epoch 500: 	Training Loss: 0.6286	Validation Loss: 0.6069
Epoch 1000: 	Training Loss: 0.6282	Validation Loss: 0.6042
Epoch 1500: 	Training Loss: 0.6332	Validation Loss: 0.6095
Epoch 2000: 	Training Loss: 0.6337	Validation Loss: 0.6138
Epoch 2500: 	Training Loss: 0.6278	Validation Loss: 0.6121
Epoch 3000: 	Training Loss: 0.6276	Validation Loss: 0.6112
Epoch 3500: 	Training Loss: 0.6309	Validation Loss: 0.6202
Early stopping at epoch 3873
Best validation loss: 0.6022
Fitting model 5/5. Fold 1/1
Epoch 0: 	Training Loss: 0.6881	Validation Loss: 0.6832
Epoch 500: 	Training Loss: 0.6222	Validation Loss: 0.6265
Epoch 1000: 	Training Loss: 0.6247	Validation Loss: 0.6250
Epoch 1500: 	Training Loss: 0.6221	Validation Loss: 0.6265
Epoch 2000: 	Training Loss: 0.6245	Validation Loss: 0.6311
Epoch 2500: 	Training Loss: 0.6197	Validation Loss: 0.6382
Early stopping at epoch 2561
Best validation loss: 0.6218
Fitting is complete. The model fitting log is available at /groups/turner/turnerlab/Rishika/FlYMazeRL_Fits/nn/rajagopalan2022/model_fitting_log.csv.
The model is available at /groups/turner/turnerlab/Rishika/FlYMazeRL_Fits/nn/rajagopalan2022/GRNN_1x3_RNN_acceptreject_symmetric_qp_no-punishment_2022_10_04_02_23_57_505523/.
Thank you for using flymazerl. Have a nice day :)

------------------------------------------------------------
Sender: LSF System <lsfadmin@e10u18>
Subject: Job 126235149: <GRNNx3-2-1> in cluster <Janelia> Done

Job <GRNNx3-2-1> was submitted from host <e05u15> by user <mohantas> in cluster <Janelia> at Tue Oct  4 02:23:22 2022
Job was executed on host(s) <e10u18>, in queue <local>, as user <mohantas> in cluster <Janelia> at Tue Oct  4 02:23:38 2022
</groups/turner/home/mohantas> was used as the home directory.
</groups/turner/home/mohantas/project/FlYMazeRL/flymazerl/scripts/bash> was used as the working directory.
Started at Tue Oct  4 02:23:38 2022
Terminated at Tue Oct  4 03:27:27 2022
Results reported at Tue Oct  4 03:27:27 2022

Your job looked like:

------------------------------------------------------------
# LSBATCH: User input
python ../nn_fitting_rajagopalan.py --agent GRNN --num_reservoir 1 --reservoir_size 3 --n_folds 1 --n_ensemble 5 --early_stopping 2500 --symmetric yes --save_path /groups/turner/turnerlab/Rishika/FlYMazeRL_Fits/nn/rajagopalan2022/ 
------------------------------------------------------------

Successfully completed.

Resource usage summary:

    CPU time :                                   7531.19 sec.
    Max Memory :                                 251 MB
    Average Memory :                             234.88 MB
    Total Requested Memory :                     15360.00 MB
    Delta Memory :                               15109.00 MB
    Max Swap :                                   -
    Max Processes :                              3
    Max Threads :                                14
    Run time :                                   3845 sec.
    Turnaround time :                            3845 sec.

The output (if any) is above this job summary.


++++++++++++++++++++++++++++++++++++++++++++++++++++++++++++++++++++++++++++
███████╗██╗     ██╗   ██╗███╗   ███╗ █████╗ ███████╗███████╗██████╗ ██╗     
██╔════╝██║     ╚██╗ ██╔╝████╗ ████║██╔══██╗╚══███╔╝██╔════╝██╔══██╗██║     
█████╗  ██║      ╚████╔╝ ██╔████╔██║███████║  ███╔╝ █████╗  ██████╔╝██║     
██╔══╝  ██║       ╚██╔╝  ██║╚██╔╝██║██╔══██║ ███╔╝  ██╔══╝  ██╔══██╗██║     
██║     ███████╗   ██║   ██║ ╚═╝ ██║██║  ██║███████╗███████╗██║  ██║███████╗
╚═╝     ╚══════╝   ╚═╝   ╚═╝     ╚═╝╚═╝  ╚═╝╚══════╝╚══════╝╚═╝  ╚═╝╚══════╝
++++++++++++++++++++++++++++++++++++++++++++++++++++++++++++++++++++++++++++
Developed by:
    Rishika Mohanta, Research Technician, Turner Lab, Janelia Research Campus

Fitting agent: GRNNLearner
Loading data from:
/groups/turner/home/mohantas/project/FlYMazeRL//data/mohanta2022/training_choice_set.csv
/groups/turner/home/mohantas/project/FlYMazeRL//data/mohanta2022/training_reward_set.csv
Model: GRNN_1x3_RNN_acceptreject_symmetric_qp_no-punishment_2022_10_08_20_12_08_345400
Fitting model 1/5. Fold 1/1
Epoch 0: 	Training Loss: 0.6567	Validation Loss: 0.6552
Epoch 500: 	Training Loss: 0.5931	Validation Loss: 0.6296
Epoch 1000: 	Training Loss: 0.5913	Validation Loss: 0.6279
Epoch 1500: 	Training Loss: 0.5912	Validation Loss: 0.6283
Epoch 2000: 	Training Loss: 0.5918	Validation Loss: 0.6277
Epoch 2500: 	Training Loss: 0.5903	Validation Loss: 0.6296
Early stopping at epoch 2738
Best validation loss: 0.6250
Fitting model 2/5. Fold 1/1
Epoch 0: 	Training Loss: 0.6794	Validation Loss: 0.6421
Epoch 500: 	Training Loss: 0.6081	Validation Loss: 0.5599
Epoch 1000: 	Training Loss: 0.6092	Validation Loss: 0.5606
Epoch 1500: 	Training Loss: 0.6096	Validation Loss: 0.5564
Epoch 2000: 	Training Loss: 0.6099	Validation Loss: 0.5588
Epoch 2500: 	Training Loss: 0.6106	Validation Loss: 0.5585
Early stopping at epoch 2701
Best validation loss: 0.5545
Fitting model 3/5. Fold 1/1
Epoch 0: 	Training Loss: 0.6946	Validation Loss: 0.6887
Epoch 500: 	Training Loss: 0.5960	Validation Loss: 0.6033
Epoch 1000: 	Training Loss: 0.5958	Validation Loss: 0.6043
Epoch 1500: 	Training Loss: 0.5957	Validation Loss: 0.6043
Epoch 2000: 	Training Loss: 0.5994	Validation Loss: 0.6044
Epoch 2500: 	Training Loss: 0.5957	Validation Loss: 0.6026
Epoch 3000: 	Training Loss: 0.5958	Validation Loss: 0.6039
Early stopping at epoch 3395
Best validation loss: 0.6021
Fitting model 4/5. Fold 1/1
Epoch 0: 	Training Loss: 0.6831	Validation Loss: 0.6663
Epoch 500: 	Training Loss: 0.6013	Validation Loss: 0.5866
Epoch 1000: 	Training Loss: 0.6092	Validation Loss: 0.5873
Epoch 1500: 	Training Loss: 0.6012	Validation Loss: 0.5871
Epoch 2000: 	Training Loss: 0.6010	Validation Loss: 0.5874
Epoch 2500: 	Training Loss: 0.6013	Validation Loss: 0.5866
Epoch 3000: 	Training Loss: 0.6021	Validation Loss: 0.5889
Epoch 3500: 	Training Loss: 0.6062	Validation Loss: 0.5876
Epoch 4000: 	Training Loss: 0.6027	Validation Loss: 0.5869
Early stopping at epoch 4335
Best validation loss: 0.5838
Fitting model 5/5. Fold 1/1
Epoch 0: 	Training Loss: 0.6866	Validation Loss: 0.6766
Epoch 500: 	Training Loss: 0.5919	Validation Loss: 0.6279
Epoch 1000: 	Training Loss: 0.5918	Validation Loss: 0.6287
Epoch 1500: 	Training Loss: 0.5915	Validation Loss: 0.6264
Epoch 2000: 	Training Loss: 0.5926	Validation Loss: 0.6275
Epoch 2500: 	Training Loss: 0.5921	Validation Loss: 0.6260
Epoch 3000: 	Training Loss: 0.5916	Validation Loss: 0.6263
Epoch 3500: 	Training Loss: 0.5926	Validation Loss: 0.6262
Epoch 4000: 	Training Loss: 0.5918	Validation Loss: 0.6261
Epoch 4500: 	Training Loss: 0.5918	Validation Loss: 0.6277
Early stopping at epoch 4634
Best validation loss: 0.6237
Fitting is complete. The model fitting log is available at /groups/turner/turnerlab/Rishika/FlYMazeRL_Fits/nn/mohanta2022/model_fitting_log.csv.
The model is available at /groups/turner/turnerlab/Rishika/FlYMazeRL_Fits/nn/mohanta2022/GRNN_1x3_RNN_acceptreject_symmetric_qp_no-punishment_2022_10_08_20_12_08_345400/.
Thank you for using flymazerl. Have a nice day :)

------------------------------------------------------------
Sender: LSF System <lsfadmin@e10u17>
Subject: Job 126381300: <GRNNx3-2-1> in cluster <Janelia> Done

Job <GRNNx3-2-1> was submitted from host <e05u15> by user <mohantas> in cluster <Janelia> at Sat Oct  8 20:11:31 2022
Job was executed on host(s) <e10u17>, in queue <local>, as user <mohantas> in cluster <Janelia> at Sat Oct  8 20:11:31 2022
</groups/turner/home/mohantas> was used as the home directory.
</groups/turner/home/mohantas/project/FlYMazeRL/flymazerl/scripts/bash> was used as the working directory.
Started at Sat Oct  8 20:11:31 2022
Terminated at Sun Oct  9 01:46:11 2022
Results reported at Sun Oct  9 01:46:11 2022

Your job looked like:

------------------------------------------------------------
# LSBATCH: User input
python ../nn_fitting_mohanta.py --agent GRNN --num_reservoir 1 --reservoir_size 3 --n_folds 1 --n_ensemble 5 --early_stopping 2500 --symmetric yes --save_path /groups/turner/turnerlab/Rishika/FlYMazeRL_Fits/nn/mohanta2022/ 
------------------------------------------------------------

Successfully completed.

Resource usage summary:

    CPU time :                                   39415.86 sec.
    Max Memory :                                 318 MB
    Average Memory :                             253.26 MB
    Total Requested Memory :                     15360.00 MB
    Delta Memory :                               15042.00 MB
    Max Swap :                                   -
    Max Processes :                              3
    Max Threads :                                14
    Run time :                                   20078 sec.
    Turnaround time :                            20080 sec.

The output (if any) is above this job summary.

