
++++++++++++++++++++++++++++++++++++++++++++++++++++++++++++++++++++++++++++
███████╗██╗     ██╗   ██╗███╗   ███╗ █████╗ ███████╗███████╗██████╗ ██╗     
██╔════╝██║     ╚██╗ ██╔╝████╗ ████║██╔══██╗╚══███╔╝██╔════╝██╔══██╗██║     
█████╗  ██║      ╚████╔╝ ██╔████╔██║███████║  ███╔╝ █████╗  ██████╔╝██║     
██╔══╝  ██║       ╚██╔╝  ██║╚██╔╝██║██╔══██║ ███╔╝  ██╔══╝  ██╔══██╗██║     
██║     ███████╗   ██║   ██║ ╚═╝ ██║██║  ██║███████╗███████╗██║  ██║███████╗
╚═╝     ╚══════╝   ╚═╝   ╚═╝     ╚═╝╚═╝  ╚═╝╚══════╝╚══════╝╚═╝  ╚═╝╚══════╝
++++++++++++++++++++++++++++++++++++++++++++++++++++++++++++++++++++++++++++
Developed by:
    Rishika Mohanta, Research Technician, Turner Lab, Janelia Research Campus

Fitting agent: GRNNLearner
Loading data from:
/groups/turner/home/mohantas/project/FlYMazeRL//data/rajagopalan2022/training_choice_set.csv
/groups/turner/home/mohantas/project/FlYMazeRL//data/rajagopalan2022/training_reward_set.csv
Model: GRNN_1x3_RNN_acceptreject_asymmetric_qp_no-punishment_2022_10_04_02_17_35_300324
Fitting model 1/5. Fold 1/1
Epoch 0: 	Training Loss: 0.6875	Validation Loss: 0.6919
Epoch 500: 	Training Loss: 0.6137	Validation Loss: 0.6578
Epoch 1000: 	Training Loss: 0.6160	Validation Loss: 0.6578
Epoch 1500: 	Training Loss: 0.6152	Validation Loss: 0.6572
Epoch 2000: 	Training Loss: 0.6165	Validation Loss: 0.6636
Epoch 2500: 	Training Loss: 0.6201	Validation Loss: 0.6624
Epoch 3000: 	Training Loss: 0.6253	Validation Loss: 0.6625
Epoch 3500: 	Training Loss: 0.6128	Validation Loss: 0.6605
Epoch 4000: 	Training Loss: 0.6146	Validation Loss: 0.6596
Early stopping at epoch 4154
Best validation loss: 0.6544
Fitting model 2/5. Fold 1/1
Epoch 0: 	Training Loss: 0.6954	Validation Loss: 0.7011
Epoch 500: 	Training Loss: 0.6292	Validation Loss: 0.5995
Epoch 1000: 	Training Loss: 0.6289	Validation Loss: 0.5992
Epoch 1500: 	Training Loss: 0.6295	Validation Loss: 0.5988
Epoch 2000: 	Training Loss: 0.6361	Validation Loss: 0.6123
Epoch 2500: 	Training Loss: 0.6278	Validation Loss: 0.6000
Epoch 3000: 	Training Loss: 0.6280	Validation Loss: 0.6020
Epoch 3500: 	Training Loss: 0.6277	Validation Loss: 0.6002
Epoch 4000: 	Training Loss: 0.6272	Validation Loss: 0.5990
Epoch 4500: 	Training Loss: 0.6287	Validation Loss: 0.5997
Epoch 5000: 	Training Loss: 0.6276	Validation Loss: 0.6002
Epoch 5500: 	Training Loss: 0.6352	Validation Loss: 0.6036
Early stopping at epoch 5529
Best validation loss: 0.5958
Fitting model 3/5. Fold 1/1
Epoch 0: 	Training Loss: 0.7005	Validation Loss: 0.6901
Epoch 500: 	Training Loss: 0.6152	Validation Loss: 0.6607
Epoch 1000: 	Training Loss: 0.6121	Validation Loss: 0.6684
Epoch 1500: 	Training Loss: 0.6114	Validation Loss: 0.6586
Epoch 2000: 	Training Loss: 0.6163	Validation Loss: 0.6583
Epoch 2500: 	Training Loss: 0.6118	Validation Loss: 0.6729
Early stopping at epoch 2553
Best validation loss: 0.6504
Fitting model 4/5. Fold 1/1
Epoch 0: 	Training Loss: 0.6763	Validation Loss: 0.6837
Epoch 500: 	Training Loss: 0.6234	Validation Loss: 0.6437
Epoch 1000: 	Training Loss: 0.6225	Validation Loss: 0.6463
Epoch 1500: 	Training Loss: 0.6209	Validation Loss: 0.6450
Epoch 2000: 	Training Loss: 0.6220	Validation Loss: 0.6507
Epoch 2500: 	Training Loss: 0.6226	Validation Loss: 0.6545
Early stopping at epoch 2934
Best validation loss: 0.6384
Fitting model 5/5. Fold 1/1
Epoch 0: 	Training Loss: 0.6865	Validation Loss: 0.6766
Epoch 500: 	Training Loss: 0.6325	Validation Loss: 0.6122
Epoch 1000: 	Training Loss: 0.6273	Validation Loss: 0.6070
Epoch 1500: 	Training Loss: 0.6268	Validation Loss: 0.6066
Epoch 2000: 	Training Loss: 0.6271	Validation Loss: 0.6077
Epoch 2500: 	Training Loss: 0.6282	Validation Loss: 0.6129
Epoch 3000: 	Training Loss: 0.6375	Validation Loss: 0.6153
Epoch 3500: 	Training Loss: 0.6266	Validation Loss: 0.6115
Early stopping at epoch 3535
Best validation loss: 0.6049
Fitting is complete. The model fitting log is available at /groups/turner/turnerlab/Rishika/FlYMazeRL_Fits/nn/rajagopalan2022/model_fitting_log.csv.
The model is available at /groups/turner/turnerlab/Rishika/FlYMazeRL_Fits/nn/rajagopalan2022/GRNN_1x3_RNN_acceptreject_asymmetric_qp_no-punishment_2022_10_04_02_17_35_300324/.
Thank you for using flymazerl. Have a nice day :)

------------------------------------------------------------
Sender: LSF System <lsfadmin@e10u12>
Subject: Job 126232903: <GRNNx3-3-0> in cluster <Janelia> Done

Job <GRNNx3-3-0> was submitted from host <e05u15> by user <mohantas> in cluster <Janelia> at Tue Oct  4 02:17:05 2022
Job was executed on host(s) <e10u12>, in queue <local>, as user <mohantas> in cluster <Janelia> at Tue Oct  4 02:17:05 2022
</groups/turner/home/mohantas> was used as the home directory.
</groups/turner/home/mohantas/project/FlYMazeRL/flymazerl/scripts/bash> was used as the working directory.
Started at Tue Oct  4 02:17:05 2022
Terminated at Tue Oct  4 03:20:55 2022
Results reported at Tue Oct  4 03:20:55 2022

Your job looked like:

------------------------------------------------------------
# LSBATCH: User input
python ../nn_fitting_rajagopalan.py --agent GRNN --num_reservoir 1 --reservoir_size 3 --n_folds 1 --n_ensemble 5 --early_stopping 2500 --symmetric no --save_path /groups/turner/turnerlab/Rishika/FlYMazeRL_Fits/nn/rajagopalan2022/ 
------------------------------------------------------------

Successfully completed.

Resource usage summary:

    CPU time :                                   7549.89 sec.
    Max Memory :                                 249 MB
    Average Memory :                             231.91 MB
    Total Requested Memory :                     15360.00 MB
    Delta Memory :                               15111.00 MB
    Max Swap :                                   -
    Max Processes :                              3
    Max Threads :                                14
    Run time :                                   3828 sec.
    Turnaround time :                            3830 sec.

The output (if any) is above this job summary.


++++++++++++++++++++++++++++++++++++++++++++++++++++++++++++++++++++++++++++
███████╗██╗     ██╗   ██╗███╗   ███╗ █████╗ ███████╗███████╗██████╗ ██╗     
██╔════╝██║     ╚██╗ ██╔╝████╗ ████║██╔══██╗╚══███╔╝██╔════╝██╔══██╗██║     
█████╗  ██║      ╚████╔╝ ██╔████╔██║███████║  ███╔╝ █████╗  ██████╔╝██║     
██╔══╝  ██║       ╚██╔╝  ██║╚██╔╝██║██╔══██║ ███╔╝  ██╔══╝  ██╔══██╗██║     
██║     ███████╗   ██║   ██║ ╚═╝ ██║██║  ██║███████╗███████╗██║  ██║███████╗
╚═╝     ╚══════╝   ╚═╝   ╚═╝     ╚═╝╚═╝  ╚═╝╚══════╝╚══════╝╚═╝  ╚═╝╚══════╝
++++++++++++++++++++++++++++++++++++++++++++++++++++++++++++++++++++++++++++
Developed by:
    Rishika Mohanta, Research Technician, Turner Lab, Janelia Research Campus

Fitting agent: GRNNLearner
Loading data from:
/groups/turner/home/mohantas/project/FlYMazeRL//data/mohanta2022/training_choice_set.csv
/groups/turner/home/mohantas/project/FlYMazeRL//data/mohanta2022/training_reward_set.csv
Model: GRNN_1x3_RNN_acceptreject_asymmetric_qp_no-punishment_2022_10_08_20_14_46_228686
Traceback (most recent call last):
  File "/groups/turner/home/mohantas/project/FlYMazeRL/flymazerl/scripts/bash/../nn_fitting_mohanta.py", line 172, in <module>
    os.makedirs(save_path)
  File "/groups/turner/home/mohantas/anaconda3/envs/flymazerl/lib/python3.9/os.py", line 225, in makedirs
    mkdir(name, mode)
FileExistsError: [Errno 17] File exists: '/groups/turner/turnerlab/Rishika/FlYMazeRL_Fits/nn/mohanta2022/GRNN_1x3_RNN_acceptreject_asymmetric_qp_no-punishment_2022_10_08_20_14_46_228686/'

------------------------------------------------------------
Sender: LSF System <lsfadmin@e10u13>
Subject: Job 126381325: <GRNNx3-3-0> in cluster <Janelia> Exited

Job <GRNNx3-3-0> was submitted from host <e05u15> by user <mohantas> in cluster <Janelia> at Sat Oct  8 20:14:33 2022
Job was executed on host(s) <e10u13>, in queue <local>, as user <mohantas> in cluster <Janelia> at Sat Oct  8 20:14:33 2022
</groups/turner/home/mohantas> was used as the home directory.
</groups/turner/home/mohantas/project/FlYMazeRL/flymazerl/scripts/bash> was used as the working directory.
Started at Sat Oct  8 20:14:33 2022
Terminated at Sat Oct  8 20:14:47 2022
Results reported at Sat Oct  8 20:14:47 2022

Your job looked like:

------------------------------------------------------------
# LSBATCH: User input
python ../nn_fitting_mohanta.py --agent GRNN --num_reservoir 1 --reservoir_size 3 --n_folds 1 --n_ensemble 5 --early_stopping 2500 --symmetric no --save_path /groups/turner/turnerlab/Rishika/FlYMazeRL_Fits/nn/mohanta2022/ 
------------------------------------------------------------

Exited with exit code 1.

Resource usage summary:

    CPU time :                                   4.56 sec.
    Max Memory :                                 212 MB
    Average Memory :                             152.80 MB
    Total Requested Memory :                     15360.00 MB
    Delta Memory :                               15148.00 MB
    Max Swap :                                   -
    Max Processes :                              3
    Max Threads :                                12
    Run time :                                   16 sec.
    Turnaround time :                            14 sec.

The output (if any) is above this job summary.

