
++++++++++++++++++++++++++++++++++++++++++++++++++++++++++++++++++++++++++++
███████╗██╗     ██╗   ██╗███╗   ███╗ █████╗ ███████╗███████╗██████╗ ██╗     
██╔════╝██║     ╚██╗ ██╔╝████╗ ████║██╔══██╗╚══███╔╝██╔════╝██╔══██╗██║     
█████╗  ██║      ╚████╔╝ ██╔████╔██║███████║  ███╔╝ █████╗  ██████╔╝██║     
██╔══╝  ██║       ╚██╔╝  ██║╚██╔╝██║██╔══██║ ███╔╝  ██╔══╝  ██╔══██╗██║     
██║     ███████╗   ██║   ██║ ╚═╝ ██║██║  ██║███████╗███████╗██║  ██║███████╗
╚═╝     ╚══════╝   ╚═╝   ╚═╝     ╚═╝╚═╝  ╚═╝╚══════╝╚══════╝╚═╝  ╚═╝╚══════╝
++++++++++++++++++++++++++++++++++++++++++++++++++++++++++++++++++++++++++++
Developed by:
    Rishika Mohanta, Research Technician, Turner Lab, Janelia Research Campus

Fitting agent: GRNNLearner
Loading data from:
/groups/turner/home/mohantas/project/FlYMazeRL//data/rajagopalan2022/training_choice_set.csv
/groups/turner/home/mohantas/project/FlYMazeRL//data/rajagopalan2022/training_reward_set.csv
Model: GRNN_1x10_RNN_acceptreject_symmetric_qp_no-punishment_2022_10_04_02_23_57_505462
Fitting model 1/5. Fold 1/1
Epoch 0: 	Training Loss: 0.6864	Validation Loss: 0.6789
Epoch 500: 	Training Loss: 0.6284	Validation Loss: 0.6418
Epoch 1000: 	Training Loss: 0.6314	Validation Loss: 0.6408
Epoch 1500: 	Training Loss: 0.6292	Validation Loss: 0.6553
Epoch 2000: 	Training Loss: 0.6368	Validation Loss: 0.6490
Epoch 2500: 	Training Loss: 0.6530	Validation Loss: 0.6570
Epoch 3000: 	Training Loss: 0.6336	Validation Loss: 0.6442
Early stopping at epoch 3320
Best validation loss: 0.6314
Fitting model 2/5. Fold 1/1
Epoch 0: 	Training Loss: 0.6847	Validation Loss: 0.6784
Epoch 500: 	Training Loss: 0.6408	Validation Loss: 0.6462
Epoch 1000: 	Training Loss: 0.6450	Validation Loss: 0.6498
Epoch 1500: 	Training Loss: 0.6485	Validation Loss: 0.6652
Epoch 2000: 	Training Loss: 0.6349	Validation Loss: 0.6703
Epoch 2500: 	Training Loss: 0.6435	Validation Loss: 0.6571
Early stopping at epoch 2980
Best validation loss: 0.6363
Fitting model 3/5. Fold 1/1
Epoch 0: 	Training Loss: 0.6885	Validation Loss: 0.6799
Epoch 500: 	Training Loss: 0.5882	Validation Loss: 0.6431
Epoch 1000: 	Training Loss: 0.6213	Validation Loss: 0.6285
Epoch 1500: 	Training Loss: 0.6244	Validation Loss: 0.6366
Epoch 2000: 	Training Loss: 0.6243	Validation Loss: 0.6313
Epoch 2500: 	Training Loss: 0.6428	Validation Loss: 0.6407
Early stopping at epoch 2527
Best validation loss: 0.6256
Fitting model 4/5. Fold 1/1
Epoch 0: 	Training Loss: 0.6861	Validation Loss: 0.6843
Epoch 500: 	Training Loss: 0.6325	Validation Loss: 0.6805
Epoch 1000: 	Training Loss: 0.6056	Validation Loss: 0.6881
Epoch 1500: 	Training Loss: 0.6203	Validation Loss: 0.6767
Epoch 2000: 	Training Loss: 0.6215	Validation Loss: 0.6710
Epoch 2500: 	Training Loss: 0.6261	Validation Loss: 0.6645
Epoch 3000: 	Training Loss: 0.6367	Validation Loss: 0.6717
Epoch 3500: 	Training Loss: 0.6170	Validation Loss: 0.6793
Epoch 4000: 	Training Loss: 0.6209	Validation Loss: 0.6787
Epoch 4500: 	Training Loss: 0.6073	Validation Loss: 0.6713
Early stopping at epoch 4671
Best validation loss: 0.6563
Fitting model 5/5. Fold 1/1
Epoch 0: 	Training Loss: 0.6872	Validation Loss: 0.6807
Epoch 500: 	Training Loss: 0.6350	Validation Loss: 0.6448
Epoch 1000: 	Training Loss: 0.6432	Validation Loss: 0.6541
Epoch 1500: 	Training Loss: 0.6344	Validation Loss: 0.6309
Epoch 2000: 	Training Loss: 0.6160	Validation Loss: 0.6351
Epoch 2500: 	Training Loss: 0.6105	Validation Loss: 0.6183
Epoch 3000: 	Training Loss: 0.6175	Validation Loss: 0.6380
Epoch 3500: 	Training Loss: 0.6281	Validation Loss: 0.6378
Epoch 4000: 	Training Loss: 0.6333	Validation Loss: 0.6457
Epoch 4500: 	Training Loss: 0.6336	Validation Loss: 0.6479
Epoch 5000: 	Training Loss: 0.6275	Validation Loss: 0.6540
Early stopping at epoch 5347
Best validation loss: 0.6082
Fitting is complete. The model fitting log is available at /groups/turner/turnerlab/Rishika/FlYMazeRL_Fits/nn/rajagopalan2022/model_fitting_log.csv.
The model is available at /groups/turner/turnerlab/Rishika/FlYMazeRL_Fits/nn/rajagopalan2022/GRNN_1x10_RNN_acceptreject_symmetric_qp_no-punishment_2022_10_04_02_23_57_505462/.
Thank you for using flymazerl. Have a nice day :)

------------------------------------------------------------
Sender: LSF System <lsfadmin@e10u18>
Subject: Job 126235159: <GRNNx10-0-1> in cluster <Janelia> Done

Job <GRNNx10-0-1> was submitted from host <e05u15> by user <mohantas> in cluster <Janelia> at Tue Oct  4 02:23:25 2022
Job was executed on host(s) <e10u18>, in queue <local>, as user <mohantas> in cluster <Janelia> at Tue Oct  4 02:23:38 2022
</groups/turner/home/mohantas> was used as the home directory.
</groups/turner/home/mohantas/project/FlYMazeRL/flymazerl/scripts/bash> was used as the working directory.
Started at Tue Oct  4 02:23:38 2022
Terminated at Tue Oct  4 03:44:56 2022
Results reported at Tue Oct  4 03:44:56 2022

Your job looked like:

------------------------------------------------------------
# LSBATCH: User input
python ../nn_fitting_rajagopalan.py --agent GRNN --num_reservoir 1 --reservoir_size 10 --n_folds 1 --n_ensemble 5 --early_stopping 2500 --symmetric yes --save_path /groups/turner/turnerlab/Rishika/FlYMazeRL_Fits/nn/rajagopalan2022/ 
------------------------------------------------------------

Successfully completed.

Resource usage summary:

    CPU time :                                   9666.67 sec.
    Max Memory :                                 261 MB
    Average Memory :                             241.28 MB
    Total Requested Memory :                     15360.00 MB
    Delta Memory :                               15099.00 MB
    Max Swap :                                   -
    Max Processes :                              3
    Max Threads :                                14
    Run time :                                   4895 sec.
    Turnaround time :                            4891 sec.

The output (if any) is above this job summary.


++++++++++++++++++++++++++++++++++++++++++++++++++++++++++++++++++++++++++++
███████╗██╗     ██╗   ██╗███╗   ███╗ █████╗ ███████╗███████╗██████╗ ██╗     
██╔════╝██║     ╚██╗ ██╔╝████╗ ████║██╔══██╗╚══███╔╝██╔════╝██╔══██╗██║     
█████╗  ██║      ╚████╔╝ ██╔████╔██║███████║  ███╔╝ █████╗  ██████╔╝██║     
██╔══╝  ██║       ╚██╔╝  ██║╚██╔╝██║██╔══██║ ███╔╝  ██╔══╝  ██╔══██╗██║     
██║     ███████╗   ██║   ██║ ╚═╝ ██║██║  ██║███████╗███████╗██║  ██║███████╗
╚═╝     ╚══════╝   ╚═╝   ╚═╝     ╚═╝╚═╝  ╚═╝╚══════╝╚══════╝╚═╝  ╚═╝╚══════╝
++++++++++++++++++++++++++++++++++++++++++++++++++++++++++++++++++++++++++++
Developed by:
    Rishika Mohanta, Research Technician, Turner Lab, Janelia Research Campus

Fitting agent: GRNNLearner
Loading data from:
/groups/turner/home/mohantas/project/FlYMazeRL//data/mohanta2022/training_choice_set.csv
/groups/turner/home/mohantas/project/FlYMazeRL//data/mohanta2022/training_reward_set.csv
Model: GRNN_1x10_RNN_acceptreject_symmetric_qp_no-punishment_2022_10_08_20_12_07_101088
Traceback (most recent call last):
  File "/groups/turner/home/mohantas/project/FlYMazeRL/flymazerl/scripts/bash/../nn_fitting_mohanta.py", line 172, in <module>
    os.makedirs(save_path)
  File "/groups/turner/home/mohantas/anaconda3/envs/flymazerl/lib/python3.9/os.py", line 225, in makedirs
    mkdir(name, mode)
FileExistsError: [Errno 17] File exists: '/groups/turner/turnerlab/Rishika/FlYMazeRL_Fits/nn/mohanta2022/GRNN_1x10_RNN_acceptreject_symmetric_qp_no-punishment_2022_10_08_20_12_07_101088/'

------------------------------------------------------------
Sender: LSF System <lsfadmin@e10u25>
Subject: Job 126381306: <GRNNx10-0-1> in cluster <Janelia> Exited

Job <GRNNx10-0-1> was submitted from host <e05u15> by user <mohantas> in cluster <Janelia> at Sat Oct  8 20:11:34 2022
Job was executed on host(s) <e10u25>, in queue <local>, as user <mohantas> in cluster <Janelia> at Sat Oct  8 20:11:34 2022
</groups/turner/home/mohantas> was used as the home directory.
</groups/turner/home/mohantas/project/FlYMazeRL/flymazerl/scripts/bash> was used as the working directory.
Started at Sat Oct  8 20:11:34 2022
Terminated at Sat Oct  8 20:12:28 2022
Results reported at Sat Oct  8 20:12:28 2022

Your job looked like:

------------------------------------------------------------
# LSBATCH: User input
python ../nn_fitting_mohanta.py --agent GRNN --num_reservoir 1 --reservoir_size 10 --n_folds 1 --n_ensemble 5 --early_stopping 2500 --symmetric yes --save_path /groups/turner/turnerlab/Rishika/FlYMazeRL_Fits/nn/mohanta2022/ 
------------------------------------------------------------

Exited with exit code 1.

Resource usage summary:

    CPU time :                                   3.74 sec.
    Max Memory :                                 225 MB
    Average Memory :                             130.23 MB
    Total Requested Memory :                     15360.00 MB
    Delta Memory :                               15135.00 MB
    Max Swap :                                   -
    Max Processes :                              3
    Max Threads :                                12
    Run time :                                   52 sec.
    Turnaround time :                            54 sec.

The output (if any) is above this job summary.

