
++++++++++++++++++++++++++++++++++++++++++++++++++++++++++++++++++++++++++++
███████╗██╗     ██╗   ██╗███╗   ███╗ █████╗ ███████╗███████╗██████╗ ██╗     
██╔════╝██║     ╚██╗ ██╔╝████╗ ████║██╔══██╗╚══███╔╝██╔════╝██╔══██╗██║     
█████╗  ██║      ╚████╔╝ ██╔████╔██║███████║  ███╔╝ █████╗  ██████╔╝██║     
██╔══╝  ██║       ╚██╔╝  ██║╚██╔╝██║██╔══██║ ███╔╝  ██╔══╝  ██╔══██╗██║     
██║     ███████╗   ██║   ██║ ╚═╝ ██║██║  ██║███████╗███████╗██║  ██║███████╗
╚═╝     ╚══════╝   ╚═╝   ╚═╝     ╚═╝╚═╝  ╚═╝╚══════╝╚══════╝╚═╝  ╚═╝╚══════╝
++++++++++++++++++++++++++++++++++++++++++++++++++++++++++++++++++++++++++++
Developed by:
    Rishika Mohanta, Research Technician, Turner Lab, Janelia Research Campus

Fitting agent: GRNNLearner
Loading data from:
/groups/turner/home/mohantas/project/FlYMazeRL//data/rajagopalan2022/training_choice_set.csv
/groups/turner/home/mohantas/project/FlYMazeRL//data/rajagopalan2022/training_reward_set.csv
Model: GRNN_1x5_RNN_acceptreject_symmetric_qp_no-punishment_2022_10_04_02_23_57_505436
Fitting model 1/5. Fold 1/1
Epoch 0: 	Training Loss: 0.6906	Validation Loss: 0.6862
Epoch 500: 	Training Loss: 0.6235	Validation Loss: 0.6222
Epoch 1000: 	Training Loss: 0.6389	Validation Loss: 0.6481
Epoch 1500: 	Training Loss: 0.6346	Validation Loss: 0.6537
Epoch 2000: 	Training Loss: 0.6252	Validation Loss: 0.6182
Epoch 2500: 	Training Loss: 0.6191	Validation Loss: 0.6220
Epoch 3000: 	Training Loss: 0.6194	Validation Loss: 0.6188
Epoch 3500: 	Training Loss: 0.6218	Validation Loss: 0.6279
Epoch 4000: 	Training Loss: 0.6210	Validation Loss: 0.6212
Early stopping at epoch 4361
Best validation loss: 0.6107
Fitting model 2/5. Fold 1/1
Epoch 0: 	Training Loss: 0.6975	Validation Loss: 0.6925
Epoch 500: 	Training Loss: 0.6211	Validation Loss: 0.6469
Epoch 1000: 	Training Loss: 0.6176	Validation Loss: 0.6471
Epoch 1500: 	Training Loss: 0.6145	Validation Loss: 0.6448
Epoch 2000: 	Training Loss: 0.6347	Validation Loss: 0.6615
Epoch 2500: 	Training Loss: 0.6313	Validation Loss: 0.6557
Epoch 3000: 	Training Loss: 0.6599	Validation Loss: 0.6916
Early stopping at epoch 3258
Best validation loss: 0.6381
Fitting model 3/5. Fold 1/1
Epoch 0: 	Training Loss: 0.6930	Validation Loss: 0.6893
Epoch 500: 	Training Loss: 0.6059	Validation Loss: 0.6720
Epoch 1000: 	Training Loss: 0.6064	Validation Loss: 0.6725
Epoch 1500: 	Training Loss: 0.6160	Validation Loss: 0.6676
Epoch 2000: 	Training Loss: 0.6170	Validation Loss: 0.6569
Epoch 2500: 	Training Loss: 0.6078	Validation Loss: 0.6612
Early stopping at epoch 2573
Best validation loss: 0.6487
Fitting model 4/5. Fold 1/1
Epoch 0: 	Training Loss: 0.6875	Validation Loss: 0.6851
Epoch 500: 	Training Loss: 0.6113	Validation Loss: 0.6407
Epoch 1000: 	Training Loss: 0.6157	Validation Loss: 0.6390
Epoch 1500: 	Training Loss: 0.6169	Validation Loss: 0.6390
Epoch 2000: 	Training Loss: 0.6170	Validation Loss: 0.6469
Epoch 2500: 	Training Loss: 0.6256	Validation Loss: 0.6401
Epoch 3000: 	Training Loss: 0.6175	Validation Loss: 0.6528
Early stopping at epoch 3400
Best validation loss: 0.6286
Fitting model 5/5. Fold 1/1
Epoch 0: 	Training Loss: 0.6903	Validation Loss: 0.6862
Epoch 500: 	Training Loss: 0.6245	Validation Loss: 0.6156
Epoch 1000: 	Training Loss: 0.6514	Validation Loss: 0.6427
Epoch 1500: 	Training Loss: 0.6292	Validation Loss: 0.6299
Epoch 2000: 	Training Loss: 0.6235	Validation Loss: 0.6285
Epoch 2500: 	Training Loss: 0.6213	Validation Loss: 0.6221
Early stopping at epoch 2589
Best validation loss: 0.6140
Fitting is complete. The model fitting log is available at /groups/turner/turnerlab/Rishika/FlYMazeRL_Fits/nn/rajagopalan2022/model_fitting_log.csv.
The model is available at /groups/turner/turnerlab/Rishika/FlYMazeRL_Fits/nn/rajagopalan2022/GRNN_1x5_RNN_acceptreject_symmetric_qp_no-punishment_2022_10_04_02_23_57_505436/.
Thank you for using flymazerl. Have a nice day :)

------------------------------------------------------------
Sender: LSF System <lsfadmin@e10u18>
Subject: Job 126235158: <GRNNx5-3-1> in cluster <Janelia> Done

Job <GRNNx5-3-1> was submitted from host <e05u15> by user <mohantas> in cluster <Janelia> at Tue Oct  4 02:23:25 2022
Job was executed on host(s) <e10u18>, in queue <local>, as user <mohantas> in cluster <Janelia> at Tue Oct  4 02:23:38 2022
</groups/turner/home/mohantas> was used as the home directory.
</groups/turner/home/mohantas/project/FlYMazeRL/flymazerl/scripts/bash> was used as the working directory.
Started at Tue Oct  4 02:23:38 2022
Terminated at Tue Oct  4 03:34:47 2022
Results reported at Tue Oct  4 03:34:47 2022

Your job looked like:

------------------------------------------------------------
# LSBATCH: User input
python ../nn_fitting_rajagopalan.py --agent GRNN --num_reservoir 1 --reservoir_size 5 --n_folds 1 --n_ensemble 5 --early_stopping 2500 --symmetric yes --save_path /groups/turner/turnerlab/Rishika/FlYMazeRL_Fits/nn/rajagopalan2022/ 
------------------------------------------------------------

Successfully completed.

Resource usage summary:

    CPU time :                                   8453.71 sec.
    Max Memory :                                 248 MB
    Average Memory :                             232.11 MB
    Total Requested Memory :                     15360.00 MB
    Delta Memory :                               15112.00 MB
    Max Swap :                                   -
    Max Processes :                              3
    Max Threads :                                14
    Run time :                                   4286 sec.
    Turnaround time :                            4282 sec.

The output (if any) is above this job summary.


++++++++++++++++++++++++++++++++++++++++++++++++++++++++++++++++++++++++++++
███████╗██╗     ██╗   ██╗███╗   ███╗ █████╗ ███████╗███████╗██████╗ ██╗     
██╔════╝██║     ╚██╗ ██╔╝████╗ ████║██╔══██╗╚══███╔╝██╔════╝██╔══██╗██║     
█████╗  ██║      ╚████╔╝ ██╔████╔██║███████║  ███╔╝ █████╗  ██████╔╝██║     
██╔══╝  ██║       ╚██╔╝  ██║╚██╔╝██║██╔══██║ ███╔╝  ██╔══╝  ██╔══██╗██║     
██║     ███████╗   ██║   ██║ ╚═╝ ██║██║  ██║███████╗███████╗██║  ██║███████╗
╚═╝     ╚══════╝   ╚═╝   ╚═╝     ╚═╝╚═╝  ╚═╝╚══════╝╚══════╝╚═╝  ╚═╝╚══════╝
++++++++++++++++++++++++++++++++++++++++++++++++++++++++++++++++++++++++++++
Developed by:
    Rishika Mohanta, Research Technician, Turner Lab, Janelia Research Campus

Fitting agent: GRNNLearner
Loading data from:
/groups/turner/home/mohantas/project/FlYMazeRL//data/mohanta2022/training_choice_set.csv
/groups/turner/home/mohantas/project/FlYMazeRL//data/mohanta2022/training_reward_set.csv
Model: GRNN_1x5_RNN_acceptreject_symmetric_qp_no-punishment_2022_10_08_20_12_08_567699
Fitting model 1/5. Fold 1/1
Epoch 0: 	Training Loss: 0.6767	Validation Loss: 0.6354
Epoch 500: 	Training Loss: 0.5987	Validation Loss: 0.6074
Epoch 1000: 	Training Loss: 0.5947	Validation Loss: 0.6062
Epoch 1500: 	Training Loss: 0.6041	Validation Loss: 0.6070
Epoch 2000: 	Training Loss: 0.5958	Validation Loss: 0.6037
Epoch 2500: 	Training Loss: 0.5967	Validation Loss: 0.6055
Early stopping at epoch 2697
Best validation loss: 0.6017
Fitting model 2/5. Fold 1/1
Epoch 0: 	Training Loss: 0.6671	Validation Loss: 0.6429
Epoch 500: 	Training Loss: 0.5942	Validation Loss: 0.6059
Epoch 1000: 	Training Loss: 0.5974	Validation Loss: 0.6046
Epoch 1500: 	Training Loss: 0.6019	Validation Loss: 0.6101
Epoch 2000: 	Training Loss: 0.5977	Validation Loss: 0.6064
Epoch 2500: 	Training Loss: 0.5948	Validation Loss: 0.6064
Early stopping at epoch 2639
Best validation loss: 0.6018
Fitting model 3/5. Fold 1/1
Epoch 0: 	Training Loss: 0.6884	Validation Loss: 0.6740
Epoch 500: 	Training Loss: 0.5987	Validation Loss: 0.5896
Epoch 1000: 	Training Loss: 0.5994	Validation Loss: 0.5903
Epoch 1500: 	Training Loss: 0.6070	Validation Loss: 0.5978
Epoch 2000: 	Training Loss: 0.6013	Validation Loss: 0.5979
Epoch 2500: 	Training Loss: 0.6007	Validation Loss: 0.5957
Epoch 3000: 	Training Loss: 0.5997	Validation Loss: 0.5922
Epoch 3500: 	Training Loss: 0.5985	Validation Loss: 0.5900
Early stopping at epoch 3800
Best validation loss: 0.5864
Fitting model 4/5. Fold 1/1
Epoch 0: 	Training Loss: 0.6879	Validation Loss: 0.6715
Epoch 500: 	Training Loss: 0.6029	Validation Loss: 0.5988
Epoch 1000: 	Training Loss: 0.5998	Validation Loss: 0.5944
Epoch 1500: 	Training Loss: 0.6039	Validation Loss: 0.5986
Epoch 2000: 	Training Loss: 0.5997	Validation Loss: 0.6010
Epoch 2500: 	Training Loss: 0.6053	Validation Loss: 0.6018
Epoch 3000: 	Training Loss: 0.6034	Validation Loss: 0.5994
Epoch 3500: 	Training Loss: 0.6043	Validation Loss: 0.6022
Epoch 4000: 	Training Loss: 0.6046	Validation Loss: 0.5995
Early stopping at epoch 4415
Best validation loss: 0.5926
Fitting model 5/5. Fold 1/1
Epoch 0: 	Training Loss: 0.6645	Validation Loss: 0.6281
Epoch 500: 	Training Loss: 0.5954	Validation Loss: 0.6043
Epoch 1000: 	Training Loss: 0.5957	Validation Loss: 0.6010
Epoch 1500: 	Training Loss: 0.5964	Validation Loss: 0.6046
Epoch 2000: 	Training Loss: 0.5970	Validation Loss: 0.6038
Epoch 2500: 	Training Loss: 0.5959	Validation Loss: 0.6057
Early stopping at epoch 2546
Best validation loss: 0.5947
Fitting is complete. The model fitting log is available at /groups/turner/turnerlab/Rishika/FlYMazeRL_Fits/nn/mohanta2022/model_fitting_log.csv.
The model is available at /groups/turner/turnerlab/Rishika/FlYMazeRL_Fits/nn/mohanta2022/GRNN_1x5_RNN_acceptreject_symmetric_qp_no-punishment_2022_10_08_20_12_08_567699/.
Thank you for using flymazerl. Have a nice day :)

------------------------------------------------------------
Sender: LSF System <lsfadmin@e10u30>
Subject: Job 126381305: <GRNNx5-3-1> in cluster <Janelia> Done

Job <GRNNx5-3-1> was submitted from host <e05u15> by user <mohantas> in cluster <Janelia> at Sat Oct  8 20:11:34 2022
Job was executed on host(s) <e10u30>, in queue <local>, as user <mohantas> in cluster <Janelia> at Sat Oct  8 20:11:34 2022
</groups/turner/home/mohantas> was used as the home directory.
</groups/turner/home/mohantas/project/FlYMazeRL/flymazerl/scripts/bash> was used as the working directory.
Started at Sat Oct  8 20:11:34 2022
Terminated at Sun Oct  9 05:20:26 2022
Results reported at Sun Oct  9 05:20:26 2022

Your job looked like:

------------------------------------------------------------
# LSBATCH: User input
python ../nn_fitting_mohanta.py --agent GRNN --num_reservoir 1 --reservoir_size 5 --n_folds 1 --n_ensemble 5 --early_stopping 2500 --symmetric yes --save_path /groups/turner/turnerlab/Rishika/FlYMazeRL_Fits/nn/mohanta2022/ 
------------------------------------------------------------

Successfully completed.

Resource usage summary:

    CPU time :                                   64879.12 sec.
    Max Memory :                                 319 MB
    Average Memory :                             256.32 MB
    Total Requested Memory :                     15360.00 MB
    Delta Memory :                               15041.00 MB
    Max Swap :                                   -
    Max Processes :                              3
    Max Threads :                                14
    Run time :                                   32930 sec.
    Turnaround time :                            32932 sec.

The output (if any) is above this job summary.

