
++++++++++++++++++++++++++++++++++++++++++++++++++++++++++++++++++++++++++++
███████╗██╗     ██╗   ██╗███╗   ███╗ █████╗ ███████╗███████╗██████╗ ██╗     
██╔════╝██║     ╚██╗ ██╔╝████╗ ████║██╔══██╗╚══███╔╝██╔════╝██╔══██╗██║     
█████╗  ██║      ╚████╔╝ ██╔████╔██║███████║  ███╔╝ █████╗  ██████╔╝██║     
██╔══╝  ██║       ╚██╔╝  ██║╚██╔╝██║██╔══██║ ███╔╝  ██╔══╝  ██╔══██╗██║     
██║     ███████╗   ██║   ██║ ╚═╝ ██║██║  ██║███████╗███████╗██║  ██║███████╗
╚═╝     ╚══════╝   ╚═╝   ╚═╝     ╚═╝╚═╝  ╚═╝╚══════╝╚══════╝╚═╝  ╚═╝╚══════╝
++++++++++++++++++++++++++++++++++++++++++++++++++++++++++++++++++++++++++++
Developed by:
    Rishika Mohanta, Research Technician, Turner Lab, Janelia Research Campus

Fitting agent: GRNNLearner
Loading data from:
/groups/turner/home/mohantas/project/FlYMazeRL//data/rajagopalan2022/training_choice_set.csv
/groups/turner/home/mohantas/project/FlYMazeRL//data/rajagopalan2022/training_reward_set.csv
Model: GRNN_1x10_RNN_acceptreject_asymmetric_qp_no-punishment_2022_10_04_02_17_35_285667
Fitting model 1/5. Fold 1/1
Epoch 0: 	Training Loss: 0.6843	Validation Loss: 0.6973
Epoch 500: 	Training Loss: 0.6431	Validation Loss: 0.6974
Epoch 1000: 	Training Loss: 0.6233	Validation Loss: 0.6672
Epoch 1500: 	Training Loss: 0.6041	Validation Loss: 0.6675
Epoch 2000: 	Training Loss: 0.6215	Validation Loss: 0.6818
Epoch 2500: 	Training Loss: 0.6346	Validation Loss: 0.6810
Early stopping at epoch 2600
Best validation loss: 0.6506
Fitting model 2/5. Fold 1/1
Epoch 0: 	Training Loss: 0.6979	Validation Loss: 0.6933
Epoch 500: 	Training Loss: 0.6504	Validation Loss: 0.6612
Epoch 1000: 	Training Loss: 0.6561	Validation Loss: 0.6665
Epoch 1500: 	Training Loss: 0.6391	Validation Loss: 0.6627
Epoch 2000: 	Training Loss: 0.6481	Validation Loss: 0.6673
Epoch 2500: 	Training Loss: 0.6340	Validation Loss: 0.6569
Early stopping at epoch 2578
Best validation loss: 0.6350
Fitting model 3/5. Fold 1/1
Epoch 0: 	Training Loss: 0.6875	Validation Loss: 0.6937
Epoch 500: 	Training Loss: 0.6263	Validation Loss: 0.6458
Epoch 1000: 	Training Loss: 0.6347	Validation Loss: 0.6587
Epoch 1500: 	Training Loss: 0.6418	Validation Loss: 0.6569
Epoch 2000: 	Training Loss: 0.6306	Validation Loss: 0.6486
Epoch 2500: 	Training Loss: 0.6346	Validation Loss: 0.6661
Early stopping at epoch 2553
Best validation loss: 0.6305
Fitting model 4/5. Fold 1/1
Epoch 0: 	Training Loss: 0.6892	Validation Loss: 0.6775
Epoch 500: 	Training Loss: 0.5991	Validation Loss: 0.6417
Epoch 1000: 	Training Loss: 0.6357	Validation Loss: 0.6024
Epoch 1500: 	Training Loss: 0.6329	Validation Loss: 0.6016
Epoch 2000: 	Training Loss: 0.6692	Validation Loss: 0.6513
Epoch 2500: 	Training Loss: 0.6438	Validation Loss: 0.6268
Early stopping at epoch 2707
Best validation loss: 0.5923
Fitting model 5/5. Fold 1/1
Epoch 0: 	Training Loss: 0.6915	Validation Loss: 0.6878
Epoch 500: 	Training Loss: 0.6151	Validation Loss: 0.6747
Epoch 1000: 	Training Loss: 0.6299	Validation Loss: 0.6567
Epoch 1500: 	Training Loss: 0.6150	Validation Loss: 0.6558
Epoch 2000: 	Training Loss: 0.6250	Validation Loss: 0.6788
Epoch 2500: 	Training Loss: 0.6481	Validation Loss: 0.6726
Epoch 3000: 	Training Loss: 0.6405	Validation Loss: 0.6690
Epoch 3500: 	Training Loss: 0.6344	Validation Loss: 0.6771
Epoch 4000: 	Training Loss: 0.6272	Validation Loss: 0.6685
Early stopping at epoch 4022
Best validation loss: 0.6519
Fitting is complete. The model fitting log is available at /groups/turner/turnerlab/Rishika/FlYMazeRL_Fits/nn/rajagopalan2022/model_fitting_log.csv.
The model is available at /groups/turner/turnerlab/Rishika/FlYMazeRL_Fits/nn/rajagopalan2022/GRNN_1x10_RNN_acceptreject_asymmetric_qp_no-punishment_2022_10_04_02_17_35_285667/.
Thank you for using flymazerl. Have a nice day :)

------------------------------------------------------------
Sender: LSF System <lsfadmin@e10u07>
Subject: Job 126232921: <GRNNx10-0-0> in cluster <Janelia> Done

Job <GRNNx10-0-0> was submitted from host <e05u15> by user <mohantas> in cluster <Janelia> at Tue Oct  4 02:17:08 2022
Job was executed on host(s) <e10u07>, in queue <local>, as user <mohantas> in cluster <Janelia> at Tue Oct  4 02:17:09 2022
</groups/turner/home/mohantas> was used as the home directory.
</groups/turner/home/mohantas/project/FlYMazeRL/flymazerl/scripts/bash> was used as the working directory.
Started at Tue Oct  4 02:17:09 2022
Terminated at Tue Oct  4 03:31:46 2022
Results reported at Tue Oct  4 03:31:46 2022

Your job looked like:

------------------------------------------------------------
# LSBATCH: User input
python ../nn_fitting_rajagopalan.py --agent GRNN --num_reservoir 1 --reservoir_size 10 --n_folds 1 --n_ensemble 5 --early_stopping 2500 --symmetric no --save_path /groups/turner/turnerlab/Rishika/FlYMazeRL_Fits/nn/rajagopalan2022/ 
------------------------------------------------------------

Successfully completed.

Resource usage summary:

    CPU time :                                   8849.75 sec.
    Max Memory :                                 245 MB
    Average Memory :                             231.72 MB
    Total Requested Memory :                     15360.00 MB
    Delta Memory :                               15115.00 MB
    Max Swap :                                   -
    Max Processes :                              3
    Max Threads :                                14
    Run time :                                   4477 sec.
    Turnaround time :                            4478 sec.

The output (if any) is above this job summary.


++++++++++++++++++++++++++++++++++++++++++++++++++++++++++++++++++++++++++++
███████╗██╗     ██╗   ██╗███╗   ███╗ █████╗ ███████╗███████╗██████╗ ██╗     
██╔════╝██║     ╚██╗ ██╔╝████╗ ████║██╔══██╗╚══███╔╝██╔════╝██╔══██╗██║     
█████╗  ██║      ╚████╔╝ ██╔████╔██║███████║  ███╔╝ █████╗  ██████╔╝██║     
██╔══╝  ██║       ╚██╔╝  ██║╚██╔╝██║██╔══██║ ███╔╝  ██╔══╝  ██╔══██╗██║     
██║     ███████╗   ██║   ██║ ╚═╝ ██║██║  ██║███████╗███████╗██║  ██║███████╗
╚═╝     ╚══════╝   ╚═╝   ╚═╝     ╚═╝╚═╝  ╚═╝╚══════╝╚══════╝╚═╝  ╚═╝╚══════╝
++++++++++++++++++++++++++++++++++++++++++++++++++++++++++++++++++++++++++++
Developed by:
    Rishika Mohanta, Research Technician, Turner Lab, Janelia Research Campus

Fitting agent: GRNNLearner
Loading data from:
/groups/turner/home/mohantas/project/FlYMazeRL//data/mohanta2022/training_choice_set.csv
/groups/turner/home/mohantas/project/FlYMazeRL//data/mohanta2022/training_reward_set.csv
Model: GRNN_1x10_RNN_acceptreject_asymmetric_qp_no-punishment_2022_10_08_20_14_45_134389
Fitting model 1/5. Fold 1/1
Epoch 0: 	Training Loss: 0.6709	Validation Loss: 0.6132
Epoch 500: 	Training Loss: 0.6019	Validation Loss: 0.5756
Epoch 1000: 	Training Loss: 0.6118	Validation Loss: 0.5844
Epoch 1500: 	Training Loss: 0.6102	Validation Loss: 0.5829
Epoch 2000: 	Training Loss: 0.6144	Validation Loss: 0.5835
Epoch 2500: 	Training Loss: 0.6160	Validation Loss: 0.5807
Early stopping at epoch 2642
Best validation loss: 0.5723
Fitting model 2/5. Fold 1/1
Epoch 0: 	Training Loss: 0.6621	Validation Loss: 0.6412
Epoch 500: 	Training Loss: 0.5906	Validation Loss: 0.6070
Epoch 1000: 	Training Loss: 0.6129	Validation Loss: 0.6190
Epoch 1500: 	Training Loss: 0.6078	Validation Loss: 0.6267
Epoch 2000: 	Training Loss: 0.5949	Validation Loss: 0.6062
Epoch 2500: 	Training Loss: 0.5938	Validation Loss: 0.6138
Epoch 3000: 	Training Loss: 0.5997	Validation Loss: 0.6109
Epoch 3500: 	Training Loss: 0.5934	Validation Loss: 0.6063
Epoch 4000: 	Training Loss: 0.5902	Validation Loss: 0.6086
Epoch 4500: 	Training Loss: 0.6001	Validation Loss: 0.6135
Early stopping at epoch 4573
Best validation loss: 0.6028
Fitting model 3/5. Fold 1/1
Epoch 0: 	Training Loss: 0.6635	Validation Loss: 0.6374
Epoch 500: 	Training Loss: 0.6010	Validation Loss: 0.6118
Epoch 1000: 	Training Loss: 0.5960	Validation Loss: 0.6119
Epoch 1500: 	Training Loss: 0.6428	Validation Loss: 0.6366
Epoch 2000: 	Training Loss: 0.6059	Validation Loss: 0.6200
Epoch 2500: 	Training Loss: 0.6026	Validation Loss: 0.6151
Epoch 3000: 	Training Loss: 0.6007	Validation Loss: 0.6114
Epoch 3500: 	Training Loss: 0.6224	Validation Loss: 0.6302
Epoch 4000: 	Training Loss: 0.6108	Validation Loss: 0.6205
Epoch 4500: 	Training Loss: 0.6048	Validation Loss: 0.6191
Epoch 5000: 	Training Loss: 0.5982	Validation Loss: 0.6132
Epoch 5500: 	Training Loss: 0.6279	Validation Loss: 0.6401
Early stopping at epoch 5632
Best validation loss: 0.6040
Fitting model 4/5. Fold 1/1
Epoch 0: 	Training Loss: 0.6838	Validation Loss: 0.6492
Epoch 500: 	Training Loss: 0.6046	Validation Loss: 0.5733
Epoch 1000: 	Training Loss: 0.6027	Validation Loss: 0.5790
Epoch 1500: 	Training Loss: 0.6260	Validation Loss: 0.5909
Epoch 2000: 	Training Loss: 0.6129	Validation Loss: 0.5796
Epoch 2500: 	Training Loss: 0.6085	Validation Loss: 0.5774
Early stopping at epoch 2534
Best validation loss: 0.5675
Fitting model 5/5. Fold 1/1
Epoch 0: 	Training Loss: 0.6530	Validation Loss: 0.6305
Epoch 500: 	Training Loss: 0.5930	Validation Loss: 0.6087
Epoch 1000: 	Training Loss: 0.5956	Validation Loss: 0.6069
Epoch 1500: 	Training Loss: 0.6034	Validation Loss: 0.6116
Epoch 2000: 	Training Loss: 0.5973	Validation Loss: 0.6063
Epoch 2500: 	Training Loss: 0.6006	Validation Loss: 0.6066
Early stopping at epoch 2513
Best validation loss: 0.5989
Fitting is complete. The model fitting log is available at /groups/turner/turnerlab/Rishika/FlYMazeRL_Fits/nn/mohanta2022/model_fitting_log.csv.
The model is available at /groups/turner/turnerlab/Rishika/FlYMazeRL_Fits/nn/mohanta2022/GRNN_1x10_RNN_acceptreject_asymmetric_qp_no-punishment_2022_10_08_20_14_45_134389/.
Thank you for using flymazerl. Have a nice day :)

------------------------------------------------------------
Sender: LSF System <lsfadmin@e10u10>
Subject: Job 126381330: <GRNNx10-0-0> in cluster <Janelia> Done

Job <GRNNx10-0-0> was submitted from host <e05u15> by user <mohantas> in cluster <Janelia> at Sat Oct  8 20:14:35 2022
Job was executed on host(s) <e10u10>, in queue <local>, as user <mohantas> in cluster <Janelia> at Sat Oct  8 20:14:36 2022
</groups/turner/home/mohantas> was used as the home directory.
</groups/turner/home/mohantas/project/FlYMazeRL/flymazerl/scripts/bash> was used as the working directory.
Started at Sat Oct  8 20:14:36 2022
Terminated at Sun Oct  9 00:12:11 2022
Results reported at Sun Oct  9 00:12:11 2022

Your job looked like:

------------------------------------------------------------
# LSBATCH: User input
python ../nn_fitting_mohanta.py --agent GRNN --num_reservoir 1 --reservoir_size 10 --n_folds 1 --n_ensemble 5 --early_stopping 2500 --symmetric no --save_path /groups/turner/turnerlab/Rishika/FlYMazeRL_Fits/nn/mohanta2022/ 
------------------------------------------------------------

Successfully completed.

Resource usage summary:

    CPU time :                                   27873.57 sec.
    Max Memory :                                 329 MB
    Average Memory :                             254.03 MB
    Total Requested Memory :                     15360.00 MB
    Delta Memory :                               15031.00 MB
    Max Swap :                                   -
    Max Processes :                              3
    Max Threads :                                14
    Run time :                                   14258 sec.
    Turnaround time :                            14256 sec.

The output (if any) is above this job summary.

