
++++++++++++++++++++++++++++++++++++++++++++++++++++++++++++++++++++++++++++
███████╗██╗     ██╗   ██╗███╗   ███╗ █████╗ ███████╗███████╗██████╗ ██╗     
██╔════╝██║     ╚██╗ ██╔╝████╗ ████║██╔══██╗╚══███╔╝██╔════╝██╔══██╗██║     
█████╗  ██║      ╚████╔╝ ██╔████╔██║███████║  ███╔╝ █████╗  ██████╔╝██║     
██╔══╝  ██║       ╚██╔╝  ██║╚██╔╝██║██╔══██║ ███╔╝  ██╔══╝  ██╔══██╗██║     
██║     ███████╗   ██║   ██║ ╚═╝ ██║██║  ██║███████╗███████╗██║  ██║███████╗
╚═╝     ╚══════╝   ╚═╝   ╚═╝     ╚═╝╚═╝  ╚═╝╚══════╝╚══════╝╚═╝  ╚═╝╚══════╝
++++++++++++++++++++++++++++++++++++++++++++++++++++++++++++++++++++++++++++
Developed by:
    Rishika Mohanta, Research Technician, Turner Lab, Janelia Research Campus

Fitting agent: GRNNLearner
Loading data from:
/groups/turner/home/mohantas/project/FlYMazeRL//data/rajagopalan2022/training_choice_set.csv
/groups/turner/home/mohantas/project/FlYMazeRL//data/rajagopalan2022/training_reward_set.csv
Model: GRNN_1x5_RNN_acceptreject_asymmetric_qp_no-punishment_2022_10_04_02_17_35_300319
Fitting model 1/5. Fold 1/1
Epoch 0: 	Training Loss: 0.6853	Validation Loss: 0.6787
Epoch 500: 	Training Loss: 0.6226	Validation Loss: 0.6343
Epoch 1000: 	Training Loss: 0.6242	Validation Loss: 0.6219
Epoch 1500: 	Training Loss: 0.6347	Validation Loss: 0.6279
Epoch 2000: 	Training Loss: 0.6297	Validation Loss: 0.6168
Epoch 2500: 	Training Loss: 0.6309	Validation Loss: 0.6196
Early stopping at epoch 2566
Best validation loss: 0.6037
Fitting model 2/5. Fold 1/1
Epoch 0: 	Training Loss: 0.7036	Validation Loss: 0.6936
Epoch 500: 	Training Loss: 0.6079	Validation Loss: 0.6735
Epoch 1000: 	Training Loss: 0.6021	Validation Loss: 0.6767
Epoch 1500: 	Training Loss: 0.6403	Validation Loss: 0.6746
Epoch 2000: 	Training Loss: 0.6000	Validation Loss: 0.6682
Epoch 2500: 	Training Loss: 0.6002	Validation Loss: 0.6746
Epoch 3000: 	Training Loss: 0.6086	Validation Loss: 0.6778
Epoch 3500: 	Training Loss: 0.6365	Validation Loss: 0.6726
Epoch 4000: 	Training Loss: 0.6257	Validation Loss: 0.6708
Epoch 4500: 	Training Loss: 0.6198	Validation Loss: 0.6804
Epoch 5000: 	Training Loss: 0.6245	Validation Loss: 0.6820
Early stopping at epoch 5056
Best validation loss: 0.6620
Fitting model 3/5. Fold 1/1
Epoch 0: 	Training Loss: 0.6919	Validation Loss: 0.6874
Epoch 500: 	Training Loss: 0.6167	Validation Loss: 0.6316
Epoch 1000: 	Training Loss: 0.6161	Validation Loss: 0.6368
Epoch 1500: 	Training Loss: 0.6199	Validation Loss: 0.6549
Epoch 2000: 	Training Loss: 0.6466	Validation Loss: 0.6475
Epoch 2500: 	Training Loss: 0.6233	Validation Loss: 0.6378
Early stopping at epoch 2607
Best validation loss: 0.6260
Fitting model 4/5. Fold 1/1
Epoch 0: 	Training Loss: 0.6899	Validation Loss: 0.6931
Epoch 500: 	Training Loss: 0.6154	Validation Loss: 0.6415
Epoch 1000: 	Training Loss: 0.6179	Validation Loss: 0.6761
Epoch 1500: 	Training Loss: 0.6344	Validation Loss: 0.6396
Epoch 2000: 	Training Loss: 0.6134	Validation Loss: 0.6464
Epoch 2500: 	Training Loss: 0.6113	Validation Loss: 0.6431
Early stopping at epoch 2536
Best validation loss: 0.6182
Fitting model 5/5. Fold 1/1
Epoch 0: 	Training Loss: 0.6935	Validation Loss: 0.6898
Epoch 500: 	Training Loss: 0.6127	Validation Loss: 0.6461
Epoch 1000: 	Training Loss: 0.6168	Validation Loss: 0.6392
Epoch 1500: 	Training Loss: 0.6169	Validation Loss: 0.6438
Epoch 2000: 	Training Loss: 0.6169	Validation Loss: 0.6584
Epoch 2500: 	Training Loss: 0.6161	Validation Loss: 0.6603
Early stopping at epoch 2648
Best validation loss: 0.6299
Fitting is complete. The model fitting log is available at /groups/turner/turnerlab/Rishika/FlYMazeRL_Fits/nn/rajagopalan2022/model_fitting_log.csv.
The model is available at /groups/turner/turnerlab/Rishika/FlYMazeRL_Fits/nn/rajagopalan2022/GRNN_1x5_RNN_acceptreject_asymmetric_qp_no-punishment_2022_10_04_02_17_35_300319/.
Thank you for using flymazerl. Have a nice day :)

------------------------------------------------------------
Sender: LSF System <lsfadmin@e10u12>
Subject: Job 126232908: <GRNNx5-0-0> in cluster <Janelia> Done

Job <GRNNx5-0-0> was submitted from host <e05u15> by user <mohantas> in cluster <Janelia> at Tue Oct  4 02:17:06 2022
Job was executed on host(s) <e10u12>, in queue <local>, as user <mohantas> in cluster <Janelia> at Tue Oct  4 02:17:06 2022
</groups/turner/home/mohantas> was used as the home directory.
</groups/turner/home/mohantas/project/FlYMazeRL/flymazerl/scripts/bash> was used as the working directory.
Started at Tue Oct  4 02:17:06 2022
Terminated at Tue Oct  4 03:10:12 2022
Results reported at Tue Oct  4 03:10:12 2022

Your job looked like:

------------------------------------------------------------
# LSBATCH: User input
python ../nn_fitting_rajagopalan.py --agent GRNN --num_reservoir 1 --reservoir_size 5 --n_folds 1 --n_ensemble 5 --early_stopping 2500 --symmetric no --save_path /groups/turner/turnerlab/Rishika/FlYMazeRL_Fits/nn/rajagopalan2022/ 
------------------------------------------------------------

Successfully completed.

Resource usage summary:

    CPU time :                                   6272.43 sec.
    Max Memory :                                 242 MB
    Average Memory :                             226.88 MB
    Total Requested Memory :                     15360.00 MB
    Delta Memory :                               15118.00 MB
    Max Swap :                                   -
    Max Processes :                              3
    Max Threads :                                14
    Run time :                                   3186 sec.
    Turnaround time :                            3186 sec.

The output (if any) is above this job summary.


++++++++++++++++++++++++++++++++++++++++++++++++++++++++++++++++++++++++++++
███████╗██╗     ██╗   ██╗███╗   ███╗ █████╗ ███████╗███████╗██████╗ ██╗     
██╔════╝██║     ╚██╗ ██╔╝████╗ ████║██╔══██╗╚══███╔╝██╔════╝██╔══██╗██║     
█████╗  ██║      ╚████╔╝ ██╔████╔██║███████║  ███╔╝ █████╗  ██████╔╝██║     
██╔══╝  ██║       ╚██╔╝  ██║╚██╔╝██║██╔══██║ ███╔╝  ██╔══╝  ██╔══██╗██║     
██║     ███████╗   ██║   ██║ ╚═╝ ██║██║  ██║███████╗███████╗██║  ██║███████╗
╚═╝     ╚══════╝   ╚═╝   ╚═╝     ╚═╝╚═╝  ╚═╝╚══════╝╚══════╝╚═╝  ╚═╝╚══════╝
++++++++++++++++++++++++++++++++++++++++++++++++++++++++++++++++++++++++++++
Developed by:
    Rishika Mohanta, Research Technician, Turner Lab, Janelia Research Campus

Fitting agent: GRNNLearner
Loading data from:
/groups/turner/home/mohantas/project/FlYMazeRL//data/mohanta2022/training_choice_set.csv
/groups/turner/home/mohantas/project/FlYMazeRL//data/mohanta2022/training_reward_set.csv
Model: GRNN_1x5_RNN_acceptreject_asymmetric_qp_no-punishment_2022_10_08_20_14_46_228688
Fitting model 1/5. Fold 1/1
Epoch 0: 	Training Loss: 0.6755	Validation Loss: 0.6597
Epoch 500: 	Training Loss: 0.5870	Validation Loss: 0.6278
Epoch 1000: 	Training Loss: 0.5860	Validation Loss: 0.6293
Epoch 1500: 	Training Loss: 0.5854	Validation Loss: 0.6285
Epoch 2000: 	Training Loss: 0.5883	Validation Loss: 0.6286
Epoch 2500: 	Training Loss: 0.5876	Validation Loss: 0.6266
Early stopping at epoch 2757
Best validation loss: 0.6228
Fitting model 2/5. Fold 1/1
Epoch 0: 	Training Loss: 0.6662	Validation Loss: 0.6394
Epoch 500: 	Training Loss: 0.5980	Validation Loss: 0.5880
Epoch 1000: 	Training Loss: 0.5980	Validation Loss: 0.5884
Epoch 1500: 	Training Loss: 0.5998	Validation Loss: 0.5894
Epoch 2000: 	Training Loss: 0.5981	Validation Loss: 0.5911
Epoch 2500: 	Training Loss: 0.6088	Validation Loss: 0.5908
Early stopping at epoch 2690
Best validation loss: 0.5846
Fitting model 3/5. Fold 1/1
Epoch 0: 	Training Loss: 0.6749	Validation Loss: 0.6405
Epoch 500: 	Training Loss: 0.6032	Validation Loss: 0.5703
Epoch 1000: 	Training Loss: 0.6024	Validation Loss: 0.5711
Epoch 1500: 	Training Loss: 0.6052	Validation Loss: 0.5688
Epoch 2000: 	Training Loss: 0.6031	Validation Loss: 0.5712
Epoch 2500: 	Training Loss: 0.6038	Validation Loss: 0.5678
Early stopping at epoch 2526
Best validation loss: 0.5656
Fitting model 4/5. Fold 1/1
Epoch 0: 	Training Loss: 0.6693	Validation Loss: 0.6579
Epoch 500: 	Training Loss: 0.5878	Validation Loss: 0.6351
Epoch 1000: 	Training Loss: 0.5854	Validation Loss: 0.6362
Epoch 1500: 	Training Loss: 0.5887	Validation Loss: 0.6352
Epoch 2000: 	Training Loss: 0.5900	Validation Loss: 0.6344
Epoch 2500: 	Training Loss: 0.5864	Validation Loss: 0.6351
Early stopping at epoch 2521
Best validation loss: 0.6260
Fitting model 5/5. Fold 1/1
Epoch 0: 	Training Loss: 0.6659	Validation Loss: 0.6292
Epoch 500: 	Training Loss: 0.6024	Validation Loss: 0.5823
Epoch 1000: 	Training Loss: 0.5988	Validation Loss: 0.5831
Epoch 1500: 	Training Loss: 0.5989	Validation Loss: 0.5806
Epoch 2000: 	Training Loss: 0.6018	Validation Loss: 0.5839
Epoch 2500: 	Training Loss: 0.5993	Validation Loss: 0.5848
Early stopping at epoch 2596
Best validation loss: 0.5784
Fitting is complete. The model fitting log is available at /groups/turner/turnerlab/Rishika/FlYMazeRL_Fits/nn/mohanta2022/model_fitting_log.csv.
The model is available at /groups/turner/turnerlab/Rishika/FlYMazeRL_Fits/nn/mohanta2022/GRNN_1x5_RNN_acceptreject_asymmetric_qp_no-punishment_2022_10_08_20_14_46_228688/.
Thank you for using flymazerl. Have a nice day :)

------------------------------------------------------------
Sender: LSF System <lsfadmin@e10u13>
Subject: Job 126381326: <GRNNx5-0-0> in cluster <Janelia> Done

Job <GRNNx5-0-0> was submitted from host <e05u15> by user <mohantas> in cluster <Janelia> at Sat Oct  8 20:14:33 2022
Job was executed on host(s) <e10u13>, in queue <local>, as user <mohantas> in cluster <Janelia> at Sat Oct  8 20:14:35 2022
</groups/turner/home/mohantas> was used as the home directory.
</groups/turner/home/mohantas/project/FlYMazeRL/flymazerl/scripts/bash> was used as the working directory.
Started at Sat Oct  8 20:14:35 2022
Terminated at Sat Oct  8 23:08:06 2022
Results reported at Sat Oct  8 23:08:06 2022

Your job looked like:

------------------------------------------------------------
# LSBATCH: User input
python ../nn_fitting_mohanta.py --agent GRNN --num_reservoir 1 --reservoir_size 5 --n_folds 1 --n_ensemble 5 --early_stopping 2500 --symmetric no --save_path /groups/turner/turnerlab/Rishika/FlYMazeRL_Fits/nn/mohanta2022/ 
------------------------------------------------------------

Successfully completed.

Resource usage summary:

    CPU time :                                   20313.43 sec.
    Max Memory :                                 291 MB
    Average Memory :                             249.34 MB
    Total Requested Memory :                     15360.00 MB
    Delta Memory :                               15069.00 MB
    Max Swap :                                   -
    Max Processes :                              3
    Max Threads :                                14
    Run time :                                   10413 sec.
    Turnaround time :                            10413 sec.

The output (if any) is above this job summary.

