
++++++++++++++++++++++++++++++++++++++++++++++++++++++++++++++++++++++++++++
███████╗██╗     ██╗   ██╗███╗   ███╗ █████╗ ███████╗███████╗██████╗ ██╗     
██╔════╝██║     ╚██╗ ██╔╝████╗ ████║██╔══██╗╚══███╔╝██╔════╝██╔══██╗██║     
█████╗  ██║      ╚████╔╝ ██╔████╔██║███████║  ███╔╝ █████╗  ██████╔╝██║     
██╔══╝  ██║       ╚██╔╝  ██║╚██╔╝██║██╔══██║ ███╔╝  ██╔══╝  ██╔══██╗██║     
██║     ███████╗   ██║   ██║ ╚═╝ ██║██║  ██║███████╗███████╗██║  ██║███████╗
╚═╝     ╚══════╝   ╚═╝   ╚═╝     ╚═╝╚═╝  ╚═╝╚══════╝╚══════╝╚═╝  ╚═╝╚══════╝
++++++++++++++++++++++++++++++++++++++++++++++++++++++++++++++++++++++++++++
Developed by:
    Rishika Mohanta, Research Technician, Turner Lab, Janelia Research Campus

Fitting agent: GRNNLearner
Loading data from:
/groups/turner/home/mohantas/project/FlYMazeRL//data/rajagopalan2022/training_choice_set.csv
/groups/turner/home/mohantas/project/FlYMazeRL//data/rajagopalan2022/training_reward_set.csv
Model: GRNN_1x200_RNN_acceptreject_asymmetric_qp_no-punishment_2022_10_04_02_17_35_326986
Fitting model 1/5. Fold 1/1
Epoch 0: 	Training Loss: 0.6920	Validation Loss: 0.7016
Epoch 500: 	Training Loss: 0.6566	Validation Loss: 0.6478
Epoch 1000: 	Training Loss: 0.7802	Validation Loss: 0.7708
Epoch 1500: 	Training Loss: 0.7806	Validation Loss: 0.7705
Epoch 2000: 	Training Loss: 0.7322	Validation Loss: 0.7315
Epoch 2500: 	Training Loss: 0.6926	Validation Loss: 0.6932
Early stopping at epoch 2554
Best validation loss: 0.6304
Fitting model 2/5. Fold 1/1
Epoch 0: 	Training Loss: 0.6913	Validation Loss: 0.6991
Epoch 500: 	Training Loss: 0.6914	Validation Loss: 0.7788
Epoch 1000: 	Training Loss: 0.7739	Validation Loss: 0.7952
Epoch 1500: 	Training Loss: 0.7294	Validation Loss: 0.7386
Epoch 2000: 	Training Loss: 0.7639	Validation Loss: 0.7737
Epoch 2500: 	Training Loss: 0.7237	Validation Loss: 0.7460
Early stopping at epoch 2538
Best validation loss: 0.6829
Fitting model 3/5. Fold 1/1
Epoch 0: 	Training Loss: 0.6958	Validation Loss: 0.6851
Epoch 500: 	Training Loss: 0.6105	Validation Loss: 0.5996
Epoch 1000: 	Training Loss: 0.6315	Validation Loss: 0.6152
Epoch 1500: 	Training Loss: 0.6627	Validation Loss: 0.6430
Epoch 2000: 	Training Loss: 0.6605	Validation Loss: 0.6360
Epoch 2500: 	Training Loss: 0.6626	Validation Loss: 0.6453
Early stopping at epoch 2866
Best validation loss: 0.5915
Fitting model 4/5. Fold 1/1
Epoch 0: 	Training Loss: 0.7865	Validation Loss: 0.6628
Epoch 500: 	Training Loss: 0.6927	Validation Loss: 0.6933
Epoch 1000: 	Training Loss: 0.7183	Validation Loss: 0.6837
Epoch 1500: 	Training Loss: 0.7180	Validation Loss: 0.6828
Epoch 2000: 	Training Loss: 0.7647	Validation Loss: 0.8173
Epoch 2500: 	Training Loss: 0.7681	Validation Loss: 0.7907
Early stopping at epoch 2500
Best validation loss: 0.6628
Fitting model 5/5. Fold 1/1
Epoch 0: 	Training Loss: 0.6847	Validation Loss: 0.7457
Epoch 500: 	Training Loss: 0.6931	Validation Loss: 0.6931
Epoch 1000: 	Training Loss: 0.6929	Validation Loss: 0.6919
Epoch 1500: 	Training Loss: 0.7367	Validation Loss: 0.7382
Epoch 2000: 	Training Loss: 0.7856	Validation Loss: 0.7530
Epoch 2500: 	Training Loss: 0.7409	Validation Loss: 0.7447
Early stopping at epoch 2815
Best validation loss: 0.6904
Fitting is complete. The model fitting log is available at /groups/turner/turnerlab/Rishika/FlYMazeRL_Fits/nn/rajagopalan2022/model_fitting_log.csv.
The model is available at /groups/turner/turnerlab/Rishika/FlYMazeRL_Fits/nn/rajagopalan2022/GRNN_1x200_RNN_acceptreject_asymmetric_qp_no-punishment_2022_10_04_02_17_35_326986/.
Thank you for using flymazerl. Have a nice day :)

------------------------------------------------------------
Sender: LSF System <lsfadmin@e10u30>
Subject: Job 126232961: <GRNNx200-1-0> in cluster <Janelia> Done

Job <GRNNx200-1-0> was submitted from host <e05u15> by user <mohantas> in cluster <Janelia> at Tue Oct  4 02:17:13 2022
Job was executed on host(s) <e10u30>, in queue <local>, as user <mohantas> in cluster <Janelia> at Tue Oct  4 02:17:17 2022
</groups/turner/home/mohantas> was used as the home directory.
</groups/turner/home/mohantas/project/FlYMazeRL/flymazerl/scripts/bash> was used as the working directory.
Started at Tue Oct  4 02:17:17 2022
Terminated at Tue Oct  4 04:10:27 2022
Results reported at Tue Oct  4 04:10:27 2022

Your job looked like:

------------------------------------------------------------
# LSBATCH: User input
python ../nn_fitting_rajagopalan.py --agent GRNN --num_reservoir 1 --reservoir_size 200 --n_folds 1 --n_ensemble 5 --early_stopping 2500 --symmetric no --save_path /groups/turner/turnerlab/Rishika/FlYMazeRL_Fits/nn/rajagopalan2022/ 
------------------------------------------------------------

Successfully completed.

Resource usage summary:

    CPU time :                                   13473.88 sec.
    Max Memory :                                 255 MB
    Average Memory :                             242.85 MB
    Total Requested Memory :                     15360.00 MB
    Delta Memory :                               15105.00 MB
    Max Swap :                                   -
    Max Processes :                              3
    Max Threads :                                14
    Run time :                                   6798 sec.
    Turnaround time :                            6794 sec.

The output (if any) is above this job summary.


++++++++++++++++++++++++++++++++++++++++++++++++++++++++++++++++++++++++++++
███████╗██╗     ██╗   ██╗███╗   ███╗ █████╗ ███████╗███████╗██████╗ ██╗     
██╔════╝██║     ╚██╗ ██╔╝████╗ ████║██╔══██╗╚══███╔╝██╔════╝██╔══██╗██║     
█████╗  ██║      ╚████╔╝ ██╔████╔██║███████║  ███╔╝ █████╗  ██████╔╝██║     
██╔══╝  ██║       ╚██╔╝  ██║╚██╔╝██║██╔══██║ ███╔╝  ██╔══╝  ██╔══██╗██║     
██║     ███████╗   ██║   ██║ ╚═╝ ██║██║  ██║███████╗███████╗██║  ██║███████╗
╚═╝     ╚══════╝   ╚═╝   ╚═╝     ╚═╝╚═╝  ╚═╝╚══════╝╚══════╝╚═╝  ╚═╝╚══════╝
++++++++++++++++++++++++++++++++++++++++++++++++++++++++++++++++++++++++++++
Developed by:
    Rishika Mohanta, Research Technician, Turner Lab, Janelia Research Campus

Fitting agent: GRNNLearner
Loading data from:
/groups/turner/home/mohantas/project/FlYMazeRL//data/mohanta2022/training_choice_set.csv
/groups/turner/home/mohantas/project/FlYMazeRL//data/mohanta2022/training_reward_set.csv
Model: GRNN_1x200_RNN_acceptreject_asymmetric_qp_no-punishment_2022_10_08_20_14_46_869620
Traceback (most recent call last):
  File "/groups/turner/home/mohantas/project/FlYMazeRL/flymazerl/scripts/bash/../nn_fitting_mohanta.py", line 172, in <module>
    os.makedirs(save_path)
  File "/groups/turner/home/mohantas/anaconda3/envs/flymazerl/lib/python3.9/os.py", line 225, in makedirs
    mkdir(name, mode)
FileExistsError: [Errno 17] File exists: '/groups/turner/turnerlab/Rishika/FlYMazeRL_Fits/nn/mohanta2022/GRNN_1x200_RNN_acceptreject_asymmetric_qp_no-punishment_2022_10_08_20_14_46_869620/'

------------------------------------------------------------
Sender: LSF System <lsfadmin@e10u03>
Subject: Job 126381339: <GRNNx200-1-0> in cluster <Janelia> Exited

Job <GRNNx200-1-0> was submitted from host <e05u15> by user <mohantas> in cluster <Janelia> at Sat Oct  8 20:14:40 2022
Job was executed on host(s) <e10u03>, in queue <local>, as user <mohantas> in cluster <Janelia> at Sat Oct  8 20:14:40 2022
</groups/turner/home/mohantas> was used as the home directory.
</groups/turner/home/mohantas/project/FlYMazeRL/flymazerl/scripts/bash> was used as the working directory.
Started at Sat Oct  8 20:14:40 2022
Terminated at Sat Oct  8 20:14:50 2022
Results reported at Sat Oct  8 20:14:50 2022

Your job looked like:

------------------------------------------------------------
# LSBATCH: User input
python ../nn_fitting_mohanta.py --agent GRNN --num_reservoir 1 --reservoir_size 200 --n_folds 1 --n_ensemble 5 --early_stopping 2500 --symmetric no --save_path /groups/turner/turnerlab/Rishika/FlYMazeRL_Fits/nn/mohanta2022/ 
------------------------------------------------------------

Exited with exit code 1.

Resource usage summary:

    CPU time :                                   4.03 sec.
    Max Memory :                                 213 MB
    Average Memory :                             67.25 MB
    Total Requested Memory :                     15360.00 MB
    Delta Memory :                               15147.00 MB
    Max Swap :                                   -
    Max Processes :                              3
    Max Threads :                                12
    Run time :                                   7 sec.
    Turnaround time :                            10 sec.

The output (if any) is above this job summary.

