
++++++++++++++++++++++++++++++++++++++++++++++++++++++++++++++++++++++++++++
███████╗██╗     ██╗   ██╗███╗   ███╗ █████╗ ███████╗███████╗██████╗ ██╗     
██╔════╝██║     ╚██╗ ██╔╝████╗ ████║██╔══██╗╚══███╔╝██╔════╝██╔══██╗██║     
█████╗  ██║      ╚████╔╝ ██╔████╔██║███████║  ███╔╝ █████╗  ██████╔╝██║     
██╔══╝  ██║       ╚██╔╝  ██║╚██╔╝██║██╔══██║ ███╔╝  ██╔══╝  ██╔══██╗██║     
██║     ███████╗   ██║   ██║ ╚═╝ ██║██║  ██║███████╗███████╗██║  ██║███████╗
╚═╝     ╚══════╝   ╚═╝   ╚═╝     ╚═╝╚═╝  ╚═╝╚══════╝╚══════╝╚═╝  ╚═╝╚══════╝
++++++++++++++++++++++++++++++++++++++++++++++++++++++++++++++++++++++++++++
Developed by:
    Rishika Mohanta, Research Technician, Turner Lab, Janelia Research Campus

Optimizing agent: OSQLearner_esoftmax

Arguments:
===========
exit_on_completion: True
save_path: FlYMazeRL/optimized_schedules/
save_intermediate: True
agent: OSQES
n_trials_per_session: 100
reward_fraction: 0.5
n_replicates: 10
optimization_method: annealing
early_stopping: True
early_stopping_patience: 10
initialization_method: random
n_agents: 1000
parallelize: False
n_generations: 200
m: 100
population_size: 100


Replicate 1/10:Best fitness = 0.64367
Replicate 2/10:Best fitness = 0.63433
Replicate 3/10:Best fitness = 0.64249
Replicate 1/10:Best fitness = 0.62552
Replicate 4/10:Best fitness = 0.64486
Replicate 2/10:Best fitness = 0.61458
Replicate 5/10:Best fitness = 0.6369600000000001
Replicate 3/10:Best fitness = 0.61365
Replicate 6/10:Best fitness = 0.64042
Replicate 4/10:Best fitness = 0.6127100000000001
Replicate 7/10:Best fitness = 0.64312
Replicate 5/10:Best fitness = 0.6108300000000001
Replicate 8/10:Best fitness = 0.63648
Replicate 6/10:Best fitness = 0.6115600000000001
Replicate 9/10:Best fitness = 0.63774
Replicate 10/10:Best fitness = 0.6436199999999999
Replicate 7/10:Best fitness = 0.6129000000000001
Replicate 8/10:Best fitness = 0.6183900000000001
Replicate 9/10:Best fitness = 0.61909
Replicate 10/10:Best fitness = 0.5844199999999999
