
++++++++++++++++++++++++++++++++++++++++++++++++++++++++++++++++++++++++++++
███████╗██╗     ██╗   ██╗███╗   ███╗ █████╗ ███████╗███████╗██████╗ ██╗     
██╔════╝██║     ╚██╗ ██╔╝████╗ ████║██╔══██╗╚══███╔╝██╔════╝██╔══██╗██║     
█████╗  ██║      ╚████╔╝ ██╔████╔██║███████║  ███╔╝ █████╗  ██████╔╝██║     
██╔══╝  ██║       ╚██╔╝  ██║╚██╔╝██║██╔══██║ ███╔╝  ██╔══╝  ██╔══██╗██║     
██║     ███████╗   ██║   ██║ ╚═╝ ██║██║  ██║███████╗███████╗██║  ██║███████╗
╚═╝     ╚══════╝   ╚═╝   ╚═╝     ╚═╝╚═╝  ╚═╝╚══════╝╚══════╝╚═╝  ╚═╝╚══════╝
++++++++++++++++++++++++++++++++++++++++++++++++++++++++++++++++++++++++++++
Developed by:
    Rishika Mohanta, Research Technician, Turner Lab, Janelia Research Campus

Optimizing agent: CQLearner_esoftmax

Arguments:
===========
exit_on_completion: True
save_path: FlYMazeRL/optimized_schedules/
save_intermediate: True
agent: CQES
n_trials_per_session: 100
reward_fraction: 0.5
n_replicates: 10
optimization_method: genetic
early_stopping: True
early_stopping_patience: 10
initialization_method: random
n_agents: 1000
parallelize: False
n_generations: 200
m: 100
population_size: 100
fitness_function: separation
independent_shuffles: True
reference_agent: IQES


Replicate 1/10:Best fitness = 0.7073566536022753
Replicate 2/10:Best fitness = 0.7076151738297853
Replicate 3/10:Best fitness = 0.7080444763716937
Replicate 4/10:Best fitness = 0.7077061872202496
Replicate 5/10:Best fitness = 0.7068440662918795
Replicate 6/10:Best fitness = 0.7082482470757198
Replicate 7/10:Best fitness = 0.7087964546617892
Replicate 8/10:Best fitness = 0.7080719657329676
Replicate 9/10:Best fitness = 0.7084858948753185
Replicate 10/10:Best fitness = 0.7078012534645727
