
++++++++++++++++++++++++++++++++++++++++++++++++++++++++++++++++++++++++++++
███████╗██╗     ██╗   ██╗███╗   ███╗ █████╗ ███████╗███████╗██████╗ ██╗     
██╔════╝██║     ╚██╗ ██╔╝████╗ ████║██╔══██╗╚══███╔╝██╔════╝██╔══██╗██║     
█████╗  ██║      ╚████╔╝ ██╔████╔██║███████║  ███╔╝ █████╗  ██████╔╝██║     
██╔══╝  ██║       ╚██╔╝  ██║╚██╔╝██║██╔══██║ ███╔╝  ██╔══╝  ██╔══██╗██║     
██║     ███████╗   ██║   ██║ ╚═╝ ██║██║  ██║███████╗███████╗██║  ██║███████╗
╚═╝     ╚══════╝   ╚═╝   ╚═╝     ╚═╝╚═╝  ╚═╝╚══════╝╚══════╝╚═╝  ╚═╝╚══════╝
++++++++++++++++++++++++++++++++++++++++++++++++++++++++++++++++++++++++++++
Developed by:
    Rishika Mohanta, Research Technician, Turner Lab, Janelia Research Campus

Optimizing agent: CQLearner_esoftmax

Arguments:
===========
exit_on_completion: True
save_path: FlYMazeRL/optimized_schedules/
save_intermediate: True
agent: CQES
n_trials_per_session: 100
reward_fraction: 0.5
n_replicates: 10
optimization_method: genetic
early_stopping: True
early_stopping_patience: 10
initialization_method: primed
n_agents: 1000
parallelize: False
n_generations: 200
m: 20
population_size: 100


Replicate 1/10:Best fitness = 0.6019800000000001
Replicate 2/10:Best fitness = 0.6003800000000001
Replicate 3/10:Best fitness = 0.59754
Replicate 4/10:Best fitness = 0.59924
Replicate 5/10:Best fitness = 0.6036099999999999
Replicate 6/10:Best fitness = 0.59846
Replicate 7/10:Best fitness = 0.60199
Replicate 8/10:Best fitness = 0.6019300000000001
Replicate 9/10:Best fitness = 0.60183
Replicate 10/10:Best fitness = 0.60443
