
++++++++++++++++++++++++++++++++++++++++++++++++++++++++++++++++++++++++++++
███████╗██╗     ██╗   ██╗███╗   ███╗ █████╗ ███████╗███████╗██████╗ ██╗     
██╔════╝██║     ╚██╗ ██╔╝████╗ ████║██╔══██╗╚══███╔╝██╔════╝██╔══██╗██║     
█████╗  ██║      ╚████╔╝ ██╔████╔██║███████║  ███╔╝ █████╗  ██████╔╝██║     
██╔══╝  ██║       ╚██╔╝  ██║╚██╔╝██║██╔══██║ ███╔╝  ██╔══╝  ██╔══██╗██║     
██║     ███████╗   ██║   ██║ ╚═╝ ██║██║  ██║███████╗███████╗██║  ██║███████╗
╚═╝     ╚══════╝   ╚═╝   ╚═╝     ╚═╝╚═╝  ╚═╝╚══════╝╚══════╝╚═╝  ╚═╝╚══════╝
++++++++++++++++++++++++++++++++++++++++++++++++++++++++++++++++++++++++++++
Developed by:
    Rishika Mohanta, Research Technician, Turner Lab, Janelia Research Campus

Optimizing agent: CQLearner_esoftmax

Arguments:
===========
exit_on_completion: True
save_path: FlYMazeRL/optimized_schedules/
save_intermediate: True
agent: CQES
n_trials_per_session: 100
reward_fraction: 0.5
n_replicates: 10
optimization_method: annealing
early_stopping: True
early_stopping_patience: 10
initialization_method: primed
n_agents: 1000
parallelize: False
n_generations: 200
m: 100
population_size: 100
fitness_function: performance
independent_shuffles: True


Replicate 1/10:Best fitness = 0.67698
Replicate 2/10:Best fitness = 0.68013
Replicate 3/10:Best fitness = 0.6769700000000001
Replicate 4/10:Best fitness = 0.67667
Replicate 5/10:Best fitness = 0.6788399999999999
Replicate 6/10:Best fitness = 0.67271
Replicate 7/10:Best fitness = 0.6748200000000001
Replicate 8/10:Best fitness = 0.67448
Replicate 9/10:Best fitness = 0.6733299999999999
Replicate 10/10:Best fitness = 0.67758
