
++++++++++++++++++++++++++++++++++++++++++++++++++++++++++++++++++++++++++++
███████╗██╗     ██╗   ██╗███╗   ███╗ █████╗ ███████╗███████╗██████╗ ██╗     
██╔════╝██║     ╚██╗ ██╔╝████╗ ████║██╔══██╗╚══███╔╝██╔════╝██╔══██╗██║     
█████╗  ██║      ╚████╔╝ ██╔████╔██║███████║  ███╔╝ █████╗  ██████╔╝██║     
██╔══╝  ██║       ╚██╔╝  ██║╚██╔╝██║██╔══██║ ███╔╝  ██╔══╝  ██╔══██╗██║     
██║     ███████╗   ██║   ██║ ╚═╝ ██║██║  ██║███████╗███████╗██║  ██║███████╗
╚═╝     ╚══════╝   ╚═╝   ╚═╝     ╚═╝╚═╝  ╚═╝╚══════╝╚══════╝╚═╝  ╚═╝╚══════╝
++++++++++++++++++++++++++++++++++++++++++++++++++++++++++++++++++++++++++++
Developed by:
    Rishika Mohanta, Research Technician, Turner Lab, Janelia Research Campus

Optimizing agent: HQLearner_esoftmax

Arguments:
===========
exit_on_completion: True
save_path: FlYMazeRL/optimized_schedules/
save_intermediate: True
agent: HQES
n_trials_per_session: 100
reward_fraction: 0.5
n_replicates: 10
optimization_method: genetic
early_stopping: True
early_stopping_patience: 10
initialization_method: random
n_agents: 1000
parallelize: False
n_generations: 200
m: 20
population_size: 100


Replicate 1/10:Best fitness = 0.5471400000000001
Replicate 2/10:Best fitness = 0.5453199999999999
Replicate 3/10:Best fitness = 0.54593
Replicate 4/10:Best fitness = 0.5479700000000001
Replicate 5/10:Best fitness = 0.54712
Replicate 6/10:Best fitness = 0.54796
Replicate 7/10:Best fitness = 0.5453900000000002
Replicate 8/10:Best fitness = 0.54596
Replicate 9/10:Best fitness = 0.5489200000000001
Replicate 10/10:Best fitness = 0.54629
