
++++++++++++++++++++++++++++++++++++++++++++++++++++++++++++++++++++++++++++
███████╗██╗     ██╗   ██╗███╗   ███╗ █████╗ ███████╗███████╗██████╗ ██╗     
██╔════╝██║     ╚██╗ ██╔╝████╗ ████║██╔══██╗╚══███╔╝██╔════╝██╔══██╗██║     
█████╗  ██║      ╚████╔╝ ██╔████╔██║███████║  ███╔╝ █████╗  ██████╔╝██║     
██╔══╝  ██║       ╚██╔╝  ██║╚██╔╝██║██╔══██║ ███╔╝  ██╔══╝  ██╔══██╗██║     
██║     ███████╗   ██║   ██║ ╚═╝ ██║██║  ██║███████╗███████╗██║  ██║███████╗
╚═╝     ╚══════╝   ╚═╝   ╚═╝     ╚═╝╚═╝  ╚═╝╚══════╝╚══════╝╚═╝  ╚═╝╚══════╝
++++++++++++++++++++++++++++++++++++++++++++++++++++++++++++++++++++++++++++
Developed by:
    Rishika Mohanta, Research Technician, Turner Lab, Janelia Research Campus

Optimizing agent: HCQLearner_esoftmax

Arguments:
===========
exit_on_completion: True
save_path: FlYMazeRL/optimized_schedules/
save_intermediate: True
agent: HCQES
n_trials_per_session: 100
reward_fraction: 0.5
n_replicates: 10
optimization_method: genetic
early_stopping: True
early_stopping_patience: 10
initialization_method: primed
n_agents: 1000
parallelize: False
n_generations: 200
m: 20
population_size: 100


Replicate 1/10:Best fitness = 0.60455
Replicate 2/10:Best fitness = 0.6020800000000001
Replicate 3/10:Best fitness = 0.60957
Replicate 4/10:Best fitness = 0.6053000000000001
Replicate 5/10:Best fitness = 0.60309
Replicate 6/10:Best fitness = 0.60397
Replicate 7/10:Best fitness = 0.60514
Replicate 8/10:Best fitness = 0.6068400000000002
Replicate 9/10:Best fitness = 0.60102
Replicate 10/10:Best fitness = 0.6049
