
++++++++++++++++++++++++++++++++++++++++++++++++++++++++++++++++++++++++++++
███████╗██╗     ██╗   ██╗███╗   ███╗ █████╗ ███████╗███████╗██████╗ ██╗     
██╔════╝██║     ╚██╗ ██╔╝████╗ ████║██╔══██╗╚══███╔╝██╔════╝██╔══██╗██║     
█████╗  ██║      ╚████╔╝ ██╔████╔██║███████║  ███╔╝ █████╗  ██████╔╝██║     
██╔══╝  ██║       ╚██╔╝  ██║╚██╔╝██║██╔══██║ ███╔╝  ██╔══╝  ██╔══██╗██║     
██║     ███████╗   ██║   ██║ ╚═╝ ██║██║  ██║███████╗███████╗██║  ██║███████╗
╚═╝     ╚══════╝   ╚═╝   ╚═╝     ╚═╝╚═╝  ╚═╝╚══════╝╚══════╝╚═╝  ╚═╝╚══════╝
++++++++++++++++++++++++++++++++++++++++++++++++++++++++++++++++++++++++++++
Developed by:
    Rishika Mohanta, Research Technician, Turner Lab, Janelia Research Campus

Optimizing agent: OSCQLearner_esoftmax

Arguments:
===========
exit_on_completion: True
save_path: FlYMazeRL/optimized_schedules/
save_intermediate: True
agent: OSCQES
n_trials_per_session: 100
reward_fraction: 0.5
n_replicates: 10
optimization_method: annealing
early_stopping: True
early_stopping_patience: 10
initialization_method: primed
n_agents: 1000
parallelize: False
n_generations: 200
m: 100
population_size: 100


Replicate 1/10:Best fitness = 0.59802
Replicate 2/10:Best fitness = 0.60506
Replicate 3/10:Best fitness = 0.6026800000000001
Replicate 4/10:Best fitness = 0.6021599999999999
Replicate 5/10:Best fitness = 0.60819
Replicate 6/10:Best fitness = 0.60736
Replicate 7/10:Best fitness = 0.60639
Replicate 8/10:Best fitness = 0.6036900000000001
Replicate 9/10:Best fitness = 0.6035699999999999
Replicate 10/10:Best fitness = 0.6019500000000001
