
++++++++++++++++++++++++++++++++++++++++++++++++++++++++++++++++++++++++++++
███████╗██╗     ██╗   ██╗███╗   ███╗ █████╗ ███████╗███████╗██████╗ ██╗     
██╔════╝██║     ╚██╗ ██╔╝████╗ ████║██╔══██╗╚══███╔╝██╔════╝██╔══██╗██║     
█████╗  ██║      ╚████╔╝ ██╔████╔██║███████║  ███╔╝ █████╗  ██████╔╝██║     
██╔══╝  ██║       ╚██╔╝  ██║╚██╔╝██║██╔══██║ ███╔╝  ██╔══╝  ██╔══██╗██║     
██║     ███████╗   ██║   ██║ ╚═╝ ██║██║  ██║███████╗███████╗██║  ██║███████╗
╚═╝     ╚══════╝   ╚═╝   ╚═╝     ╚═╝╚═╝  ╚═╝╚══════╝╚══════╝╚═╝  ╚═╝╚══════╝
++++++++++++++++++++++++++++++++++++++++++++++++++++++++++++++++++++++++++++
Developed by:
    Rishika Mohanta, Research Technician, Turner Lab, Janelia Research Campus

Optimizing agent: OSCQLearner_esoftmax

Arguments:
===========
exit_on_completion: True
save_path: FlYMazeRL/optimized_schedules/
save_intermediate: True
agent: OSCQES
n_trials_per_session: 100
reward_fraction: 0.5
n_replicates: 10
optimization_method: annealing
early_stopping: True
early_stopping_patience: 10
initialization_method: random
n_agents: 1000
parallelize: False
n_generations: 200
m: 100
population_size: 100


Replicate 1/10:Best fitness = 0.6133
Replicate 1/10:Best fitness = 0.58884
Replicate 1/10:Best fitness = 0.56561
Replicate 2/10:Best fitness = 0.6069000000000001
Replicate 2/10:Best fitness = 0.57272
Replicate 3/10:Best fitness = 0.60881
Replicate 2/10:Best fitness = 0.5956800000000001
Replicate 3/10:Best fitness = 0.553
Replicate 4/10:Best fitness = 0.60646
Replicate 4/10:Best fitness = 0.56621
Replicate 5/10:Best fitness = 0.57133
Replicate 3/10:Best fitness = 0.5984100000000001
Replicate 5/10:Best fitness = 0.60729
Replicate 6/10:Best fitness = 0.60884
Replicate 4/10:Best fitness = 0.59741
Replicate 6/10:Best fitness = 0.57925
Replicate 7/10:Best fitness = 0.6061500000000001
Replicate 8/10:Best fitness = 0.61268
Replicate 7/10:Best fitness = 0.5639299999999999
Replicate 9/10:Best fitness = 0.60485
Replicate 5/10:Best fitness = 0.5963499999999999
Replicate 10/10:Best fitness = 0.6138000000000001
Replicate 8/10:Best fitness = 0.5606599999999999
Replicate 9/10:Best fitness = 0.5675800000000001
Replicate 6/10:Best fitness = 0.59704
Replicate 10/10:Best fitness = 0.5668300000000001
Replicate 7/10:Best fitness = 0.60131
Replicate 8/10:Best fitness = 0.59541
Replicate 9/10:Best fitness = 0.60069
Replicate 10/10:Best fitness = 0.5933600000000001
